【登录信息】
*b5e6a05282bde158c1ffe9d4d9788373*
`登陆天数: 121天 / 1404天
等级: 125
石头: 899
呼符: 15
体力: 70940.80666666667 / 137
友情点: 0 / 1174815`
*連続ログイン2日目
※ログインが途切れるか、7日到達すると
1日目から再開されます*
`聖晶石 X 1
1月交換券(2024) X 1
`*2024年お正月キャンペーン　三が日限定ログインボーナス*
*開催期間中、三が日限定のログインボーナスをプレゼント！*
`叡智の業火 X 30
QP X 10000000
`_2023-12-31 19:38:12_
--------
*eb20c8954ecb148daacdac59c3a0b2e8*
`登陆天数: 121天 / 1387天
等级: 125
石头: 905
呼符: 49
体力: 42670.11666666667 / 137
友情点: 0 / 1176045`
*連続ログイン2日目
※ログインが途切れるか、7日到達すると
1日目から再開されます*
`聖晶石 X 1
1月交換券(2024) X 1
`*2024年お正月キャンペーン　三が日限定ログインボーナス*
*開催期間中、三が日限定のログインボーナスをプレゼント！*
`叡智の業火 X 30
QP X 10000000
`_2023-12-31 19:38:20_
--------
*620476f0f61795fd355f2a9e3fb24e54*
`登陆天数: 121天 / 1454天
等级: 125
石头: 544
呼符: 15
体力: 71646.79 / 137
友情点: 0 / 1171295`
*連続ログイン2日目
※ログインが途切れるか、7日到達すると
1日目から再開されます*
`聖晶石 X 1
1月交換券(2024) X 1
`*2024年お正月キャンペーン　三が日限定ログインボーナス*
*開催期間中、三が日限定のログインボーナスをプレゼント！*
`叡智の業火 X 30
QP X 10000000
`_2023-12-31 19:38:29_
--------
*8a4af26995de6f135fbb0fdafa2e0424*
`登陆天数: 121天 / 1432天
等级: 125
石头: 657
呼符: 37
体力: 71363.05 / 137
友情点: 0 / 1160525`
*連続ログイン2日目
※ログインが途切れるか、7日到達すると
1日目から再開されます*
`聖晶石 X 1
1月交換券(2024) X 1
`*2024年お正月キャンペーン　三が日限定ログインボーナス*
*開催期間中、三が日限定のログインボーナスをプレゼント！*
`叡智の業火 X 30
QP X 10000000
`_2023-12-31 19:38:37_
--------
*69a508b93367b043329d175aca01015e*
`登陆天数: 121天 / 1270天
等级: 125
石头: 927
呼符: 49
体力: 114499.05666666667 / 137
友情点: 0 / 933575`
*連続ログイン2日目
※ログインが途切れるか、7日到達すると
1日目から再開されます*
`聖晶石 X 1
1月交換券(2024) X 1
`*2024年お正月キャンペーン　三が日限定ログインボーナス*
*開催期間中、三が日限定のログインボーナスをプレゼント！*
`叡智の業火 X 30
QP X 10000000
`_2023-12-31 19:38:45_
--------
*05c7889868efad05a84b961c94cc9b2c*
`登陆天数: 121天 / 1485天
等级: 125
石头: 1164
呼符: 36
体力: 83585.07666666666 / 137
友情点: 0 / 1118815`
*連続ログイン2日目
※ログインが途切れるか、7日到達すると
1日目から再開されます*
`聖晶石 X 1
1月交換券(2024) X 1
`*2024年お正月キャンペーン　三が日限定ログインボーナス*
*開催期間中、三が日限定のログインボーナスをプレゼント！*
`叡智の業火 X 30
QP X 10000000
`_2023-12-31 19:38:54_
--------
*41c8ea3cfa831059a6c57fddf5a2e62d*
`登陆天数: 121天 / 1439天
等级: 125
石头: 228
呼符: 9
体力: 62987.31333333333 / 137
友情点: 0 / 727875`
*連続ログイン2日目
※ログインが途切れるか、7日到達すると
1日目から再開されます*
`聖晶石 X 1
1月交換券(2024) X 1
`*2024年お正月キャンペーン　三が日限定ログインボーナス*
*開催期間中、三が日限定のログインボーナスをプレゼント！*
`叡智の業火 X 30
QP X 10000000
`_2023-12-31 19:39:02_
--------
*790b887791ca4de4345ea61d5bd657e4*
`登陆天数: 121天 / 1440天
等级: 125
石头: 319
呼符: 51
体力: 70938.23666666666 / 137
友情点: 0 / 883305`
*連続ログイン2日目
※ログインが途切れるか、7日到達すると
1日目から再開されます*
`聖晶石 X 1
1月交換券(2024) X 1
`*2024年お正月キャンペーン　三が日限定ログインボーナス*
*開催期間中、三が日限定のログインボーナスをプレゼント！*
`叡智の業火 X 30
QP X 10000000
`_2023-12-31 19:39:10_
--------
*82f6295e189793da0ef43b4029c85eca*
`登陆天数: 121天 / 1491天
等级: 126
石头: 253
呼符: 13
体力: 35641.82 / 137
友情点: 150 / 408900`
*連続ログイン2日目
※ログインが途切れるか、7日到達すると
1日目から再開されます*
`聖晶石 X 1
1月交換券(2024) X 1
`*2024年お正月キャンペーン　三が日限定ログインボーナス*
*開催期間中、三が日限定のログインボーナスをプレゼント！*
`叡智の業火 X 30
QP X 10000000
`_2023-12-31 19:39:22_
--------
*47f309e11f595c830d1447d77b47d8a0*
`登陆天数: 121天 / 1455天
等级: 126
石头: 247
呼符: 13
体力: 39070.09333333333 / 137
友情点: 60 / 1155845`
*連続ログイン2日目
※ログインが途切れるか、7日到達すると
1日目から再開されます*
`聖晶石 X 1
1月交換券(2024) X 1
`*2024年お正月キャンペーン　三が日限定ログインボーナス*
*開催期間中、三が日限定のログインボーナスをプレゼント！*
`叡智の業火 X 30
QP X 10000000
`_2023-12-31 19:39:34_
--------
*7686ae2a105ec6cc5551581fc7487546*
`登陆天数: 121天 / 1497天
等级: 127
石头: 260
呼符: 15
体力: 73511.78 / 137
友情点: 0 / 1169410`
*連続ログイン2日目
※ログインが途切れるか、7日到達すると
1日目から再開されます*
`聖晶石 X 1
1月交換券(2024) X 1
`*2024年お正月キャンペーン　三が日限定ログインボーナス*
*開催期間中、三が日限定のログインボーナスをプレゼント！*
`叡智の業火 X 30
QP X 10000000
`_2023-12-31 19:39:42_
--------
*dcf734638b8334ef199302253a06e093*
`登陆天数: 121天 / 1377天
等级: 125
石头: 743
呼符: 13
体力: 39564.63 / 137
友情点: 0 / 1065050`
*連続ログイン2日目
※ログインが途切れるか、7日到達すると
1日目から再開されます*
`聖晶石 X 1
1月交換券(2024) X 1
`*2024年お正月キャンペーン　三が日限定ログインボーナス*
*開催期間中、三が日限定のログインボーナスをプレゼント！*
`叡智の業火 X 30
QP X 10000000
`_2023-12-31 19:39:51_
--------
*47f309e11f595c830d1447d77b47d8a0*
`登陆天数: 121天 / 1473天
等级: 126
石头: 910
呼符: 12
体力: 37519.71 / 137
友情点: 90 / 1003790`
*連続ログイン2日目
※ログインが途切れるか、7日到達すると
1日目から再開されます*
`聖晶石 X 1
1月交換券(2024) X 1
`*2024年お正月キャンペーン　三が日限定ログインボーナス*
*開催期間中、三が日限定のログインボーナスをプレゼント！*
`叡智の業火 X 30
QP X 10000000
`_2023-12-31 19:39:59_
--------
*a602c44e0f8456741b30f0caf4753a39*
`登陆天数: 137天 / 1406天
等级: 143
石头: 422
呼符: 33
体力: 225.26333333333332 / 141
友情点: 245 / 903045`
*連続ログイン4日目
※ログインが途切れるか、7日到達すると
1日目から再開されます*
`聖晶石 X 1
1月交換券(2024) X 1
`*2024年お正月キャンペーン　三が日限定ログインボーナス*
*開催期間中、三が日限定のログインボーナスをプレゼント！*
`叡智の業火 X 30
QP X 10000000
`_2023-12-31 19:40:07_
--------
