【登录信息】
*b5e6a05282bde158c1ffe9d4d9788373*
`登陆天数: 123天 / 1406天
等级: 125
石头: 899
呼符: 15
体力: 71516.87 / 137
友情点: 0 / 1174815`
*連続ログイン4日目
※ログインが途切れるか、7日到達すると
1日目から再開されます*
`聖晶石 X 1
1月交換券(2024) X 1
`*2024年お正月キャンペーン　三が日限定ログインボーナス*
*開催期間中、三が日限定のログインボーナスをプレゼント！*
`聖杯 X 1
`_2024-01-02 19:38:31_
--------
*eb20c8954ecb148daacdac59c3a0b2e8*
`登陆天数: 123天 / 1389天
等级: 125
石头: 905
呼符: 49
体力: 43246.18 / 137
友情点: 0 / 1176045`
*連続ログイン4日目
※ログインが途切れるか、7日到達すると
1日目から再開されます*
`聖晶石 X 1
1月交換券(2024) X 1
`*2024年お正月キャンペーン　三が日限定ログインボーナス*
*開催期間中、三が日限定のログインボーナスをプレゼント！*
`聖杯 X 1
`_2024-01-02 19:38:40_
--------
*620476f0f61795fd355f2a9e3fb24e54*
`登陆天数: 123天 / 1456天
等级: 125
石头: 544
呼符: 15
体力: 72222.85333333333 / 137
友情点: 0 / 1171295`
*連続ログイン4日目
※ログインが途切れるか、7日到達すると
1日目から再開されます*
`聖晶石 X 1
1月交換券(2024) X 1
`*2024年お正月キャンペーン　三が日限定ログインボーナス*
*開催期間中、三が日限定のログインボーナスをプレゼント！*
`聖杯 X 1
`_2024-01-02 19:38:48_
--------
*8a4af26995de6f135fbb0fdafa2e0424*
`登陆天数: 123天 / 1434天
等级: 125
石头: 657
呼符: 37
体力: 71939.11666666667 / 137
友情点: 0 / 1160525`
*連続ログイン4日目
※ログインが途切れるか、7日到達すると
1日目から再開されます*
`聖晶石 X 1
1月交換券(2024) X 1
`*2024年お正月キャンペーン　三が日限定ログインボーナス*
*開催期間中、三が日限定のログインボーナスをプレゼント！*
`聖杯 X 1
`_2024-01-02 19:38:57_
--------
*69a508b93367b043329d175aca01015e*
`登陆天数: 123天 / 1272天
等级: 125
石头: 927
呼符: 49
体力: 115075.12666666666 / 137
友情点: 0 / 933575`
*連続ログイン4日目
※ログインが途切れるか、7日到達すると
1日目から再開されます*
`聖晶石 X 1
1月交換券(2024) X 1
`*2024年お正月キャンペーン　三が日限定ログインボーナス*
*開催期間中、三が日限定のログインボーナスをプレゼント！*
`聖杯 X 1
`_2024-01-02 19:39:06_
--------
*05c7889868efad05a84b961c94cc9b2c*
`登陆天数: 123天 / 1487天
等级: 125
石头: 1164
呼符: 36
体力: 84161.14666666667 / 137
友情点: 0 / 1118815`
*連続ログイン4日目
※ログインが途切れるか、7日到達すると
1日目から再開されます*
`聖晶石 X 1
1月交換券(2024) X 1
`*2024年お正月キャンペーン　三が日限定ログインボーナス*
*開催期間中、三が日限定のログインボーナスをプレゼント！*
`聖杯 X 1
`_2024-01-02 19:39:14_
--------
*41c8ea3cfa831059a6c57fddf5a2e62d*
`登陆天数: 123天 / 1441天
等级: 125
石头: 228
呼符: 9
体力: 63563.386666666665 / 137
友情点: 0 / 727875`
*連続ログイン4日目
※ログインが途切れるか、7日到達すると
1日目から再開されます*
`聖晶石 X 1
1月交換券(2024) X 1
`*2024年お正月キャンペーン　三が日限定ログインボーナス*
*開催期間中、三が日限定のログインボーナスをプレゼント！*
`聖杯 X 1
`_2024-01-02 19:39:23_
--------
*790b887791ca4de4345ea61d5bd657e4*
`登陆天数: 123天 / 1442天
等级: 125
石头: 319
呼符: 51
体力: 71514.31 / 137
友情点: 0 / 883305`
*連続ログイン4日目
※ログインが途切れるか、7日到達すると
1日目から再開されます*
`聖晶石 X 1
1月交換券(2024) X 1
`*2024年お正月キャンペーン　三が日限定ログインボーナス*
*開催期間中、三が日限定のログインボーナスをプレゼント！*
`聖杯 X 1
`_2024-01-02 19:39:32_
--------
*82f6295e189793da0ef43b4029c85eca*
`登陆天数: 123天 / 1493天
等级: 126
石头: 253
呼符: 13
体力: 36217.89333333333 / 137
友情点: 170 / 409110`
*連続ログイン4日目
※ログインが途切れるか、7日到達すると
1日目から再開されます*
`聖晶石 X 1
1月交換券(2024) X 1
`*2024年お正月キャンペーン　三が日限定ログインボーナス*
*開催期間中、三が日限定のログインボーナスをプレゼント！*
`聖杯 X 1
`_2024-01-02 19:39:44_
--------
*47f309e11f595c830d1447d77b47d8a0*
`登陆天数: 123天 / 1457天
等级: 126
石头: 247
呼符: 13
体力: 39646.17 / 137
友情点: 180 / 1156055`
*連続ログイン4日目
※ログインが途切れるか、7日到達すると
1日目から再開されます*
`聖晶石 X 1
1月交換券(2024) X 1
`*2024年お正月キャンペーン　三が日限定ログインボーナス*
*開催期間中、三が日限定のログインボーナスをプレゼント！*
`聖杯 X 1
`_2024-01-02 19:39:57_
--------
*7686ae2a105ec6cc5551581fc7487546*
`登陆天数: 123天 / 1499天
等级: 127
石头: 260
呼符: 15
体力: 74087.85666666667 / 137
友情点: 0 / 1169410`
*連続ログイン4日目
※ログインが途切れるか、7日到達すると
1日目から再開されます*
`聖晶石 X 1
1月交換券(2024) X 1
`*2024年お正月キャンペーン　三が日限定ログインボーナス*
*開催期間中、三が日限定のログインボーナスをプレゼント！*
`聖杯 X 1
`_2024-01-02 19:40:05_
--------
*dcf734638b8334ef199302253a06e093*
`登陆天数: 123天 / 1379天
等级: 125
石头: 743
呼符: 13
体力: 40140.706666666665 / 137
友情点: 0 / 1065050`
*連続ログイン4日目
※ログインが途切れるか、7日到達すると
1日目から再開されます*
`聖晶石 X 1
1月交換券(2024) X 1
`*2024年お正月キャンペーン　三が日限定ログインボーナス*
*開催期間中、三が日限定のログインボーナスをプレゼント！*
`聖杯 X 1
`_2024-01-02 19:40:14_
--------
*47f309e11f595c830d1447d77b47d8a0*
`登陆天数: 123天 / 1475天
等级: 126
石头: 910
呼符: 12
体力: 38095.78666666667 / 137
友情点: 210 / 1004010`
*連続ログイン4日目
※ログインが途切れるか、7日到達すると
1日目から再開されます*
`聖晶石 X 1
1月交換券(2024) X 1
`*2024年お正月キャンペーン　三が日限定ログインボーナス*
*開催期間中、三が日限定のログインボーナスをプレゼント！*
`聖杯 X 1
`_2024-01-02 19:40:22_
--------
*a602c44e0f8456741b30f0caf4753a39*
`登陆天数: 139天 / 1408天
等级: 143
石头: 453
呼符: 33
体力: 364.0733333333333 / 141
友情点: 85 / 903350`
*連続ログイン6日目
※ログインが途切れるか、7日到達すると
1日目から再開されます*
`聖晶石 X 2
1月交換券(2024) X 1
`*2024年お正月キャンペーン　三が日限定ログインボーナス*
*開催期間中、三が日限定のログインボーナスをプレゼント！*
`聖杯 X 1
`_2024-01-02 19:40:31_
--------
