【登录信息】
*b5e6a05282bde158c1ffe9d4d9788373*
`登陆天数: 124天 / 1407天
等级: 125
石头: 899
呼符: 15
体力: 71804.88666666667 / 137
友情点: 0 / 1174815`
*連続ログイン5日目
※ログインが途切れるか、7日到達すると
1日目から再開されます*
`叡智の業火 X 2
1月交換券(2024) X 1
`*2024年お正月キャンペーン 10万リポスト達成プレゼント*
*開催期間中、初回ログインでお正月限定概念礼装&2024万QPをプレゼント！*
`ドラゴン・ダンス X 1
QP X 20240000
`_2024-01-03 19:38:36_
--------
*eb20c8954ecb148daacdac59c3a0b2e8*
`登陆天数: 124天 / 1390天
等级: 125
石头: 905
呼符: 49
体力: 43534.19666666666 / 137
友情点: 0 / 1176045`
*連続ログイン5日目
※ログインが途切れるか、7日到達すると
1日目から再開されます*
`叡智の業火 X 2
1月交換券(2024) X 1
`*2024年お正月キャンペーン 10万リポスト達成プレゼント*
*開催期間中、初回ログインでお正月限定概念礼装&2024万QPをプレゼント！*
`ドラゴン・ダンス X 1
QP X 20240000
`_2024-01-03 19:38:44_
--------
*620476f0f61795fd355f2a9e3fb24e54*
`登陆天数: 124天 / 1457天
等级: 125
石头: 544
呼符: 15
体力: 72510.87 / 137
友情点: 0 / 1171295`
*連続ログイン5日目
※ログインが途切れるか、7日到達すると
1日目から再開されます*
`叡智の業火 X 2
1月交換券(2024) X 1
`*2024年お正月キャンペーン 10万リポスト達成プレゼント*
*開催期間中、初回ログインでお正月限定概念礼装&2024万QPをプレゼント！*
`ドラゴン・ダンス X 1
QP X 20240000
`_2024-01-03 19:38:53_
--------
*8a4af26995de6f135fbb0fdafa2e0424*
`登陆天数: 124天 / 1435天
等级: 125
石头: 657
呼符: 37
体力: 72227.13 / 137
友情点: 0 / 1160525`
*連続ログイン5日目
※ログインが途切れるか、7日到達すると
1日目から再開されます*
`叡智の業火 X 2
1月交換券(2024) X 1
`*2024年お正月キャンペーン 10万リポスト達成プレゼント*
*開催期間中、初回ログインでお正月限定概念礼装&2024万QPをプレゼント！*
`ドラゴン・ダンス X 1
QP X 20240000
`_2024-01-03 19:39:01_
--------
*69a508b93367b043329d175aca01015e*
`登陆天数: 124天 / 1273天
等级: 125
石头: 927
呼符: 49
体力: 115363.14 / 137
友情点: 0 / 933575`
*連続ログイン5日目
※ログインが途切れるか、7日到達すると
1日目から再開されます*
`叡智の業火 X 2
1月交換券(2024) X 1
`*2024年お正月キャンペーン 10万リポスト達成プレゼント*
*開催期間中、初回ログインでお正月限定概念礼装&2024万QPをプレゼント！*
`ドラゴン・ダンス X 1
QP X 20240000
`_2024-01-03 19:39:10_
--------
*05c7889868efad05a84b961c94cc9b2c*
`登陆天数: 124天 / 1488天
等级: 125
石头: 1164
呼符: 36
体力: 84449.16 / 137
友情点: 0 / 1118815`
*連続ログイン5日目
※ログインが途切れるか、7日到達すると
1日目から再開されます*
`叡智の業火 X 2
1月交換券(2024) X 1
`*2024年お正月キャンペーン 10万リポスト達成プレゼント*
*開催期間中、初回ログインでお正月限定概念礼装&2024万QPをプレゼント！*
`ドラゴン・ダンス X 1
QP X 20240000
`_2024-01-03 19:39:18_
--------
*41c8ea3cfa831059a6c57fddf5a2e62d*
`登陆天数: 124天 / 1442天
等级: 125
石头: 228
呼符: 9
体力: 63851.39666666667 / 137
友情点: 0 / 727875`
*連続ログイン5日目
※ログインが途切れるか、7日到達すると
1日目から再開されます*
`叡智の業火 X 2
1月交換券(2024) X 1
`*2024年お正月キャンペーン 10万リポスト達成プレゼント*
*開催期間中、初回ログインでお正月限定概念礼装&2024万QPをプレゼント！*
`ドラゴン・ダンス X 1
QP X 20240000
`_2024-01-03 19:39:26_
--------
*790b887791ca4de4345ea61d5bd657e4*
`登陆天数: 124天 / 1443天
等级: 125
石头: 319
呼符: 51
体力: 71802.32 / 137
友情点: 0 / 883305`
*連続ログイン5日目
※ログインが途切れるか、7日到達すると
1日目から再開されます*
`叡智の業火 X 2
1月交換券(2024) X 1
`*2024年お正月キャンペーン 10万リポスト達成プレゼント*
*開催期間中、初回ログインでお正月限定概念礼装&2024万QPをプレゼント！*
`ドラゴン・ダンス X 1
QP X 20240000
`_2024-01-03 19:39:35_
--------
*82f6295e189793da0ef43b4029c85eca*
`登陆天数: 124天 / 1494天
等级: 126
石头: 253
呼符: 13
体力: 36505.903333333335 / 137
友情点: 40 / 409150`
*連続ログイン5日目
※ログインが途切れるか、7日到達すると
1日目から再開されます*
`叡智の業火 X 2
1月交換券(2024) X 1
`*2024年お正月キャンペーン 10万リポスト達成プレゼント*
*開催期間中、初回ログインでお正月限定概念礼装&2024万QPをプレゼント！*
`ドラゴン・ダンス X 1
QP X 20240000
`_2024-01-03 19:39:47_
--------
*47f309e11f595c830d1447d77b47d8a0*
`登陆天数: 124天 / 1458天
等级: 126
石头: 247
呼符: 13
体力: 39934.176666666666 / 137
友情点: 40 / 1156095`
*連続ログイン5日目
※ログインが途切れるか、7日到達すると
1日目から再開されます*
`叡智の業火 X 2
1月交換券(2024) X 1
`*2024年お正月キャンペーン 10万リポスト達成プレゼント*
*開催期間中、初回ログインでお正月限定概念礼装&2024万QPをプレゼント！*
`ドラゴン・ダンス X 1
QP X 20240000
`_2024-01-03 19:39:59_
--------
*7686ae2a105ec6cc5551581fc7487546*
`登陆天数: 124天 / 1500天
等级: 127
石头: 260
呼符: 15
体力: 74375.86333333333 / 137
友情点: 0 / 1169410`
*連続ログイン5日目
※ログインが途切れるか、7日到達すると
1日目から再開されます*
`叡智の業火 X 2
1月交換券(2024) X 1
`*2024年お正月キャンペーン 10万リポスト達成プレゼント*
*開催期間中、初回ログインでお正月限定概念礼装&2024万QPをプレゼント！*
`ドラゴン・ダンス X 1
QP X 20240000
`_2024-01-03 19:40:07_
--------
*dcf734638b8334ef199302253a06e093*
`登陆天数: 124天 / 1380天
等级: 125
石头: 743
呼符: 13
体力: 40428.71 / 137
友情点: 0 / 1065050`
*連続ログイン5日目
※ログインが途切れるか、7日到達すると
1日目から再開されます*
`叡智の業火 X 2
1月交換券(2024) X 1
`*2024年お正月キャンペーン 10万リポスト達成プレゼント*
*開催期間中、初回ログインでお正月限定概念礼装&2024万QPをプレゼント！*
`ドラゴン・ダンス X 1
QP X 20240000
`_2024-01-03 19:40:15_
--------
*47f309e11f595c830d1447d77b47d8a0*
`登陆天数: 124天 / 1476天
等级: 126
石头: 910
呼符: 12
体力: 38383.79 / 137
友情点: 60 / 1005080`
*連続ログイン5日目
※ログインが途切れるか、7日到達すると
1日目から再開されます*
`叡智の業火 X 2
1月交換券(2024) X 1
`*2024年お正月キャンペーン 10万リポスト達成プレゼント*
*開催期間中、初回ログインでお正月限定概念礼装&2024万QPをプレゼント！*
`ドラゴン・ダンス X 1
QP X 20240000
`_2024-01-03 19:40:23_
--------
*a602c44e0f8456741b30f0caf4753a39*
`登陆天数: 140天 / 1409天
等级: 143
石头: 453
呼符: 33
体力: 652.0766666666666 / 141
友情点: 145 / 903495`
*連続ログイン7日間到達おめでとうございます！
明日は1日目からリスタートされます。*
`獣の足跡 X 1
呼符 X 1
1月交換券(2024) X 1
`*2024年お正月キャンペーン 10万リポスト達成プレゼント*
*開催期間中、初回ログインでお正月限定概念礼装&2024万QPをプレゼント！*
`ドラゴン・ダンス X 1
QP X 20240000
`_2024-01-03 19:40:31_
--------
