【登录信息】
*b5e6a05282bde158c1ffe9d4d9788373*
`登陆天数: 125天 / 1408天
等级: 125
石头: 899
呼符: 15
体力: 72092.86333333333 / 137
友情点: 0 / 1174815`
*連続ログイン6日目
※ログインが途切れるか、7日到達すると
1日目から再開されます*
`聖晶石 X 2
1月交換券(2024) X 1
`_2024-01-04 19:38:29_
--------
*eb20c8954ecb148daacdac59c3a0b2e8*
`登陆天数: 125天 / 1391天
等级: 125
石头: 905
呼符: 49
体力: 43822.17333333333 / 137
友情点: 0 / 1176045`
*連続ログイン6日目
※ログインが途切れるか、7日到達すると
1日目から再開されます*
`聖晶石 X 2
1月交換券(2024) X 1
`_2024-01-04 19:38:37_
--------
*620476f0f61795fd355f2a9e3fb24e54*
`登陆天数: 125天 / 1458天
等级: 125
石头: 544
呼符: 15
体力: 72798.84333333334 / 137
友情点: 0 / 1171295`
*連続ログイン6日目
※ログインが途切れるか、7日到達すると
1日目から再開されます*
`聖晶石 X 2
1月交換券(2024) X 1
`_2024-01-04 19:38:45_
--------
*8a4af26995de6f135fbb0fdafa2e0424*
`登陆天数: 125天 / 1436天
等级: 125
石头: 657
呼符: 37
体力: 72515.10333333333 / 137
友情点: 0 / 1160525`
*連続ログイン6日目
※ログインが途切れるか、7日到達すると
1日目から再開されます*
`聖晶石 X 2
1月交換券(2024) X 1
`_2024-01-04 19:38:53_
--------
*69a508b93367b043329d175aca01015e*
`登陆天数: 125天 / 1274天
等级: 125
石头: 927
呼符: 49
体力: 115651.11 / 137
友情点: 0 / 933575`
*連続ログイン6日目
※ログインが途切れるか、7日到達すると
1日目から再開されます*
`聖晶石 X 2
1月交換券(2024) X 1
`_2024-01-04 19:39:01_
--------
*05c7889868efad05a84b961c94cc9b2c*
`登陆天数: 125天 / 1489天
等级: 125
石头: 1164
呼符: 36
体力: 84737.13 / 137
友情点: 0 / 1118815`
*連続ログイン6日目
※ログインが途切れるか、7日到達すると
1日目から再開されます*
`聖晶石 X 2
1月交換券(2024) X 1
`_2024-01-04 19:39:09_
--------
*41c8ea3cfa831059a6c57fddf5a2e62d*
`登陆天数: 125天 / 1443天
等级: 125
石头: 228
呼符: 9
体力: 64139.36666666667 / 137
友情点: 0 / 727875`
*連続ログイン6日目
※ログインが途切れるか、7日到達すると
1日目から再開されます*
`聖晶石 X 2
1月交換券(2024) X 1
`_2024-01-04 19:39:17_
--------
*790b887791ca4de4345ea61d5bd657e4*
`登陆天数: 125天 / 1444天
等级: 125
石头: 319
呼符: 51
体力: 72090.28666666667 / 137
友情点: 0 / 883305`
*連続ログイン6日目
※ログインが途切れるか、7日到達すると
1日目から再開されます*
`聖晶石 X 2
1月交換券(2024) X 1
`_2024-01-04 19:39:25_
--------
*82f6295e189793da0ef43b4029c85eca*
`登陆天数: 125天 / 1495天
等级: 126
石头: 253
呼符: 13
体力: 36793.87 / 137
友情点: 60 / 409210`
*連続ログイン6日目
※ログインが途切れるか、7日到達すると
1日目から再開されます*
`聖晶石 X 2
1月交換券(2024) X 1
`_2024-01-04 19:39:37_
--------
*47f309e11f595c830d1447d77b47d8a0*
`登陆天数: 125天 / 1459天
等级: 126
石头: 247
呼符: 13
体力: 40222.14 / 137
友情点: 60 / 1156155`
*連続ログイン6日目
※ログインが途切れるか、7日到達すると
1日目から再開されます*
`聖晶石 X 2
1月交換券(2024) X 1
`_2024-01-04 19:39:49_
--------
*7686ae2a105ec6cc5551581fc7487546*
`登陆天数: 125天 / 1501天
等级: 127
石头: 260
呼符: 15
体力: 74663.82666666666 / 137
友情点: 0 / 1169410`
*連続ログイン6日目
※ログインが途切れるか、7日到達すると
1日目から再開されます*
`聖晶石 X 2
1月交換券(2024) X 1
`_2024-01-04 19:39:56_
--------
*dcf734638b8334ef199302253a06e093*
`登陆天数: 125天 / 1381天
等级: 125
石头: 743
呼符: 13
体力: 40716.67333333333 / 137
友情点: 0 / 1065050`
*連続ログイン6日目
※ログインが途切れるか、7日到達すると
1日目から再開されます*
`聖晶石 X 2
1月交換券(2024) X 1
`_2024-01-04 19:40:04_
--------
*47f309e11f595c830d1447d77b47d8a0*
`登陆天数: 125天 / 1477天
等级: 126
石头: 910
呼符: 12
体力: 38671.753333333334 / 137
友情点: 80 / 1005160`
*連続ログイン6日目
※ログインが途切れるか、7日到達すると
1日目から再開されます*
`聖晶石 X 2
1月交換券(2024) X 1
`_2024-01-04 19:40:12_
--------
*a602c44e0f8456741b30f0caf4753a39*
`登陆天数: 141天 / 1410天
等级: 143
石头: 453
呼符: 33
体力: 940.0366666666666 / 141
友情点: 195 / 903690`
*連続ログイン1日目
※ログインが途切れるか、7日到達すると
1日目から再開されます*
`フレンドポイント X 2000
1月交換券(2024) X 1
`_2024-01-04 19:40:20_
--------
