【登录信息】
*b5e6a05282bde158c1ffe9d4d9788373*
`登陆天数: 126天 / 1409天
等级: 125
石头: 899
呼符: 15
体力: 72380.86 / 137
友情点: 0 / 1174815`
*連続ログイン7日間到達おめでとうございます！
明日は1日目からリスタートされます。*
`獣の足跡 X 1
呼符 X 1
1月交換券(2024) X 1
`_2024-01-05 19:38:28_
--------
*eb20c8954ecb148daacdac59c3a0b2e8*
`登陆天数: 126天 / 1392天
等级: 125
石头: 905
呼符: 49
体力: 44110.17333333333 / 137
友情点: 0 / 1176045`
*連続ログイン7日間到達おめでとうございます！
明日は1日目からリスタートされます。*
`獣の足跡 X 1
呼符 X 1
1月交換券(2024) X 1
`_2024-01-05 19:38:36_
--------
*620476f0f61795fd355f2a9e3fb24e54*
`登陆天数: 126天 / 1459天
等级: 125
石头: 544
呼符: 15
体力: 73086.84666666666 / 137
友情点: 0 / 1171295`
*連続ログイン7日間到達おめでとうございます！
明日は1日目からリスタートされます。*
`獣の足跡 X 1
呼符 X 1
1月交換券(2024) X 1
`_2024-01-05 19:38:45_
--------
*8a4af26995de6f135fbb0fdafa2e0424*
`登陆天数: 126天 / 1437天
等级: 125
石头: 657
呼符: 37
体力: 72803.10666666667 / 137
友情点: 0 / 1160525`
*連続ログイン7日間到達おめでとうございます！
明日は1日目からリスタートされます。*
`獣の足跡 X 1
呼符 X 1
1月交換券(2024) X 1
`_2024-01-05 19:38:54_
--------
*69a508b93367b043329d175aca01015e*
`登陆天数: 126天 / 1275天
等级: 125
石头: 927
呼符: 49
体力: 115939.11666666667 / 137
友情点: 0 / 933575`
*連続ログイン7日間到達おめでとうございます！
明日は1日目からリスタートされます。*
`獣の足跡 X 1
呼符 X 1
1月交換券(2024) X 1
`_2024-01-05 19:39:03_
--------
*05c7889868efad05a84b961c94cc9b2c*
`登陆天数: 126天 / 1490天
等级: 125
石头: 1164
呼符: 36
体力: 85025.13666666667 / 137
友情点: 0 / 1118815`
*連続ログイン7日間到達おめでとうございます！
明日は1日目からリスタートされます。*
`獣の足跡 X 1
呼符 X 1
1月交換券(2024) X 1
`_2024-01-05 19:39:11_
--------
*41c8ea3cfa831059a6c57fddf5a2e62d*
`登陆天数: 126天 / 1444天
等级: 125
石头: 228
呼符: 9
体力: 64427.37666666666 / 137
友情点: 0 / 727875`
*連続ログイン7日間到達おめでとうございます！
明日は1日目からリスタートされます。*
`獣の足跡 X 1
呼符 X 1
1月交換券(2024) X 1
`_2024-01-05 19:39:20_
--------
*790b887791ca4de4345ea61d5bd657e4*
`登陆天数: 126天 / 1445天
等级: 125
石头: 319
呼符: 51
体力: 72378.3 / 137
友情点: 0 / 883305`
*連続ログイン7日間到達おめでとうございます！
明日は1日目からリスタートされます。*
`獣の足跡 X 1
呼符 X 1
1月交換券(2024) X 1
`_2024-01-05 19:39:29_
--------
*82f6295e189793da0ef43b4029c85eca*
`登陆天数: 126天 / 1496天
等级: 126
石头: 253
呼符: 13
体力: 37081.88333333333 / 137
友情点: 100 / 409310`
*連続ログイン7日間到達おめでとうございます！
明日は1日目からリスタートされます。*
`獣の足跡 X 1
呼符 X 1
1月交換券(2024) X 1
`_2024-01-05 19:39:41_
--------
*47f309e11f595c830d1447d77b47d8a0*
`登陆天数: 126天 / 1460天
等级: 126
石头: 247
呼符: 13
体力: 40510.15666666667 / 137
友情点: 50 / 1156205`
*連続ログイン7日間到達おめでとうございます！
明日は1日目からリスタートされます。*
`獣の足跡 X 1
呼符 X 1
1月交換券(2024) X 1
`_2024-01-05 19:39:53_
--------
*7686ae2a105ec6cc5551581fc7487546*
`登陆天数: 126天 / 1502天
等级: 127
石头: 260
呼符: 15
体力: 74951.84333333334 / 137
友情点: 0 / 1169410`
*連続ログイン7日間到達おめでとうございます！
明日は1日目からリスタートされます。*
`獣の足跡 X 1
呼符 X 1
1月交換券(2024) X 1
`_2024-01-05 19:40:01_
--------
*dcf734638b8334ef199302253a06e093*
`登陆天数: 126天 / 1382天
等级: 125
石头: 743
呼符: 13
体力: 41004.693333333336 / 137
友情点: 0 / 1065050`
*連続ログイン7日間到達おめでとうございます！
明日は1日目からリスタートされます。*
`獣の足跡 X 1
呼符 X 1
1月交換券(2024) X 1
`_2024-01-05 19:40:10_
--------
*47f309e11f595c830d1447d77b47d8a0*
`登陆天数: 126天 / 1478天
等级: 126
石头: 910
呼符: 12
体力: 38959.77333333333 / 137
友情点: 50 / 1005210`
*連続ログイン7日間到達おめでとうございます！
明日は1日目からリスタートされます。*
`獣の足跡 X 1
呼符 X 1
1月交換券(2024) X 1
`_2024-01-05 19:40:18_
--------
*a602c44e0f8456741b30f0caf4753a39*
`登陆天数: 142天 / 1411天
等级: 143
石头: 453
呼符: 33
体力: 1228.06 / 141
友情点: 135 / 903835`
*連続ログイン2日目
※ログインが途切れるか、7日到達すると
1日目から再開されます*
`聖晶石 X 1
1月交換券(2024) X 1
`_2024-01-05 19:40:26_
--------
