【登录信息】
*b5e6a05282bde158c1ffe9d4d9788373*
`登陆天数: 127天 / 1410天
等级: 125
石头: 899
呼符: 15
体力: 72668.86333333333 / 137
友情点: 0 / 1174815`
*連続ログイン1日目
※ログインが途切れるか、7日到達すると
1日目から再開されます*
`フレンドポイント X 2000
1月交換券(2024) X 1
`_2024-01-06 19:38:29_
--------
*eb20c8954ecb148daacdac59c3a0b2e8*
`登陆天数: 127天 / 1393天
等级: 125
石头: 905
呼符: 49
体力: 44398.17333333333 / 137
友情点: 0 / 1176045`
*連続ログイン1日目
※ログインが途切れるか、7日到達すると
1日目から再開されます*
`フレンドポイント X 2000
1月交換券(2024) X 1
`_2024-01-06 19:38:37_
--------
*620476f0f61795fd355f2a9e3fb24e54*
`登陆天数: 127天 / 1460天
等级: 125
石头: 544
呼符: 15
体力: 73374.84666666666 / 137
友情点: 0 / 1171295`
*連続ログイン1日目
※ログインが途切れるか、7日到達すると
1日目から再開されます*
`フレンドポイント X 2000
1月交換券(2024) X 1
`_2024-01-06 19:38:45_
--------
*8a4af26995de6f135fbb0fdafa2e0424*
`登陆天数: 127天 / 1438天
等级: 125
石头: 657
呼符: 37
体力: 73091.10666666667 / 137
友情点: 0 / 1160525`
*連続ログイン1日目
※ログインが途切れるか、7日到達すると
1日目から再開されます*
`フレンドポイント X 2000
1月交換券(2024) X 1
`_2024-01-06 19:38:54_
--------
*69a508b93367b043329d175aca01015e*
`登陆天数: 127天 / 1276天
等级: 125
石头: 927
呼符: 49
体力: 116227.11333333333 / 137
友情点: 0 / 933575`
*連続ログイン1日目
※ログインが途切れるか、7日到達すると
1日目から再開されます*
`フレンドポイント X 2000
1月交換券(2024) X 1
`_2024-01-06 19:39:03_
--------
*05c7889868efad05a84b961c94cc9b2c*
`登陆天数: 127天 / 1491天
等级: 125
石头: 1164
呼符: 36
体力: 85313.13333333333 / 137
友情点: 0 / 1118815`
*連続ログイン1日目
※ログインが途切れるか、7日到達すると
1日目から再開されます*
`フレンドポイント X 2000
1月交換券(2024) X 1
`_2024-01-06 19:39:11_
--------
*41c8ea3cfa831059a6c57fddf5a2e62d*
`登陆天数: 127天 / 1445天
等级: 125
石头: 228
呼符: 9
体力: 64715.37333333334 / 137
友情点: 0 / 727875`
*連続ログイン1日目
※ログインが途切れるか、7日到達すると
1日目から再開されます*
`フレンドポイント X 2000
1月交換券(2024) X 1
`_2024-01-06 19:39:19_
--------
*790b887791ca4de4345ea61d5bd657e4*
`登陆天数: 127天 / 1446天
等级: 125
石头: 319
呼符: 51
体力: 72666.29666666666 / 137
友情点: 0 / 883305`
*連続ログイン1日目
※ログインが途切れるか、7日到達すると
1日目から再開されます*
`フレンドポイント X 2000
1月交換券(2024) X 1
`_2024-01-06 19:39:27_
--------
*82f6295e189793da0ef43b4029c85eca*
`登陆天数: 127天 / 1497天
等级: 126
石头: 253
呼符: 13
体力: 37369.87666666666 / 137
友情点: 50 / 409360`
*連続ログイン1日目
※ログインが途切れるか、7日到達すると
1日目から再開されます*
`フレンドポイント X 2000
1月交換券(2024) X 1
`_2024-01-06 19:39:40_
--------
*47f309e11f595c830d1447d77b47d8a0*
`登陆天数: 127天 / 1461天
等级: 126
石头: 247
呼符: 13
体力: 40798.15 / 137
友情点: 100 / 1156305`
*連続ログイン1日目
※ログインが途切れるか、7日到達すると
1日目から再開されます*
`フレンドポイント X 2000
1月交換券(2024) X 1
`_2024-01-06 19:39:51_
--------
*7686ae2a105ec6cc5551581fc7487546*
`登陆天数: 127天 / 1503天
等级: 127
石头: 260
呼符: 15
体力: 75239.83666666667 / 137
友情点: 0 / 1169410`
*連続ログイン1日目
※ログインが途切れるか、7日到達すると
1日目から再開されます*
`フレンドポイント X 2000
1月交換券(2024) X 1
`_2024-01-06 19:39:59_
--------
*dcf734638b8334ef199302253a06e093*
`登陆天数: 127天 / 1383天
等级: 125
石头: 743
呼符: 13
体力: 41292.68666666667 / 137
友情点: 0 / 1065050`
*連続ログイン1日目
※ログインが途切れるか、7日到達すると
1日目から再開されます*
`フレンドポイント X 2000
1月交換券(2024) X 1
`_2024-01-06 19:40:07_
--------
*47f309e11f595c830d1447d77b47d8a0*
`登陆天数: 127天 / 1479天
等级: 126
石头: 910
呼符: 12
体力: 39247.76666666667 / 137
友情点: 100 / 1005310`
*連続ログイン1日目
※ログインが途切れるか、7日到達すると
1日目から再開されます*
`フレンドポイント X 2000
1月交換券(2024) X 1
`_2024-01-06 19:40:16_
--------
*a602c44e0f8456741b30f0caf4753a39*
`登陆天数: 143天 / 1412天
等级: 143
石头: 453
呼符: 33
体力: 1516.05 / 141
友情点: 200 / 904035`
*連続ログイン3日目
※ログインが途切れるか、7日到達すると
1日目から再開されます*
`叡智の業火 X 1
1月交換券(2024) X 1
`_2024-01-06 19:40:24_
--------
