【登录信息】
*b5e6a05282bde158c1ffe9d4d9788373*
`登陆天数: 128天 / 1411天
等级: 125
石头: 899
呼符: 15
体力: 72956.85 / 137
友情点: 0 / 1174815`
*連続ログイン2日目
※ログインが途切れるか、7日到達すると
1日目から再開されます*
`聖晶石 X 1
1月交換券(2024) X 1
`_2024-01-07 19:38:25_
--------
*eb20c8954ecb148daacdac59c3a0b2e8*
`登陆天数: 128天 / 1394天
等级: 125
石头: 905
呼符: 49
体力: 44686.16 / 137
友情点: 0 / 1176045`
*連続ログイン2日目
※ログインが途切れるか、7日到達すると
1日目から再開されます*
`聖晶石 X 1
1月交換券(2024) X 1
`_2024-01-07 19:38:33_
--------
*620476f0f61795fd355f2a9e3fb24e54*
`登陆天数: 128天 / 1461天
等级: 125
石头: 544
呼符: 15
体力: 73662.83333333333 / 137
友情点: 0 / 1171295`
*連続ログイン2日目
※ログインが途切れるか、7日到達すると
1日目から再開されます*
`聖晶石 X 1
1月交換券(2024) X 1
`_2024-01-07 19:38:42_
--------
*8a4af26995de6f135fbb0fdafa2e0424*
`登陆天数: 128天 / 1439天
等级: 125
石头: 657
呼符: 37
体力: 73379.09666666666 / 137
友情点: 0 / 1160525`
*連続ログイン2日目
※ログインが途切れるか、7日到達すると
1日目から再開されます*
`聖晶石 X 1
1月交換券(2024) X 1
`_2024-01-07 19:38:50_
--------
*69a508b93367b043329d175aca01015e*
`登陆天数: 128天 / 1277天
等级: 125
石头: 927
呼符: 49
体力: 116515.10333333333 / 137
友情点: 0 / 933575`
*連続ログイン2日目
※ログインが途切れるか、7日到達すると
1日目から再開されます*
`聖晶石 X 1
1月交換券(2024) X 1
`_2024-01-07 19:38:59_
--------
*05c7889868efad05a84b961c94cc9b2c*
`登陆天数: 128天 / 1492天
等级: 125
石头: 1164
呼符: 36
体力: 85601.12333333334 / 137
友情点: 0 / 1118815`
*連続ログイン2日目
※ログインが途切れるか、7日到達すると
1日目から再開されます*
`聖晶石 X 1
1月交換券(2024) X 1
`_2024-01-07 19:39:07_
--------
*41c8ea3cfa831059a6c57fddf5a2e62d*
`登陆天数: 128天 / 1446天
等级: 125
石头: 228
呼符: 9
体力: 65003.36 / 137
友情点: 0 / 727875`
*連続ログイン2日目
※ログインが途切れるか、7日到達すると
1日目から再開されます*
`聖晶石 X 1
1月交換券(2024) X 1
`_2024-01-07 19:39:15_
--------
*790b887791ca4de4345ea61d5bd657e4*
`登陆天数: 128天 / 1447天
等级: 125
石头: 319
呼符: 51
体力: 72954.28333333334 / 137
友情点: 0 / 883305`
*連続ログイン2日目
※ログインが途切れるか、7日到達すると
1日目から再開されます*
`聖晶石 X 1
1月交換券(2024) X 1
`_2024-01-07 19:39:24_
--------
*82f6295e189793da0ef43b4029c85eca*
`登陆天数: 128天 / 1498天
等级: 126
石头: 253
呼符: 13
体力: 37657.86666666667 / 137
友情点: 70 / 409430`
*連続ログイン2日目
※ログインが途切れるか、7日到達すると
1日目から再開されます*
`聖晶石 X 1
1月交換券(2024) X 1
`_2024-01-07 19:39:36_
--------
*47f309e11f595c830d1447d77b47d8a0*
`登陆天数: 128天 / 1462天
等级: 126
石头: 247
呼符: 13
体力: 41086.14 / 137
友情点: 70 / 1156375`
*連続ログイン2日目
※ログインが途切れるか、7日到達すると
1日目から再開されます*
`聖晶石 X 1
1月交換券(2024) X 1
`_2024-01-07 19:39:48_
--------
*7686ae2a105ec6cc5551581fc7487546*
`登陆天数: 128天 / 1504天
等级: 127
石头: 260
呼符: 15
体力: 75527.82666666666 / 137
友情点: 0 / 1169410`
*連続ログイン2日目
※ログインが途切れるか、7日到達すると
1日目から再開されます*
`聖晶石 X 1
1月交換券(2024) X 1
`_2024-01-07 19:39:56_
--------
*dcf734638b8334ef199302253a06e093*
`登陆天数: 128天 / 1384天
等级: 125
石头: 743
呼符: 13
体力: 41580.67333333333 / 137
友情点: 0 / 1065050`
*連続ログイン2日目
※ログインが途切れるか、7日到達すると
1日目から再開されます*
`聖晶石 X 1
1月交換券(2024) X 1
`_2024-01-07 19:40:04_
--------
*47f309e11f595c830d1447d77b47d8a0*
`登陆天数: 128天 / 1480天
等级: 126
石头: 910
呼符: 12
体力: 39535.753333333334 / 137
友情点: 40 / 1005350`
*連続ログイン2日目
※ログインが途切れるか、7日到達すると
1日目から再開されます*
`聖晶石 X 1
1月交換券(2024) X 1
`_2024-01-07 19:40:12_
--------
*a602c44e0f8456741b30f0caf4753a39*
`登陆天数: 144天 / 1413天
等级: 143
石头: 453
呼符: 33
体力: 1804.04 / 141
友情点: 185 / 904220`
*連続ログイン4日目
※ログインが途切れるか、7日到達すると
1日目から再開されます*
`聖晶石 X 1
1月交換券(2024) X 1
`_2024-01-07 19:40:21_
--------
