【登录信息】
*b5e6a05282bde158c1ffe9d4d9788373*
`登陆天数: 1天 / 1412天
等级: 125
石头: 899
呼符: 15
体力: 73532.90333333334 / 137
友情点: 0 / 1174815`
*連続ログイン1日目
※ログインが途切れるか、7日到達すると
1日目から再開されます*
`フレンドポイント X 2000
1月交換券(2024) X 1
`_2024-01-09 19:38:41_
--------
*eb20c8954ecb148daacdac59c3a0b2e8*
`登陆天数: 1天 / 1395天
等级: 125
石头: 905
呼符: 49
体力: 45262.21666666667 / 137
友情点: 0 / 1176045`
*連続ログイン1日目
※ログインが途切れるか、7日到達すると
1日目から再開されます*
`フレンドポイント X 2000
1月交換券(2024) X 1
`_2024-01-09 19:38:49_
--------
*620476f0f61795fd355f2a9e3fb24e54*
`登陆天数: 1天 / 1462天
等级: 125
石头: 544
呼符: 15
体力: 74238.89 / 137
友情点: 0 / 1171295`
*連続ログイン1日目
※ログインが途切れるか、7日到達すると
1日目から再開されます*
`フレンドポイント X 2000
1月交換券(2024) X 1
`_2024-01-09 19:38:58_
--------
*8a4af26995de6f135fbb0fdafa2e0424*
`登陆天数: 1天 / 1440天
等级: 125
石头: 657
呼符: 37
体力: 73955.15333333334 / 137
友情点: 0 / 1160525`
*連続ログイン1日目
※ログインが途切れるか、7日到達すると
1日目から再開されます*
`フレンドポイント X 2000
1月交換券(2024) X 1
`_2024-01-09 19:39:07_
--------
*69a508b93367b043329d175aca01015e*
`登陆天数: 1天 / 1278天
等级: 125
石头: 927
呼符: 49
体力: 117091.16 / 137
友情点: 0 / 933575`
*連続ログイン1日目
※ログインが途切れるか、7日到達すると
1日目から再開されます*
`フレンドポイント X 2000
1月交換券(2024) X 1
`_2024-01-09 19:39:16_
--------
*05c7889868efad05a84b961c94cc9b2c*
`登陆天数: 1天 / 1493天
等级: 125
石头: 1164
呼符: 36
体力: 86177.18333333333 / 137
友情点: 0 / 1118815`
*連続ログイン1日目
※ログインが途切れるか、7日到達すると
1日目から再開されます*
`フレンドポイント X 2000
1月交換券(2024) X 1
`_2024-01-09 19:39:24_
--------
*41c8ea3cfa831059a6c57fddf5a2e62d*
`登陆天数: 1天 / 1447天
等级: 125
石头: 228
呼符: 9
体力: 65579.42333333334 / 137
友情点: 0 / 727875`
*連続ログイン1日目
※ログインが途切れるか、7日到達すると
1日目から再開されます*
`フレンドポイント X 2000
1月交換券(2024) X 1
`_2024-01-09 19:39:33_
--------
*790b887791ca4de4345ea61d5bd657e4*
`登陆天数: 1天 / 1448天
等级: 125
石头: 319
呼符: 51
体力: 73530.34333333334 / 137
友情点: 0 / 883305`
*連続ログイン1日目
※ログインが途切れるか、7日到達すると
1日目から再開されます*
`フレンドポイント X 2000
1月交換券(2024) X 1
`_2024-01-09 19:39:42_
--------
*82f6295e189793da0ef43b4029c85eca*
`登陆天数: 1天 / 1499天
等级: 126
石头: 253
呼符: 13
体力: 38233.93 / 137
友情点: 50 / 409480`
*連続ログイン1日目
※ログインが途切れるか、7日到達すると
1日目から再開されます*
`フレンドポイント X 2000
1月交換券(2024) X 1
`_2024-01-09 19:39:55_
--------
*47f309e11f595c830d1447d77b47d8a0*
`登陆天数: 1天 / 1463天
等级: 126
石头: 247
呼符: 13
体力: 41662.20333333333 / 137
友情点: 110 / 1156485`
*連続ログイン1日目
※ログインが途切れるか、7日到達すると
1日目から再開されます*
`フレンドポイント X 2000
1月交換券(2024) X 1
`_2024-01-09 19:40:07_
--------
*7686ae2a105ec6cc5551581fc7487546*
`登陆天数: 1天 / 1505天
等级: 127
石头: 260
呼符: 15
体力: 76103.89333333333 / 137
友情点: 0 / 1169410`
*連続ログイン1日目
※ログインが途切れるか、7日到達すると
1日目から再開されます*
`フレンドポイント X 2000
1月交換券(2024) X 1
`_2024-01-09 19:40:15_
--------
*dcf734638b8334ef199302253a06e093*
`登陆天数: 1天 / 1385天
等级: 125
石头: 743
呼符: 13
体力: 42156.746666666666 / 137
友情点: 0 / 1065050`
*連続ログイン1日目
※ログインが途切れるか、7日到達すると
1日目から再開されます*
`フレンドポイント X 2000
1月交換券(2024) X 1
`_2024-01-09 19:40:24_
--------
*47f309e11f595c830d1447d77b47d8a0*
`登陆天数: 1天 / 1481天
等级: 126
石头: 910
呼符: 12
体力: 40111.82666666667 / 137
友情点: 90 / 1005440`
*連続ログイン1日目
※ログインが途切れるか、7日到達すると
1日目から再開されます*
`フレンドポイント X 2000
1月交換券(2024) X 1
`_2024-01-09 19:40:34_
--------
*a602c44e0f8456741b30f0caf4753a39*
`登陆天数: 1天 / 1414天
等级: 143
石头: 453
呼符: 33
体力: 2380.1133333333332 / 141
友情点: 125 / 904345`
*連続ログイン1日目
※ログインが途切れるか、7日到達すると
1日目から再開されます*
`フレンドポイント X 2000
1月交換券(2024) X 1
`_2024-01-09 19:40:43_
--------
