【登录信息】
*b5e6a05282bde158c1ffe9d4d9788373*
`登陆天数: 2天 / 1413天
等级: 125
石头: 899
呼符: 15
体力: 73820.88666666667 / 137
友情点: 0 / 1174815`
*連続ログイン2日目
※ログインが途切れるか、7日到達すると
1日目から再開されます*
`聖晶石 X 1
1月交換券(2024) X 1
`*「FGO カルデア・サテライトステーション 2023-2024」宮崎会場開催直前 ログインボーナス*
*開催期間中、1日1回 最大3回 ログインボーナスをプレゼント！*
`黄金の果実 X 1
`_2024-01-10 19:38:35_
--------
*eb20c8954ecb148daacdac59c3a0b2e8*
`登陆天数: 2天 / 1396天
等级: 125
石头: 905
呼符: 49
体力: 45550.2 / 137
友情点: 0 / 1176045`
*連続ログイン2日目
※ログインが途切れるか、7日到達すると
1日目から再開されます*
`聖晶石 X 1
1月交換券(2024) X 1
`*「FGO カルデア・サテライトステーション 2023-2024」宮崎会場開催直前 ログインボーナス*
*開催期間中、1日1回 最大3回 ログインボーナスをプレゼント！*
`黄金の果実 X 1
`_2024-01-10 19:38:44_
--------
*620476f0f61795fd355f2a9e3fb24e54*
`登陆天数: 2天 / 1463天
等级: 125
石头: 544
呼符: 15
体力: 74526.87333333334 / 137
友情点: 0 / 1171295`
*連続ログイン2日目
※ログインが途切れるか、7日到達すると
1日目から再開されます*
`聖晶石 X 1
1月交換券(2024) X 1
`*「FGO カルデア・サテライトステーション 2023-2024」宮崎会場開催直前 ログインボーナス*
*開催期間中、1日1回 最大3回 ログインボーナスをプレゼント！*
`黄金の果実 X 1
`_2024-01-10 19:38:53_
--------
*8a4af26995de6f135fbb0fdafa2e0424*
`登陆天数: 2天 / 1441天
等级: 125
石头: 657
呼符: 37
体力: 74243.13666666667 / 137
友情点: 0 / 1160525`
*連続ログイン2日目
※ログインが途切れるか、7日到達すると
1日目から再開されます*
`聖晶石 X 1
1月交換券(2024) X 1
`*「FGO カルデア・サテライトステーション 2023-2024」宮崎会場開催直前 ログインボーナス*
*開催期間中、1日1回 最大3回 ログインボーナスをプレゼント！*
`黄金の果実 X 1
`_2024-01-10 19:39:03_
--------
*69a508b93367b043329d175aca01015e*
`登陆天数: 2天 / 1279天
等级: 125
石头: 927
呼符: 49
体力: 117379.14666666667 / 137
友情点: 0 / 933575`
*連続ログイン2日目
※ログインが途切れるか、7日到達すると
1日目から再開されます*
`聖晶石 X 1
1月交換券(2024) X 1
`*「FGO カルデア・サテライトステーション 2023-2024」宮崎会場開催直前 ログインボーナス*
*開催期間中、1日1回 最大3回 ログインボーナスをプレゼント！*
`黄金の果実 X 1
`_2024-01-10 19:39:11_
--------
*05c7889868efad05a84b961c94cc9b2c*
`登陆天数: 2天 / 1494天
等级: 125
石头: 1164
呼符: 36
体力: 86465.16666666667 / 137
友情点: 0 / 1118815`
*連続ログイン2日目
※ログインが途切れるか、7日到達すると
1日目から再開されます*
`聖晶石 X 1
1月交換券(2024) X 1
`*「FGO カルデア・サテライトステーション 2023-2024」宮崎会場開催直前 ログインボーナス*
*開催期間中、1日1回 最大3回 ログインボーナスをプレゼント！*
`黄金の果実 X 1
`_2024-01-10 19:39:20_
--------
*41c8ea3cfa831059a6c57fddf5a2e62d*
`登陆天数: 2天 / 1448天
等级: 125
石头: 228
呼符: 9
体力: 65867.41 / 137
友情点: 0 / 727875`
*連続ログイン2日目
※ログインが途切れるか、7日到達すると
1日目から再開されます*
`聖晶石 X 1
1月交換券(2024) X 1
`*「FGO カルデア・サテライトステーション 2023-2024」宮崎会場開催直前 ログインボーナス*
*開催期間中、1日1回 最大3回 ログインボーナスをプレゼント！*
`黄金の果実 X 1
`_2024-01-10 19:39:29_
--------
*790b887791ca4de4345ea61d5bd657e4*
`登陆天数: 2天 / 1449天
等级: 125
石头: 319
呼符: 51
体力: 73818.33 / 137
友情点: 0 / 883305`
*連続ログイン2日目
※ログインが途切れるか、7日到達すると
1日目から再開されます*
`聖晶石 X 1
1月交換券(2024) X 1
`*「FGO カルデア・サテライトステーション 2023-2024」宮崎会場開催直前 ログインボーナス*
*開催期間中、1日1回 最大3回 ログインボーナスをプレゼント！*
`黄金の果実 X 1
`_2024-01-10 19:39:38_
--------
*82f6295e189793da0ef43b4029c85eca*
`登陆天数: 2天 / 1500天
等级: 126
石头: 253
呼符: 13
体力: 38521.916666666664 / 137
友情点: 70 / 409550`
*連続ログイン2日目
※ログインが途切れるか、7日到達すると
1日目から再開されます*
`聖晶石 X 1
1月交換券(2024) X 1
`*「FGO カルデア・サテライトステーション 2023-2024」宮崎会場開催直前 ログインボーナス*
*開催期間中、1日1回 最大3回 ログインボーナスをプレゼント！*
`黄金の果実 X 1
`_2024-01-10 19:39:51_
--------
*47f309e11f595c830d1447d77b47d8a0*
`登陆天数: 2天 / 1464天
等级: 126
石头: 247
呼符: 13
体力: 41950.193333333336 / 137
友情点: 40 / 1156525`
*連続ログイン2日目
※ログインが途切れるか、7日到達すると
1日目から再開されます*
`聖晶石 X 1
1月交換券(2024) X 1
`*「FGO カルデア・サテライトステーション 2023-2024」宮崎会場開催直前 ログインボーナス*
*開催期間中、1日1回 最大3回 ログインボーナスをプレゼント！*
`黄金の果実 X 1
`_2024-01-10 19:40:03_
--------
*7686ae2a105ec6cc5551581fc7487546*
`登陆天数: 2天 / 1506天
等级: 127
石头: 260
呼符: 15
体力: 76391.88 / 137
友情点: 0 / 1169410`
*連続ログイン2日目
※ログインが途切れるか、7日到達すると
1日目から再開されます*
`聖晶石 X 1
1月交換券(2024) X 1
`*「FGO カルデア・サテライトステーション 2023-2024」宮崎会場開催直前 ログインボーナス*
*開催期間中、1日1回 最大3回 ログインボーナスをプレゼント！*
`黄金の果実 X 1
`_2024-01-10 19:40:12_
--------
*dcf734638b8334ef199302253a06e093*
`登陆天数: 2天 / 1386天
等级: 125
石头: 743
呼符: 13
体力: 42444.73 / 137
友情点: 0 / 1065050`
*連続ログイン2日目
※ログインが途切れるか、7日到達すると
1日目から再開されます*
`聖晶石 X 1
1月交換券(2024) X 1
`*「FGO カルデア・サテライトステーション 2023-2024」宮崎会場開催直前 ログインボーナス*
*開催期間中、1日1回 最大3回 ログインボーナスをプレゼント！*
`黄金の果実 X 1
`_2024-01-10 19:40:20_
--------
*47f309e11f595c830d1447d77b47d8a0*
`登陆天数: 2天 / 1482天
等级: 126
石头: 910
呼符: 12
体力: 40399.81333333333 / 137
友情点: 60 / 1005500`
*連続ログイン2日目
※ログインが途切れるか、7日到達すると
1日目から再開されます*
`聖晶石 X 1
1月交換券(2024) X 1
`*「FGO カルデア・サテライトステーション 2023-2024」宮崎会場開催直前 ログインボーナス*
*開催期間中、1日1回 最大3回 ログインボーナスをプレゼント！*
`黄金の果実 X 1
`_2024-01-10 19:40:29_
--------
*a602c44e0f8456741b30f0caf4753a39*
`登陆天数: 2天 / 1415天
等级: 143
石头: 453
呼符: 33
体力: 2668.1 / 141
友情点: 60 / 904405`
*連続ログイン2日目
※ログインが途切れるか、7日到達すると
1日目から再開されます*
`聖晶石 X 1
1月交換券(2024) X 1
`*「FGO カルデア・サテライトステーション 2023-2024」宮崎会場開催直前 ログインボーナス*
*開催期間中、1日1回 最大3回 ログインボーナスをプレゼント！*
`黄金の果実 X 1
`_2024-01-10 19:40:38_
--------
