【登录信息】
*b5e6a05282bde158c1ffe9d4d9788373*
`登陆天数: 4天 / 1415天
等级: 125
石头: 899
呼符: 15
体力: 74396.85333333333 / 137
友情点: 0 / 1174815`
*連続ログイン4日目
※ログインが途切れるか、7日到達すると
1日目から再開されます*
`聖晶石 X 1
1月交換券(2024) X 1
`*「FGO カルデア・サテライトステーション 2023-2024」宮崎会場開催直前 ログインボーナス*
*開催期間中、1日1回 最大3回 ログインボーナスをプレゼント！*
`黄金の果実 X 1
`_2024-01-12 19:38:26_
--------
*eb20c8954ecb148daacdac59c3a0b2e8*
`登陆天数: 4天 / 1398天
等级: 125
石头: 905
呼符: 49
体力: 46126.166666666664 / 137
友情点: 0 / 1176045`
*連続ログイン4日目
※ログインが途切れるか、7日到達すると
1日目から再開されます*
`聖晶石 X 1
1月交換券(2024) X 1
`*「FGO カルデア・サテライトステーション 2023-2024」宮崎会場開催直前 ログインボーナス*
*開催期間中、1日1回 最大3回 ログインボーナスをプレゼント！*
`黄金の果実 X 1
`_2024-01-12 19:38:34_
--------
*620476f0f61795fd355f2a9e3fb24e54*
`登陆天数: 4天 / 1465天
等级: 125
石头: 544
呼符: 15
体力: 75102.84 / 137
友情点: 0 / 1171295`
*連続ログイン4日目
※ログインが途切れるか、7日到達すると
1日目から再開されます*
`聖晶石 X 1
1月交換券(2024) X 1
`*「FGO カルデア・サテライトステーション 2023-2024」宮崎会場開催直前 ログインボーナス*
*開催期間中、1日1回 最大3回 ログインボーナスをプレゼント！*
`黄金の果実 X 1
`_2024-01-12 19:38:43_
--------
*8a4af26995de6f135fbb0fdafa2e0424*
`登陆天数: 4天 / 1443天
等级: 125
石头: 657
呼符: 37
体力: 74819.10333333333 / 137
友情点: 0 / 1160525`
*連続ログイン4日目
※ログインが途切れるか、7日到達すると
1日目から再開されます*
`聖晶石 X 1
1月交換券(2024) X 1
`*「FGO カルデア・サテライトステーション 2023-2024」宮崎会場開催直前 ログインボーナス*
*開催期間中、1日1回 最大3回 ログインボーナスをプレゼント！*
`黄金の果実 X 1
`_2024-01-12 19:38:53_
--------
*69a508b93367b043329d175aca01015e*
`登陆天数: 4天 / 1281天
等级: 125
石头: 927
呼符: 49
体力: 117955.11333333333 / 137
友情点: 0 / 933575`
*連続ログイン4日目
※ログインが途切れるか、7日到達すると
1日目から再開されます*
`聖晶石 X 1
1月交換券(2024) X 1
`*「FGO カルデア・サテライトステーション 2023-2024」宮崎会場開催直前 ログインボーナス*
*開催期間中、1日1回 最大3回 ログインボーナスをプレゼント！*
`黄金の果実 X 1
`_2024-01-12 19:39:02_
--------
*05c7889868efad05a84b961c94cc9b2c*
`登陆天数: 4天 / 1496天
等级: 125
石头: 1164
呼符: 36
体力: 87041.13333333333 / 137
友情点: 0 / 1118815`
*連続ログイン4日目
※ログインが途切れるか、7日到達すると
1日目から再開されます*
`聖晶石 X 1
1月交換券(2024) X 1
`*「FGO カルデア・サテライトステーション 2023-2024」宮崎会場開催直前 ログインボーナス*
*開催期間中、1日1回 最大3回 ログインボーナスをプレゼント！*
`黄金の果実 X 1
`_2024-01-12 19:39:10_
--------
*41c8ea3cfa831059a6c57fddf5a2e62d*
`登陆天数: 4天 / 1450天
等级: 125
石头: 228
呼符: 9
体力: 66443.37666666666 / 137
友情点: 0 / 727875`
*連続ログイン4日目
※ログインが途切れるか、7日到達すると
1日目から再開されます*
`聖晶石 X 1
1月交換券(2024) X 1
`*「FGO カルデア・サテライトステーション 2023-2024」宮崎会場開催直前 ログインボーナス*
*開催期間中、1日1回 最大3回 ログインボーナスをプレゼント！*
`黄金の果実 X 1
`_2024-01-12 19:39:19_
--------
*790b887791ca4de4345ea61d5bd657e4*
`登陆天数: 4天 / 1451天
等级: 125
石头: 319
呼符: 51
体力: 74394.3 / 137
友情点: 0 / 883305`
*連続ログイン4日目
※ログインが途切れるか、7日到達すると
1日目から再開されます*
`聖晶石 X 1
1月交換券(2024) X 1
`*「FGO カルデア・サテライトステーション 2023-2024」宮崎会場開催直前 ログインボーナス*
*開催期間中、1日1回 最大3回 ログインボーナスをプレゼント！*
`黄金の果実 X 1
`_2024-01-12 19:39:28_
--------
*82f6295e189793da0ef43b4029c85eca*
`登陆天数: 4天 / 1502天
等级: 126
石头: 253
呼符: 13
体力: 39097.88333333333 / 137
友情点: 90 / 409680`
*連続ログイン4日目
※ログインが途切れるか、7日到達すると
1日目から再開されます*
`聖晶石 X 1
1月交換券(2024) X 1
`*「FGO カルデア・サテライトステーション 2023-2024」宮崎会場開催直前 ログインボーナス*
*開催期間中、1日1回 最大3回 ログインボーナスをプレゼント！*
`黄金の果実 X 1
`_2024-01-12 19:39:41_
--------
*47f309e11f595c830d1447d77b47d8a0*
`登陆天数: 4天 / 1466天
等级: 126
石头: 247
呼符: 13
体力: 42526.15666666667 / 137
友情点: 40 / 1156595`
*連続ログイン4日目
※ログインが途切れるか、7日到達すると
1日目から再開されます*
`聖晶石 X 1
1月交換券(2024) X 1
`*「FGO カルデア・サテライトステーション 2023-2024」宮崎会場開催直前 ログインボーナス*
*開催期間中、1日1回 最大3回 ログインボーナスをプレゼント！*
`黄金の果実 X 1
`_2024-01-12 19:39:53_
--------
*7686ae2a105ec6cc5551581fc7487546*
`登陆天数: 4天 / 1508天
等级: 127
石头: 260
呼符: 15
体力: 76967.84666666666 / 137
友情点: 0 / 1169410`
*連続ログイン4日目
※ログインが途切れるか、7日到達すると
1日目から再開されます*
`聖晶石 X 1
1月交換券(2024) X 1
`*「FGO カルデア・サテライトステーション 2023-2024」宮崎会場開催直前 ログインボーナス*
*開催期間中、1日1回 最大3回 ログインボーナスをプレゼント！*
`黄金の果実 X 1
`_2024-01-12 19:40:02_
--------
*dcf734638b8334ef199302253a06e093*
`登陆天数: 4天 / 1388天
等级: 125
石头: 743
呼符: 13
体力: 43020.693333333336 / 137
友情点: 0 / 1065050`
*連続ログイン4日目
※ログインが途切れるか、7日到達すると
1日目から再開されます*
`聖晶石 X 1
1月交換券(2024) X 1
`*「FGO カルデア・サテライトステーション 2023-2024」宮崎会場開催直前 ログインボーナス*
*開催期間中、1日1回 最大3回 ログインボーナスをプレゼント！*
`黄金の果実 X 1
`_2024-01-12 19:40:10_
--------
*47f309e11f595c830d1447d77b47d8a0*
`登陆天数: 4天 / 1484天
等级: 126
石头: 910
呼符: 12
体力: 40975.77333333333 / 137
友情点: 110 / 1005700`
*連続ログイン4日目
※ログインが途切れるか、7日到達すると
1日目から再開されます*
`聖晶石 X 1
1月交換券(2024) X 1
`*「FGO カルデア・サテライトステーション 2023-2024」宮崎会場開催直前 ログインボーナス*
*開催期間中、1日1回 最大3回 ログインボーナスをプレゼント！*
`黄金の果実 X 1
`_2024-01-12 19:40:18_
--------
*a602c44e0f8456741b30f0caf4753a39*
`登陆天数: 4天 / 1417天
等级: 143
石头: 453
呼符: 33
体力: 3244.0633333333335 / 141
友情点: 65 / 904600`
*連続ログイン4日目
※ログインが途切れるか、7日到達すると
1日目から再開されます*
`聖晶石 X 1
1月交換券(2024) X 1
`*「FGO カルデア・サテライトステーション 2023-2024」宮崎会場開催直前 ログインボーナス*
*開催期間中、1日1回 最大3回 ログインボーナスをプレゼント！*
`黄金の果実 X 1
`_2024-01-12 19:40:27_
--------
