【登录信息】
*b5e6a05282bde158c1ffe9d4d9788373*
`登陆天数: 5天 / 1416天
等级: 125
石头: 899
呼符: 15
体力: 74684.84666666666 / 137
友情点: 0 / 1174815`
*連続ログイン5日目
※ログインが途切れるか、7日到達すると
1日目から再開されます*
`叡智の業火 X 2
1月交換券(2024) X 1
`*「FGO カルデア・サテライトステーション 2023-2024」宮崎会場開催記念 3万リポスト達成プレゼント*
*開催期間中、初回ログインで「聖晶石×6」をプレゼント！*
`聖晶石 X 6
`_2024-01-13 19:38:24_
--------
*eb20c8954ecb148daacdac59c3a0b2e8*
`登陆天数: 5天 / 1399天
等级: 125
石头: 905
呼符: 49
体力: 46414.15666666667 / 137
友情点: 0 / 1176045`
*連続ログイン5日目
※ログインが途切れるか、7日到達すると
1日目から再開されます*
`叡智の業火 X 2
1月交換券(2024) X 1
`*「FGO カルデア・サテライトステーション 2023-2024」宮崎会場開催記念 3万リポスト達成プレゼント*
*開催期間中、初回ログインで「聖晶石×6」をプレゼント！*
`聖晶石 X 6
`_2024-01-13 19:38:32_
--------
*620476f0f61795fd355f2a9e3fb24e54*
`登陆天数: 5天 / 1466天
等级: 125
石头: 544
呼符: 15
体力: 75390.83 / 137
友情点: 0 / 1171295`
*連続ログイン5日目
※ログインが途切れるか、7日到達すると
1日目から再開されます*
`叡智の業火 X 2
1月交換券(2024) X 1
`*「FGO カルデア・サテライトステーション 2023-2024」宮崎会場開催記念 3万リポスト達成プレゼント*
*開催期間中、初回ログインで「聖晶石×6」をプレゼント！*
`聖晶石 X 6
`_2024-01-13 19:38:41_
--------
*8a4af26995de6f135fbb0fdafa2e0424*
`登陆天数: 5天 / 1444天
等级: 125
石头: 657
呼符: 37
体力: 75107.09333333334 / 137
友情点: 0 / 1160525`
*連続ログイン5日目
※ログインが途切れるか、7日到達すると
1日目から再開されます*
`叡智の業火 X 2
1月交換券(2024) X 1
`*「FGO カルデア・サテライトステーション 2023-2024」宮崎会場開催記念 3万リポスト達成プレゼント*
*開催期間中、初回ログインで「聖晶石×6」をプレゼント！*
`聖晶石 X 6
`_2024-01-13 19:38:50_
--------
*69a508b93367b043329d175aca01015e*
`登陆天数: 5天 / 1282天
等级: 125
石头: 927
呼符: 49
体力: 118243.1 / 137
友情点: 0 / 933575`
*連続ログイン5日目
※ログインが途切れるか、7日到達すると
1日目から再開されます*
`叡智の業火 X 2
1月交換券(2024) X 1
`*「FGO カルデア・サテライトステーション 2023-2024」宮崎会場開催記念 3万リポスト達成プレゼント*
*開催期間中、初回ログインで「聖晶石×6」をプレゼント！*
`聖晶石 X 6
`_2024-01-13 19:38:58_
--------
*05c7889868efad05a84b961c94cc9b2c*
`登陆天数: 5天 / 1497天
等级: 125
石头: 1164
呼符: 36
体力: 87329.12 / 137
友情点: 0 / 1118815`
*連続ログイン5日目
※ログインが途切れるか、7日到達すると
1日目から再開されます*
`叡智の業火 X 2
1月交換券(2024) X 1
`*「FGO カルデア・サテライトステーション 2023-2024」宮崎会場開催記念 3万リポスト達成プレゼント*
*開催期間中、初回ログインで「聖晶石×6」をプレゼント！*
`聖晶石 X 6
`_2024-01-13 19:39:07_
--------
*41c8ea3cfa831059a6c57fddf5a2e62d*
`登陆天数: 5天 / 1451天
等级: 125
石头: 228
呼符: 9
体力: 66731.36 / 137
友情点: 0 / 727875`
*連続ログイン5日目
※ログインが途切れるか、7日到達すると
1日目から再開されます*
`叡智の業火 X 2
1月交換券(2024) X 1
`*「FGO カルデア・サテライトステーション 2023-2024」宮崎会場開催記念 3万リポスト達成プレゼント*
*開催期間中、初回ログインで「聖晶石×6」をプレゼント！*
`聖晶石 X 6
`_2024-01-13 19:39:15_
--------
*790b887791ca4de4345ea61d5bd657e4*
`登陆天数: 5天 / 1452天
等级: 125
石头: 319
呼符: 51
体力: 74682.28333333334 / 137
友情点: 0 / 883305`
*連続ログイン5日目
※ログインが途切れるか、7日到達すると
1日目から再開されます*
`叡智の業火 X 2
1月交換券(2024) X 1
`*「FGO カルデア・サテライトステーション 2023-2024」宮崎会場開催記念 3万リポスト達成プレゼント*
*開催期間中、初回ログインで「聖晶石×6」をプレゼント！*
`聖晶石 X 6
`_2024-01-13 19:39:24_
--------
*82f6295e189793da0ef43b4029c85eca*
`登陆天数: 5天 / 1503天
等级: 126
石头: 253
呼符: 13
体力: 39385.86666666667 / 137
友情点: 70 / 409750`
*連続ログイン5日目
※ログインが途切れるか、7日到達すると
1日目から再開されます*
`叡智の業火 X 2
1月交換券(2024) X 1
`*「FGO カルデア・サテライトステーション 2023-2024」宮崎会場開催記念 3万リポスト達成プレゼント*
*開催期間中、初回ログインで「聖晶石×6」をプレゼント！*
`聖晶石 X 6
`_2024-01-13 19:39:36_
--------
*47f309e11f595c830d1447d77b47d8a0*
`登陆天数: 5天 / 1467天
等级: 126
石头: 247
呼符: 13
体力: 42814.14 / 137
友情点: 80 / 1156675`
*連続ログイン5日目
※ログインが途切れるか、7日到達すると
1日目から再開されます*
`叡智の業火 X 2
1月交換券(2024) X 1
`*「FGO カルデア・サテライトステーション 2023-2024」宮崎会場開催記念 3万リポスト達成プレゼント*
*開催期間中、初回ログインで「聖晶石×6」をプレゼント！*
`聖晶石 X 6
`_2024-01-13 19:39:48_
--------
*7686ae2a105ec6cc5551581fc7487546*
`登陆天数: 5天 / 1509天
等级: 127
石头: 260
呼符: 15
体力: 77255.83 / 137
友情点: 0 / 1169410`
*連続ログイン5日目
※ログインが途切れるか、7日到達すると
1日目から再開されます*
`叡智の業火 X 2
1月交換券(2024) X 1
`*「FGO カルデア・サテライトステーション 2023-2024」宮崎会場開催記念 3万リポスト達成プレゼント*
*開催期間中、初回ログインで「聖晶石×6」をプレゼント！*
`聖晶石 X 6
`_2024-01-13 19:39:56_
--------
*dcf734638b8334ef199302253a06e093*
`登陆天数: 5天 / 1389天
等级: 125
石头: 743
呼符: 13
体力: 43308.676666666666 / 137
友情点: 0 / 1065050`
*連続ログイン5日目
※ログインが途切れるか、7日到達すると
1日目から再開されます*
`叡智の業火 X 2
1月交換券(2024) X 1
`*「FGO カルデア・サテライトステーション 2023-2024」宮崎会場開催記念 3万リポスト達成プレゼント*
*開催期間中、初回ログインで「聖晶石×6」をプレゼント！*
`聖晶石 X 6
`_2024-01-13 19:40:05_
--------
*47f309e11f595c830d1447d77b47d8a0*
`登陆天数: 5天 / 1485天
等级: 126
石头: 910
呼符: 12
体力: 41263.75666666667 / 137
友情点: 60 / 1005760`
*連続ログイン5日目
※ログインが途切れるか、7日到達すると
1日目から再開されます*
`叡智の業火 X 2
1月交換券(2024) X 1
`*「FGO カルデア・サテライトステーション 2023-2024」宮崎会場開催記念 3万リポスト達成プレゼント*
*開催期間中、初回ログインで「聖晶石×6」をプレゼント！*
`聖晶石 X 6
`_2024-01-13 19:40:13_
--------
*a602c44e0f8456741b30f0caf4753a39*
`登陆天数: 5天 / 1418天
等级: 143
石头: 453
呼符: 33
体力: 3532.0433333333335 / 141
友情点: 245 / 904845`
*連続ログイン5日目
※ログインが途切れるか、7日到達すると
1日目から再開されます*
`叡智の業火 X 2
1月交換券(2024) X 1
`*「FGO カルデア・サテライトステーション 2023-2024」宮崎会場開催記念 3万リポスト達成プレゼント*
*開催期間中、初回ログインで「聖晶石×6」をプレゼント！*
`聖晶石 X 6
`_2024-01-13 19:40:21_
--------
