【登录信息】
*b5e6a05282bde158c1ffe9d4d9788373*
`登陆天数: 6天 / 1417天
等级: 125
石头: 899
呼符: 15
体力: 74972.83666666667 / 137
友情点: 0 / 1174815`
*連続ログイン6日目
※ログインが途切れるか、7日到達すると
1日目から再開されます*
`聖晶石 X 2
1月交換券(2024) X 1
`*Fate/Samurai Remnant×Fate/Grand Order
コラボレーションイベント
開幕直前特別ログインボーナス*
*開催期間中、1日1回 最大7回ログインボーナスをプレゼント！*
`聖晶石 X 1
`_2024-01-14 19:38:20_
--------
*eb20c8954ecb148daacdac59c3a0b2e8*
`登陆天数: 6天 / 1400天
等级: 125
石头: 905
呼符: 49
体力: 46702.14666666667 / 137
友情点: 0 / 1176045`
*連続ログイン6日目
※ログインが途切れるか、7日到達すると
1日目から再開されます*
`聖晶石 X 2
1月交換券(2024) X 1
`*Fate/Samurai Remnant×Fate/Grand Order
コラボレーションイベント
開幕直前特別ログインボーナス*
*開催期間中、1日1回 最大7回ログインボーナスをプレゼント！*
`聖晶石 X 1
`_2024-01-14 19:38:29_
--------
*620476f0f61795fd355f2a9e3fb24e54*
`登陆天数: 6天 / 1467天
等级: 125
石头: 544
呼符: 15
体力: 75678.82 / 137
友情点: 0 / 1171295`
*連続ログイン6日目
※ログインが途切れるか、7日到達すると
1日目から再開されます*
`聖晶石 X 2
1月交換券(2024) X 1
`*Fate/Samurai Remnant×Fate/Grand Order
コラボレーションイベント
開幕直前特別ログインボーナス*
*開催期間中、1日1回 最大7回ログインボーナスをプレゼント！*
`聖晶石 X 1
`_2024-01-14 19:38:38_
--------
*8a4af26995de6f135fbb0fdafa2e0424*
`登陆天数: 6天 / 1445天
等级: 125
石头: 657
呼符: 37
体力: 75395.08333333333 / 137
友情点: 0 / 1160525`
*連続ログイン6日目
※ログインが途切れるか、7日到達すると
1日目から再開されます*
`聖晶石 X 2
1月交換券(2024) X 1
`*Fate/Samurai Remnant×Fate/Grand Order
コラボレーションイベント
開幕直前特別ログインボーナス*
*開催期間中、1日1回 最大7回ログインボーナスをプレゼント！*
`聖晶石 X 1
`_2024-01-14 19:38:47_
--------
*69a508b93367b043329d175aca01015e*
`登陆天数: 6天 / 1283天
等级: 125
石头: 927
呼符: 49
体力: 118531.09 / 137
友情点: 0 / 933575`
*連続ログイン6日目
※ログインが途切れるか、7日到達すると
1日目から再開されます*
`聖晶石 X 2
1月交換券(2024) X 1
`*Fate/Samurai Remnant×Fate/Grand Order
コラボレーションイベント
開幕直前特別ログインボーナス*
*開催期間中、1日1回 最大7回ログインボーナスをプレゼント！*
`聖晶石 X 1
`_2024-01-14 19:38:55_
--------
*05c7889868efad05a84b961c94cc9b2c*
`登陆天数: 6天 / 1498天
等级: 125
石头: 1164
呼符: 36
体力: 87617.11333333333 / 137
友情点: 0 / 1118815`
*連続ログイン6日目
※ログインが途切れるか、7日到達すると
1日目から再開されます*
`聖晶石 X 2
1月交換券(2024) X 1
`*Fate/Samurai Remnant×Fate/Grand Order
コラボレーションイベント
開幕直前特別ログインボーナス*
*開催期間中、1日1回 最大7回ログインボーナスをプレゼント！*
`聖晶石 X 1
`_2024-01-14 19:39:04_
--------
*41c8ea3cfa831059a6c57fddf5a2e62d*
`登陆天数: 6天 / 1452天
等级: 125
石头: 228
呼符: 9
体力: 67019.35333333333 / 137
友情点: 0 / 727875`
*連続ログイン6日目
※ログインが途切れるか、7日到達すると
1日目から再開されます*
`聖晶石 X 2
1月交換券(2024) X 1
`*Fate/Samurai Remnant×Fate/Grand Order
コラボレーションイベント
開幕直前特別ログインボーナス*
*開催期間中、1日1回 最大7回ログインボーナスをプレゼント！*
`聖晶石 X 1
`_2024-01-14 19:39:12_
--------
*790b887791ca4de4345ea61d5bd657e4*
`登陆天数: 6天 / 1453天
等级: 125
石头: 319
呼符: 51
体力: 74970.27333333333 / 137
友情点: 0 / 883305`
*連続ログイン6日目
※ログインが途切れるか、7日到達すると
1日目から再開されます*
`聖晶石 X 2
1月交換券(2024) X 1
`*Fate/Samurai Remnant×Fate/Grand Order
コラボレーションイベント
開幕直前特別ログインボーナス*
*開催期間中、1日1回 最大7回ログインボーナスをプレゼント！*
`聖晶石 X 1
`_2024-01-14 19:39:21_
--------
*82f6295e189793da0ef43b4029c85eca*
`登陆天数: 6天 / 1504天
等级: 126
石头: 253
呼符: 13
体力: 39673.85666666667 / 137
友情点: 20 / 409770`
*連続ログイン6日目
※ログインが途切れるか、7日到達すると
1日目から再開されます*
`聖晶石 X 2
1月交換券(2024) X 1
`*Fate/Samurai Remnant×Fate/Grand Order
コラボレーションイベント
開幕直前特別ログインボーナス*
*開催期間中、1日1回 最大7回ログインボーナスをプレゼント！*
`聖晶石 X 1
`_2024-01-14 19:39:33_
--------
*47f309e11f595c830d1447d77b47d8a0*
`登陆天数: 6天 / 1468天
等级: 126
石头: 247
呼符: 13
体力: 43102.13333333333 / 137
友情点: 40 / 1156715`
*連続ログイン6日目
※ログインが途切れるか、7日到達すると
1日目から再開されます*
`聖晶石 X 2
1月交換券(2024) X 1
`*Fate/Samurai Remnant×Fate/Grand Order
コラボレーションイベント
開幕直前特別ログインボーナス*
*開催期間中、1日1回 最大7回ログインボーナスをプレゼント！*
`聖晶石 X 1
`_2024-01-14 19:39:46_
--------
*7686ae2a105ec6cc5551581fc7487546*
`登陆天数: 6天 / 1510天
等级: 127
石头: 260
呼符: 15
体力: 77543.82 / 137
友情点: 0 / 1169410`
*連続ログイン6日目
※ログインが途切れるか、7日到達すると
1日目から再開されます*
`聖晶石 X 2
1月交換券(2024) X 1
`*Fate/Samurai Remnant×Fate/Grand Order
コラボレーションイベント
開幕直前特別ログインボーナス*
*開催期間中、1日1回 最大7回ログインボーナスをプレゼント！*
`聖晶石 X 1
`_2024-01-14 19:39:54_
--------
*dcf734638b8334ef199302253a06e093*
`登陆天数: 6天 / 1390天
等级: 125
石头: 743
呼符: 13
体力: 43596.67 / 137
友情点: 0 / 1065050`
*連続ログイン6日目
※ログインが途切れるか、7日到達すると
1日目から再開されます*
`聖晶石 X 2
1月交換券(2024) X 1
`*Fate/Samurai Remnant×Fate/Grand Order
コラボレーションイベント
開幕直前特別ログインボーナス*
*開催期間中、1日1回 最大7回ログインボーナスをプレゼント！*
`聖晶石 X 1
`_2024-01-14 19:40:02_
--------
*47f309e11f595c830d1447d77b47d8a0*
`登陆天数: 6天 / 1486天
等级: 126
石头: 910
呼符: 12
体力: 41551.75 / 137
友情点: 60 / 1005820`
*連続ログイン6日目
※ログインが途切れるか、7日到達すると
1日目から再開されます*
`聖晶石 X 2
1月交換券(2024) X 1
`*Fate/Samurai Remnant×Fate/Grand Order
コラボレーションイベント
開幕直前特別ログインボーナス*
*開催期間中、1日1回 最大7回ログインボーナスをプレゼント！*
`聖晶石 X 1
`_2024-01-14 19:40:11_
--------
*a602c44e0f8456741b30f0caf4753a39*
`登陆天数: 6天 / 1419天
等级: 143
石头: 453
呼符: 33
体力: 3820.036666666667 / 141
友情点: 95 / 904940`
*連続ログイン6日目
※ログインが途切れるか、7日到達すると
1日目から再開されます*
`聖晶石 X 2
1月交換券(2024) X 1
`*Fate/Samurai Remnant×Fate/Grand Order
コラボレーションイベント
開幕直前特別ログインボーナス*
*開催期間中、1日1回 最大7回ログインボーナスをプレゼント！*
`聖晶石 X 1
`_2024-01-14 19:40:19_
--------
