【登录信息】
*b5e6a05282bde158c1ffe9d4d9788373*
`登陆天数: 8天 / 1419天
等级: 125
石头: 899
呼符: 15
体力: 75548.82333333333 / 137
友情点: 0 / 1174815`
*連続ログイン1日目
※ログインが途切れるか、7日到達すると
1日目から再開されます*
`フレンドポイント X 2000
1月交換券(2024) X 1
`*Fate/Samurai Remnant×Fate/Grand Order
コラボレーションイベント
開幕直前特別ログインボーナス*
*開催期間中、1日1回 最大7回ログインボーナスをプレゼント！*
`聖晶石 X 1
白銀の果実 X 1
`_2024-01-16 19:38:17_
--------
*eb20c8954ecb148daacdac59c3a0b2e8*
`登陆天数: 8天 / 1402天
等级: 125
石头: 905
呼符: 49
体力: 47278.136666666665 / 137
友情点: 0 / 1176045`
*連続ログイン1日目
※ログインが途切れるか、7日到達すると
1日目から再開されます*
`フレンドポイント X 2000
1月交換券(2024) X 1
`*Fate/Samurai Remnant×Fate/Grand Order
コラボレーションイベント
開幕直前特別ログインボーナス*
*開催期間中、1日1回 最大7回ログインボーナスをプレゼント！*
`聖晶石 X 1
白銀の果実 X 1
`_2024-01-16 19:38:25_
--------
*620476f0f61795fd355f2a9e3fb24e54*
`登陆天数: 8天 / 1469天
等级: 125
石头: 544
呼符: 15
体力: 76254.81 / 137
友情点: 0 / 1171295`
*連続ログイン1日目
※ログインが途切れるか、7日到達すると
1日目から再開されます*
`フレンドポイント X 2000
1月交換券(2024) X 1
`*Fate/Samurai Remnant×Fate/Grand Order
コラボレーションイベント
開幕直前特別ログインボーナス*
*開催期間中、1日1回 最大7回ログインボーナスをプレゼント！*
`聖晶石 X 1
白銀の果実 X 1
`_2024-01-16 19:38:34_
--------
*8a4af26995de6f135fbb0fdafa2e0424*
`登陆天数: 8天 / 1447天
等级: 125
石头: 657
呼符: 37
体力: 75971.07333333333 / 137
友情点: 0 / 1160525`
*連続ログイン1日目
※ログインが途切れるか、7日到達すると
1日目から再開されます*
`フレンドポイント X 2000
1月交換券(2024) X 1
`*Fate/Samurai Remnant×Fate/Grand Order
コラボレーションイベント
開幕直前特別ログインボーナス*
*開催期間中、1日1回 最大7回ログインボーナスをプレゼント！*
`聖晶石 X 1
白銀の果実 X 1
`_2024-01-16 19:38:43_
--------
*69a508b93367b043329d175aca01015e*
`登陆天数: 8天 / 1285天
等级: 125
石头: 927
呼符: 49
体力: 119107.08333333333 / 137
友情点: 0 / 933575`
*連続ログイン1日目
※ログインが途切れるか、7日到達すると
1日目から再開されます*
`フレンドポイント X 2000
1月交換券(2024) X 1
`*Fate/Samurai Remnant×Fate/Grand Order
コラボレーションイベント
開幕直前特別ログインボーナス*
*開催期間中、1日1回 最大7回ログインボーナスをプレゼント！*
`聖晶石 X 1
白銀の果実 X 1
`_2024-01-16 19:38:52_
--------
*05c7889868efad05a84b961c94cc9b2c*
`登陆天数: 8天 / 1500天
等级: 125
石头: 1164
呼符: 36
体力: 88193.10333333333 / 137
友情点: 0 / 1118815`
*連続ログイン1日目
※ログインが途切れるか、7日到達すると
1日目から再開されます*
`フレンドポイント X 2000
1月交換券(2024) X 1
`*Fate/Samurai Remnant×Fate/Grand Order
コラボレーションイベント
開幕直前特別ログインボーナス*
*開催期間中、1日1回 最大7回ログインボーナスをプレゼント！*
`聖晶石 X 1
白銀の果実 X 1
`_2024-01-16 19:39:01_
--------
*41c8ea3cfa831059a6c57fddf5a2e62d*
`登陆天数: 8天 / 1454天
等级: 125
石头: 228
呼符: 9
体力: 67595.34333333334 / 137
友情点: 0 / 727875`
*連続ログイン1日目
※ログインが途切れるか、7日到達すると
1日目から再開されます*
`フレンドポイント X 2000
1月交換券(2024) X 1
`*Fate/Samurai Remnant×Fate/Grand Order
コラボレーションイベント
開幕直前特別ログインボーナス*
*開催期間中、1日1回 最大7回ログインボーナスをプレゼント！*
`聖晶石 X 1
白銀の果実 X 1
`_2024-01-16 19:39:09_
--------
*790b887791ca4de4345ea61d5bd657e4*
`登陆天数: 8天 / 1455天
等级: 125
石头: 319
呼符: 51
体力: 75546.26666666666 / 137
友情点: 0 / 883305`
*連続ログイン1日目
※ログインが途切れるか、7日到達すると
1日目から再開されます*
`フレンドポイント X 2000
1月交換券(2024) X 1
`*Fate/Samurai Remnant×Fate/Grand Order
コラボレーションイベント
開幕直前特別ログインボーナス*
*開催期間中、1日1回 最大7回ログインボーナスをプレゼント！*
`聖晶石 X 1
白銀の果実 X 1
`_2024-01-16 19:39:19_
--------
*82f6295e189793da0ef43b4029c85eca*
`登陆天数: 8天 / 1506天
等级: 126
石头: 253
呼符: 13
体力: 40249.85333333333 / 137
友情点: 80 / 409950`
*連続ログイン1日目
※ログインが途切れるか、7日到達すると
1日目から再開されます*
`フレンドポイント X 2000
1月交換券(2024) X 1
`*Fate/Samurai Remnant×Fate/Grand Order
コラボレーションイベント
開幕直前特別ログインボーナス*
*開催期間中、1日1回 最大7回ログインボーナスをプレゼント！*
`聖晶石 X 1
白銀の果実 X 1
`_2024-01-16 19:39:31_
--------
*47f309e11f595c830d1447d77b47d8a0*
`登陆天数: 8天 / 1470天
等级: 126
石头: 247
呼符: 13
体力: 43678.12666666666 / 137
友情点: 60 / 1156855`
*連続ログイン1日目
※ログインが途切れるか、7日到達すると
1日目から再開されます*
`フレンドポイント X 2000
1月交換券(2024) X 1
`*Fate/Samurai Remnant×Fate/Grand Order
コラボレーションイベント
開幕直前特別ログインボーナス*
*開催期間中、1日1回 最大7回ログインボーナスをプレゼント！*
`聖晶石 X 1
白銀の果実 X 1
`_2024-01-16 19:39:44_
--------
*7686ae2a105ec6cc5551581fc7487546*
`登陆天数: 8天 / 1512天
等级: 127
石头: 260
呼符: 15
体力: 78119.81666666667 / 137
友情点: 0 / 1169410`
*連続ログイン1日目
※ログインが途切れるか、7日到達すると
1日目から再開されます*
`フレンドポイント X 2000
1月交換券(2024) X 1
`*Fate/Samurai Remnant×Fate/Grand Order
コラボレーションイベント
開幕直前特別ログインボーナス*
*開催期間中、1日1回 最大7回ログインボーナスをプレゼント！*
`聖晶石 X 1
白銀の果実 X 1
`_2024-01-16 19:39:53_
--------
*dcf734638b8334ef199302253a06e093*
`登陆天数: 8天 / 1392天
等级: 125
石头: 743
呼符: 13
体力: 44172.66333333333 / 137
友情点: 0 / 1065050`
*連続ログイン1日目
※ログインが途切れるか、7日到達すると
1日目から再開されます*
`フレンドポイント X 2000
1月交換券(2024) X 1
`*Fate/Samurai Remnant×Fate/Grand Order
コラボレーションイベント
開幕直前特別ログインボーナス*
*開催期間中、1日1回 最大7回ログインボーナスをプレゼント！*
`聖晶石 X 1
白銀の果実 X 1
`_2024-01-16 19:40:01_
--------
*47f309e11f595c830d1447d77b47d8a0*
`登陆天数: 8天 / 1488天
等级: 126
石头: 910
呼符: 12
体力: 42127.74333333333 / 137
友情点: 30 / 1006000`
*連続ログイン1日目
※ログインが途切れるか、7日到達すると
1日目から再開されます*
`フレンドポイント X 2000
1月交換券(2024) X 1
`*Fate/Samurai Remnant×Fate/Grand Order
コラボレーションイベント
開幕直前特別ログインボーナス*
*開催期間中、1日1回 最大7回ログインボーナスをプレゼント！*
`聖晶石 X 1
白銀の果実 X 1
`_2024-01-16 19:40:10_
--------
*a602c44e0f8456741b30f0caf4753a39*
`登陆天数: 8天 / 1421天
等级: 143
石头: 453
呼符: 33
体力: 4396.033333333334 / 141
友情点: 40 / 905120`
*連続ログイン1日目
※ログインが途切れるか、7日到達すると
1日目から再開されます*
`フレンドポイント X 2000
1月交換券(2024) X 1
`*Fate/Samurai Remnant×Fate/Grand Order
コラボレーションイベント
開幕直前特別ログインボーナス*
*開催期間中、1日1回 最大7回ログインボーナスをプレゼント！*
`聖晶石 X 1
白銀の果実 X 1
`_2024-01-16 19:40:18_
--------
