【登录信息】
*b5e6a05282bde158c1ffe9d4d9788373*
`登陆天数: 9天 / 1420天
等级: 125
石头: 899
呼符: 15
体力: 75836.82666666666 / 137
友情点: 0 / 1174815`
*連続ログイン2日目
※ログインが途切れるか、7日到達すると
1日目から再開されます*
`聖晶石 X 1
1月交換券(2024) X 1
`*Fate/Samurai Remnant×Fate/Grand Order
コラボレーションイベント
開幕直前特別ログインボーナス*
*開催期間中、1日1回 最大7回ログインボーナスをプレゼント！*
`英霊結晶・星のフォウくん X 5
聖晶石 X 1
`_2024-01-17 19:38:18_
--------
*eb20c8954ecb148daacdac59c3a0b2e8*
`登陆天数: 9天 / 1403天
等级: 125
石头: 905
呼符: 49
体力: 47566.14 / 137
友情点: 0 / 1176045`
*連続ログイン2日目
※ログインが途切れるか、7日到達すると
1日目から再開されます*
`聖晶石 X 1
1月交換券(2024) X 1
`*Fate/Samurai Remnant×Fate/Grand Order
コラボレーションイベント
開幕直前特別ログインボーナス*
*開催期間中、1日1回 最大7回ログインボーナスをプレゼント！*
`英霊結晶・星のフォウくん X 5
聖晶石 X 1
`_2024-01-17 19:38:27_
--------
*620476f0f61795fd355f2a9e3fb24e54*
`登陆天数: 9天 / 1470天
等级: 125
石头: 544
呼符: 15
体力: 76542.81 / 137
友情点: 0 / 1171295`
*連続ログイン2日目
※ログインが途切れるか、7日到達すると
1日目から再開されます*
`聖晶石 X 1
1月交換券(2024) X 1
`*Fate/Samurai Remnant×Fate/Grand Order
コラボレーションイベント
開幕直前特別ログインボーナス*
*開催期間中、1日1回 最大7回ログインボーナスをプレゼント！*
`英霊結晶・星のフォウくん X 5
聖晶石 X 1
`_2024-01-17 19:38:35_
--------
*8a4af26995de6f135fbb0fdafa2e0424*
`登陆天数: 9天 / 1448天
等级: 125
石头: 657
呼符: 37
体力: 76259.07333333333 / 137
友情点: 0 / 1160525`
*連続ログイン2日目
※ログインが途切れるか、7日到達すると
1日目から再開されます*
`聖晶石 X 1
1月交換券(2024) X 1
`*Fate/Samurai Remnant×Fate/Grand Order
コラボレーションイベント
開幕直前特別ログインボーナス*
*開催期間中、1日1回 最大7回ログインボーナスをプレゼント！*
`英霊結晶・星のフォウくん X 5
聖晶石 X 1
`_2024-01-17 19:38:43_
--------
*69a508b93367b043329d175aca01015e*
`登陆天数: 9天 / 1286天
等级: 125
石头: 927
呼符: 49
体力: 119395.08 / 137
友情点: 0 / 933575`
*連続ログイン2日目
※ログインが途切れるか、7日到達すると
1日目から再開されます*
`聖晶石 X 1
1月交換券(2024) X 1
`*Fate/Samurai Remnant×Fate/Grand Order
コラボレーションイベント
開幕直前特別ログインボーナス*
*開催期間中、1日1回 最大7回ログインボーナスをプレゼント！*
`英霊結晶・星のフォウくん X 5
聖晶石 X 1
`_2024-01-17 19:38:52_
--------
*05c7889868efad05a84b961c94cc9b2c*
`登陆天数: 9天 / 1501天
等级: 125
石头: 1164
呼符: 36
体力: 88481.1 / 137
友情点: 0 / 1118815`
*連続ログイン2日目
※ログインが途切れるか、7日到達すると
1日目から再開されます*
`聖晶石 X 1
1月交換券(2024) X 1
`*Fate/Samurai Remnant×Fate/Grand Order
コラボレーションイベント
開幕直前特別ログインボーナス*
*開催期間中、1日1回 最大7回ログインボーナスをプレゼント！*
`英霊結晶・星のフォウくん X 5
聖晶石 X 1
`_2024-01-17 19:39:00_
--------
*41c8ea3cfa831059a6c57fddf5a2e62d*
`登陆天数: 9天 / 1455天
等级: 125
石头: 228
呼符: 9
体力: 67883.34 / 137
友情点: 0 / 727875`
*連続ログイン2日目
※ログインが途切れるか、7日到達すると
1日目から再開されます*
`聖晶石 X 1
1月交換券(2024) X 1
`*Fate/Samurai Remnant×Fate/Grand Order
コラボレーションイベント
開幕直前特別ログインボーナス*
*開催期間中、1日1回 最大7回ログインボーナスをプレゼント！*
`英霊結晶・星のフォウくん X 5
聖晶石 X 1
`_2024-01-17 19:39:09_
--------
*790b887791ca4de4345ea61d5bd657e4*
`登陆天数: 9天 / 1456天
等级: 125
石头: 319
呼符: 51
体力: 75834.26 / 137
友情点: 0 / 883305`
*連続ログイン2日目
※ログインが途切れるか、7日到達すると
1日目から再開されます*
`聖晶石 X 1
1月交換券(2024) X 1
`*Fate/Samurai Remnant×Fate/Grand Order
コラボレーションイベント
開幕直前特別ログインボーナス*
*開催期間中、1日1回 最大7回ログインボーナスをプレゼント！*
`英霊結晶・星のフォウくん X 5
聖晶石 X 1
`_2024-01-17 19:39:17_
--------
*82f6295e189793da0ef43b4029c85eca*
`登陆天数: 9天 / 1507天
等级: 126
石头: 253
呼符: 13
体力: 40537.84333333333 / 137
友情点: 120 / 410070`
*連続ログイン2日目
※ログインが途切れるか、7日到達すると
1日目から再開されます*
`聖晶石 X 1
1月交換券(2024) X 1
`*Fate/Samurai Remnant×Fate/Grand Order
コラボレーションイベント
開幕直前特別ログインボーナス*
*開催期間中、1日1回 最大7回ログインボーナスをプレゼント！*
`英霊結晶・星のフォウくん X 5
聖晶石 X 1
`_2024-01-17 19:39:29_
--------
*47f309e11f595c830d1447d77b47d8a0*
`登陆天数: 9天 / 1471天
等级: 126
石头: 247
呼符: 13
体力: 43966.11666666667 / 137
友情点: 120 / 1157175`
*連続ログイン2日目
※ログインが途切れるか、7日到達すると
1日目から再開されます*
`聖晶石 X 1
1月交換券(2024) X 1
`*Fate/Samurai Remnant×Fate/Grand Order
コラボレーションイベント
開幕直前特別ログインボーナス*
*開催期間中、1日1回 最大7回ログインボーナスをプレゼント！*
`英霊結晶・星のフォウくん X 5
聖晶石 X 1
`_2024-01-17 19:39:41_
--------
*7686ae2a105ec6cc5551581fc7487546*
`登陆天数: 9天 / 1513天
等级: 127
石头: 260
呼符: 15
体力: 78407.80666666667 / 137
友情点: 0 / 1169410`
*連続ログイン2日目
※ログインが途切れるか、7日到達すると
1日目から再開されます*
`聖晶石 X 1
1月交換券(2024) X 1
`*Fate/Samurai Remnant×Fate/Grand Order
コラボレーションイベント
開幕直前特別ログインボーナス*
*開催期間中、1日1回 最大7回ログインボーナスをプレゼント！*
`英霊結晶・星のフォウくん X 5
聖晶石 X 1
`_2024-01-17 19:39:50_
--------
*dcf734638b8334ef199302253a06e093*
`登陆天数: 9天 / 1393天
等级: 125
石头: 743
呼符: 13
体力: 44460.653333333335 / 137
友情点: 0 / 1065050`
*連続ログイン2日目
※ログインが途切れるか、7日到達すると
1日目から再開されます*
`聖晶石 X 1
1月交換券(2024) X 1
`*Fate/Samurai Remnant×Fate/Grand Order
コラボレーションイベント
開幕直前特別ログインボーナス*
*開催期間中、1日1回 最大7回ログインボーナスをプレゼント！*
`英霊結晶・星のフォウくん X 5
聖晶石 X 1
`_2024-01-17 19:39:58_
--------
*47f309e11f595c830d1447d77b47d8a0*
`登陆天数: 9天 / 1489天
等级: 126
石头: 910
呼符: 12
体力: 42415.73333333333 / 137
友情点: 150 / 1006150`
*連続ログイン2日目
※ログインが途切れるか、7日到達すると
1日目から再開されます*
`聖晶石 X 1
1月交換券(2024) X 1
`*Fate/Samurai Remnant×Fate/Grand Order
コラボレーションイベント
開幕直前特別ログインボーナス*
*開催期間中、1日1回 最大7回ログインボーナスをプレゼント！*
`英霊結晶・星のフォウくん X 5
聖晶石 X 1
`_2024-01-17 19:40:06_
--------
*a602c44e0f8456741b30f0caf4753a39*
`登陆天数: 9天 / 1422天
等级: 143
石头: 453
呼符: 33
体力: 4684.0233333333335 / 141
友情点: 140 / 905260`
*連続ログイン2日目
※ログインが途切れるか、7日到達すると
1日目から再開されます*
`聖晶石 X 1
1月交換券(2024) X 1
`*Fate/Samurai Remnant×Fate/Grand Order
コラボレーションイベント
開幕直前特別ログインボーナス*
*開催期間中、1日1回 最大7回ログインボーナスをプレゼント！*
`英霊結晶・星のフォウくん X 5
聖晶石 X 1
`_2024-01-17 19:40:15_
--------
