【登录信息】
*b5e6a05282bde158c1ffe9d4d9788373*
`登陆天数: 11天 / 1422天
等级: 125
石头: 899
呼符: 15
体力: 76412.85333333333 / 137
友情点: 0 / 1174815`
*連続ログイン4日目
※ログインが途切れるか、7日到達すると
1日目から再開されます*
`聖晶石 X 1
1月交換券(2024) X 1
`*Fate/Samurai Remnant×Fate/Grand Order
コラボレーションイベント
開幕直前特別ログインボーナス*
*開催期間中、1日1回 最大7回ログインボーナスをプレゼント！*
`聖晶石 X 1
マナプリズム X 50
`_2024-01-19 19:38:25_
--------
*eb20c8954ecb148daacdac59c3a0b2e8*
`登陆天数: 11天 / 1405天
等级: 125
石头: 905
呼符: 49
体力: 48142.166666666664 / 137
友情点: 0 / 1176045`
*連続ログイン4日目
※ログインが途切れるか、7日到達すると
1日目から再開されます*
`聖晶石 X 1
1月交換券(2024) X 1
`*Fate/Samurai Remnant×Fate/Grand Order
コラボレーションイベント
開幕直前特別ログインボーナス*
*開催期間中、1日1回 最大7回ログインボーナスをプレゼント！*
`聖晶石 X 1
マナプリズム X 50
`_2024-01-19 19:38:34_
--------
*620476f0f61795fd355f2a9e3fb24e54*
`登陆天数: 11天 / 1472天
等级: 125
石头: 544
呼符: 15
体力: 77118.84 / 137
友情点: 0 / 1171295`
*連続ログイン4日目
※ログインが途切れるか、7日到達すると
1日目から再開されます*
`聖晶石 X 1
1月交換券(2024) X 1
`*Fate/Samurai Remnant×Fate/Grand Order
コラボレーションイベント
開幕直前特別ログインボーナス*
*開催期間中、1日1回 最大7回ログインボーナスをプレゼント！*
`聖晶石 X 1
マナプリズム X 50
`_2024-01-19 19:38:43_
--------
*8a4af26995de6f135fbb0fdafa2e0424*
`登陆天数: 11天 / 1450天
等级: 125
石头: 657
呼符: 37
体力: 76835.1 / 137
友情点: 0 / 1160525`
*連続ログイン4日目
※ログインが途切れるか、7日到達すると
1日目から再開されます*
`聖晶石 X 1
1月交換券(2024) X 1
`*Fate/Samurai Remnant×Fate/Grand Order
コラボレーションイベント
開幕直前特別ログインボーナス*
*開催期間中、1日1回 最大7回ログインボーナスをプレゼント！*
`聖晶石 X 1
マナプリズム X 50
`_2024-01-19 19:38:52_
--------
*69a508b93367b043329d175aca01015e*
`登陆天数: 11天 / 1288天
等级: 125
石头: 927
呼符: 49
体力: 119971.11 / 137
友情点: 0 / 933575`
*連続ログイン4日目
※ログインが途切れるか、7日到達すると
1日目から再開されます*
`聖晶石 X 1
1月交換券(2024) X 1
`*Fate/Samurai Remnant×Fate/Grand Order
コラボレーションイベント
開幕直前特別ログインボーナス*
*開催期間中、1日1回 最大7回ログインボーナスをプレゼント！*
`聖晶石 X 1
マナプリズム X 50
`_2024-01-19 19:39:01_
--------
*05c7889868efad05a84b961c94cc9b2c*
`登陆天数: 11天 / 1503天
等级: 125
石头: 1164
呼符: 36
体力: 89057.13 / 137
友情点: 0 / 1118815`
*連続ログイン4日目
※ログインが途切れるか、7日到達すると
1日目から再開されます*
`聖晶石 X 1
1月交換券(2024) X 1
`*Fate/Samurai Remnant×Fate/Grand Order
コラボレーションイベント
開幕直前特別ログインボーナス*
*開催期間中、1日1回 最大7回ログインボーナスをプレゼント！*
`聖晶石 X 1
マナプリズム X 50
`_2024-01-19 19:39:09_
--------
*41c8ea3cfa831059a6c57fddf5a2e62d*
`登陆天数: 11天 / 1457天
等级: 125
石头: 228
呼符: 9
体力: 68459.37 / 137
友情点: 0 / 727875`
*連続ログイン4日目
※ログインが途切れるか、7日到達すると
1日目から再開されます*
`聖晶石 X 1
1月交換券(2024) X 1
`*Fate/Samurai Remnant×Fate/Grand Order
コラボレーションイベント
開幕直前特別ログインボーナス*
*開催期間中、1日1回 最大7回ログインボーナスをプレゼント！*
`聖晶石 X 1
マナプリズム X 50
`_2024-01-19 19:39:17_
--------
*790b887791ca4de4345ea61d5bd657e4*
`登陆天数: 11天 / 1458天
等级: 125
石头: 319
呼符: 51
体力: 76410.29333333333 / 137
友情点: 0 / 883305`
*連続ログイン4日目
※ログインが途切れるか、7日到達すると
1日目から再開されます*
`聖晶石 X 1
1月交換券(2024) X 1
`*Fate/Samurai Remnant×Fate/Grand Order
コラボレーションイベント
開幕直前特別ログインボーナス*
*開催期間中、1日1回 最大7回ログインボーナスをプレゼント！*
`聖晶石 X 1
マナプリズム X 50
`_2024-01-19 19:39:26_
--------
*82f6295e189793da0ef43b4029c85eca*
`登陆天数: 11天 / 1509天
等级: 126
石头: 253
呼符: 13
体力: 41113.87666666666 / 137
友情点: 90 / 410200`
*連続ログイン4日目
※ログインが途切れるか、7日到達すると
1日目から再開されます*
`聖晶石 X 1
1月交換券(2024) X 1
`*Fate/Samurai Remnant×Fate/Grand Order
コラボレーションイベント
開幕直前特別ログインボーナス*
*開催期間中、1日1回 最大7回ログインボーナスをプレゼント！*
`聖晶石 X 1
マナプリズム X 50
`_2024-01-19 19:39:39_
--------
*47f309e11f595c830d1447d77b47d8a0*
`登陆天数: 11天 / 1473天
等级: 126
石头: 247
呼符: 13
体力: 44542.15 / 137
友情点: 120 / 1157345`
*連続ログイン4日目
※ログインが途切れるか、7日到達すると
1日目から再開されます*
`聖晶石 X 1
1月交換券(2024) X 1
`*Fate/Samurai Remnant×Fate/Grand Order
コラボレーションイベント
開幕直前特別ログインボーナス*
*開催期間中、1日1回 最大7回ログインボーナスをプレゼント！*
`聖晶石 X 1
マナプリズム X 50
`_2024-01-19 19:39:51_
--------
*7686ae2a105ec6cc5551581fc7487546*
`登陆天数: 11天 / 1515天
等级: 127
石头: 260
呼符: 15
体力: 78983.83666666667 / 137
友情点: 0 / 1169410`
*連続ログイン4日目
※ログインが途切れるか、7日到達すると
1日目から再開されます*
`聖晶石 X 1
1月交換券(2024) X 1
`*Fate/Samurai Remnant×Fate/Grand Order
コラボレーションイベント
開幕直前特別ログインボーナス*
*開催期間中、1日1回 最大7回ログインボーナスをプレゼント！*
`聖晶石 X 1
マナプリズム X 50
`_2024-01-19 19:39:59_
--------
*dcf734638b8334ef199302253a06e093*
`登陆天数: 11天 / 1395天
等级: 125
石头: 743
呼符: 13
体力: 45036.68666666667 / 137
友情点: 0 / 1065050`
*連続ログイン4日目
※ログインが途切れるか、7日到達すると
1日目から再開されます*
`聖晶石 X 1
1月交換券(2024) X 1
`*Fate/Samurai Remnant×Fate/Grand Order
コラボレーションイベント
開幕直前特別ログインボーナス*
*開催期間中、1日1回 最大7回ログインボーナスをプレゼント！*
`聖晶石 X 1
マナプリズム X 50
`_2024-01-19 19:40:07_
--------
*47f309e11f595c830d1447d77b47d8a0*
`登陆天数: 11天 / 1491天
等级: 126
石头: 910
呼符: 12
体力: 42991.76666666667 / 137
友情点: 110 / 1006330`
*連続ログイン4日目
※ログインが途切れるか、7日到達すると
1日目から再開されます*
`聖晶石 X 1
1月交換券(2024) X 1
`*Fate/Samurai Remnant×Fate/Grand Order
コラボレーションイベント
開幕直前特別ログインボーナス*
*開催期間中、1日1回 最大7回ログインボーナスをプレゼント！*
`聖晶石 X 1
マナプリズム X 50
`_2024-01-19 19:40:16_
--------
*a602c44e0f8456741b30f0caf4753a39*
`登陆天数: 11天 / 1424天
等级: 143
石头: 453
呼符: 33
体力: 5260.053333333333 / 141
友情点: 210 / 905560`
*連続ログイン4日目
※ログインが途切れるか、7日到達すると
1日目から再開されます*
`聖晶石 X 1
1月交換券(2024) X 1
`*Fate/Samurai Remnant×Fate/Grand Order
コラボレーションイベント
開幕直前特別ログインボーナス*
*開催期間中、1日1回 最大7回ログインボーナスをプレゼント！*
`聖晶石 X 1
マナプリズム X 50
`_2024-01-19 19:40:24_
--------
