【登录信息】
*b5e6a05282bde158c1ffe9d4d9788373*
`登陆天数: 12天 / 1423天
等级: 125
石头: 899
呼符: 15
体力: 76700.82333333333 / 137
友情点: 0 / 1174815`
*連続ログイン5日目
※ログインが途切れるか、7日到達すると
1日目から再開されます*
`叡智の業火 X 2
1月交換券(2024) X 1
`*盈月剣風帖開幕記念 ログインボーナス*
*開催期間中、1日1回 最大21回ログインボーナスをプレゼント！*
`白銀の果実 X 1
`_2024-01-20 19:38:17_
--------
*eb20c8954ecb148daacdac59c3a0b2e8*
`登陆天数: 12天 / 1406天
等级: 125
石头: 905
呼符: 49
体力: 48430.136666666665 / 137
友情点: 0 / 1176045`
*連続ログイン5日目
※ログインが途切れるか、7日到達すると
1日目から再開されます*
`叡智の業火 X 2
1月交換券(2024) X 1
`*盈月剣風帖開幕記念 ログインボーナス*
*開催期間中、1日1回 最大21回ログインボーナスをプレゼント！*
`白銀の果実 X 1
`_2024-01-20 19:38:26_
--------
*620476f0f61795fd355f2a9e3fb24e54*
`登陆天数: 12天 / 1473天
等级: 125
石头: 544
呼符: 15
体力: 77406.81 / 137
友情点: 0 / 1171295`
*連続ログイン5日目
※ログインが途切れるか、7日到達すると
1日目から再開されます*
`叡智の業火 X 2
1月交換券(2024) X 1
`*盈月剣風帖開幕記念 ログインボーナス*
*開催期間中、1日1回 最大21回ログインボーナスをプレゼント！*
`白銀の果実 X 1
`_2024-01-20 19:38:35_
--------
*8a4af26995de6f135fbb0fdafa2e0424*
`登陆天数: 12天 / 1451天
等级: 125
石头: 657
呼符: 37
体力: 77123.07666666666 / 137
友情点: 0 / 1160525`
*連続ログイン5日目
※ログインが途切れるか、7日到達すると
1日目から再開されます*
`叡智の業火 X 2
1月交換券(2024) X 1
`*盈月剣風帖開幕記念 ログインボーナス*
*開催期間中、1日1回 最大21回ログインボーナスをプレゼント！*
`白銀の果実 X 1
`_2024-01-20 19:38:44_
--------
*69a508b93367b043329d175aca01015e*
`登陆天数: 12天 / 1289天
等级: 125
石头: 927
呼符: 49
体力: 120259.08333333333 / 137
友情点: 0 / 933575`
*連続ログイン5日目
※ログインが途切れるか、7日到達すると
1日目から再開されます*
`叡智の業火 X 2
1月交換券(2024) X 1
`*盈月剣風帖開幕記念 ログインボーナス*
*開催期間中、1日1回 最大21回ログインボーナスをプレゼント！*
`白銀の果実 X 1
`_2024-01-20 19:38:53_
--------
*05c7889868efad05a84b961c94cc9b2c*
`登陆天数: 12天 / 1504天
等级: 125
石头: 1164
呼符: 36
体力: 89345.10666666667 / 137
友情点: 0 / 1118815`
*連続ログイン5日目
※ログインが途切れるか、7日到達すると
1日目から再開されます*
`叡智の業火 X 2
1月交換券(2024) X 1
`*盈月剣風帖開幕記念 ログインボーナス*
*開催期間中、1日1回 最大21回ログインボーナスをプレゼント！*
`白銀の果実 X 1
`_2024-01-20 19:39:02_
--------
*41c8ea3cfa831059a6c57fddf5a2e62d*
`登陆天数: 12天 / 1458天
等级: 125
石头: 228
呼符: 9
体力: 68747.34666666666 / 137
友情点: 0 / 727875`
*連続ログイン5日目
※ログインが途切れるか、7日到達すると
1日目から再開されます*
`叡智の業火 X 2
1月交換券(2024) X 1
`*盈月剣風帖開幕記念 ログインボーナス*
*開催期間中、1日1回 最大21回ログインボーナスをプレゼント！*
`白銀の果実 X 1
`_2024-01-20 19:39:10_
--------
*790b887791ca4de4345ea61d5bd657e4*
`登陆天数: 12天 / 1459天
等级: 125
石头: 319
呼符: 51
体力: 76698.27 / 137
友情点: 0 / 883305`
*連続ログイン5日目
※ログインが途切れるか、7日到達すると
1日目から再開されます*
`叡智の業火 X 2
1月交換券(2024) X 1
`*盈月剣風帖開幕記念 ログインボーナス*
*開催期間中、1日1回 最大21回ログインボーナスをプレゼント！*
`白銀の果実 X 1
`_2024-01-20 19:39:20_
--------
*82f6295e189793da0ef43b4029c85eca*
`登陆天数: 12天 / 1510天
等级: 126
石头: 253
呼符: 13
体力: 41401.85666666667 / 137
友情点: 100 / 410300`
*連続ログイン5日目
※ログインが途切れるか、7日到達すると
1日目から再開されます*
`叡智の業火 X 2
1月交換券(2024) X 1
`*盈月剣風帖開幕記念 ログインボーナス*
*開催期間中、1日1回 最大21回ログインボーナスをプレゼント！*
`白銀の果実 X 1
`_2024-01-20 19:39:32_
--------
*47f309e11f595c830d1447d77b47d8a0*
`登陆天数: 12天 / 1474天
等级: 126
石头: 247
呼符: 13
体力: 44830.13 / 137
友情点: 150 / 1157495`
*連続ログイン5日目
※ログインが途切れるか、7日到達すると
1日目から再開されます*
`叡智の業火 X 2
1月交換券(2024) X 1
`*盈月剣風帖開幕記念 ログインボーナス*
*開催期間中、1日1回 最大21回ログインボーナスをプレゼント！*
`白銀の果実 X 1
`_2024-01-20 19:39:45_
--------
*7686ae2a105ec6cc5551581fc7487546*
`登陆天数: 12天 / 1516天
等级: 127
石头: 260
呼符: 15
体力: 79271.82 / 137
友情点: 0 / 1169410`
*連続ログイン5日目
※ログインが途切れるか、7日到達すると
1日目から再開されます*
`叡智の業火 X 2
1月交換券(2024) X 1
`*盈月剣風帖開幕記念 ログインボーナス*
*開催期間中、1日1回 最大21回ログインボーナスをプレゼント！*
`白銀の果実 X 1
`_2024-01-20 19:39:53_
--------
*dcf734638b8334ef199302253a06e093*
`登陆天数: 12天 / 1396天
等级: 125
石头: 743
呼符: 13
体力: 45324.67 / 137
友情点: 0 / 1065050`
*連続ログイン5日目
※ログインが途切れるか、7日到達すると
1日目から再開されます*
`叡智の業火 X 2
1月交換券(2024) X 1
`*盈月剣風帖開幕記念 ログインボーナス*
*開催期間中、1日1回 最大21回ログインボーナスをプレゼント！*
`白銀の果実 X 1
`_2024-01-20 19:40:02_
--------
*47f309e11f595c830d1447d77b47d8a0*
`登陆天数: 12天 / 1492天
等级: 126
石头: 910
呼符: 12
体力: 43279.753333333334 / 137
友情点: 130 / 1006460`
*連続ログイン5日目
※ログインが途切れるか、7日到達すると
1日目から再開されます*
`叡智の業火 X 2
1月交換券(2024) X 1
`*盈月剣風帖開幕記念 ログインボーナス*
*開催期間中、1日1回 最大21回ログインボーナスをプレゼント！*
`白銀の果実 X 1
`_2024-01-20 19:40:12_
--------
*a602c44e0f8456741b30f0caf4753a39*
`登陆天数: 12天 / 1425天
等级: 143
石头: 504
呼符: 33
体力: 329.4566666666667 / 141
友情点: 40 / 911810`
*連続ログイン5日目
※ログインが途切れるか、7日到達すると
1日目から再開されます*
`叡智の業火 X 2
1月交換券(2024) X 1
`*盈月剣風帖開幕記念 ログインボーナス*
*開催期間中、1日1回 最大21回ログインボーナスをプレゼント！*
`白銀の果実 X 1
`_2024-01-20 19:40:20_
--------
