【登录信息】
*b5e6a05282bde158c1ffe9d4d9788373*
`登陆天数: 13天 / 1424天
等级: 125
石头: 899
呼符: 15
体力: 76988.81333333334 / 137
友情点: 0 / 1174815`
*連続ログイン6日目
※ログインが途切れるか、7日到達すると
1日目から再開されます*
`聖晶石 X 2
1月交換券(2024) X 1
`*盈月剣風帖開幕記念 ログインボーナス*
*開催期間中、1日1回 最大21回ログインボーナスをプレゼント！*
`白銀の果実 X 1
`_2024-01-21 19:38:13_
--------
*eb20c8954ecb148daacdac59c3a0b2e8*
`登陆天数: 13天 / 1407天
等级: 125
石头: 905
呼符: 49
体力: 48718.12333333334 / 137
友情点: 0 / 1176045`
*連続ログイン6日目
※ログインが途切れるか、7日到達すると
1日目から再開されます*
`聖晶石 X 2
1月交換券(2024) X 1
`*盈月剣風帖開幕記念 ログインボーナス*
*開催期間中、1日1回 最大21回ログインボーナスをプレゼント！*
`白銀の果実 X 1
`_2024-01-21 19:38:22_
--------
*620476f0f61795fd355f2a9e3fb24e54*
`登陆天数: 13天 / 1474天
等级: 125
石头: 544
呼符: 15
体力: 77694.79666666666 / 137
友情点: 0 / 1171295`
*連続ログイン6日目
※ログインが途切れるか、7日到達すると
1日目から再開されます*
`聖晶石 X 2
1月交換券(2024) X 1
`*盈月剣風帖開幕記念 ログインボーナス*
*開催期間中、1日1回 最大21回ログインボーナスをプレゼント！*
`白銀の果実 X 1
`_2024-01-21 19:38:30_
--------
*8a4af26995de6f135fbb0fdafa2e0424*
`登陆天数: 13天 / 1452天
等级: 125
石头: 657
呼符: 37
体力: 77411.06 / 137
友情点: 0 / 1160525`
*連続ログイン6日目
※ログインが途切れるか、7日到達すると
1日目から再開されます*
`聖晶石 X 2
1月交換券(2024) X 1
`*盈月剣風帖開幕記念 ログインボーナス*
*開催期間中、1日1回 最大21回ログインボーナスをプレゼント！*
`白銀の果実 X 1
`_2024-01-21 19:38:39_
--------
*69a508b93367b043329d175aca01015e*
`登陆天数: 13天 / 1290天
等级: 125
石头: 927
呼符: 49
体力: 120547.06666666667 / 137
友情点: 0 / 933575`
*連続ログイン6日目
※ログインが途切れるか、7日到達すると
1日目から再開されます*
`聖晶石 X 2
1月交換券(2024) X 1
`*盈月剣風帖開幕記念 ログインボーナス*
*開催期間中、1日1回 最大21回ログインボーナスをプレゼント！*
`白銀の果実 X 1
`_2024-01-21 19:38:48_
--------
*05c7889868efad05a84b961c94cc9b2c*
`登陆天数: 13天 / 1505天
等级: 125
石头: 1164
呼符: 36
体力: 89633.08666666667 / 137
友情点: 0 / 1118815`
*連続ログイン6日目
※ログインが途切れるか、7日到達すると
1日目から再開されます*
`聖晶石 X 2
1月交換券(2024) X 1
`*盈月剣風帖開幕記念 ログインボーナス*
*開催期間中、1日1回 最大21回ログインボーナスをプレゼント！*
`白銀の果実 X 1
`_2024-01-21 19:38:57_
--------
*41c8ea3cfa831059a6c57fddf5a2e62d*
`登陆天数: 13天 / 1459天
等级: 125
石头: 228
呼符: 9
体力: 69035.32666666666 / 137
友情点: 0 / 727875`
*連続ログイン6日目
※ログインが途切れるか、7日到達すると
1日目から再開されます*
`聖晶石 X 2
1月交換券(2024) X 1
`*盈月剣風帖開幕記念 ログインボーナス*
*開催期間中、1日1回 最大21回ログインボーナスをプレゼント！*
`白銀の果実 X 1
`_2024-01-21 19:39:05_
--------
*790b887791ca4de4345ea61d5bd657e4*
`登陆天数: 13天 / 1460天
等级: 125
石头: 319
呼符: 51
体力: 76986.25 / 137
友情点: 0 / 883305`
*連続ログイン6日目
※ログインが途切れるか、7日到達すると
1日目から再開されます*
`聖晶石 X 2
1月交換券(2024) X 1
`*盈月剣風帖開幕記念 ログインボーナス*
*開催期間中、1日1回 最大21回ログインボーナスをプレゼント！*
`白銀の果実 X 1
`_2024-01-21 19:39:14_
--------
*82f6295e189793da0ef43b4029c85eca*
`登陆天数: 13天 / 1511天
等级: 126
石头: 253
呼符: 13
体力: 41689.833333333336 / 137
友情点: 40 / 410340`
*連続ログイン6日目
※ログインが途切れるか、7日到達すると
1日目から再開されます*
`聖晶石 X 2
1月交換券(2024) X 1
`*盈月剣風帖開幕記念 ログインボーナス*
*開催期間中、1日1回 最大21回ログインボーナスをプレゼント！*
`白銀の果実 X 1
`_2024-01-21 19:39:26_
--------
*47f309e11f595c830d1447d77b47d8a0*
`登陆天数: 13天 / 1475天
等级: 126
石头: 247
呼符: 13
体力: 45118.10666666667 / 137
友情点: 140 / 1157635`
*連続ログイン6日目
※ログインが途切れるか、7日到達すると
1日目から再開されます*
`聖晶石 X 2
1月交換券(2024) X 1
`*盈月剣風帖開幕記念 ログインボーナス*
*開催期間中、1日1回 最大21回ログインボーナスをプレゼント！*
`白銀の果実 X 1
`_2024-01-21 19:39:38_
--------
*7686ae2a105ec6cc5551581fc7487546*
`登陆天数: 13天 / 1517天
等级: 127
石头: 260
呼符: 15
体力: 79559.79333333333 / 137
友情点: 0 / 1169410`
*連続ログイン6日目
※ログインが途切れるか、7日到達すると
1日目から再開されます*
`聖晶石 X 2
1月交換券(2024) X 1
`*盈月剣風帖開幕記念 ログインボーナス*
*開催期間中、1日1回 最大21回ログインボーナスをプレゼント！*
`白銀の果実 X 1
`_2024-01-21 19:39:46_
--------
*dcf734638b8334ef199302253a06e093*
`登陆天数: 13天 / 1397天
等级: 125
石头: 743
呼符: 13
体力: 45612.64666666667 / 137
友情点: 0 / 1065050`
*連続ログイン6日目
※ログインが途切れるか、7日到達すると
1日目から再開されます*
`聖晶石 X 2
1月交換券(2024) X 1
`*盈月剣風帖開幕記念 ログインボーナス*
*開催期間中、1日1回 最大21回ログインボーナスをプレゼント！*
`白銀の果実 X 1
`_2024-01-21 19:39:55_
--------
*47f309e11f595c830d1447d77b47d8a0*
`登陆天数: 13天 / 1493天
等级: 126
石头: 910
呼符: 12
体力: 43567.72666666667 / 137
友情点: 90 / 1006550`
*連続ログイン6日目
※ログインが途切れるか、7日到達すると
1日目から再開されます*
`聖晶石 X 2
1月交換券(2024) X 1
`*盈月剣風帖開幕記念 ログインボーナス*
*開催期間中、1日1回 最大21回ログインボーナスをプレゼント！*
`白銀の果実 X 1
`_2024-01-21 19:40:04_
--------
*a602c44e0f8456741b30f0caf4753a39*
`登陆天数: 13天 / 1426天
等级: 143
石头: 504
呼符: 33
体力: 617.4300000000001 / 141
友情点: 165 / 911975`
*連続ログイン6日目
※ログインが途切れるか、7日到達すると
1日目から再開されます*
`聖晶石 X 2
1月交換券(2024) X 1
`*盈月剣風帖開幕記念 ログインボーナス*
*開催期間中、1日1回 最大21回ログインボーナスをプレゼント！*
`白銀の果実 X 1
`_2024-01-21 19:40:12_
--------
