【登录信息】
*b5e6a05282bde158c1ffe9d4d9788373*
`登陆天数: 14天 / 1425天
等级: 125
石头: 899
呼符: 15
体力: 77276.80333333333 / 137
友情点: 0 / 1174815`
*連続ログイン7日間到達おめでとうございます！
明日は1日目からリスタートされます。*
`獣の足跡 X 1
呼符 X 1
1月交換券(2024) X 1
`*リリース3100日突破キャンペーン 初回ログインボーナス*
*開催期間中、初回ログインで「聖晶石×10」をプレゼント！*
`聖晶石 X 10
`_2024-01-22 19:38:11_
--------
*eb20c8954ecb148daacdac59c3a0b2e8*
`登陆天数: 14天 / 1408天
等级: 125
石头: 905
呼符: 49
体力: 49006.11666666667 / 137
友情点: 0 / 1176045`
*連続ログイン7日間到達おめでとうございます！
明日は1日目からリスタートされます。*
`獣の足跡 X 1
呼符 X 1
1月交換券(2024) X 1
`*リリース3100日突破キャンペーン 初回ログインボーナス*
*開催期間中、初回ログインで「聖晶石×10」をプレゼント！*
`聖晶石 X 10
`_2024-01-22 19:38:19_
--------
*620476f0f61795fd355f2a9e3fb24e54*
`登陆天数: 14天 / 1475天
等级: 125
石头: 544
呼符: 15
体力: 77982.79 / 137
友情点: 0 / 1171295`
*連続ログイン7日間到達おめでとうございます！
明日は1日目からリスタートされます。*
`獣の足跡 X 1
呼符 X 1
1月交換券(2024) X 1
`*リリース3100日突破キャンペーン 初回ログインボーナス*
*開催期間中、初回ログインで「聖晶石×10」をプレゼント！*
`聖晶石 X 10
`_2024-01-22 19:38:28_
--------
*8a4af26995de6f135fbb0fdafa2e0424*
`登陆天数: 14天 / 1453天
等级: 125
石头: 657
呼符: 37
体力: 77699.05333333333 / 137
友情点: 0 / 1160525`
*連続ログイン7日間到達おめでとうございます！
明日は1日目からリスタートされます。*
`獣の足跡 X 1
呼符 X 1
1月交換券(2024) X 1
`*リリース3100日突破キャンペーン 初回ログインボーナス*
*開催期間中、初回ログインで「聖晶石×10」をプレゼント！*
`聖晶石 X 10
`_2024-01-22 19:38:38_
--------
*69a508b93367b043329d175aca01015e*
`登陆天数: 14天 / 1291天
等级: 125
石头: 927
呼符: 49
体力: 120835.06333333334 / 137
友情点: 0 / 933575`
*連続ログイン7日間到達おめでとうございます！
明日は1日目からリスタートされます。*
`獣の足跡 X 1
呼符 X 1
1月交換券(2024) X 1
`*リリース3100日突破キャンペーン 初回ログインボーナス*
*開催期間中、初回ログインで「聖晶石×10」をプレゼント！*
`聖晶石 X 10
`_2024-01-22 19:38:47_
--------
*05c7889868efad05a84b961c94cc9b2c*
`登陆天数: 14天 / 1506天
等级: 125
石头: 1164
呼符: 36
体力: 89921.08333333333 / 137
友情点: 0 / 1118815`
*連続ログイン7日間到達おめでとうございます！
明日は1日目からリスタートされます。*
`獣の足跡 X 1
呼符 X 1
1月交換券(2024) X 1
`*リリース3100日突破キャンペーン 初回ログインボーナス*
*開催期間中、初回ログインで「聖晶石×10」をプレゼント！*
`聖晶石 X 10
`_2024-01-22 19:38:55_
--------
*41c8ea3cfa831059a6c57fddf5a2e62d*
`登陆天数: 14天 / 1460天
等级: 125
石头: 228
呼符: 9
体力: 69323.32333333333 / 137
友情点: 0 / 727875`
*連続ログイン7日間到達おめでとうございます！
明日は1日目からリスタートされます。*
`獣の足跡 X 1
呼符 X 1
1月交換券(2024) X 1
`*リリース3100日突破キャンペーン 初回ログインボーナス*
*開催期間中、初回ログインで「聖晶石×10」をプレゼント！*
`聖晶石 X 10
`_2024-01-22 19:39:04_
--------
*790b887791ca4de4345ea61d5bd657e4*
`登陆天数: 14天 / 1461天
等级: 125
石头: 319
呼符: 51
体力: 77274.24666666667 / 137
友情点: 0 / 883305`
*連続ログイン7日間到達おめでとうございます！
明日は1日目からリスタートされます。*
`獣の足跡 X 1
呼符 X 1
1月交換券(2024) X 1
`*リリース3100日突破キャンペーン 初回ログインボーナス*
*開催期間中、初回ログインで「聖晶石×10」をプレゼント！*
`聖晶石 X 10
`_2024-01-22 19:39:13_
--------
*82f6295e189793da0ef43b4029c85eca*
`登陆天数: 14天 / 1512天
等级: 126
石头: 253
呼符: 13
体力: 41977.83 / 137
友情点: 70 / 410410`
*連続ログイン7日間到達おめでとうございます！
明日は1日目からリスタートされます。*
`獣の足跡 X 1
呼符 X 1
1月交換券(2024) X 1
`*リリース3100日突破キャンペーン 初回ログインボーナス*
*開催期間中、初回ログインで「聖晶石×10」をプレゼント！*
`聖晶石 X 10
`_2024-01-22 19:39:25_
--------
*47f309e11f595c830d1447d77b47d8a0*
`登陆天数: 14天 / 1476天
等级: 126
石头: 247
呼符: 13
体力: 45406.10666666667 / 137
友情点: 170 / 1157805`
*連続ログイン7日間到達おめでとうございます！
明日は1日目からリスタートされます。*
`獣の足跡 X 1
呼符 X 1
1月交換券(2024) X 1
`*リリース3100日突破キャンペーン 初回ログインボーナス*
*開催期間中、初回ログインで「聖晶石×10」をプレゼント！*
`聖晶石 X 10
`_2024-01-22 19:39:38_
--------
*7686ae2a105ec6cc5551581fc7487546*
`登陆天数: 14天 / 1518天
等级: 127
石头: 260
呼符: 15
体力: 79847.79666666666 / 137
友情点: 0 / 1169410`
*連続ログイン7日間到達おめでとうございます！
明日は1日目からリスタートされます。*
`獣の足跡 X 1
呼符 X 1
1月交換券(2024) X 1
`*リリース3100日突破キャンペーン 初回ログインボーナス*
*開催期間中、初回ログインで「聖晶石×10」をプレゼント！*
`聖晶石 X 10
`_2024-01-22 19:39:46_
--------
*dcf734638b8334ef199302253a06e093*
`登陆天数: 14天 / 1398天
等级: 125
石头: 743
呼符: 13
体力: 45900.64666666667 / 137
友情点: 0 / 1065050`
*連続ログイン7日間到達おめでとうございます！
明日は1日目からリスタートされます。*
`獣の足跡 X 1
呼符 X 1
1月交換券(2024) X 1
`*リリース3100日突破キャンペーン 初回ログインボーナス*
*開催期間中、初回ログインで「聖晶石×10」をプレゼント！*
`聖晶石 X 10
`_2024-01-22 19:39:55_
--------
*47f309e11f595c830d1447d77b47d8a0*
`登陆天数: 14天 / 1494天
等级: 126
石头: 910
呼符: 12
体力: 43855.73 / 137
友情点: 90 / 1006650`
*連続ログイン7日間到達おめでとうございます！
明日は1日目からリスタートされます。*
`獣の足跡 X 1
呼符 X 1
1月交換券(2024) X 1
`*リリース3100日突破キャンペーン 初回ログインボーナス*
*開催期間中、初回ログインで「聖晶石×10」をプレゼント！*
`聖晶石 X 10
`_2024-01-22 19:40:05_
--------
*a602c44e0f8456741b30f0caf4753a39*
`登陆天数: 14天 / 1427天
等级: 143
石头: 504
呼符: 33
体力: 905.4333333333333 / 141
友情点: 150 / 912125`
*連続ログイン7日間到達おめでとうございます！
明日は1日目からリスタートされます。*
`獣の足跡 X 1
呼符 X 1
1月交換券(2024) X 1
`*リリース3100日突破キャンペーン 初回ログインボーナス*
*開催期間中、初回ログインで「聖晶石×10」をプレゼント！*
`聖晶石 X 10
`_2024-01-22 19:40:13_
--------
