【登录信息】
*b5e6a05282bde158c1ffe9d4d9788373*
`登陆天数: 15天 / 1426天
等级: 125
石头: 899
呼符: 15
体力: 77564.88333333333 / 137
友情点: 0 / 1174815`
*連続ログイン1日目
※ログインが途切れるか、7日到達すると
1日目から再開されます*
`フレンドポイント X 2000
1月交換券(2024) X 1
`*盈月剣風帖開幕記念 ログインボーナス*
*開催期間中、1日1回 最大21回ログインボーナスをプレゼント！*
`白銀の果実 X 1
`_2024-01-23 19:38:34_
--------
*eb20c8954ecb148daacdac59c3a0b2e8*
`登陆天数: 15天 / 1409天
等级: 125
石头: 905
呼符: 49
体力: 49294.193333333336 / 137
友情点: 0 / 1176045`
*連続ログイン1日目
※ログインが途切れるか、7日到達すると
1日目から再開されます*
`フレンドポイント X 2000
1月交換券(2024) X 1
`*盈月剣風帖開幕記念 ログインボーナス*
*開催期間中、1日1回 最大21回ログインボーナスをプレゼント！*
`白銀の果実 X 1
`_2024-01-23 19:38:43_
--------
*620476f0f61795fd355f2a9e3fb24e54*
`登陆天数: 15天 / 1476天
等级: 125
石头: 544
呼符: 15
体力: 78270.87 / 137
友情点: 0 / 1171295`
*連続ログイン1日目
※ログインが途切れるか、7日到達すると
1日目から再開されます*
`フレンドポイント X 2000
1月交換券(2024) X 1
`*盈月剣風帖開幕記念 ログインボーナス*
*開催期間中、1日1回 最大21回ログインボーナスをプレゼント！*
`白銀の果実 X 1
`_2024-01-23 19:38:52_
--------
*8a4af26995de6f135fbb0fdafa2e0424*
`登陆天数: 15天 / 1454天
等级: 125
石头: 657
呼符: 37
体力: 77987.13 / 137
友情点: 0 / 1160525`
*連続ログイン1日目
※ログインが途切れるか、7日到達すると
1日目から再開されます*
`フレンドポイント X 2000
1月交換券(2024) X 1
`*盈月剣風帖開幕記念 ログインボーナス*
*開催期間中、1日1回 最大21回ログインボーナスをプレゼント！*
`白銀の果実 X 1
`_2024-01-23 19:39:01_
--------
*69a508b93367b043329d175aca01015e*
`登陆天数: 15天 / 1292天
等级: 125
石头: 927
呼符: 49
体力: 121123.14 / 137
友情点: 0 / 933575`
*連続ログイン1日目
※ログインが途切れるか、7日到達すると
1日目から再開されます*
`フレンドポイント X 2000
1月交換券(2024) X 1
`*盈月剣風帖開幕記念 ログインボーナス*
*開催期間中、1日1回 最大21回ログインボーナスをプレゼント！*
`白銀の果実 X 1
`_2024-01-23 19:39:09_
--------
*05c7889868efad05a84b961c94cc9b2c*
`登陆天数: 15天 / 1507天
等级: 125
石头: 1164
呼符: 36
体力: 90209.16 / 137
友情点: 0 / 1118815`
*連続ログイン1日目
※ログインが途切れるか、7日到達すると
1日目から再開されます*
`フレンドポイント X 2000
1月交換券(2024) X 1
`*盈月剣風帖開幕記念 ログインボーナス*
*開催期間中、1日1回 最大21回ログインボーナスをプレゼント！*
`白銀の果実 X 1
`_2024-01-23 19:39:18_
--------
*41c8ea3cfa831059a6c57fddf5a2e62d*
`登陆天数: 15天 / 1461天
等级: 125
石头: 228
呼符: 9
体力: 69611.4 / 137
友情点: 0 / 727875`
*連続ログイン1日目
※ログインが途切れるか、7日到達すると
1日目から再開されます*
`フレンドポイント X 2000
1月交換券(2024) X 1
`*盈月剣風帖開幕記念 ログインボーナス*
*開催期間中、1日1回 最大21回ログインボーナスをプレゼント！*
`白銀の果実 X 1
`_2024-01-23 19:39:26_
--------
*790b887791ca4de4345ea61d5bd657e4*
`登陆天数: 15天 / 1462天
等级: 125
石头: 319
呼符: 51
体力: 77562.32 / 137
友情点: 0 / 883305`
*連続ログイン1日目
※ログインが途切れるか、7日到達すると
1日目から再開されます*
`フレンドポイント X 2000
1月交換券(2024) X 1
`*盈月剣風帖開幕記念 ログインボーナス*
*開催期間中、1日1回 最大21回ログインボーナスをプレゼント！*
`白銀の果実 X 1
`_2024-01-23 19:39:35_
--------
*82f6295e189793da0ef43b4029c85eca*
`登陆天数: 15天 / 1513天
等级: 126
石头: 253
呼符: 13
体力: 42265.903333333335 / 137
友情点: 70 / 410480`
*連続ログイン1日目
※ログインが途切れるか、7日到達すると
1日目から再開されます*
`フレンドポイント X 2000
1月交換券(2024) X 1
`*盈月剣風帖開幕記念 ログインボーナス*
*開催期間中、1日1回 最大21回ログインボーナスをプレゼント！*
`白銀の果実 X 1
`_2024-01-23 19:39:47_
--------
*47f309e11f595c830d1447d77b47d8a0*
`登陆天数: 15天 / 1477天
等级: 126
石头: 247
呼符: 13
体力: 45694.176666666666 / 137
友情点: 100 / 1157905`
*連続ログイン1日目
※ログインが途切れるか、7日到達すると
1日目から再開されます*
`フレンドポイント X 2000
1月交換券(2024) X 1
`*盈月剣風帖開幕記念 ログインボーナス*
*開催期間中、1日1回 最大21回ログインボーナスをプレゼント！*
`白銀の果実 X 1
`_2024-01-23 19:39:59_
--------
*7686ae2a105ec6cc5551581fc7487546*
`登陆天数: 15天 / 1519天
等级: 127
石头: 260
呼符: 15
体力: 80135.86666666667 / 137
友情点: 0 / 1169410`
*連続ログイン1日目
※ログインが途切れるか、7日到達すると
1日目から再開されます*
`フレンドポイント X 2000
1月交換券(2024) X 1
`*盈月剣風帖開幕記念 ログインボーナス*
*開催期間中、1日1回 最大21回ログインボーナスをプレゼント！*
`白銀の果実 X 1
`_2024-01-23 19:40:08_
--------
*dcf734638b8334ef199302253a06e093*
`登陆天数: 15天 / 1399天
等级: 125
石头: 743
呼符: 13
体力: 46188.71666666667 / 137
友情点: 0 / 1065050`
*連続ログイン1日目
※ログインが途切れるか、7日到達すると
1日目から再開されます*
`フレンドポイント X 2000
1月交換券(2024) X 1
`*盈月剣風帖開幕記念 ログインボーナス*
*開催期間中、1日1回 最大21回ログインボーナスをプレゼント！*
`白銀の果実 X 1
`_2024-01-23 19:40:16_
--------
*47f309e11f595c830d1447d77b47d8a0*
`登陆天数: 15天 / 1495天
等级: 126
石头: 910
呼符: 12
体力: 44143.8 / 137
友情点: 50 / 1006700`
*連続ログイン1日目
※ログインが途切れるか、7日到達すると
1日目から再開されます*
`フレンドポイント X 2000
1月交換券(2024) X 1
`*盈月剣風帖開幕記念 ログインボーナス*
*開催期間中、1日1回 最大21回ログインボーナスをプレゼント！*
`白銀の果実 X 1
`_2024-01-23 19:40:26_
--------
*a602c44e0f8456741b30f0caf4753a39*
`登陆天数: 15天 / 1428天
等级: 143
石头: 504
呼符: 33
体力: 1193.5033333333333 / 141
友情点: 120 / 912245`
*連続ログイン1日目
※ログインが途切れるか、7日到達すると
1日目から再開されます*
`フレンドポイント X 2000
1月交換券(2024) X 1
`*盈月剣風帖開幕記念 ログインボーナス*
*開催期間中、1日1回 最大21回ログインボーナスをプレゼント！*
`白銀の果実 X 1
`_2024-01-23 19:40:34_
--------
