【登录信息】
*b5e6a05282bde158c1ffe9d4d9788373*
`登陆天数: 16天 / 1427天
等级: 125
石头: 899
呼符: 15
体力: 77852.90666666666 / 137
友情点: 0 / 1174815`
*連続ログイン2日目
※ログインが途切れるか、7日到達すると
1日目から再開されます*
`聖晶石 X 1
1月交換券(2024) X 1
`*盈月剣風帖開幕記念 ログインボーナス*
*開催期間中、1日1回 最大21回ログインボーナスをプレゼント！*
`黄金の果実 X 1
`_2024-01-24 19:38:41_
--------
*eb20c8954ecb148daacdac59c3a0b2e8*
`登陆天数: 16天 / 1410天
等级: 125
石头: 905
呼符: 49
体力: 49582.22 / 137
友情点: 0 / 1176045`
*連続ログイン2日目
※ログインが途切れるか、7日到達すると
1日目から再開されます*
`聖晶石 X 1
1月交換券(2024) X 1
`*盈月剣風帖開幕記念 ログインボーナス*
*開催期間中、1日1回 最大21回ログインボーナスをプレゼント！*
`黄金の果実 X 1
`_2024-01-24 19:38:51_
--------
*620476f0f61795fd355f2a9e3fb24e54*
`登陆天数: 16天 / 1477天
等级: 125
石头: 544
呼符: 15
体力: 78558.89333333333 / 137
友情点: 0 / 1171295`
*連続ログイン2日目
※ログインが途切れるか、7日到達すると
1日目から再開されます*
`聖晶石 X 1
1月交換券(2024) X 1
`*盈月剣風帖開幕記念 ログインボーナス*
*開催期間中、1日1回 最大21回ログインボーナスをプレゼント！*
`黄金の果実 X 1
`_2024-01-24 19:38:59_
--------
*8a4af26995de6f135fbb0fdafa2e0424*
`登陆天数: 16天 / 1455天
等级: 125
石头: 657
呼符: 37
体力: 78275.15666666666 / 137
友情点: 0 / 1160525`
*連続ログイン2日目
※ログインが途切れるか、7日到達すると
1日目から再開されます*
`聖晶石 X 1
1月交換券(2024) X 1
`*盈月剣風帖開幕記念 ログインボーナス*
*開催期間中、1日1回 最大21回ログインボーナスをプレゼント！*
`黄金の果実 X 1
`_2024-01-24 19:39:09_
--------
*69a508b93367b043329d175aca01015e*
`登陆天数: 16天 / 1293天
等级: 125
石头: 927
呼符: 49
体力: 121411.16666666667 / 137
友情点: 0 / 933575`
*連続ログイン2日目
※ログインが途切れるか、7日到達すると
1日目から再開されます*
`聖晶石 X 1
1月交換券(2024) X 1
`*盈月剣風帖開幕記念 ログインボーナス*
*開催期間中、1日1回 最大21回ログインボーナスをプレゼント！*
`黄金の果実 X 1
`_2024-01-24 19:39:18_
--------
*05c7889868efad05a84b961c94cc9b2c*
`登陆天数: 16天 / 1508天
等级: 125
石头: 1164
呼符: 36
体力: 90497.19 / 137
友情点: 0 / 1118815`
*連続ログイン2日目
※ログインが途切れるか、7日到達すると
1日目から再開されます*
`聖晶石 X 1
1月交換券(2024) X 1
`*盈月剣風帖開幕記念 ログインボーナス*
*開催期間中、1日1回 最大21回ログインボーナスをプレゼント！*
`黄金の果実 X 1
`_2024-01-24 19:39:27_
--------
*41c8ea3cfa831059a6c57fddf5a2e62d*
`登陆天数: 16天 / 1462天
等级: 125
石头: 228
呼符: 9
体力: 69899.43 / 137
友情点: 0 / 727875`
*連続ログイン2日目
※ログインが途切れるか、7日到達すると
1日目から再開されます*
`聖晶石 X 1
1月交換券(2024) X 1
`*盈月剣風帖開幕記念 ログインボーナス*
*開催期間中、1日1回 最大21回ログインボーナスをプレゼント！*
`黄金の果実 X 1
`_2024-01-24 19:39:35_
--------
*790b887791ca4de4345ea61d5bd657e4*
`登陆天数: 16天 / 1463天
等级: 125
石头: 319
呼符: 51
体力: 77850.35333333333 / 137
友情点: 0 / 883305`
*連続ログイン2日目
※ログインが途切れるか、7日到達すると
1日目から再開されます*
`聖晶石 X 1
1月交換券(2024) X 1
`*盈月剣風帖開幕記念 ログインボーナス*
*開催期間中、1日1回 最大21回ログインボーナスをプレゼント！*
`黄金の果実 X 1
`_2024-01-24 19:39:45_
--------
*82f6295e189793da0ef43b4029c85eca*
`登陆天数: 16天 / 1514天
等级: 126
石头: 253
呼符: 13
体力: 42553.93666666667 / 137
友情点: 60 / 410540`
*連続ログイン2日目
※ログインが途切れるか、7日到達すると
1日目から再開されます*
`聖晶石 X 1
1月交換券(2024) X 1
`*盈月剣風帖開幕記念 ログインボーナス*
*開催期間中、1日1回 最大21回ログインボーナスをプレゼント！*
`黄金の果実 X 1
`_2024-01-24 19:39:57_
--------
*47f309e11f595c830d1447d77b47d8a0*
`登陆天数: 16天 / 1478天
等级: 126
石头: 247
呼符: 13
体力: 45982.21333333333 / 137
友情点: 70 / 1157975`
*連続ログイン2日目
※ログインが途切れるか、7日到達すると
1日目から再開されます*
`聖晶石 X 1
1月交換券(2024) X 1
`*盈月剣風帖開幕記念 ログインボーナス*
*開催期間中、1日1回 最大21回ログインボーナスをプレゼント！*
`黄金の果実 X 1
`_2024-01-24 19:40:09_
--------
*7686ae2a105ec6cc5551581fc7487546*
`登陆天数: 16天 / 1520天
等级: 127
石头: 260
呼符: 15
体力: 80423.9 / 137
友情点: 0 / 1169410`
*連続ログイン2日目
※ログインが途切れるか、7日到達すると
1日目から再開されます*
`聖晶石 X 1
1月交換券(2024) X 1
`*盈月剣風帖開幕記念 ログインボーナス*
*開催期間中、1日1回 最大21回ログインボーナスをプレゼント！*
`黄金の果実 X 1
`_2024-01-24 19:40:18_
--------
*dcf734638b8334ef199302253a06e093*
`登陆天数: 16天 / 1400天
等级: 125
石头: 743
呼符: 13
体力: 46476.75 / 137
友情点: 0 / 1065050`
*連続ログイン2日目
※ログインが途切れるか、7日到達すると
1日目から再開されます*
`聖晶石 X 1
1月交換券(2024) X 1
`*盈月剣風帖開幕記念 ログインボーナス*
*開催期間中、1日1回 最大21回ログインボーナスをプレゼント！*
`黄金の果実 X 1
`_2024-01-24 19:40:26_
--------
*47f309e11f595c830d1447d77b47d8a0*
`登陆天数: 16天 / 1496天
等级: 126
石头: 910
呼符: 12
体力: 44431.833333333336 / 137
友情点: 70 / 1006770`
*連続ログイン2日目
※ログインが途切れるか、7日到達すると
1日目から再開されます*
`聖晶石 X 1
1月交換券(2024) X 1
`*盈月剣風帖開幕記念 ログインボーナス*
*開催期間中、1日1回 最大21回ログインボーナスをプレゼント！*
`黄金の果実 X 1
`_2024-01-24 19:40:35_
--------
*a602c44e0f8456741b30f0caf4753a39*
`登陆天数: 16天 / 1429天
等级: 143
石头: 504
呼符: 33
体力: 1481.5333333333333 / 141
友情点: 170 / 912415`
*連続ログイン2日目
※ログインが途切れるか、7日到達すると
1日目から再開されます*
`聖晶石 X 1
1月交換券(2024) X 1
`*盈月剣風帖開幕記念 ログインボーナス*
*開催期間中、1日1回 最大21回ログインボーナスをプレゼント！*
`黄金の果実 X 1
`_2024-01-24 19:40:44_
--------
