【登录信息】
*b5e6a05282bde158c1ffe9d4d9788373*
`登陆天数: 17天 / 1428天
等级: 125
石头: 899
呼符: 15
体力: 78140.79666666666 / 137
友情点: 0 / 1174815`
*連続ログイン3日目
※ログインが途切れるか、7日到達すると
1日目から再開されます*
`叡智の業火 X 1
1月交換券(2024) X 1
`*盈月剣風帖開幕記念 ログインボーナス*
*開催期間中、1日1回 最大21回ログインボーナスをプレゼント！*
`白銀の果実 X 1
`_2024-01-25 19:38:09_
--------
*eb20c8954ecb148daacdac59c3a0b2e8*
`登陆天数: 17天 / 1411天
等级: 125
石头: 905
呼符: 49
体力: 49870.11 / 137
友情点: 0 / 1176045`
*連続ログイン3日目
※ログインが途切れるか、7日到達すると
1日目から再開されます*
`叡智の業火 X 1
1月交換券(2024) X 1
`*盈月剣風帖開幕記念 ログインボーナス*
*開催期間中、1日1回 最大21回ログインボーナスをプレゼント！*
`白銀の果実 X 1
`_2024-01-25 19:38:18_
--------
*620476f0f61795fd355f2a9e3fb24e54*
`登陆天数: 17天 / 1478天
等级: 125
石头: 544
呼符: 15
体力: 78846.78333333334 / 137
友情点: 0 / 1171295`
*連続ログイン3日目
※ログインが途切れるか、7日到達すると
1日目から再開されます*
`叡智の業火 X 1
1月交換券(2024) X 1
`*盈月剣風帖開幕記念 ログインボーナス*
*開催期間中、1日1回 最大21回ログインボーナスをプレゼント！*
`白銀の果実 X 1
`_2024-01-25 19:38:27_
--------
*8a4af26995de6f135fbb0fdafa2e0424*
`登陆天数: 17天 / 1456天
等级: 125
石头: 657
呼符: 37
体力: 78563.04666666666 / 137
友情点: 0 / 1160525`
*連続ログイン3日目
※ログインが途切れるか、7日到達すると
1日目から再開されます*
`叡智の業火 X 1
1月交換券(2024) X 1
`*盈月剣風帖開幕記念 ログインボーナス*
*開催期間中、1日1回 最大21回ログインボーナスをプレゼント！*
`白銀の果実 X 1
`_2024-01-25 19:38:36_
--------
*69a508b93367b043329d175aca01015e*
`登陆天数: 17天 / 1294天
等级: 125
石头: 927
呼符: 49
体力: 121699.05666666667 / 137
友情点: 0 / 933575`
*連続ログイン3日目
※ログインが途切れるか、7日到達すると
1日目から再開されます*
`叡智の業火 X 1
1月交換券(2024) X 1
`*盈月剣風帖開幕記念 ログインボーナス*
*開催期間中、1日1回 最大21回ログインボーナスをプレゼント！*
`白銀の果実 X 1
`_2024-01-25 19:38:45_
--------
*05c7889868efad05a84b961c94cc9b2c*
`登陆天数: 17天 / 1509天
等级: 125
石头: 1164
呼符: 36
体力: 90785.08 / 137
友情点: 0 / 1118815`
*連続ログイン3日目
※ログインが途切れるか、7日到達すると
1日目から再開されます*
`叡智の業火 X 1
1月交換券(2024) X 1
`*盈月剣風帖開幕記念 ログインボーナス*
*開催期間中、1日1回 最大21回ログインボーナスをプレゼント！*
`白銀の果実 X 1
`_2024-01-25 19:38:54_
--------
*41c8ea3cfa831059a6c57fddf5a2e62d*
`登陆天数: 17天 / 1463天
等级: 125
石头: 228
呼符: 9
体力: 70187.32 / 137
友情点: 0 / 727875`
*連続ログイン3日目
※ログインが途切れるか、7日到達すると
1日目から再開されます*
`叡智の業火 X 1
1月交換券(2024) X 1
`*盈月剣風帖開幕記念 ログインボーナス*
*開催期間中、1日1回 最大21回ログインボーナスをプレゼント！*
`白銀の果実 X 1
`_2024-01-25 19:39:02_
--------
*790b887791ca4de4345ea61d5bd657e4*
`登陆天数: 17天 / 1464天
等级: 125
石头: 319
呼符: 51
体力: 78138.24333333333 / 137
友情点: 0 / 883305`
*連続ログイン3日目
※ログインが途切れるか、7日到達すると
1日目から再開されます*
`叡智の業火 X 1
1月交換券(2024) X 1
`*盈月剣風帖開幕記念 ログインボーナス*
*開催期間中、1日1回 最大21回ログインボーナスをプレゼント！*
`白銀の果実 X 1
`_2024-01-25 19:39:11_
--------
*82f6295e189793da0ef43b4029c85eca*
`登陆天数: 17天 / 1515天
等级: 126
石头: 253
呼符: 13
体力: 42841.82666666667 / 137
友情点: 180 / 410720`
*連続ログイン3日目
※ログインが途切れるか、7日到達すると
1日目から再開されます*
`叡智の業火 X 1
1月交換券(2024) X 1
`*盈月剣風帖開幕記念 ログインボーナス*
*開催期間中、1日1回 最大21回ログインボーナスをプレゼント！*
`白銀の果実 X 1
`_2024-01-25 19:39:24_
--------
*47f309e11f595c830d1447d77b47d8a0*
`登陆天数: 17天 / 1479天
等级: 126
石头: 247
呼符: 13
体力: 46270.1 / 137
友情点: 120 / 1158095`
*連続ログイン3日目
※ログインが途切れるか、7日到達すると
1日目から再開されます*
`叡智の業火 X 1
1月交換券(2024) X 1
`*盈月剣風帖開幕記念 ログインボーナス*
*開催期間中、1日1回 最大21回ログインボーナスをプレゼント！*
`白銀の果実 X 1
`_2024-01-25 19:39:36_
--------
*7686ae2a105ec6cc5551581fc7487546*
`登陆天数: 17天 / 1521天
等级: 127
石头: 260
呼符: 15
体力: 80711.79 / 137
友情点: 0 / 1169410`
*連続ログイン3日目
※ログインが途切れるか、7日到達すると
1日目から再開されます*
`叡智の業火 X 1
1月交換券(2024) X 1
`*盈月剣風帖開幕記念 ログインボーナス*
*開催期間中、1日1回 最大21回ログインボーナスをプレゼント！*
`白銀の果実 X 1
`_2024-01-25 19:39:45_
--------
*dcf734638b8334ef199302253a06e093*
`登陆天数: 17天 / 1401天
等级: 125
石头: 743
呼符: 13
体力: 46764.64 / 137
友情点: 0 / 1065050`
*連続ログイン3日目
※ログインが途切れるか、7日到達すると
1日目から再開されます*
`叡智の業火 X 1
1月交換券(2024) X 1
`*盈月剣風帖開幕記念 ログインボーナス*
*開催期間中、1日1回 最大21回ログインボーナスをプレゼント！*
`白銀の果実 X 1
`_2024-01-25 19:39:53_
--------
*47f309e11f595c830d1447d77b47d8a0*
`登陆天数: 17天 / 1497天
等级: 126
石头: 910
呼符: 12
体力: 44719.72 / 137
友情点: 50 / 1006820`
*連続ログイン3日目
※ログインが途切れるか、7日到達すると
1日目から再開されます*
`叡智の業火 X 1
1月交換券(2024) X 1
`*盈月剣風帖開幕記念 ログインボーナス*
*開催期間中、1日1回 最大21回ログインボーナスをプレゼント！*
`白銀の果実 X 1
`_2024-01-25 19:40:02_
--------
*a602c44e0f8456741b30f0caf4753a39*
`登陆天数: 17天 / 1430天
等级: 143
石头: 504
呼符: 33
体力: 1769.4233333333334 / 141
友情点: 10 / 912505`
*連続ログイン3日目
※ログインが途切れるか、7日到達すると
1日目から再開されます*
`叡智の業火 X 1
1月交換券(2024) X 1
`*盈月剣風帖開幕記念 ログインボーナス*
*開催期間中、1日1回 最大21回ログインボーナスをプレゼント！*
`白銀の果実 X 1
`_2024-01-25 19:40:11_
--------
