【登录信息】
*b5e6a05282bde158c1ffe9d4d9788373*
`登陆天数: 18天 / 1429天
等级: 125
石头: 899
呼符: 15
体力: 78428.83333333333 / 137
友情点: 0 / 1174815`
*連続ログイン4日目
※ログインが途切れるか、7日到達すると
1日目から再開されます*
`聖晶石 X 1
1月交換券(2024) X 1
`*盈月剣風帖開幕記念 ログインボーナス*
*開催期間中、1日1回 最大21回ログインボーナスをプレゼント！*
`白銀の果実 X 1
`_2024-01-26 19:38:19_
--------
*eb20c8954ecb148daacdac59c3a0b2e8*
`登陆天数: 18天 / 1412天
等级: 125
石头: 905
呼符: 49
体力: 50158.14666666667 / 137
友情点: 0 / 1176045`
*連続ログイン4日目
※ログインが途切れるか、7日到達すると
1日目から再開されます*
`聖晶石 X 1
1月交換券(2024) X 1
`*盈月剣風帖開幕記念 ログインボーナス*
*開催期間中、1日1回 最大21回ログインボーナスをプレゼント！*
`白銀の果実 X 1
`_2024-01-26 19:38:28_
--------
*620476f0f61795fd355f2a9e3fb24e54*
`登陆天数: 18天 / 1479天
等级: 125
石头: 544
呼符: 15
体力: 79134.82 / 137
友情点: 0 / 1171295`
*連続ログイン4日目
※ログインが途切れるか、7日到達すると
1日目から再開されます*
`聖晶石 X 1
1月交換券(2024) X 1
`*盈月剣風帖開幕記念 ログインボーナス*
*開催期間中、1日1回 最大21回ログインボーナスをプレゼント！*
`白銀の果実 X 1
`_2024-01-26 19:38:37_
--------
*8a4af26995de6f135fbb0fdafa2e0424*
`登陆天数: 18天 / 1457天
等级: 125
石头: 657
呼符: 37
体力: 78851.08333333333 / 137
友情点: 0 / 1160525`
*連続ログイン4日目
※ログインが途切れるか、7日到達すると
1日目から再開されます*
`聖晶石 X 1
1月交換券(2024) X 1
`*盈月剣風帖開幕記念 ログインボーナス*
*開催期間中、1日1回 最大21回ログインボーナスをプレゼント！*
`白銀の果実 X 1
`_2024-01-26 19:38:46_
--------
*69a508b93367b043329d175aca01015e*
`登陆天数: 18天 / 1295天
等级: 125
石头: 927
呼符: 49
体力: 121987.09 / 137
友情点: 0 / 933575`
*連続ログイン4日目
※ログインが途切れるか、7日到達すると
1日目から再開されます*
`聖晶石 X 1
1月交換券(2024) X 1
`*盈月剣風帖開幕記念 ログインボーナス*
*開催期間中、1日1回 最大21回ログインボーナスをプレゼント！*
`白銀の果実 X 1
`_2024-01-26 19:38:55_
--------
*05c7889868efad05a84b961c94cc9b2c*
`登陆天数: 18天 / 1510天
等级: 125
石头: 1164
呼符: 36
体力: 91073.11333333333 / 137
友情点: 0 / 1118815`
*連続ログイン4日目
※ログインが途切れるか、7日到達すると
1日目から再開されます*
`聖晶石 X 1
1月交換券(2024) X 1
`*盈月剣風帖開幕記念 ログインボーナス*
*開催期間中、1日1回 最大21回ログインボーナスをプレゼント！*
`白銀の果実 X 1
`_2024-01-26 19:39:04_
--------
*41c8ea3cfa831059a6c57fddf5a2e62d*
`登陆天数: 18天 / 1464天
等级: 125
石头: 228
呼符: 9
体力: 70475.35333333333 / 137
友情点: 0 / 727875`
*連続ログイン4日目
※ログインが途切れるか、7日到達すると
1日目から再開されます*
`聖晶石 X 1
1月交換券(2024) X 1
`*盈月剣風帖開幕記念 ログインボーナス*
*開催期間中、1日1回 最大21回ログインボーナスをプレゼント！*
`白銀の果実 X 1
`_2024-01-26 19:39:12_
--------
*790b887791ca4de4345ea61d5bd657e4*
`登陆天数: 18天 / 1465天
等级: 125
石头: 319
呼符: 51
体力: 78426.27666666667 / 137
友情点: 0 / 883305`
*連続ログイン4日目
※ログインが途切れるか、7日到達すると
1日目から再開されます*
`聖晶石 X 1
1月交換券(2024) X 1
`*盈月剣風帖開幕記念 ログインボーナス*
*開催期間中、1日1回 最大21回ログインボーナスをプレゼント！*
`白銀の果実 X 1
`_2024-01-26 19:39:21_
--------
*82f6295e189793da0ef43b4029c85eca*
`登陆天数: 18天 / 1516天
等级: 126
石头: 253
呼符: 13
体力: 43129.86 / 137
友情点: 30 / 410750`
*連続ログイン4日目
※ログインが途切れるか、7日到達すると
1日目から再開されます*
`聖晶石 X 1
1月交換券(2024) X 1
`*盈月剣風帖開幕記念 ログインボーナス*
*開催期間中、1日1回 最大21回ログインボーナスをプレゼント！*
`白銀の果実 X 1
`_2024-01-26 19:39:34_
--------
*47f309e11f595c830d1447d77b47d8a0*
`登陆天数: 18天 / 1480天
等级: 126
石头: 247
呼符: 13
体力: 46558.13333333333 / 137
友情点: 100 / 1158195`
*連続ログイン4日目
※ログインが途切れるか、7日到達すると
1日目から再開されます*
`聖晶石 X 1
1月交換券(2024) X 1
`*盈月剣風帖開幕記念 ログインボーナス*
*開催期間中、1日1回 最大21回ログインボーナスをプレゼント！*
`白銀の果実 X 1
`_2024-01-26 19:39:46_
--------
*7686ae2a105ec6cc5551581fc7487546*
`登陆天数: 18天 / 1522天
等级: 127
石头: 260
呼符: 15
体力: 80999.82333333333 / 137
友情点: 0 / 1169410`
*連続ログイン4日目
※ログインが途切れるか、7日到達すると
1日目から再開されます*
`聖晶石 X 1
1月交換券(2024) X 1
`*盈月剣風帖開幕記念 ログインボーナス*
*開催期間中、1日1回 最大21回ログインボーナスをプレゼント！*
`白銀の果実 X 1
`_2024-01-26 19:39:54_
--------
*dcf734638b8334ef199302253a06e093*
`登陆天数: 18天 / 1402天
等级: 125
石头: 743
呼符: 13
体力: 47052.67 / 137
友情点: 0 / 1065050`
*連続ログイン4日目
※ログインが途切れるか、7日到達すると
1日目から再開されます*
`聖晶石 X 1
1月交換券(2024) X 1
`*盈月剣風帖開幕記念 ログインボーナス*
*開催期間中、1日1回 最大21回ログインボーナスをプレゼント！*
`白銀の果実 X 1
`_2024-01-26 19:40:03_
--------
*47f309e11f595c830d1447d77b47d8a0*
`登陆天数: 18天 / 1498天
等级: 126
石头: 910
呼符: 12
体力: 45007.753333333334 / 137
友情点: 170 / 1006990`
*連続ログイン4日目
※ログインが途切れるか、7日到達すると
1日目から再開されます*
`聖晶石 X 1
1月交換券(2024) X 1
`*盈月剣風帖開幕記念 ログインボーナス*
*開催期間中、1日1回 最大21回ログインボーナスをプレゼント！*
`白銀の果実 X 1
`_2024-01-26 19:40:12_
--------
*a602c44e0f8456741b30f0caf4753a39*
`登陆天数: 18天 / 1431天
等级: 143
石头: 517
呼符: 34
体力: 2057.456666666667 / 141
友情点: 185 / 914690`
*連続ログイン4日目
※ログインが途切れるか、7日到達すると
1日目から再開されます*
`聖晶石 X 1
1月交換券(2024) X 1
`*盈月剣風帖開幕記念 ログインボーナス*
*開催期間中、1日1回 最大21回ログインボーナスをプレゼント！*
`白銀の果実 X 1
`_2024-01-26 19:40:20_
--------
