【登录信息】
*b5e6a05282bde158c1ffe9d4d9788373*
`登陆天数: 19天 / 1430天
等级: 125
石头: 899
呼符: 15
体力: 78716.86333333333 / 137
友情点: 0 / 1174815`
*連続ログイン5日目
※ログインが途切れるか、7日到達すると
1日目から再開されます*
`叡智の業火 X 2
1月交換券(2024) X 1
`*盈月剣風帖開幕記念 ログインボーナス*
*開催期間中、1日1回 最大21回ログインボーナスをプレゼント！*
`白銀の果実 X 1
`_2024-01-27 19:38:29_
--------
*eb20c8954ecb148daacdac59c3a0b2e8*
`登陆天数: 19天 / 1413天
等级: 125
石头: 905
呼符: 49
体力: 50446.176666666666 / 137
友情点: 0 / 1176045`
*連続ログイン5日目
※ログインが途切れるか、7日到達すると
1日目から再開されます*
`叡智の業火 X 2
1月交換券(2024) X 1
`*盈月剣風帖開幕記念 ログインボーナス*
*開催期間中、1日1回 最大21回ログインボーナスをプレゼント！*
`白銀の果実 X 1
`_2024-01-27 19:38:38_
--------
*620476f0f61795fd355f2a9e3fb24e54*
`登陆天数: 19天 / 1480天
等级: 125
石头: 544
呼符: 15
体力: 79422.85 / 137
友情点: 0 / 1171295`
*連続ログイン5日目
※ログインが途切れるか、7日到達すると
1日目から再開されます*
`叡智の業火 X 2
1月交換券(2024) X 1
`*盈月剣風帖開幕記念 ログインボーナス*
*開催期間中、1日1回 最大21回ログインボーナスをプレゼント！*
`白銀の果実 X 1
`_2024-01-27 19:38:47_
--------
*8a4af26995de6f135fbb0fdafa2e0424*
`登陆天数: 19天 / 1458天
等级: 125
石头: 657
呼符: 37
体力: 79139.11333333333 / 137
友情点: 0 / 1160525`
*連続ログイン5日目
※ログインが途切れるか、7日到達すると
1日目から再開されます*
`叡智の業火 X 2
1月交換券(2024) X 1
`*盈月剣風帖開幕記念 ログインボーナス*
*開催期間中、1日1回 最大21回ログインボーナスをプレゼント！*
`白銀の果実 X 1
`_2024-01-27 19:38:56_
--------
*69a508b93367b043329d175aca01015e*
`登陆天数: 19天 / 1296天
等级: 125
石头: 927
呼符: 49
体力: 122275.12333333334 / 137
友情点: 0 / 933575`
*連続ログイン5日目
※ログインが途切れるか、7日到達すると
1日目から再開されます*
`叡智の業火 X 2
1月交換券(2024) X 1
`*盈月剣風帖開幕記念 ログインボーナス*
*開催期間中、1日1回 最大21回ログインボーナスをプレゼント！*
`白銀の果実 X 1
`_2024-01-27 19:39:05_
--------
*05c7889868efad05a84b961c94cc9b2c*
`登陆天数: 19天 / 1511天
等级: 125
石头: 1164
呼符: 36
体力: 91361.14666666667 / 137
友情点: 0 / 1118815`
*連続ログイン5日目
※ログインが途切れるか、7日到達すると
1日目から再開されます*
`叡智の業火 X 2
1月交換券(2024) X 1
`*盈月剣風帖開幕記念 ログインボーナス*
*開催期間中、1日1回 最大21回ログインボーナスをプレゼント！*
`白銀の果実 X 1
`_2024-01-27 19:39:13_
--------
*41c8ea3cfa831059a6c57fddf5a2e62d*
`登陆天数: 19天 / 1465天
等级: 125
石头: 228
呼符: 9
体力: 70763.38666666667 / 137
友情点: 0 / 727875`
*連続ログイン5日目
※ログインが途切れるか、7日到達すると
1日目から再開されます*
`叡智の業火 X 2
1月交換券(2024) X 1
`*盈月剣風帖開幕記念 ログインボーナス*
*開催期間中、1日1回 最大21回ログインボーナスをプレゼント！*
`白銀の果実 X 1
`_2024-01-27 19:39:22_
--------
*790b887791ca4de4345ea61d5bd657e4*
`登陆天数: 19天 / 1466天
等级: 125
石头: 319
呼符: 51
体力: 78714.31 / 137
友情点: 0 / 883305`
*連続ログイン5日目
※ログインが途切れるか、7日到達すると
1日目から再開されます*
`叡智の業火 X 2
1月交換券(2024) X 1
`*盈月剣風帖開幕記念 ログインボーナス*
*開催期間中、1日1回 最大21回ログインボーナスをプレゼント！*
`白銀の果実 X 1
`_2024-01-27 19:39:31_
--------
*82f6295e189793da0ef43b4029c85eca*
`登陆天数: 19天 / 1517天
等级: 126
石头: 253
呼符: 13
体力: 43417.89333333333 / 137
友情点: 80 / 410830`
*連続ログイン5日目
※ログインが途切れるか、7日到達すると
1日目から再開されます*
`叡智の業火 X 2
1月交換券(2024) X 1
`*盈月剣風帖開幕記念 ログインボーナス*
*開催期間中、1日1回 最大21回ログインボーナスをプレゼント！*
`白銀の果実 X 1
`_2024-01-27 19:39:44_
--------
*47f309e11f595c830d1447d77b47d8a0*
`登陆天数: 19天 / 1481天
等级: 126
石头: 247
呼符: 13
体力: 46846.166666666664 / 137
友情点: 110 / 1158305`
*連続ログイン5日目
※ログインが途切れるか、7日到達すると
1日目から再開されます*
`叡智の業火 X 2
1月交換券(2024) X 1
`*盈月剣風帖開幕記念 ログインボーナス*
*開催期間中、1日1回 最大21回ログインボーナスをプレゼント！*
`白銀の果実 X 1
`_2024-01-27 19:39:56_
--------
*7686ae2a105ec6cc5551581fc7487546*
`登陆天数: 19天 / 1523天
等级: 127
石头: 260
呼符: 15
体力: 81287.85666666667 / 137
友情点: 0 / 1169410`
*連続ログイン5日目
※ログインが途切れるか、7日到達すると
1日目から再開されます*
`叡智の業火 X 2
1月交換券(2024) X 1
`*盈月剣風帖開幕記念 ログインボーナス*
*開催期間中、1日1回 最大21回ログインボーナスをプレゼント！*
`白銀の果実 X 1
`_2024-01-27 19:40:04_
--------
*dcf734638b8334ef199302253a06e093*
`登陆天数: 19天 / 1403天
等级: 125
石头: 743
呼符: 13
体力: 47340.70333333333 / 137
友情点: 0 / 1065050`
*連続ログイン5日目
※ログインが途切れるか、7日到達すると
1日目から再開されます*
`叡智の業火 X 2
1月交換券(2024) X 1
`*盈月剣風帖開幕記念 ログインボーナス*
*開催期間中、1日1回 最大21回ログインボーナスをプレゼント！*
`白銀の果実 X 1
`_2024-01-27 19:40:13_
--------
*47f309e11f595c830d1447d77b47d8a0*
`登陆天数: 19天 / 1499天
等级: 126
石头: 910
呼符: 12
体力: 45295.78333333333 / 137
友情点: 110 / 1007100`
*連続ログイン5日目
※ログインが途切れるか、7日到達すると
1日目から再開されます*
`叡智の業火 X 2
1月交換券(2024) X 1
`*盈月剣風帖開幕記念 ログインボーナス*
*開催期間中、1日1回 最大21回ログインボーナスをプレゼント！*
`白銀の果実 X 1
`_2024-01-27 19:40:21_
--------
*a602c44e0f8456741b30f0caf4753a39*
`登陆天数: 19天 / 1432天
等级: 143
石头: 518
呼符: 1
体力: 129.11666666666667 / 141
友情点: 20 / 914855`
*連続ログイン5日目
※ログインが途切れるか、7日到達すると
1日目から再開されます*
`叡智の業火 X 2
1月交換券(2024) X 1
`*盈月剣風帖開幕記念 ログインボーナス*
*開催期間中、1日1回 最大21回ログインボーナスをプレゼント！*
`白銀の果実 X 1
`_2024-01-27 19:40:30_
--------
