【登录信息】
*b5e6a05282bde158c1ffe9d4d9788373*
`登陆天数: 21天 / 1432天
等级: 125
石头: 899
呼符: 15
体力: 79292.83 / 137
友情点: 0 / 1174815`
*連続ログイン7日間到達おめでとうございます！
明日は1日目からリスタートされます。*
`獣の足跡 X 1
呼符 X 1
1月交換券(2024) X 1
`*盈月剣風帖開幕記念 ログインボーナス*
*開催期間中、1日1回 最大21回ログインボーナスをプレゼント！*
`白銀の果実 X 1
`_2024-01-29 19:38:18_
--------
*eb20c8954ecb148daacdac59c3a0b2e8*
`登陆天数: 21天 / 1415天
等级: 125
石头: 905
呼符: 49
体力: 51022.14 / 137
友情点: 0 / 1176045`
*連続ログイン7日間到達おめでとうございます！
明日は1日目からリスタートされます。*
`獣の足跡 X 1
呼符 X 1
1月交換券(2024) X 1
`*盈月剣風帖開幕記念 ログインボーナス*
*開催期間中、1日1回 最大21回ログインボーナスをプレゼント！*
`白銀の果実 X 1
`_2024-01-29 19:38:27_
--------
*620476f0f61795fd355f2a9e3fb24e54*
`登陆天数: 21天 / 1482天
等级: 125
石头: 544
呼符: 15
体力: 79998.81666666667 / 137
友情点: 0 / 1171295`
*連続ログイン7日間到達おめでとうございます！
明日は1日目からリスタートされます。*
`獣の足跡 X 1
呼符 X 1
1月交換券(2024) X 1
`*盈月剣風帖開幕記念 ログインボーナス*
*開催期間中、1日1回 最大21回ログインボーナスをプレゼント！*
`白銀の果実 X 1
`_2024-01-29 19:38:36_
--------
*8a4af26995de6f135fbb0fdafa2e0424*
`登陆天数: 21天 / 1460天
等级: 125
石头: 657
呼符: 37
体力: 79715.08 / 137
友情点: 0 / 1160525`
*連続ログイン7日間到達おめでとうございます！
明日は1日目からリスタートされます。*
`獣の足跡 X 1
呼符 X 1
1月交換券(2024) X 1
`*盈月剣風帖開幕記念 ログインボーナス*
*開催期間中、1日1回 最大21回ログインボーナスをプレゼント！*
`白銀の果実 X 1
`_2024-01-29 19:38:45_
--------
*69a508b93367b043329d175aca01015e*
`登陆天数: 21天 / 1298天
等级: 125
石头: 927
呼符: 49
体力: 122851.08666666667 / 137
友情点: 0 / 933575`
*連続ログイン7日間到達おめでとうございます！
明日は1日目からリスタートされます。*
`獣の足跡 X 1
呼符 X 1
1月交換券(2024) X 1
`*盈月剣風帖開幕記念 ログインボーナス*
*開催期間中、1日1回 最大21回ログインボーナスをプレゼント！*
`白銀の果実 X 1
`_2024-01-29 19:38:54_
--------
*05c7889868efad05a84b961c94cc9b2c*
`登陆天数: 21天 / 1513天
等级: 125
石头: 1164
呼符: 36
体力: 91937.11 / 137
友情点: 0 / 1118815`
*連続ログイン7日間到達おめでとうございます！
明日は1日目からリスタートされます。*
`獣の足跡 X 1
呼符 X 1
1月交換券(2024) X 1
`*盈月剣風帖開幕記念 ログインボーナス*
*開催期間中、1日1回 最大21回ログインボーナスをプレゼント！*
`白銀の果実 X 1
`_2024-01-29 19:39:03_
--------
*41c8ea3cfa831059a6c57fddf5a2e62d*
`登陆天数: 21天 / 1467天
等级: 125
石头: 228
呼符: 9
体力: 71339.35 / 137
友情点: 0 / 727875`
*連続ログイン7日間到達おめでとうございます！
明日は1日目からリスタートされます。*
`獣の足跡 X 1
呼符 X 1
1月交換券(2024) X 1
`*盈月剣風帖開幕記念 ログインボーナス*
*開催期間中、1日1回 最大21回ログインボーナスをプレゼント！*
`白銀の果実 X 1
`_2024-01-29 19:39:11_
--------
*790b887791ca4de4345ea61d5bd657e4*
`登陆天数: 21天 / 1468天
等级: 125
石头: 319
呼符: 51
体力: 79290.27333333333 / 137
友情点: 0 / 883305`
*連続ログイン7日間到達おめでとうございます！
明日は1日目からリスタートされます。*
`獣の足跡 X 1
呼符 X 1
1月交換券(2024) X 1
`*盈月剣風帖開幕記念 ログインボーナス*
*開催期間中、1日1回 最大21回ログインボーナスをプレゼント！*
`白銀の果実 X 1
`_2024-01-29 19:39:20_
--------
*82f6295e189793da0ef43b4029c85eca*
`登陆天数: 21天 / 1519天
等级: 126
石头: 253
呼符: 13
体力: 43993.85666666667 / 137
友情点: 70 / 411110`
*連続ログイン7日間到達おめでとうございます！
明日は1日目からリスタートされます。*
`獣の足跡 X 1
呼符 X 1
1月交換券(2024) X 1
`*盈月剣風帖開幕記念 ログインボーナス*
*開催期間中、1日1回 最大21回ログインボーナスをプレゼント！*
`白銀の果実 X 1
`_2024-01-29 19:39:33_
--------
*47f309e11f595c830d1447d77b47d8a0*
`登陆天数: 21天 / 1483天
等级: 126
石头: 247
呼符: 13
体力: 47422.13 / 137
友情点: 70 / 1158485`
*連続ログイン7日間到達おめでとうございます！
明日は1日目からリスタートされます。*
`獣の足跡 X 1
呼符 X 1
1月交換券(2024) X 1
`*盈月剣風帖開幕記念 ログインボーナス*
*開催期間中、1日1回 最大21回ログインボーナスをプレゼント！*
`白銀の果実 X 1
`_2024-01-29 19:39:45_
--------
*7686ae2a105ec6cc5551581fc7487546*
`登陆天数: 21天 / 1525天
等级: 127
石头: 260
呼符: 15
体力: 81863.81666666667 / 137
友情点: 0 / 1169410`
*連続ログイン7日間到達おめでとうございます！
明日は1日目からリスタートされます。*
`獣の足跡 X 1
呼符 X 1
1月交換券(2024) X 1
`*盈月剣風帖開幕記念 ログインボーナス*
*開催期間中、1日1回 最大21回ログインボーナスをプレゼント！*
`白銀の果実 X 1
`_2024-01-29 19:39:53_
--------
*dcf734638b8334ef199302253a06e093*
`登陆天数: 21天 / 1405天
等级: 125
石头: 743
呼符: 13
体力: 47916.666666666664 / 137
友情点: 0 / 1065050`
*連続ログイン7日間到達おめでとうございます！
明日は1日目からリスタートされます。*
`獣の足跡 X 1
呼符 X 1
1月交換券(2024) X 1
`*盈月剣風帖開幕記念 ログインボーナス*
*開催期間中、1日1回 最大21回ログインボーナスをプレゼント！*
`白銀の果実 X 1
`_2024-01-29 19:40:02_
--------
*47f309e11f595c830d1447d77b47d8a0*
`登陆天数: 21天 / 1501天
等级: 126
石头: 910
呼符: 12
体力: 45871.746666666666 / 137
友情点: 50 / 1007550`
*連続ログイン7日間到達おめでとうございます！
明日は1日目からリスタートされます。*
`獣の足跡 X 1
呼符 X 1
1月交換券(2024) X 1
`*盈月剣風帖開幕記念 ログインボーナス*
*開催期間中、1日1回 最大21回ログインボーナスをプレゼント！*
`白銀の果実 X 1
`_2024-01-29 19:40:10_
--------
*a602c44e0f8456741b30f0caf4753a39*
`登陆天数: 21天 / 1434天
等级: 143
石头: 518
呼符: 1
体力: 705.08 / 141
友情点: 80 / 915065`
*連続ログイン7日間到達おめでとうございます！
明日は1日目からリスタートされます。*
`獣の足跡 X 1
呼符 X 1
1月交換券(2024) X 1
`*盈月剣風帖開幕記念 ログインボーナス*
*開催期間中、1日1回 最大21回ログインボーナスをプレゼント！*
`白銀の果実 X 1
`_2024-01-29 19:40:19_
--------
