【登录信息】
*b5e6a05282bde158c1ffe9d4d9788373*
`登陆天数: 22天 / 1433天
等级: 125
石头: 867
呼符: 26
体力: 79580.83666666667 / 137
友情点: 0 / 1194815`
*連続ログイン1日目
※ログインが途切れるか、7日到達すると
1日目から再開されます*
`フレンドポイント X 2000
1月交換券(2024) X 1
`*「Fate/stay night」20周年記念特別ログインボーナス*
*開催期間中、1日1回 最大7回ログインボーナスをプレゼント！*
`叡智の猛火 X 20
`_2024-01-30 19:38:20_
--------
*eb20c8954ecb148daacdac59c3a0b2e8*
`登陆天数: 22天 / 1416天
等级: 125
石头: 933
呼符: 60
体力: 51310.15 / 137
友情点: 0 / 1196045`
*連続ログイン1日目
※ログインが途切れるか、7日到達すると
1日目から再開されます*
`フレンドポイント X 2000
1月交換券(2024) X 1
`*「Fate/stay night」20周年記念特別ログインボーナス*
*開催期間中、1日1回 最大7回ログインボーナスをプレゼント！*
`叡智の猛火 X 20
`_2024-01-30 19:38:29_
--------
*620476f0f61795fd355f2a9e3fb24e54*
`登陆天数: 22天 / 1483天
等级: 125
石头: 2
呼符: 1
体力: 80286.82333333333 / 137
友情点: 0 / 1191295`
*連続ログイン1日目
※ログインが途切れるか、7日到達すると
1日目から再開されます*
`フレンドポイント X 2000
1月交換券(2024) X 1
`*「Fate/stay night」20周年記念特別ログインボーナス*
*開催期間中、1日1回 最大7回ログインボーナスをプレゼント！*
`叡智の猛火 X 20
`_2024-01-30 19:38:39_
--------
*8a4af26995de6f135fbb0fdafa2e0424*
`登陆天数: 22天 / 1461天
等级: 125
石头: 595
呼符: 48
体力: 80003.08666666667 / 137
友情点: 0 / 1180525`
*連続ログイン1日目
※ログインが途切れるか、7日到達すると
1日目から再開されます*
`フレンドポイント X 2000
1月交換券(2024) X 1
`*「Fate/stay night」20周年記念特別ログインボーナス*
*開催期間中、1日1回 最大7回ログインボーナスをプレゼント！*
`叡智の猛火 X 20
`_2024-01-30 19:38:48_
--------
*69a508b93367b043329d175aca01015e*
`登陆天数: 22天 / 1299天
等级: 125
石头: 764
呼符: 56
体力: 123139.09666666666 / 137
友情点: 0 / 945575`
*連続ログイン1日目
※ログインが途切れるか、7日到達すると
1日目から再開されます*
`フレンドポイント X 2000
1月交換券(2024) X 1
`*「Fate/stay night」20周年記念特別ログインボーナス*
*開催期間中、1日1回 最大7回ログインボーナスをプレゼント！*
`叡智の猛火 X 20
`_2024-01-30 19:38:56_
--------
*05c7889868efad05a84b961c94cc9b2c*
`登陆天数: 22天 / 1514天
等级: 125
石头: 1222
呼符: 47
体力: 92225.11666666667 / 137
友情点: 0 / 1138815`
*連続ログイン1日目
※ログインが途切れるか、7日到達すると
1日目から再開されます*
`フレンドポイント X 2000
1月交換券(2024) X 1
`*「Fate/stay night」20周年記念特別ログインボーナス*
*開催期間中、1日1回 最大7回ログインボーナスをプレゼント！*
`叡智の猛火 X 20
`_2024-01-30 19:39:05_
--------
*41c8ea3cfa831059a6c57fddf5a2e62d*
`登陆天数: 22天 / 1468天
等级: 125
石头: 436
呼符: 20
体力: 59.83 / 137
友情点: 0 / 747875`
*連続ログイン1日目
※ログインが途切れるか、7日到達すると
1日目から再開されます*
`フレンドポイント X 2000
1月交換券(2024) X 1
`*「Fate/stay night」20周年記念特別ログインボーナス*
*開催期間中、1日1回 最大7回ログインボーナスをプレゼント！*
`叡智の猛火 X 20
`_2024-01-30 19:39:13_
--------
*790b887791ca4de4345ea61d5bd657e4*
`登陆天数: 22天 / 1469天
等级: 125
石头: 107
呼符: 62
体力: 79578.28 / 137
友情点: 0 / 903305`
*連続ログイン1日目
※ログインが途切れるか、7日到達すると
1日目から再開されます*
`フレンドポイント X 2000
1月交換券(2024) X 1
`*「Fate/stay night」20周年記念特別ログインボーナス*
*開催期間中、1日1回 最大7回ログインボーナスをプレゼント！*
`叡智の猛火 X 20
`_2024-01-30 19:39:23_
--------
*82f6295e189793da0ef43b4029c85eca*
`登陆天数: 22天 / 1520天
等级: 126
石头: 253
呼符: 13
体力: 44281.86666666667 / 137
友情点: 120 / 411230`
*連続ログイン1日目
※ログインが途切れるか、7日到達すると
1日目から再開されます*
`フレンドポイント X 2000
1月交換券(2024) X 1
`*「Fate/stay night」20周年記念
「Fate/stay night」サーヴァント特別召喚アイテムプレゼント*
*開催期間中、初回ログインで「Fate/stay night 20th記念特別交換チケット」をプレゼント！*
`Fate/stay night 20th記念特別交換チケット X 1
`_2024-01-30 19:39:35_
--------
*47f309e11f595c830d1447d77b47d8a0*
`登陆天数: 22天 / 1484天
等级: 126
石头: 247
呼符: 13
体力: 47710.14333333333 / 137
友情点: 80 / 1158565`
*連続ログイン1日目
※ログインが途切れるか、7日到達すると
1日目から再開されます*
`フレンドポイント X 2000
1月交換券(2024) X 1
`*「Fate/stay night」20周年記念
「Fate/stay night」サーヴァント特別召喚アイテムプレゼント*
*開催期間中、初回ログインで「Fate/stay night 20th記念特別交換チケット」をプレゼント！*
`Fate/stay night 20th記念特別交換チケット X 1
`_2024-01-30 19:39:48_
--------
*7686ae2a105ec6cc5551581fc7487546*
`登陆天数: 22天 / 1526天
等级: 127
石头: 260
呼符: 15
体力: 82151.83 / 137
友情点: 0 / 1169410`
*連続ログイン1日目
※ログインが途切れるか、7日到達すると
1日目から再開されます*
`フレンドポイント X 2000
1月交換券(2024) X 1
`*「Fate/stay night」20周年記念
「Fate/stay night」サーヴァント特別召喚アイテムプレゼント*
*開催期間中、初回ログインで「Fate/stay night 20th記念特別交換チケット」をプレゼント！*
`Fate/stay night 20th記念特別交換チケット X 1
`_2024-01-30 19:39:57_
--------
*dcf734638b8334ef199302253a06e093*
`登陆天数: 22天 / 1406天
等级: 125
石头: 743
呼符: 13
体力: 48204.676666666666 / 137
友情点: 0 / 1065050`
*連続ログイン1日目
※ログインが途切れるか、7日到達すると
1日目から再開されます*
`フレンドポイント X 2000
1月交換券(2024) X 1
`*「Fate/stay night」20周年記念
「Fate/stay night」サーヴァント特別召喚アイテムプレゼント*
*開催期間中、初回ログインで「Fate/stay night 20th記念特別交換チケット」をプレゼント！*
`Fate/stay night 20th記念特別交換チケット X 1
`_2024-01-30 19:40:05_
--------
*47f309e11f595c830d1447d77b47d8a0*
`登陆天数: 22天 / 1502天
等级: 126
石头: 910
呼符: 12
体力: 46159.76 / 137
友情点: 180 / 1007730`
*連続ログイン1日目
※ログインが途切れるか、7日到達すると
1日目から再開されます*
`フレンドポイント X 2000
1月交換券(2024) X 1
`*「Fate/stay night」20周年記念
「Fate/stay night」サーヴァント特別召喚アイテムプレゼント*
*開催期間中、初回ログインで「Fate/stay night 20th記念特別交換チケット」をプレゼント！*
`Fate/stay night 20th記念特別交換チケット X 1
`_2024-01-30 19:40:14_
--------
*a602c44e0f8456741b30f0caf4753a39*
`登陆天数: 22天 / 1435天
等级: 143
石头: 521
呼符: 2
体力: 86.03666666666666 / 141
友情点: 35 / 915180`
*連続ログイン1日目
※ログインが途切れるか、7日到達すると
1日目から再開されます*
`フレンドポイント X 2000
1月交換券(2024) X 1
`*「Fate/stay night」20周年記念特別ログインボーナス*
*開催期間中、1日1回 最大7回ログインボーナスをプレゼント！*
`叡智の猛火 X 20
`_2024-01-30 19:40:22_
--------
