【登录信息】
*b5e6a05282bde158c1ffe9d4d9788373*
`登陆天数: 23天 / 1434天
等级: 125
石头: 867
呼符: 26
体力: 79868.83333333333 / 137
友情点: 0 / 1194815`
*連続ログイン2日目
※ログインが途切れるか、7日到達すると
1日目から再開されます*
`聖晶石 X 1
2月交換券(2024) X 1
`*「Fate/stay night」20周年記念
7万リポスト達成プレゼント*
*開催期間中、初回ログインで「聖晶石×20」をプレゼント！*
`聖晶石 X 20
`_2024-01-31 19:38:20_
--------
*eb20c8954ecb148daacdac59c3a0b2e8*
`登陆天数: 23天 / 1417天
等级: 125
石头: 933
呼符: 60
体力: 51598.15 / 137
友情点: 0 / 1196045`
*連続ログイン2日目
※ログインが途切れるか、7日到達すると
1日目から再開されます*
`聖晶石 X 1
2月交換券(2024) X 1
`*「Fate/stay night」20周年記念
7万リポスト達成プレゼント*
*開催期間中、初回ログインで「聖晶石×20」をプレゼント！*
`聖晶石 X 20
`_2024-01-31 19:38:29_
--------
*620476f0f61795fd355f2a9e3fb24e54*
`登陆天数: 23天 / 1484天
等级: 125
石头: 2
呼符: 1
体力: 80574.82333333333 / 137
友情点: 0 / 1191295`
*連続ログイン2日目
※ログインが途切れるか、7日到達すると
1日目から再開されます*
`聖晶石 X 1
2月交換券(2024) X 1
`*「Fate/stay night」20周年記念
7万リポスト達成プレゼント*
*開催期間中、初回ログインで「聖晶石×20」をプレゼント！*
`聖晶石 X 20
`_2024-01-31 19:38:38_
--------
*8a4af26995de6f135fbb0fdafa2e0424*
`登陆天数: 23天 / 1462天
等级: 125
石头: 595
呼符: 48
体力: 80291.08333333333 / 137
友情点: 0 / 1180525`
*連続ログイン2日目
※ログインが途切れるか、7日到達すると
1日目から再開されます*
`聖晶石 X 1
2月交換券(2024) X 1
`*「Fate/stay night」20周年記念
7万リポスト達成プレゼント*
*開催期間中、初回ログインで「聖晶石×20」をプレゼント！*
`聖晶石 X 20
`_2024-01-31 19:38:47_
--------
*69a508b93367b043329d175aca01015e*
`登陆天数: 23天 / 1300天
等级: 125
石头: 764
呼符: 56
体力: 123427.09333333334 / 137
友情点: 0 / 945575`
*連続ログイン2日目
※ログインが途切れるか、7日到達すると
1日目から再開されます*
`聖晶石 X 1
2月交換券(2024) X 1
`*「Fate/stay night」20周年記念
7万リポスト達成プレゼント*
*開催期間中、初回ログインで「聖晶石×20」をプレゼント！*
`聖晶石 X 20
`_2024-01-31 19:38:56_
--------
*05c7889868efad05a84b961c94cc9b2c*
`登陆天数: 23天 / 1515天
等级: 125
石头: 1222
呼符: 47
体力: 92513.11666666667 / 137
友情点: 0 / 1138815`
*連続ログイン2日目
※ログインが途切れるか、7日到達すると
1日目から再開されます*
`聖晶石 X 1
2月交換券(2024) X 1
`*「Fate/stay night」20周年記念
7万リポスト達成プレゼント*
*開催期間中、初回ログインで「聖晶石×20」をプレゼント！*
`聖晶石 X 20
`_2024-01-31 19:39:05_
--------
*41c8ea3cfa831059a6c57fddf5a2e62d*
`登陆天数: 23天 / 1469天
等级: 125
石头: 436
呼符: 20
体力: 347.83000000000004 / 137
友情点: 0 / 747875`
*連続ログイン2日目
※ログインが途切れるか、7日到達すると
1日目から再開されます*
`聖晶石 X 1
2月交換券(2024) X 1
`*「Fate/stay night」20周年記念
7万リポスト達成プレゼント*
*開催期間中、初回ログインで「聖晶石×20」をプレゼント！*
`聖晶石 X 20
`_2024-01-31 19:39:13_
--------
*790b887791ca4de4345ea61d5bd657e4*
`登陆天数: 23天 / 1470天
等级: 125
石头: 107
呼符: 62
体力: 79866.28 / 137
友情点: 0 / 903305`
*連続ログイン2日目
※ログインが途切れるか、7日到達すると
1日目から再開されます*
`聖晶石 X 1
2月交換券(2024) X 1
`*「Fate/stay night」20周年記念
7万リポスト達成プレゼント*
*開催期間中、初回ログインで「聖晶石×20」をプレゼント！*
`聖晶石 X 20
`_2024-01-31 19:39:22_
--------
*82f6295e189793da0ef43b4029c85eca*
`登陆天数: 23天 / 1521天
等级: 126
石头: 401
呼符: 24
体力: 44569.863333333335 / 137
友情点: 10 / 433260`
*連続ログイン2日目
※ログインが途切れるか、7日到達すると
1日目から再開されます*
`聖晶石 X 1
2月交換券(2024) X 1
`*「Fate/stay night」20周年記念
7万リポスト達成プレゼント*
*開催期間中、初回ログインで「聖晶石×20」をプレゼント！*
`聖晶石 X 20
`_2024-01-31 19:39:35_
--------
*47f309e11f595c830d1447d77b47d8a0*
`登陆天数: 23天 / 1485天
等级: 126
石头: 215
呼符: 29
体力: 47998.136666666665 / 137
友情点: 30 / 1180635`
*連続ログイン2日目
※ログインが途切れるか、7日到達すると
1日目から再開されます*
`聖晶石 X 1
2月交換券(2024) X 1
`*「Fate/stay night」20周年記念
7万リポスト達成プレゼント*
*開催期間中、初回ログインで「聖晶石×20」をプレゼント！*
`聖晶石 X 20
`_2024-01-31 19:39:47_
--------
*7686ae2a105ec6cc5551581fc7487546*
`登陆天数: 23天 / 1527天
等级: 127
石头: 318
呼符: 31
体力: 82439.82666666666 / 137
友情点: 0 / 1191410`
*連続ログイン2日目
※ログインが途切れるか、7日到達すると
1日目から再開されます*
`聖晶石 X 1
2月交換券(2024) X 1
`*「Fate/stay night」20周年記念
7万リポスト達成プレゼント*
*開催期間中、初回ログインで「聖晶石×20」をプレゼント！*
`聖晶石 X 20
`_2024-01-31 19:39:56_
--------
*dcf734638b8334ef199302253a06e093*
`登陆天数: 23天 / 1407天
等级: 125
石头: 621
呼符: 29
体力: 48492.676666666666 / 137
友情点: 0 / 1087050`
*連続ログイン2日目
※ログインが途切れるか、7日到達すると
1日目から再開されます*
`聖晶石 X 1
2月交換券(2024) X 1
`*「Fate/stay night」20周年記念
7万リポスト達成プレゼント*
*開催期間中、初回ログインで「聖晶石×20」をプレゼント！*
`聖晶石 X 20
`_2024-01-31 19:40:04_
--------
*47f309e11f595c830d1447d77b47d8a0*
`登陆天数: 23天 / 1503天
等级: 126
石头: 861
呼符: 24
体力: 46447.75666666667 / 137
友情点: 20 / 1033840`
*連続ログイン2日目
※ログインが途切れるか、7日到達すると
1日目から再開されます*
`聖晶石 X 1
2月交換券(2024) X 1
`*「Fate/stay night」20周年記念
7万リポスト達成プレゼント*
*開催期間中、初回ログインで「聖晶石×20」をプレゼント！*
`聖晶石 X 20
`_2024-01-31 19:40:13_
--------
*a602c44e0f8456741b30f0caf4753a39*
`登陆天数: 23天 / 1436天
等级: 143
石头: 482
呼符: 0
体力: 45.70666666666666 / 141
友情点: 0 / 917385`
*連続ログイン2日目
※ログインが途切れるか、7日到達すると
1日目から再開されます*
`聖晶石 X 1
2月交換券(2024) X 1
`*「Fate/stay night」20周年記念
7万リポスト達成プレゼント*
*開催期間中、初回ログインで「聖晶石×20」をプレゼント！*
`聖晶石 X 20
`_2024-01-31 19:40:22_
--------
