【登录信息】
*b5e6a05282bde158c1ffe9d4d9788373*
`登陆天数: 24天 / 1435天
等级: 125
石头: 867
呼符: 26
体力: 80156.79333333333 / 137
友情点: 0 / 1194815`
*連続ログイン3日目
※ログインが途切れるか、7日到達すると
1日目から再開されます*
`叡智の業火 X 1
2月交換券(2024) X 1
`*日替りログインボーナス*
*開催期間中、1日1回 2週間日替りでログインボーナスをプレゼント！*
`聖晶石 X 1
巡霊の葉 X 50
`_2024-02-01 19:38:07_
--------
*eb20c8954ecb148daacdac59c3a0b2e8*
`登陆天数: 24天 / 1418天
等级: 125
石头: 933
呼符: 60
体力: 51886.10666666667 / 137
友情点: 0 / 1196045`
*連続ログイン3日目
※ログインが途切れるか、7日到達すると
1日目から再開されます*
`叡智の業火 X 1
2月交換券(2024) X 1
`*日替りログインボーナス*
*開催期間中、1日1回 2週間日替りでログインボーナスをプレゼント！*
`聖晶石 X 1
巡霊の葉 X 50
`_2024-02-01 19:38:16_
--------
*620476f0f61795fd355f2a9e3fb24e54*
`登陆天数: 24天 / 1485天
等级: 125
石头: 2
呼符: 1
体力: 80862.78 / 137
友情点: 0 / 1191295`
*連続ログイン3日目
※ログインが途切れるか、7日到達すると
1日目から再開されます*
`叡智の業火 X 1
2月交換券(2024) X 1
`*日替りログインボーナス*
*開催期間中、1日1回 2週間日替りでログインボーナスをプレゼント！*
`聖晶石 X 1
巡霊の葉 X 50
`_2024-02-01 19:38:26_
--------
*8a4af26995de6f135fbb0fdafa2e0424*
`登陆天数: 24天 / 1463天
等级: 125
石头: 595
呼符: 48
体力: 80579.04666666666 / 137
友情点: 0 / 1180525`
*連続ログイン3日目
※ログインが途切れるか、7日到達すると
1日目から再開されます*
`叡智の業火 X 1
2月交換券(2024) X 1
`*日替りログインボーナス*
*開催期間中、1日1回 2週間日替りでログインボーナスをプレゼント！*
`聖晶石 X 1
巡霊の葉 X 50
`_2024-02-01 19:38:35_
--------
*69a508b93367b043329d175aca01015e*
`登陆天数: 24天 / 1301天
等级: 125
石头: 764
呼符: 56
体力: 123715.05666666667 / 137
友情点: 0 / 945575`
*連続ログイン3日目
※ログインが途切れるか、7日到達すると
1日目から再開されます*
`叡智の業火 X 1
2月交換券(2024) X 1
`*日替りログインボーナス*
*開催期間中、1日1回 2週間日替りでログインボーナスをプレゼント！*
`聖晶石 X 1
巡霊の葉 X 50
`_2024-02-01 19:38:44_
--------
*05c7889868efad05a84b961c94cc9b2c*
`登陆天数: 24天 / 1516天
等级: 125
石头: 1222
呼符: 47
体力: 92801.07666666666 / 137
友情点: 0 / 1138815`
*連続ログイン3日目
※ログインが途切れるか、7日到達すると
1日目から再開されます*
`叡智の業火 X 1
2月交換券(2024) X 1
`*日替りログインボーナス*
*開催期間中、1日1回 2週間日替りでログインボーナスをプレゼント！*
`聖晶石 X 1
巡霊の葉 X 50
`_2024-02-01 19:38:53_
--------
*41c8ea3cfa831059a6c57fddf5a2e62d*
`登陆天数: 24天 / 1470天
等级: 125
石头: 436
呼符: 20
体力: 635.7933333333333 / 137
友情点: 0 / 747875`
*連続ログイン3日目
※ログインが途切れるか、7日到達すると
1日目から再開されます*
`叡智の業火 X 1
2月交換券(2024) X 1
`*日替りログインボーナス*
*開催期間中、1日1回 2週間日替りでログインボーナスをプレゼント！*
`聖晶石 X 1
巡霊の葉 X 50
`_2024-02-01 19:39:02_
--------
*790b887791ca4de4345ea61d5bd657e4*
`登陆天数: 24天 / 1471天
等级: 125
石头: 107
呼符: 62
体力: 80154.24333333333 / 137
友情点: 0 / 903305`
*連続ログイン3日目
※ログインが途切れるか、7日到達すると
1日目から再開されます*
`叡智の業火 X 1
2月交換券(2024) X 1
`*日替りログインボーナス*
*開催期間中、1日1回 2週間日替りでログインボーナスをプレゼント！*
`聖晶石 X 1
巡霊の葉 X 50
`_2024-02-01 19:39:12_
--------
*82f6295e189793da0ef43b4029c85eca*
`登陆天数: 24天 / 1522天
等级: 126
石头: 401
呼符: 24
体力: 44857.83 / 137
友情点: 60 / 433320`
*連続ログイン3日目
※ログインが途切れるか、7日到達すると
1日目から再開されます*
`叡智の業火 X 1
2月交換券(2024) X 1
`*日替りログインボーナス*
*開催期間中、1日1回 2週間日替りでログインボーナスをプレゼント！*
`聖晶石 X 1
巡霊の葉 X 50
`_2024-02-01 19:39:24_
--------
*47f309e11f595c830d1447d77b47d8a0*
`登陆天数: 24天 / 1486天
等级: 126
石头: 215
呼符: 29
体力: 48286.10333333333 / 137
友情点: 50 / 1180685`
*連続ログイン3日目
※ログインが途切れるか、7日到達すると
1日目から再開されます*
`叡智の業火 X 1
2月交換券(2024) X 1
`*日替りログインボーナス*
*開催期間中、1日1回 2週間日替りでログインボーナスをプレゼント！*
`聖晶石 X 1
巡霊の葉 X 50
`_2024-02-01 19:39:37_
--------
*7686ae2a105ec6cc5551581fc7487546*
`登陆天数: 24天 / 1528天
等级: 127
石头: 318
呼符: 31
体力: 82727.79 / 137
友情点: 0 / 1191410`
*連続ログイン3日目
※ログインが途切れるか、7日到達すると
1日目から再開されます*
`叡智の業火 X 1
2月交換券(2024) X 1
`*日替りログインボーナス*
*開催期間中、1日1回 2週間日替りでログインボーナスをプレゼント！*
`聖晶石 X 1
巡霊の葉 X 50
`_2024-02-01 19:39:45_
--------
*dcf734638b8334ef199302253a06e093*
`登陆天数: 24天 / 1408天
等级: 125
石头: 621
呼符: 29
体力: 48780.64 / 137
友情点: 0 / 1087050`
*連続ログイン3日目
※ログインが途切れるか、7日到達すると
1日目から再開されます*
`叡智の業火 X 1
2月交換券(2024) X 1
`*日替りログインボーナス*
*開催期間中、1日1回 2週間日替りでログインボーナスをプレゼント！*
`聖晶石 X 1
巡霊の葉 X 50
`_2024-02-01 19:39:54_
--------
*47f309e11f595c830d1447d77b47d8a0*
`登陆天数: 24天 / 1504天
等级: 126
石头: 861
呼符: 24
体力: 46735.72666666667 / 137
友情点: 20 / 1033860`
*連続ログイン3日目
※ログインが途切れるか、7日到達すると
1日目から再開されます*
`叡智の業火 X 1
2月交換券(2024) X 1
`*日替りログインボーナス*
*開催期間中、1日1回 2週間日替りでログインボーナスをプレゼント！*
`聖晶石 X 1
巡霊の葉 X 50
`_2024-02-01 19:40:03_
--------
*a602c44e0f8456741b30f0caf4753a39*
`登陆天数: 24天 / 1437天
等级: 143
石头: 486
呼符: 0
体力: 145.19333333333333 / 141
友情点: 0 / 918275`
*連続ログイン3日目
※ログインが途切れるか、7日到達すると
1日目から再開されます*
`叡智の業火 X 1
2月交換券(2024) X 1
`*日替りログインボーナス*
*開催期間中、1日1回 2週間日替りでログインボーナスをプレゼント！*
`聖晶石 X 1
巡霊の葉 X 50
`_2024-02-01 19:40:13_
--------
