【登录信息】
*b5e6a05282bde158c1ffe9d4d9788373*
`登陆天数: 25天 / 1436天
等级: 125
石头: 867
呼符: 26
体力: 80444.87 / 137
友情点: 0 / 1194815`
*連続ログイン4日目
※ログインが途切れるか、7日到達すると
1日目から再開されます*
`聖晶石 X 1
2月交換券(2024) X 1
`*日替りログインボーナス*
*開催期間中、1日1回 2週間日替りでログインボーナスをプレゼント！*
`巡霊の葉 X 30
`_2024-02-02 19:38:30_
--------
*eb20c8954ecb148daacdac59c3a0b2e8*
`登陆天数: 25天 / 1419天
等级: 125
石头: 933
呼符: 60
体力: 52174.183333333334 / 137
友情点: 0 / 1196045`
*連続ログイン4日目
※ログインが途切れるか、7日到達すると
1日目から再開されます*
`聖晶石 X 1
2月交換券(2024) X 1
`*日替りログインボーナス*
*開催期間中、1日1回 2週間日替りでログインボーナスをプレゼント！*
`巡霊の葉 X 30
`_2024-02-02 19:38:39_
--------
*620476f0f61795fd355f2a9e3fb24e54*
`登陆天数: 25天 / 1486天
等级: 125
石头: 2
呼符: 1
体力: 81150.85666666667 / 137
友情点: 0 / 1191295`
*連続ログイン4日目
※ログインが途切れるか、7日到達すると
1日目から再開されます*
`聖晶石 X 1
2月交換券(2024) X 1
`*日替りログインボーナス*
*開催期間中、1日1回 2週間日替りでログインボーナスをプレゼント！*
`巡霊の葉 X 30
`_2024-02-02 19:38:48_
--------
*8a4af26995de6f135fbb0fdafa2e0424*
`登陆天数: 25天 / 1464天
等级: 125
石头: 595
呼符: 48
体力: 80867.11666666667 / 137
友情点: 0 / 1180525`
*連続ログイン4日目
※ログインが途切れるか、7日到達すると
1日目から再開されます*
`聖晶石 X 1
2月交換券(2024) X 1
`*日替りログインボーナス*
*開催期間中、1日1回 2週間日替りでログインボーナスをプレゼント！*
`巡霊の葉 X 30
`_2024-02-02 19:38:57_
--------
*69a508b93367b043329d175aca01015e*
`登陆天数: 25天 / 1302天
等级: 125
石头: 764
呼符: 56
体力: 124003.12666666666 / 137
友情点: 0 / 945575`
*連続ログイン4日目
※ログインが途切れるか、7日到達すると
1日目から再開されます*
`聖晶石 X 1
2月交換券(2024) X 1
`*日替りログインボーナス*
*開催期間中、1日1回 2週間日替りでログインボーナスをプレゼント！*
`巡霊の葉 X 30
`_2024-02-02 19:39:06_
--------
*05c7889868efad05a84b961c94cc9b2c*
`登陆天数: 25天 / 1517天
等级: 125
石头: 1222
呼符: 47
体力: 93089.14666666667 / 137
友情点: 0 / 1138815`
*連続ログイン4日目
※ログインが途切れるか、7日到達すると
1日目から再開されます*
`聖晶石 X 1
2月交換券(2024) X 1
`*日替りログインボーナス*
*開催期間中、1日1回 2週間日替りでログインボーナスをプレゼント！*
`巡霊の葉 X 30
`_2024-02-02 19:39:14_
--------
*41c8ea3cfa831059a6c57fddf5a2e62d*
`登陆天数: 25天 / 1471天
等级: 125
石头: 436
呼符: 20
体力: 923.8633333333333 / 137
友情点: 0 / 747875`
*連続ログイン4日目
※ログインが途切れるか、7日到達すると
1日目から再開されます*
`聖晶石 X 1
2月交換券(2024) X 1
`*日替りログインボーナス*
*開催期間中、1日1回 2週間日替りでログインボーナスをプレゼント！*
`巡霊の葉 X 30
`_2024-02-02 19:39:23_
--------
*790b887791ca4de4345ea61d5bd657e4*
`登陆天数: 25天 / 1472天
等级: 125
石头: 107
呼符: 62
体力: 80442.31 / 137
友情点: 0 / 903305`
*連続ログイン4日目
※ログインが途切れるか、7日到達すると
1日目から再開されます*
`聖晶石 X 1
2月交換券(2024) X 1
`*日替りログインボーナス*
*開催期間中、1日1回 2週間日替りでログインボーナスをプレゼント！*
`巡霊の葉 X 30
`_2024-02-02 19:39:32_
--------
*82f6295e189793da0ef43b4029c85eca*
`登陆天数: 25天 / 1523天
等级: 126
石头: 401
呼符: 24
体力: 45145.89333333333 / 137
友情点: 20 / 433340`
*連続ログイン4日目
※ログインが途切れるか、7日到達すると
1日目から再開されます*
`聖晶石 X 1
2月交換券(2024) X 1
`*日替りログインボーナス*
*開催期間中、1日1回 2週間日替りでログインボーナスをプレゼント！*
`巡霊の葉 X 30
`_2024-02-02 19:39:44_
--------
*47f309e11f595c830d1447d77b47d8a0*
`登陆天数: 25天 / 1487天
等级: 126
石头: 215
呼符: 29
体力: 48574.17 / 137
友情点: 70 / 1180755`
*連続ログイン4日目
※ログインが途切れるか、7日到達すると
1日目から再開されます*
`聖晶石 X 1
2月交換券(2024) X 1
`*日替りログインボーナス*
*開催期間中、1日1回 2週間日替りでログインボーナスをプレゼント！*
`巡霊の葉 X 30
`_2024-02-02 19:39:57_
--------
*7686ae2a105ec6cc5551581fc7487546*
`登陆天数: 25天 / 1529天
等级: 127
石头: 318
呼符: 31
体力: 83015.85666666667 / 137
友情点: 0 / 1191410`
*連続ログイン4日目
※ログインが途切れるか、7日到達すると
1日目から再開されます*
`聖晶石 X 1
2月交換券(2024) X 1
`*日替りログインボーナス*
*開催期間中、1日1回 2週間日替りでログインボーナスをプレゼント！*
`巡霊の葉 X 30
`_2024-02-02 19:40:05_
--------
*dcf734638b8334ef199302253a06e093*
`登陆天数: 25天 / 1409天
等级: 125
石头: 621
呼符: 29
体力: 49068.706666666665 / 137
友情点: 0 / 1087050`
*連続ログイン4日目
※ログインが途切れるか、7日到達すると
1日目から再開されます*
`聖晶石 X 1
2月交換券(2024) X 1
`*日替りログインボーナス*
*開催期間中、1日1回 2週間日替りでログインボーナスをプレゼント！*
`巡霊の葉 X 30
`_2024-02-02 19:40:13_
--------
*47f309e11f595c830d1447d77b47d8a0*
`登陆天数: 25天 / 1505天
等级: 126
石头: 861
呼符: 24
体力: 47023.79 / 137
友情点: 40 / 1033900`
*連続ログイン4日目
※ログインが途切れるか、7日到達すると
1日目から再開されます*
`聖晶石 X 1
2月交換券(2024) X 1
`*日替りログインボーナス*
*開催期間中、1日1回 2週間日替りでログインボーナスをプレゼント！*
`巡霊の葉 X 30
`_2024-02-02 19:40:22_
--------
*a602c44e0f8456741b30f0caf4753a39*
`登陆天数: 25天 / 1438天
等级: 143
石头: 486
呼符: 0
体力: 433.25666666666666 / 141
友情点: 65 / 918340`
*連続ログイン4日目
※ログインが途切れるか、7日到達すると
1日目から再開されます*
`聖晶石 X 1
2月交換券(2024) X 1
`*日替りログインボーナス*
*開催期間中、1日1回 2週間日替りでログインボーナスをプレゼント！*
`巡霊の葉 X 30
`_2024-02-02 19:40:31_
--------
