【登录信息】
*b5e6a05282bde158c1ffe9d4d9788373*
`登陆天数: 26天 / 1437天
等级: 125
石头: 867
呼符: 26
体力: 80732.79333333333 / 137
友情点: 0 / 1194815`
*連続ログイン5日目
※ログインが途切れるか、7日到達すると
1日目から再開されます*
`叡智の業火 X 2
2月交換券(2024) X 1
`*日替りログインボーナス*
*開催期間中、1日1回 2週間日替りでログインボーナスをプレゼント！*
`巡霊の葉 X 30
`_2024-02-03 19:38:07_
--------
*eb20c8954ecb148daacdac59c3a0b2e8*
`登陆天数: 26天 / 1420天
等级: 125
石头: 933
呼符: 60
体力: 52462.10666666667 / 137
友情点: 0 / 1196045`
*連続ログイン5日目
※ログインが途切れるか、7日到達すると
1日目から再開されます*
`叡智の業火 X 2
2月交換券(2024) X 1
`*日替りログインボーナス*
*開催期間中、1日1回 2週間日替りでログインボーナスをプレゼント！*
`巡霊の葉 X 30
`_2024-02-03 19:38:16_
--------
*620476f0f61795fd355f2a9e3fb24e54*
`登陆天数: 26天 / 1487天
等级: 125
石头: 2
呼符: 1
体力: 81438.78 / 137
友情点: 0 / 1191295`
*連続ログイン5日目
※ログインが途切れるか、7日到達すると
1日目から再開されます*
`叡智の業火 X 2
2月交換券(2024) X 1
`*日替りログインボーナス*
*開催期間中、1日1回 2週間日替りでログインボーナスをプレゼント！*
`巡霊の葉 X 30
`_2024-02-03 19:38:25_
--------
*8a4af26995de6f135fbb0fdafa2e0424*
`登陆天数: 26天 / 1465天
等级: 125
石头: 595
呼符: 48
体力: 81155.04333333333 / 137
友情点: 0 / 1180525`
*連続ログイン5日目
※ログインが途切れるか、7日到達すると
1日目から再開されます*
`叡智の業火 X 2
2月交換券(2024) X 1
`*日替りログインボーナス*
*開催期間中、1日1回 2週間日替りでログインボーナスをプレゼント！*
`巡霊の葉 X 30
`_2024-02-03 19:38:34_
--------
*69a508b93367b043329d175aca01015e*
`登陆天数: 26天 / 1303天
等级: 125
石头: 764
呼符: 56
体力: 124291.05 / 137
友情点: 0 / 945575`
*連続ログイン5日目
※ログインが途切れるか、7日到達すると
1日目から再開されます*
`叡智の業火 X 2
2月交換券(2024) X 1
`*日替りログインボーナス*
*開催期間中、1日1回 2週間日替りでログインボーナスをプレゼント！*
`巡霊の葉 X 30
`_2024-02-03 19:38:43_
--------
*05c7889868efad05a84b961c94cc9b2c*
`登陆天数: 26天 / 1518天
等级: 125
石头: 1222
呼符: 47
体力: 93377.07 / 137
友情点: 0 / 1138815`
*連続ログイン5日目
※ログインが途切れるか、7日到達すると
1日目から再開されます*
`叡智の業火 X 2
2月交換券(2024) X 1
`*日替りログインボーナス*
*開催期間中、1日1回 2週間日替りでログインボーナスをプレゼント！*
`巡霊の葉 X 30
`_2024-02-03 19:38:51_
--------
*41c8ea3cfa831059a6c57fddf5a2e62d*
`登陆天数: 26天 / 1472天
等级: 125
石头: 436
呼符: 20
体力: 1211.7866666666666 / 137
友情点: 0 / 747875`
*連続ログイン5日目
※ログインが途切れるか、7日到達すると
1日目から再開されます*
`叡智の業火 X 2
2月交換券(2024) X 1
`*日替りログインボーナス*
*開催期間中、1日1回 2週間日替りでログインボーナスをプレゼント！*
`巡霊の葉 X 30
`_2024-02-03 19:39:00_
--------
*790b887791ca4de4345ea61d5bd657e4*
`登陆天数: 26天 / 1473天
等级: 125
石头: 107
呼符: 62
体力: 80730.23333333334 / 137
友情点: 0 / 903305`
*連続ログイン5日目
※ログインが途切れるか、7日到達すると
1日目から再開されます*
`叡智の業火 X 2
2月交換券(2024) X 1
`*日替りログインボーナス*
*開催期間中、1日1回 2週間日替りでログインボーナスをプレゼント！*
`巡霊の葉 X 30
`_2024-02-03 19:39:09_
--------
*82f6295e189793da0ef43b4029c85eca*
`登陆天数: 26天 / 1524天
等级: 126
石头: 401
呼符: 24
体力: 45433.82 / 137
友情点: 30 / 433370`
*連続ログイン5日目
※ログインが途切れるか、7日到達すると
1日目から再開されます*
`叡智の業火 X 2
2月交換券(2024) X 1
`*日替りログインボーナス*
*開催期間中、1日1回 2週間日替りでログインボーナスをプレゼント！*
`巡霊の葉 X 30
`_2024-02-03 19:39:21_
--------
*47f309e11f595c830d1447d77b47d8a0*
`登陆天数: 26天 / 1488天
等级: 126
石头: 215
呼符: 29
体力: 48862.09333333333 / 137
友情点: 100 / 1180855`
*連続ログイン5日目
※ログインが途切れるか、7日到達すると
1日目から再開されます*
`叡智の業火 X 2
2月交換券(2024) X 1
`*日替りログインボーナス*
*開催期間中、1日1回 2週間日替りでログインボーナスをプレゼント！*
`巡霊の葉 X 30
`_2024-02-03 19:39:34_
--------
*7686ae2a105ec6cc5551581fc7487546*
`登陆天数: 26天 / 1530天
等级: 127
石头: 318
呼符: 31
体力: 83303.78 / 137
友情点: 0 / 1191410`
*連続ログイン5日目
※ログインが途切れるか、7日到達すると
1日目から再開されます*
`叡智の業火 X 2
2月交換券(2024) X 1
`*日替りログインボーナス*
*開催期間中、1日1回 2週間日替りでログインボーナスをプレゼント！*
`巡霊の葉 X 30
`_2024-02-03 19:39:42_
--------
*dcf734638b8334ef199302253a06e093*
`登陆天数: 26天 / 1410天
等级: 125
石头: 621
呼符: 29
体力: 49356.63333333333 / 137
友情点: 0 / 1087050`
*連続ログイン5日目
※ログインが途切れるか、7日到達すると
1日目から再開されます*
`叡智の業火 X 2
2月交換券(2024) X 1
`*日替りログインボーナス*
*開催期間中、1日1回 2週間日替りでログインボーナスをプレゼント！*
`巡霊の葉 X 30
`_2024-02-03 19:39:51_
--------
*47f309e11f595c830d1447d77b47d8a0*
`登陆天数: 26天 / 1506天
等级: 126
石头: 861
呼符: 24
体力: 47311.71333333333 / 137
友情点: 60 / 1033960`
*連続ログイン5日目
※ログインが途切れるか、7日到達すると
1日目から再開されます*
`叡智の業火 X 2
2月交換券(2024) X 1
`*日替りログインボーナス*
*開催期間中、1日1回 2週間日替りでログインボーナスをプレゼント！*
`巡霊の葉 X 30
`_2024-02-03 19:40:00_
--------
*a602c44e0f8456741b30f0caf4753a39*
`登陆天数: 26天 / 1439天
等级: 143
石头: 488
呼符: 0
体力: 72.9 / 141
友情点: 55 / 918865`
*連続ログイン5日目
※ログインが途切れるか、7日到達すると
1日目から再開されます*
`叡智の業火 X 2
2月交換券(2024) X 1
`*日替りログインボーナス*
*開催期間中、1日1回 2週間日替りでログインボーナスをプレゼント！*
`巡霊の葉 X 30
`_2024-02-03 19:40:09_
--------
