【登录信息】
*b5e6a05282bde158c1ffe9d4d9788373*
`登陆天数: 27天 / 1438天
等级: 125
石头: 867
呼符: 26
体力: 81020.86333333333 / 137
友情点: 0 / 1194815`
*連続ログイン6日目
※ログインが途切れるか、7日到達すると
1日目から再開されます*
`聖晶石 X 2
2月交換券(2024) X 1
`*日替りログインボーナス*
*開催期間中、1日1回 2週間日替りでログインボーナスをプレゼント！*
`聖晶石 X 1
巡霊の葉 X 80
`_2024-02-04 19:38:29_
--------
*eb20c8954ecb148daacdac59c3a0b2e8*
`登陆天数: 27天 / 1421天
等级: 125
石头: 933
呼符: 60
体力: 52750.176666666666 / 137
友情点: 0 / 1196045`
*連続ログイン6日目
※ログインが途切れるか、7日到達すると
1日目から再開されます*
`聖晶石 X 2
2月交換券(2024) X 1
`*日替りログインボーナス*
*開催期間中、1日1回 2週間日替りでログインボーナスをプレゼント！*
`聖晶石 X 1
巡霊の葉 X 80
`_2024-02-04 19:38:38_
--------
*620476f0f61795fd355f2a9e3fb24e54*
`登陆天数: 27天 / 1488天
等级: 125
石头: 2
呼符: 1
体力: 81726.85 / 137
友情点: 0 / 1191295`
*連続ログイン6日目
※ログインが途切れるか、7日到達すると
1日目から再開されます*
`聖晶石 X 2
2月交換券(2024) X 1
`*日替りログインボーナス*
*開催期間中、1日1回 2週間日替りでログインボーナスをプレゼント！*
`聖晶石 X 1
巡霊の葉 X 80
`_2024-02-04 19:38:46_
--------
*8a4af26995de6f135fbb0fdafa2e0424*
`登陆天数: 27天 / 1466天
等级: 125
石头: 595
呼符: 48
体力: 81443.11 / 137
友情点: 0 / 1180525`
*連続ログイン6日目
※ログインが途切れるか、7日到達すると
1日目から再開されます*
`聖晶石 X 2
2月交換券(2024) X 1
`*日替りログインボーナス*
*開催期間中、1日1回 2週間日替りでログインボーナスをプレゼント！*
`聖晶石 X 1
巡霊の葉 X 80
`_2024-02-04 19:38:55_
--------
*69a508b93367b043329d175aca01015e*
`登陆天数: 27天 / 1304天
等级: 125
石头: 764
呼符: 56
体力: 124579.12 / 137
友情点: 0 / 945575`
*連続ログイン6日目
※ログインが途切れるか、7日到達すると
1日目から再開されます*
`聖晶石 X 2
2月交換券(2024) X 1
`*日替りログインボーナス*
*開催期間中、1日1回 2週間日替りでログインボーナスをプレゼント！*
`聖晶石 X 1
巡霊の葉 X 80
`_2024-02-04 19:39:03_
--------
*05c7889868efad05a84b961c94cc9b2c*
`登陆天数: 27天 / 1519天
等级: 125
石头: 1222
呼符: 47
体力: 93665.14 / 137
友情点: 0 / 1138815`
*連続ログイン6日目
※ログインが途切れるか、7日到達すると
1日目から再開されます*
`聖晶石 X 2
2月交換券(2024) X 1
`*日替りログインボーナス*
*開催期間中、1日1回 2週間日替りでログインボーナスをプレゼント！*
`聖晶石 X 1
巡霊の葉 X 80
`_2024-02-04 19:39:12_
--------
*41c8ea3cfa831059a6c57fddf5a2e62d*
`登陆天数: 27天 / 1473天
等级: 125
石头: 436
呼符: 20
体力: 1499.8533333333332 / 137
友情点: 0 / 747875`
*連続ログイン6日目
※ログインが途切れるか、7日到達すると
1日目から再開されます*
`聖晶石 X 2
2月交換券(2024) X 1
`*日替りログインボーナス*
*開催期間中、1日1回 2週間日替りでログインボーナスをプレゼント！*
`聖晶石 X 1
巡霊の葉 X 80
`_2024-02-04 19:39:20_
--------
*790b887791ca4de4345ea61d5bd657e4*
`登陆天数: 27天 / 1474天
等级: 125
石头: 107
呼符: 62
体力: 81018.3 / 137
友情点: 0 / 903305`
*連続ログイン6日目
※ログインが途切れるか、7日到達すると
1日目から再開されます*
`聖晶石 X 2
2月交換券(2024) X 1
`*日替りログインボーナス*
*開催期間中、1日1回 2週間日替りでログインボーナスをプレゼント！*
`聖晶石 X 1
巡霊の葉 X 80
`_2024-02-04 19:39:29_
--------
*82f6295e189793da0ef43b4029c85eca*
`登陆天数: 27天 / 1525天
等级: 126
石头: 401
呼符: 24
体力: 45721.886666666665 / 137
友情点: 130 / 433500`
*連続ログイン6日目
※ログインが途切れるか、7日到達すると
1日目から再開されます*
`聖晶石 X 2
2月交換券(2024) X 1
`*日替りログインボーナス*
*開催期間中、1日1回 2週間日替りでログインボーナスをプレゼント！*
`聖晶石 X 1
巡霊の葉 X 80
`_2024-02-04 19:39:42_
--------
*47f309e11f595c830d1447d77b47d8a0*
`登陆天数: 27天 / 1489天
等级: 126
石头: 215
呼符: 29
体力: 49150.15666666667 / 137
友情点: 50 / 1180905`
*連続ログイン6日目
※ログインが途切れるか、7日到達すると
1日目から再開されます*
`聖晶石 X 2
2月交換券(2024) X 1
`*日替りログインボーナス*
*開催期間中、1日1回 2週間日替りでログインボーナスをプレゼント！*
`聖晶石 X 1
巡霊の葉 X 80
`_2024-02-04 19:39:54_
--------
*7686ae2a105ec6cc5551581fc7487546*
`登陆天数: 27天 / 1531天
等级: 127
石头: 318
呼符: 31
体力: 83591.84666666666 / 137
友情点: 0 / 1191410`
*連続ログイン6日目
※ログインが途切れるか、7日到達すると
1日目から再開されます*
`聖晶石 X 2
2月交換券(2024) X 1
`*日替りログインボーナス*
*開催期間中、1日1回 2週間日替りでログインボーナスをプレゼント！*
`聖晶石 X 1
巡霊の葉 X 80
`_2024-02-04 19:40:02_
--------
*dcf734638b8334ef199302253a06e093*
`登陆天数: 27天 / 1411天
等级: 125
石头: 621
呼符: 29
体力: 49644.693333333336 / 137
友情点: 0 / 1087050`
*連続ログイン6日目
※ログインが途切れるか、7日到達すると
1日目から再開されます*
`聖晶石 X 2
2月交換券(2024) X 1
`*日替りログインボーナス*
*開催期間中、1日1回 2週間日替りでログインボーナスをプレゼント！*
`聖晶石 X 1
巡霊の葉 X 80
`_2024-02-04 19:40:10_
--------
*47f309e11f595c830d1447d77b47d8a0*
`登陆天数: 27天 / 1507天
等级: 126
石头: 861
呼符: 24
体力: 47599.77333333333 / 137
友情点: 100 / 1034060`
*連続ログイン6日目
※ログインが途切れるか、7日到達すると
1日目から再開されます*
`聖晶石 X 2
2月交換券(2024) X 1
`*日替りログインボーナス*
*開催期間中、1日1回 2週間日替りでログインボーナスをプレゼント！*
`聖晶石 X 1
巡霊の葉 X 80
`_2024-02-04 19:40:18_
--------
*a602c44e0f8456741b30f0caf4753a39*
`登陆天数: 27天 / 1440天
等级: 143
石头: 560
呼符: 2
体力: 52.80666666666667 / 141
友情点: 25 / 921095`
*連続ログイン6日目
※ログインが途切れるか、7日到達すると
1日目から再開されます*
`聖晶石 X 2
2月交換券(2024) X 1
`*日替りログインボーナス*
*開催期間中、1日1回 2週間日替りでログインボーナスをプレゼント！*
`聖晶石 X 1
巡霊の葉 X 80
`_2024-02-04 19:40:26_
--------
