【登录信息】
*b5e6a05282bde158c1ffe9d4d9788373*
`登陆天数: 29天 / 1440天
等级: 125
石头: 867
呼符: 26
体力: 81596.84333333334 / 137
友情点: 0 / 1194815`
*連続ログイン1日目
※ログインが途切れるか、7日到達すると
1日目から再開されます*
`フレンドポイント X 2000
2月交換券(2024) X 1
`*盈月剣風帖開幕記念 ログインボーナス*
*開催期間中、1日1回 最大21回ログインボーナスをプレゼント！*
`白銀の果実 X 1
`_2024-02-06 19:38:23_
--------
*eb20c8954ecb148daacdac59c3a0b2e8*
`登陆天数: 29天 / 1423天
等级: 125
石头: 933
呼符: 60
体力: 53326.15666666667 / 137
友情点: 0 / 1196045`
*連続ログイン1日目
※ログインが途切れるか、7日到達すると
1日目から再開されます*
`フレンドポイント X 2000
2月交換券(2024) X 1
`*盈月剣風帖開幕記念 ログインボーナス*
*開催期間中、1日1回 最大21回ログインボーナスをプレゼント！*
`白銀の果実 X 1
`_2024-02-06 19:38:32_
--------
*620476f0f61795fd355f2a9e3fb24e54*
`登陆天数: 29天 / 1490天
等级: 125
石头: 2
呼符: 1
体力: 82302.83 / 137
友情点: 0 / 1191295`
*連続ログイン1日目
※ログインが途切れるか、7日到達すると
1日目から再開されます*
`フレンドポイント X 2000
2月交換券(2024) X 1
`*盈月剣風帖開幕記念 ログインボーナス*
*開催期間中、1日1回 最大21回ログインボーナスをプレゼント！*
`白銀の果実 X 1
`_2024-02-06 19:38:40_
--------
*8a4af26995de6f135fbb0fdafa2e0424*
`登陆天数: 29天 / 1468天
等级: 125
石头: 595
呼符: 48
体力: 82019.09 / 137
友情点: 0 / 1180525`
*連続ログイン1日目
※ログインが途切れるか、7日到達すると
1日目から再開されます*
`フレンドポイント X 2000
2月交換券(2024) X 1
`*盈月剣風帖開幕記念 ログインボーナス*
*開催期間中、1日1回 最大21回ログインボーナスをプレゼント！*
`白銀の果実 X 1
`_2024-02-06 19:38:49_
--------
*69a508b93367b043329d175aca01015e*
`登陆天数: 29天 / 1306天
等级: 125
石头: 764
呼符: 56
体力: 125155.1 / 137
友情点: 0 / 945575`
*連続ログイン1日目
※ログインが途切れるか、7日到達すると
1日目から再開されます*
`フレンドポイント X 2000
2月交換券(2024) X 1
`*盈月剣風帖開幕記念 ログインボーナス*
*開催期間中、1日1回 最大21回ログインボーナスをプレゼント！*
`白銀の果実 X 1
`_2024-02-06 19:38:58_
--------
*05c7889868efad05a84b961c94cc9b2c*
`登陆天数: 29天 / 1521天
等级: 125
石头: 1222
呼符: 47
体力: 94241.12 / 137
友情点: 0 / 1138815`
*連続ログイン1日目
※ログインが途切れるか、7日到達すると
1日目から再開されます*
`フレンドポイント X 2000
2月交換券(2024) X 1
`*盈月剣風帖開幕記念 ログインボーナス*
*開催期間中、1日1回 最大21回ログインボーナスをプレゼント！*
`白銀の果実 X 1
`_2024-02-06 19:39:06_
--------
*41c8ea3cfa831059a6c57fddf5a2e62d*
`登陆天数: 29天 / 1475天
等级: 125
石头: 436
呼符: 20
体力: 2075.833333333333 / 137
友情点: 0 / 747875`
*連続ログイン1日目
※ログインが途切れるか、7日到達すると
1日目から再開されます*
`フレンドポイント X 2000
2月交換券(2024) X 1
`*盈月剣風帖開幕記念 ログインボーナス*
*開催期間中、1日1回 最大21回ログインボーナスをプレゼント！*
`白銀の果実 X 1
`_2024-02-06 19:39:14_
--------
*790b887791ca4de4345ea61d5bd657e4*
`登陆天数: 29天 / 1476天
等级: 125
石头: 107
呼符: 62
体力: 81594.28333333334 / 137
友情点: 0 / 903305`
*連続ログイン1日目
※ログインが途切れるか、7日到達すると
1日目から再開されます*
`フレンドポイント X 2000
2月交換券(2024) X 1
`*盈月剣風帖開幕記念 ログインボーナス*
*開催期間中、1日1回 最大21回ログインボーナスをプレゼント！*
`白銀の果実 X 1
`_2024-02-06 19:39:23_
--------
*82f6295e189793da0ef43b4029c85eca*
`登陆天数: 29天 / 1527天
等级: 126
石头: 401
呼符: 24
体力: 46297.86666666667 / 137
友情点: 70 / 433800`
*連続ログイン1日目
※ログインが途切れるか、7日到達すると
1日目から再開されます*
`フレンドポイント X 2000
2月交換券(2024) X 1
`*盈月剣風帖開幕記念 ログインボーナス*
*開催期間中、1日1回 最大21回ログインボーナスをプレゼント！*
`白銀の果実 X 1
`_2024-02-06 19:39:36_
--------
*47f309e11f595c830d1447d77b47d8a0*
`登陆天数: 29天 / 1491天
等级: 126
石头: 215
呼符: 29
体力: 49726.14 / 137
友情点: 110 / 1181055`
*連続ログイン1日目
※ログインが途切れるか、7日到達すると
1日目から再開されます*
`フレンドポイント X 2000
2月交換券(2024) X 1
`*盈月剣風帖開幕記念 ログインボーナス*
*開催期間中、1日1回 最大21回ログインボーナスをプレゼント！*
`白銀の果実 X 1
`_2024-02-06 19:39:48_
--------
*7686ae2a105ec6cc5551581fc7487546*
`登陆天数: 29天 / 1533天
等级: 127
石头: 318
呼符: 31
体力: 84167.82666666666 / 137
友情点: 0 / 1191410`
*連続ログイン1日目
※ログインが途切れるか、7日到達すると
1日目から再開されます*
`フレンドポイント X 2000
2月交換券(2024) X 1
`*盈月剣風帖開幕記念 ログインボーナス*
*開催期間中、1日1回 最大21回ログインボーナスをプレゼント！*
`白銀の果実 X 1
`_2024-02-06 19:39:56_
--------
*dcf734638b8334ef199302253a06e093*
`登陆天数: 29天 / 1413天
等级: 125
石头: 621
呼符: 29
体力: 50220.67333333333 / 137
友情点: 0 / 1087050`
*連続ログイン1日目
※ログインが途切れるか、7日到達すると
1日目から再開されます*
`フレンドポイント X 2000
2月交換券(2024) X 1
`*盈月剣風帖開幕記念 ログインボーナス*
*開催期間中、1日1回 最大21回ログインボーナスをプレゼント！*
`白銀の果実 X 1
`_2024-02-06 19:40:05_
--------
*47f309e11f595c830d1447d77b47d8a0*
`登陆天数: 29天 / 1509天
等级: 126
石头: 861
呼符: 24
体力: 48175.753333333334 / 137
友情点: 60 / 1034270`
*連続ログイン1日目
※ログインが途切れるか、7日到達すると
1日目から再開されます*
`フレンドポイント X 2000
2月交換券(2024) X 1
`*盈月剣風帖開幕記念 ログインボーナス*
*開催期間中、1日1回 最大21回ログインボーナスをプレゼント！*
`白銀の果実 X 1
`_2024-02-06 19:40:13_
--------
*a602c44e0f8456741b30f0caf4753a39*
`登陆天数: 29天 / 1442天
等级: 144
石头: 560
呼符: 2
体力: 549.7666666666667 / 141
友情点: 115 / 921855`
*連続ログイン1日目
※ログインが途切れるか、7日到達すると
1日目から再開されます*
`フレンドポイント X 2000
2月交換券(2024) X 1
`*盈月剣風帖開幕記念 ログインボーナス*
*開催期間中、1日1回 最大21回ログインボーナスをプレゼント！*
`白銀の果実 X 1
`_2024-02-06 19:40:21_
--------
