【登录信息】
*b5e6a05282bde158c1ffe9d4d9788373*
`登陆天数: 30天 / 1441天
等级: 125
石头: 867
呼符: 26
体力: 81884.84 / 137
友情点: 0 / 1194815`
*連続ログイン2日目
※ログインが途切れるか、7日到達すると
1日目から再開されます*
`聖晶石 X 1
2月交換券(2024) X 1
`*日替りログインボーナス*
*開催期間中、1日1回 2週間日替りでログインボーナスをプレゼント！*
`聖晶石 X 3
巡霊の葉 X 50
`_2024-02-07 19:38:21_
--------
*eb20c8954ecb148daacdac59c3a0b2e8*
`登陆天数: 30天 / 1424天
等级: 125
石头: 933
呼符: 60
体力: 53614.15 / 137
友情点: 0 / 1196045`
*連続ログイン2日目
※ログインが途切れるか、7日到達すると
1日目から再開されます*
`聖晶石 X 1
2月交換券(2024) X 1
`*日替りログインボーナス*
*開催期間中、1日1回 2週間日替りでログインボーナスをプレゼント！*
`聖晶石 X 3
巡霊の葉 X 50
`_2024-02-07 19:38:30_
--------
*620476f0f61795fd355f2a9e3fb24e54*
`登陆天数: 30天 / 1491天
等级: 125
石头: 2
呼符: 1
体力: 82590.82333333333 / 137
友情点: 0 / 1191295`
*連続ログイン2日目
※ログインが途切れるか、7日到達すると
1日目から再開されます*
`聖晶石 X 1
2月交換券(2024) X 1
`*日替りログインボーナス*
*開催期間中、1日1回 2週間日替りでログインボーナスをプレゼント！*
`聖晶石 X 3
巡霊の葉 X 50
`_2024-02-07 19:38:38_
--------
*8a4af26995de6f135fbb0fdafa2e0424*
`登陆天数: 30天 / 1469天
等级: 125
石头: 595
呼符: 48
体力: 82307.08333333333 / 137
友情点: 0 / 1180525`
*連続ログイン2日目
※ログインが途切れるか、7日到達すると
1日目から再開されます*
`聖晶石 X 1
2月交換券(2024) X 1
`*日替りログインボーナス*
*開催期間中、1日1回 2週間日替りでログインボーナスをプレゼント！*
`聖晶石 X 3
巡霊の葉 X 50
`_2024-02-07 19:38:47_
--------
*69a508b93367b043329d175aca01015e*
`登陆天数: 30天 / 1307天
等级: 125
石头: 764
呼符: 56
体力: 125443.09 / 137
友情点: 0 / 945575`
*連続ログイン2日目
※ログインが途切れるか、7日到達すると
1日目から再開されます*
`聖晶石 X 1
2月交換券(2024) X 1
`*日替りログインボーナス*
*開催期間中、1日1回 2週間日替りでログインボーナスをプレゼント！*
`聖晶石 X 3
巡霊の葉 X 50
`_2024-02-07 19:38:55_
--------
*05c7889868efad05a84b961c94cc9b2c*
`登陆天数: 30天 / 1522天
等级: 125
石头: 1222
呼符: 47
体力: 94529.11 / 137
友情点: 0 / 1138815`
*連続ログイン2日目
※ログインが途切れるか、7日到達すると
1日目から再開されます*
`聖晶石 X 1
2月交換券(2024) X 1
`*日替りログインボーナス*
*開催期間中、1日1回 2週間日替りでログインボーナスをプレゼント！*
`聖晶石 X 3
巡霊の葉 X 50
`_2024-02-07 19:39:03_
--------
*41c8ea3cfa831059a6c57fddf5a2e62d*
`登陆天数: 30天 / 1476天
等级: 125
石头: 436
呼符: 20
体力: 2363.8233333333333 / 137
友情点: 0 / 747875`
*連続ログイン2日目
※ログインが途切れるか、7日到達すると
1日目から再開されます*
`聖晶石 X 1
2月交換券(2024) X 1
`*日替りログインボーナス*
*開催期間中、1日1回 2週間日替りでログインボーナスをプレゼント！*
`聖晶石 X 3
巡霊の葉 X 50
`_2024-02-07 19:39:12_
--------
*790b887791ca4de4345ea61d5bd657e4*
`登陆天数: 30天 / 1477天
等级: 125
石头: 107
呼符: 62
体力: 81882.27 / 137
友情点: 0 / 903305`
*連続ログイン2日目
※ログインが途切れるか、7日到達すると
1日目から再開されます*
`聖晶石 X 1
2月交換券(2024) X 1
`*日替りログインボーナス*
*開催期間中、1日1回 2週間日替りでログインボーナスをプレゼント！*
`聖晶石 X 3
巡霊の葉 X 50
`_2024-02-07 19:39:20_
--------
*82f6295e189793da0ef43b4029c85eca*
`登陆天数: 30天 / 1528天
等级: 126
石头: 401
呼符: 24
体力: 46585.85666666667 / 137
友情点: 220 / 434020`
*連続ログイン2日目
※ログインが途切れるか、7日到達すると
1日目から再開されます*
`聖晶石 X 1
2月交換券(2024) X 1
`*日替りログインボーナス*
*開催期間中、1日1回 2週間日替りでログインボーナスをプレゼント！*
`聖晶石 X 3
巡霊の葉 X 50
`_2024-02-07 19:39:32_
--------
*47f309e11f595c830d1447d77b47d8a0*
`登陆天数: 30天 / 1492天
等级: 126
石头: 215
呼符: 29
体力: 50014.13 / 137
友情点: 120 / 1181175`
*連続ログイン2日目
※ログインが途切れるか、7日到達すると
1日目から再開されます*
`聖晶石 X 1
2月交換券(2024) X 1
`*日替りログインボーナス*
*開催期間中、1日1回 2週間日替りでログインボーナスをプレゼント！*
`聖晶石 X 3
巡霊の葉 X 50
`_2024-02-07 19:39:45_
--------
*7686ae2a105ec6cc5551581fc7487546*
`登陆天数: 30天 / 1534天
等级: 127
石头: 318
呼符: 31
体力: 84455.81666666667 / 137
友情点: 0 / 1191410`
*連続ログイン2日目
※ログインが途切れるか、7日到達すると
1日目から再開されます*
`聖晶石 X 1
2月交換券(2024) X 1
`*日替りログインボーナス*
*開催期間中、1日1回 2週間日替りでログインボーナスをプレゼント！*
`聖晶石 X 3
巡霊の葉 X 50
`_2024-02-07 19:39:53_
--------
*dcf734638b8334ef199302253a06e093*
`登陆天数: 30天 / 1414天
等级: 125
石头: 621
呼符: 29
体力: 50508.66333333333 / 137
友情点: 0 / 1087050`
*連続ログイン2日目
※ログインが途切れるか、7日到達すると
1日目から再開されます*
`聖晶石 X 1
2月交換券(2024) X 1
`*日替りログインボーナス*
*開催期間中、1日1回 2週間日替りでログインボーナスをプレゼント！*
`聖晶石 X 3
巡霊の葉 X 50
`_2024-02-07 19:40:01_
--------
*47f309e11f595c830d1447d77b47d8a0*
`登陆天数: 30天 / 1510天
等级: 126
石头: 861
呼符: 24
体力: 48463.74333333333 / 137
友情点: 140 / 1034410`
*連続ログイン2日目
※ログインが途切れるか、7日到達すると
1日目から再開されます*
`聖晶石 X 1
2月交換券(2024) X 1
`*日替りログインボーナス*
*開催期間中、1日1回 2週間日替りでログインボーナスをプレゼント！*
`聖晶石 X 3
巡霊の葉 X 50
`_2024-02-07 19:40:09_
--------
*a602c44e0f8456741b30f0caf4753a39*
`登陆天数: 30天 / 1443天
等级: 144
石头: 560
呼符: 2
体力: 837.7566666666667 / 141
友情点: 175 / 922030`
*連続ログイン2日目
※ログインが途切れるか、7日到達すると
1日目から再開されます*
`聖晶石 X 1
2月交換券(2024) X 1
`*日替りログインボーナス*
*開催期間中、1日1回 2週間日替りでログインボーナスをプレゼント！*
`聖晶石 X 3
巡霊の葉 X 50
`_2024-02-07 19:40:17_
--------
