【登录信息】
*b5e6a05282bde158c1ffe9d4d9788373*
`登陆天数: 31天 / 1442天
等级: 125
石头: 867
呼符: 26
体力: 82172.82 / 137
友情点: 0 / 1194815`
*連続ログイン3日目
※ログインが途切れるか、7日到達すると
1日目から再開されます*
`叡智の業火 X 1
2月交換券(2024) X 1
`*日替りログインボーナス*
*開催期間中、1日1回 2週間日替りでログインボーナスをプレゼント！*
`聖晶石 X 1
巡霊の葉 X 50
`_2024-02-08 19:38:15_
--------
*eb20c8954ecb148daacdac59c3a0b2e8*
`登陆天数: 31天 / 1425天
等级: 125
石头: 933
呼符: 60
体力: 53902.13333333333 / 137
友情点: 0 / 1196045`
*連続ログイン3日目
※ログインが途切れるか、7日到達すると
1日目から再開されます*
`叡智の業火 X 1
2月交換券(2024) X 1
`*日替りログインボーナス*
*開催期間中、1日1回 2週間日替りでログインボーナスをプレゼント！*
`聖晶石 X 1
巡霊の葉 X 50
`_2024-02-08 19:38:24_
--------
*620476f0f61795fd355f2a9e3fb24e54*
`登陆天数: 31天 / 1492天
等级: 125
石头: 2
呼符: 1
体力: 82878.80666666667 / 137
友情点: 0 / 1191295`
*連続ログイン3日目
※ログインが途切れるか、7日到達すると
1日目から再開されます*
`叡智の業火 X 1
2月交換券(2024) X 1
`*日替りログインボーナス*
*開催期間中、1日1回 2週間日替りでログインボーナスをプレゼント！*
`聖晶石 X 1
巡霊の葉 X 50
`_2024-02-08 19:38:33_
--------
*8a4af26995de6f135fbb0fdafa2e0424*
`登陆天数: 31天 / 1470天
等级: 125
石头: 595
呼符: 48
体力: 82595.06666666667 / 137
友情点: 0 / 1180525`
*連続ログイン3日目
※ログインが途切れるか、7日到達すると
1日目から再開されます*
`叡智の業火 X 1
2月交換券(2024) X 1
`*日替りログインボーナス*
*開催期間中、1日1回 2週間日替りでログインボーナスをプレゼント！*
`聖晶石 X 1
巡霊の葉 X 50
`_2024-02-08 19:38:42_
--------
*69a508b93367b043329d175aca01015e*
`登陆天数: 31天 / 1308天
等级: 125
石头: 764
呼符: 56
体力: 125731.07666666666 / 137
友情点: 0 / 945575`
*連続ログイン3日目
※ログインが途切れるか、7日到達すると
1日目から再開されます*
`叡智の業火 X 1
2月交換券(2024) X 1
`*日替りログインボーナス*
*開催期間中、1日1回 2週間日替りでログインボーナスをプレゼント！*
`聖晶石 X 1
巡霊の葉 X 50
`_2024-02-08 19:38:51_
--------
*05c7889868efad05a84b961c94cc9b2c*
`登陆天数: 31天 / 1523天
等级: 125
石头: 1222
呼符: 47
体力: 94817.09666666666 / 137
友情点: 0 / 1138815`
*連続ログイン3日目
※ログインが途切れるか、7日到達すると
1日目から再開されます*
`叡智の業火 X 1
2月交換券(2024) X 1
`*日替りログインボーナス*
*開催期間中、1日1回 2週間日替りでログインボーナスをプレゼント！*
`聖晶石 X 1
巡霊の葉 X 50
`_2024-02-08 19:38:59_
--------
*41c8ea3cfa831059a6c57fddf5a2e62d*
`登陆天数: 31天 / 1477天
等级: 125
石头: 436
呼符: 20
体力: 2651.81 / 137
友情点: 0 / 747875`
*連続ログイン3日目
※ログインが途切れるか、7日到達すると
1日目から再開されます*
`叡智の業火 X 1
2月交換券(2024) X 1
`*日替りログインボーナス*
*開催期間中、1日1回 2週間日替りでログインボーナスをプレゼント！*
`聖晶石 X 1
巡霊の葉 X 50
`_2024-02-08 19:39:07_
--------
*790b887791ca4de4345ea61d5bd657e4*
`登陆天数: 31天 / 1478天
等级: 125
石头: 107
呼符: 62
体力: 82170.25666666667 / 137
友情点: 0 / 903305`
*連続ログイン3日目
※ログインが途切れるか、7日到達すると
1日目から再開されます*
`叡智の業火 X 1
2月交換券(2024) X 1
`*日替りログインボーナス*
*開催期間中、1日1回 2週間日替りでログインボーナスをプレゼント！*
`聖晶石 X 1
巡霊の葉 X 50
`_2024-02-08 19:39:16_
--------
*82f6295e189793da0ef43b4029c85eca*
`登陆天数: 31天 / 1529天
等级: 126
石头: 401
呼符: 24
体力: 46873.84333333333 / 137
友情点: 190 / 434210`
*連続ログイン3日目
※ログインが途切れるか、7日到達すると
1日目から再開されます*
`叡智の業火 X 1
2月交換券(2024) X 1
`*日替りログインボーナス*
*開催期間中、1日1回 2週間日替りでログインボーナスをプレゼント！*
`聖晶石 X 1
巡霊の葉 X 50
`_2024-02-08 19:39:29_
--------
*47f309e11f595c830d1447d77b47d8a0*
`登陆天数: 31天 / 1493天
等级: 126
石头: 215
呼符: 29
体力: 50302.11666666667 / 137
友情点: 230 / 1181405`
*連続ログイン3日目
※ログインが途切れるか、7日到達すると
1日目から再開されます*
`叡智の業火 X 1
2月交換券(2024) X 1
`*日替りログインボーナス*
*開催期間中、1日1回 2週間日替りでログインボーナスをプレゼント！*
`聖晶石 X 1
巡霊の葉 X 50
`_2024-02-08 19:39:41_
--------
*7686ae2a105ec6cc5551581fc7487546*
`登陆天数: 31天 / 1535天
等级: 127
石头: 318
呼符: 31
体力: 84743.80333333333 / 137
友情点: 0 / 1191410`
*連続ログイン3日目
※ログインが途切れるか、7日到達すると
1日目から再開されます*
`叡智の業火 X 1
2月交換券(2024) X 1
`*日替りログインボーナス*
*開催期間中、1日1回 2週間日替りでログインボーナスをプレゼント！*
`聖晶石 X 1
巡霊の葉 X 50
`_2024-02-08 19:39:49_
--------
*dcf734638b8334ef199302253a06e093*
`登陆天数: 31天 / 1415天
等级: 125
石头: 621
呼符: 29
体力: 50796.65 / 137
友情点: 0 / 1087050`
*連続ログイン3日目
※ログインが途切れるか、7日到達すると
1日目から再開されます*
`叡智の業火 X 1
2月交換券(2024) X 1
`*日替りログインボーナス*
*開催期間中、1日1回 2週間日替りでログインボーナスをプレゼント！*
`聖晶石 X 1
巡霊の葉 X 50
`_2024-02-08 19:39:57_
--------
*47f309e11f595c830d1447d77b47d8a0*
`登陆天数: 31天 / 1511天
等级: 126
石头: 861
呼符: 24
体力: 48751.73 / 137
友情点: 160 / 1034570`
*連続ログイン3日目
※ログインが途切れるか、7日到達すると
1日目から再開されます*
`叡智の業火 X 1
2月交換券(2024) X 1
`*日替りログインボーナス*
*開催期間中、1日1回 2週間日替りでログインボーナスをプレゼント！*
`聖晶石 X 1
巡霊の葉 X 50
`_2024-02-08 19:40:06_
--------
*a602c44e0f8456741b30f0caf4753a39*
`登陆天数: 31天 / 1444天
等级: 144
石头: 560
呼符: 2
体力: 1125.7433333333333 / 141
友情点: 220 / 922250`
*連続ログイン3日目
※ログインが途切れるか、7日到達すると
1日目から再開されます*
`叡智の業火 X 1
2月交換券(2024) X 1
`*日替りログインボーナス*
*開催期間中、1日1回 2週間日替りでログインボーナスをプレゼント！*
`聖晶石 X 1
巡霊の葉 X 50
`_2024-02-08 19:40:14_
--------
