【登录信息】
*b5e6a05282bde158c1ffe9d4d9788373*
`登陆天数: 32天 / 1443天
等级: 125
石头: 867
呼符: 26
体力: 82460.80333333333 / 137
友情点: 0 / 1194815`
*連続ログイン4日目
※ログインが途切れるか、7日到達すると
1日目から再開されます*
`聖晶石 X 1
2月交換券(2024) X 1
`*日替りログインボーナス*
*開催期間中、1日1回 2週間日替りでログインボーナスをプレゼント！*
`巡霊の葉 X 30
`_2024-02-09 19:38:10_
--------
*eb20c8954ecb148daacdac59c3a0b2e8*
`登陆天数: 32天 / 1426天
等级: 125
石头: 933
呼符: 60
体力: 54190.113333333335 / 137
友情点: 0 / 1196045`
*連続ログイン4日目
※ログインが途切れるか、7日到達すると
1日目から再開されます*
`聖晶石 X 1
2月交換券(2024) X 1
`*日替りログインボーナス*
*開催期間中、1日1回 2週間日替りでログインボーナスをプレゼント！*
`巡霊の葉 X 30
`_2024-02-09 19:38:19_
--------
*620476f0f61795fd355f2a9e3fb24e54*
`登陆天数: 32天 / 1493天
等级: 125
石头: 2
呼符: 1
体力: 83166.78666666667 / 137
友情点: 0 / 1191295`
*連続ログイン4日目
※ログインが途切れるか、7日到達すると
1日目から再開されます*
`聖晶石 X 1
2月交換券(2024) X 1
`*日替りログインボーナス*
*開催期間中、1日1回 2週間日替りでログインボーナスをプレゼント！*
`巡霊の葉 X 30
`_2024-02-09 19:38:27_
--------
*8a4af26995de6f135fbb0fdafa2e0424*
`登陆天数: 32天 / 1471天
等级: 125
石头: 595
呼符: 48
体力: 82883.04666666666 / 137
友情点: 0 / 1180525`
*連続ログイン4日目
※ログインが途切れるか、7日到達すると
1日目から再開されます*
`聖晶石 X 1
2月交換券(2024) X 1
`*日替りログインボーナス*
*開催期間中、1日1回 2週間日替りでログインボーナスをプレゼント！*
`巡霊の葉 X 30
`_2024-02-09 19:38:36_
--------
*69a508b93367b043329d175aca01015e*
`登陆天数: 32天 / 1309天
等级: 125
石头: 764
呼符: 56
体力: 126019.05333333333 / 137
友情点: 0 / 945575`
*連続ログイン4日目
※ログインが途切れるか、7日到達すると
1日目から再開されます*
`聖晶石 X 1
2月交換券(2024) X 1
`*日替りログインボーナス*
*開催期間中、1日1回 2週間日替りでログインボーナスをプレゼント！*
`巡霊の葉 X 30
`_2024-02-09 19:38:44_
--------
*05c7889868efad05a84b961c94cc9b2c*
`登陆天数: 32天 / 1524天
等级: 125
石头: 1222
呼符: 47
体力: 95105.07333333333 / 137
友情点: 0 / 1138815`
*連続ログイン4日目
※ログインが途切れるか、7日到達すると
1日目から再開されます*
`聖晶石 X 1
2月交換券(2024) X 1
`*日替りログインボーナス*
*開催期間中、1日1回 2週間日替りでログインボーナスをプレゼント！*
`巡霊の葉 X 30
`_2024-02-09 19:38:52_
--------
*41c8ea3cfa831059a6c57fddf5a2e62d*
`登陆天数: 32天 / 1478天
等级: 125
石头: 436
呼符: 20
体力: 2939.786666666667 / 137
友情点: 0 / 747875`
*連続ログイン4日目
※ログインが途切れるか、7日到達すると
1日目から再開されます*
`聖晶石 X 1
2月交換券(2024) X 1
`*日替りログインボーナス*
*開催期間中、1日1回 2週間日替りでログインボーナスをプレゼント！*
`巡霊の葉 X 30
`_2024-02-09 19:39:00_
--------
*790b887791ca4de4345ea61d5bd657e4*
`登陆天数: 32天 / 1479天
等级: 125
石头: 107
呼符: 62
体力: 82458.23666666666 / 137
友情点: 0 / 903305`
*連続ログイン4日目
※ログインが途切れるか、7日到達すると
1日目から再開されます*
`聖晶石 X 1
2月交換券(2024) X 1
`*日替りログインボーナス*
*開催期間中、1日1回 2週間日替りでログインボーナスをプレゼント！*
`巡霊の葉 X 30
`_2024-02-09 19:39:10_
--------
*82f6295e189793da0ef43b4029c85eca*
`登陆天数: 32天 / 1530天
等级: 126
石头: 401
呼符: 24
体力: 47161.82 / 137
友情点: 140 / 434350`
*連続ログイン4日目
※ログインが途切れるか、7日到達すると
1日目から再開されます*
`聖晶石 X 1
2月交換券(2024) X 1
`*日替りログインボーナス*
*開催期間中、1日1回 2週間日替りでログインボーナスをプレゼント！*
`巡霊の葉 X 30
`_2024-02-09 19:39:22_
--------
*47f309e11f595c830d1447d77b47d8a0*
`登陆天数: 32天 / 1494天
等级: 126
石头: 215
呼符: 29
体力: 50590.09333333333 / 137
友情点: 240 / 1181645`
*連続ログイン4日目
※ログインが途切れるか、7日到達すると
1日目から再開されます*
`聖晶石 X 1
2月交換券(2024) X 1
`*日替りログインボーナス*
*開催期間中、1日1回 2週間日替りでログインボーナスをプレゼント！*
`巡霊の葉 X 30
`_2024-02-09 19:39:34_
--------
*7686ae2a105ec6cc5551581fc7487546*
`登陆天数: 32天 / 1536天
等级: 127
石头: 318
呼符: 31
体力: 85031.78 / 137
友情点: 0 / 1191410`
*連続ログイン4日目
※ログインが途切れるか、7日到達すると
1日目から再開されます*
`聖晶石 X 1
2月交換券(2024) X 1
`*日替りログインボーナス*
*開催期間中、1日1回 2週間日替りでログインボーナスをプレゼント！*
`巡霊の葉 X 30
`_2024-02-09 19:39:42_
--------
*dcf734638b8334ef199302253a06e093*
`登陆天数: 32天 / 1416天
等级: 125
石头: 621
呼符: 29
体力: 51084.63 / 137
友情点: 0 / 1087050`
*連続ログイン4日目
※ログインが途切れるか、7日到達すると
1日目から再開されます*
`聖晶石 X 1
2月交換券(2024) X 1
`*日替りログインボーナス*
*開催期間中、1日1回 2週間日替りでログインボーナスをプレゼント！*
`巡霊の葉 X 30
`_2024-02-09 19:39:50_
--------
*47f309e11f595c830d1447d77b47d8a0*
`登陆天数: 32天 / 1512天
等级: 126
石头: 861
呼符: 24
体力: 49039.71 / 137
友情点: 90 / 1034660`
*連続ログイン4日目
※ログインが途切れるか、7日到達すると
1日目から再開されます*
`聖晶石 X 1
2月交換券(2024) X 1
`*日替りログインボーナス*
*開催期間中、1日1回 2週間日替りでログインボーナスをプレゼント！*
`巡霊の葉 X 30
`_2024-02-09 19:39:59_
--------
*a602c44e0f8456741b30f0caf4753a39*
`登陆天数: 32天 / 1445天
等级: 144
石头: 560
呼符: 2
体力: 1413.7233333333334 / 141
友情点: 250 / 922500`
*連続ログイン4日目
※ログインが途切れるか、7日到達すると
1日目から再開されます*
`聖晶石 X 1
2月交換券(2024) X 1
`*日替りログインボーナス*
*開催期間中、1日1回 2週間日替りでログインボーナスをプレゼント！*
`巡霊の葉 X 30
`_2024-02-09 19:40:07_
--------
