【登录信息】
*b5e6a05282bde158c1ffe9d4d9788373*
`登陆天数: 34天 / 1445天
等级: 125
石头: 867
呼符: 26
体力: 83036.83333333333 / 137
友情点: 0 / 1194815`
*連続ログイン6日目
※ログインが途切れるか、7日到達すると
1日目から再開されます*
`聖晶石 X 2
2月交換券(2024) X 1
`*「FGO カルデア・サテライトステーション 2023-2024」新潟会場開催記念 3万リポスト達成プレゼント*
*開催期間中、初回ログインで「聖晶石×6」をプレゼント！*
`聖晶石 X 6
`_2024-02-11 19:38:19_
--------
*eb20c8954ecb148daacdac59c3a0b2e8*
`登陆天数: 34天 / 1428天
等级: 125
石头: 933
呼符: 60
体力: 54766.14333333333 / 137
友情点: 0 / 1196045`
*連続ログイン6日目
※ログインが途切れるか、7日到達すると
1日目から再開されます*
`聖晶石 X 2
2月交換券(2024) X 1
`*「FGO カルデア・サテライトステーション 2023-2024」新潟会場開催記念 3万リポスト達成プレゼント*
*開催期間中、初回ログインで「聖晶石×6」をプレゼント！*
`聖晶石 X 6
`_2024-02-11 19:38:28_
--------
*620476f0f61795fd355f2a9e3fb24e54*
`登陆天数: 34天 / 1495天
等级: 125
石头: 2
呼符: 1
体力: 83742.81666666667 / 137
友情点: 0 / 1191295`
*連続ログイン6日目
※ログインが途切れるか、7日到達すると
1日目から再開されます*
`聖晶石 X 2
2月交換券(2024) X 1
`*「FGO カルデア・サテライトステーション 2023-2024」新潟会場開催記念 3万リポスト達成プレゼント*
*開催期間中、初回ログインで「聖晶石×6」をプレゼント！*
`聖晶石 X 6
`_2024-02-11 19:38:37_
--------
*8a4af26995de6f135fbb0fdafa2e0424*
`登陆天数: 34天 / 1473天
等级: 125
石头: 595
呼符: 48
体力: 83459.08 / 137
友情点: 0 / 1180525`
*連続ログイン6日目
※ログインが途切れるか、7日到達すると
1日目から再開されます*
`聖晶石 X 2
2月交換券(2024) X 1
`*「FGO カルデア・サテライトステーション 2023-2024」新潟会場開催記念 3万リポスト達成プレゼント*
*開催期間中、初回ログインで「聖晶石×6」をプレゼント！*
`聖晶石 X 6
`_2024-02-11 19:38:46_
--------
*69a508b93367b043329d175aca01015e*
`登陆天数: 34天 / 1311天
等级: 125
石头: 764
呼符: 56
体力: 126595.09 / 137
友情点: 0 / 945575`
*連続ログイン6日目
※ログインが途切れるか、7日到達すると
1日目から再開されます*
`聖晶石 X 2
2月交換券(2024) X 1
`*「FGO カルデア・サテライトステーション 2023-2024」新潟会場開催記念 3万リポスト達成プレゼント*
*開催期間中、初回ログインで「聖晶石×6」をプレゼント！*
`聖晶石 X 6
`_2024-02-11 19:38:54_
--------
*05c7889868efad05a84b961c94cc9b2c*
`登陆天数: 34天 / 1526天
等级: 125
石头: 1222
呼符: 47
体力: 95681.11 / 137
友情点: 0 / 1138815`
*連続ログイン6日目
※ログインが途切れるか、7日到達すると
1日目から再開されます*
`聖晶石 X 2
2月交換券(2024) X 1
`*「FGO カルデア・サテライトステーション 2023-2024」新潟会場開催記念 3万リポスト達成プレゼント*
*開催期間中、初回ログインで「聖晶石×6」をプレゼント！*
`聖晶石 X 6
`_2024-02-11 19:39:03_
--------
*41c8ea3cfa831059a6c57fddf5a2e62d*
`登陆天数: 34天 / 1480天
等级: 125
石头: 436
呼符: 20
体力: 3515.8233333333333 / 137
友情点: 0 / 747875`
*連続ログイン6日目
※ログインが途切れるか、7日到達すると
1日目から再開されます*
`聖晶石 X 2
2月交換券(2024) X 1
`*「FGO カルデア・サテライトステーション 2023-2024」新潟会場開催記念 3万リポスト達成プレゼント*
*開催期間中、初回ログインで「聖晶石×6」をプレゼント！*
`聖晶石 X 6
`_2024-02-11 19:39:11_
--------
*790b887791ca4de4345ea61d5bd657e4*
`登陆天数: 34天 / 1481天
等级: 125
石头: 107
呼符: 62
体力: 83034.27333333333 / 137
友情点: 0 / 903305`
*連続ログイン6日目
※ログインが途切れるか、7日到達すると
1日目から再開されます*
`聖晶石 X 2
2月交換券(2024) X 1
`*「FGO カルデア・サテライトステーション 2023-2024」新潟会場開催記念 3万リポスト達成プレゼント*
*開催期間中、初回ログインで「聖晶石×6」をプレゼント！*
`聖晶石 X 6
`_2024-02-11 19:39:20_
--------
*82f6295e189793da0ef43b4029c85eca*
`登陆天数: 34天 / 1532天
等级: 126
石头: 401
呼符: 24
体力: 47737.85666666667 / 137
友情点: 160 / 434610`
*連続ログイン6日目
※ログインが途切れるか、7日到達すると
1日目から再開されます*
`聖晶石 X 2
2月交換券(2024) X 1
`*「FGO カルデア・サテライトステーション 2023-2024」新潟会場開催記念 3万リポスト達成プレゼント*
*開催期間中、初回ログインで「聖晶石×6」をプレゼント！*
`聖晶石 X 6
`_2024-02-11 19:39:33_
--------
*47f309e11f595c830d1447d77b47d8a0*
`登陆天数: 34天 / 1496天
等级: 126
石头: 215
呼符: 29
体力: 51166.13 / 137
友情点: 90 / 1181895`
*連続ログイン6日目
※ログインが途切れるか、7日到達すると
1日目から再開されます*
`聖晶石 X 2
2月交換券(2024) X 1
`*「FGO カルデア・サテライトステーション 2023-2024」新潟会場開催記念 3万リポスト達成プレゼント*
*開催期間中、初回ログインで「聖晶石×6」をプレゼント！*
`聖晶石 X 6
`_2024-02-11 19:39:45_
--------
*7686ae2a105ec6cc5551581fc7487546*
`登陆天数: 34天 / 1538天
等级: 127
石头: 318
呼符: 31
体力: 85607.81666666667 / 137
友情点: 0 / 1191410`
*連続ログイン6日目
※ログインが途切れるか、7日到達すると
1日目から再開されます*
`聖晶石 X 2
2月交換券(2024) X 1
`*「FGO カルデア・サテライトステーション 2023-2024」新潟会場開催記念 3万リポスト達成プレゼント*
*開催期間中、初回ログインで「聖晶石×6」をプレゼント！*
`聖晶石 X 6
`_2024-02-11 19:39:53_
--------
*dcf734638b8334ef199302253a06e093*
`登陆天数: 34天 / 1418天
等级: 125
石头: 621
呼符: 29
体力: 51660.666666666664 / 137
友情点: 0 / 1087050`
*連続ログイン6日目
※ログインが途切れるか、7日到達すると
1日目から再開されます*
`聖晶石 X 2
2月交換券(2024) X 1
`*「FGO カルデア・サテライトステーション 2023-2024」新潟会場開催記念 3万リポスト達成プレゼント*
*開催期間中、初回ログインで「聖晶石×6」をプレゼント！*
`聖晶石 X 6
`_2024-02-11 19:40:01_
--------
*47f309e11f595c830d1447d77b47d8a0*
`登陆天数: 34天 / 1514天
等级: 126
石头: 861
呼符: 24
体力: 49615.75 / 137
友情点: 170 / 1035130`
*連続ログイン6日目
※ログインが途切れるか、7日到達すると
1日目から再開されます*
`聖晶石 X 2
2月交換券(2024) X 1
`*「FGO カルデア・サテライトステーション 2023-2024」新潟会場開催記念 3万リポスト達成プレゼント*
*開催期間中、初回ログインで「聖晶石×6」をプレゼント！*
`聖晶石 X 6
`_2024-02-11 19:40:11_
--------
*a602c44e0f8456741b30f0caf4753a39*
`登陆天数: 34天 / 1447天
等级: 144
石头: 560
呼符: 2
体力: 1989.7633333333333 / 141
友情点: 315 / 922915`
*連続ログイン6日目
※ログインが途切れるか、7日到達すると
1日目から再開されます*
`聖晶石 X 2
2月交換券(2024) X 1
`*「FGO カルデア・サテライトステーション 2023-2024」新潟会場開催記念 3万リポスト達成プレゼント*
*開催期間中、初回ログインで「聖晶石×6」をプレゼント！*
`聖晶石 X 6
`_2024-02-11 19:40:19_
--------
