【登录信息】
*b5e6a05282bde158c1ffe9d4d9788373*
`登陆天数: 35天 / 1446天
等级: 125
石头: 867
呼符: 26
体力: 83324.80333333333 / 137
友情点: 0 / 1194815`
*連続ログイン7日間到達おめでとうございます！
明日は1日目からリスタートされます。*
`獣の足跡 X 1
呼符 X 1
2月交換券(2024) X 1
`*日替りログインボーナス*
*開催期間中、1日1回 2週間日替りでログインボーナスをプレゼント！*
`巡霊の葉 X 30
`_2024-02-12 19:38:10_
--------
*eb20c8954ecb148daacdac59c3a0b2e8*
`登陆天数: 35天 / 1429天
等级: 125
石头: 933
呼符: 60
体力: 55054.12 / 137
友情点: 0 / 1196045`
*連続ログイン7日間到達おめでとうございます！
明日は1日目からリスタートされます。*
`獣の足跡 X 1
呼符 X 1
2月交換券(2024) X 1
`*日替りログインボーナス*
*開催期間中、1日1回 2週間日替りでログインボーナスをプレゼント！*
`巡霊の葉 X 30
`_2024-02-12 19:38:20_
--------
*620476f0f61795fd355f2a9e3fb24e54*
`登陆天数: 35天 / 1496天
等级: 125
石头: 2
呼符: 1
体力: 84030.79333333333 / 137
友情点: 0 / 1191295`
*連続ログイン7日間到達おめでとうございます！
明日は1日目からリスタートされます。*
`獣の足跡 X 1
呼符 X 1
2月交換券(2024) X 1
`*日替りログインボーナス*
*開催期間中、1日1回 2週間日替りでログインボーナスをプレゼント！*
`巡霊の葉 X 30
`_2024-02-12 19:38:29_
--------
*8a4af26995de6f135fbb0fdafa2e0424*
`登陆天数: 35天 / 1474天
等级: 125
石头: 595
呼符: 48
体力: 83747.05666666667 / 137
友情点: 0 / 1180525`
*連続ログイン7日間到達おめでとうございます！
明日は1日目からリスタートされます。*
`獣の足跡 X 1
呼符 X 1
2月交換券(2024) X 1
`*日替りログインボーナス*
*開催期間中、1日1回 2週間日替りでログインボーナスをプレゼント！*
`巡霊の葉 X 30
`_2024-02-12 19:38:38_
--------
*69a508b93367b043329d175aca01015e*
`登陆天数: 35天 / 1312天
等级: 125
石头: 764
呼符: 56
体力: 126883.06666666667 / 137
友情点: 0 / 945575`
*連続ログイン7日間到達おめでとうございます！
明日は1日目からリスタートされます。*
`獣の足跡 X 1
呼符 X 1
2月交換券(2024) X 1
`*日替りログインボーナス*
*開催期間中、1日1回 2週間日替りでログインボーナスをプレゼント！*
`巡霊の葉 X 30
`_2024-02-12 19:38:47_
--------
*05c7889868efad05a84b961c94cc9b2c*
`登陆天数: 35天 / 1527天
等级: 125
石头: 1222
呼符: 47
体力: 95969.08666666667 / 137
友情点: 0 / 1138815`
*連続ログイン7日間到達おめでとうございます！
明日は1日目からリスタートされます。*
`獣の足跡 X 1
呼符 X 1
2月交換券(2024) X 1
`*日替りログインボーナス*
*開催期間中、1日1回 2週間日替りでログインボーナスをプレゼント！*
`巡霊の葉 X 30
`_2024-02-12 19:38:56_
--------
*41c8ea3cfa831059a6c57fddf5a2e62d*
`登陆天数: 35天 / 1481天
等级: 125
石头: 436
呼符: 20
体力: 3803.8033333333333 / 137
友情点: 0 / 747875`
*連続ログイン7日間到達おめでとうございます！
明日は1日目からリスタートされます。*
`獣の足跡 X 1
呼符 X 1
2月交換券(2024) X 1
`*日替りログインボーナス*
*開催期間中、1日1回 2週間日替りでログインボーナスをプレゼント！*
`巡霊の葉 X 30
`_2024-02-12 19:39:05_
--------
*790b887791ca4de4345ea61d5bd657e4*
`登陆天数: 35天 / 1482天
等级: 125
石头: 107
呼符: 62
体力: 83322.25333333333 / 137
友情点: 0 / 903305`
*連続ログイン7日間到達おめでとうございます！
明日は1日目からリスタートされます。*
`獣の足跡 X 1
呼符 X 1
2月交換券(2024) X 1
`*日替りログインボーナス*
*開催期間中、1日1回 2週間日替りでログインボーナスをプレゼント！*
`巡霊の葉 X 30
`_2024-02-12 19:39:15_
--------
*82f6295e189793da0ef43b4029c85eca*
`登陆天数: 35天 / 1533天
等级: 126
石头: 401
呼符: 24
体力: 48025.84 / 137
友情点: 160 / 434770`
*連続ログイン7日間到達おめでとうございます！
明日は1日目からリスタートされます。*
`獣の足跡 X 1
呼符 X 1
2月交換券(2024) X 1
`*日替りログインボーナス*
*開催期間中、1日1回 2週間日替りでログインボーナスをプレゼント！*
`巡霊の葉 X 30
`_2024-02-12 19:39:27_
--------
*47f309e11f595c830d1447d77b47d8a0*
`登陆天数: 35天 / 1497天
等级: 126
石头: 215
呼符: 29
体力: 51454.113333333335 / 137
友情点: 80 / 1181975`
*連続ログイン7日間到達おめでとうございます！
明日は1日目からリスタートされます。*
`獣の足跡 X 1
呼符 X 1
2月交換券(2024) X 1
`*日替りログインボーナス*
*開催期間中、1日1回 2週間日替りでログインボーナスをプレゼント！*
`巡霊の葉 X 30
`_2024-02-12 19:39:40_
--------
*7686ae2a105ec6cc5551581fc7487546*
`登陆天数: 35天 / 1539天
等级: 127
石头: 318
呼符: 31
体力: 85895.80333333333 / 137
友情点: 0 / 1191410`
*連続ログイン7日間到達おめでとうございます！
明日は1日目からリスタートされます。*
`獣の足跡 X 1
呼符 X 1
2月交換券(2024) X 1
`*日替りログインボーナス*
*開催期間中、1日1回 2週間日替りでログインボーナスをプレゼント！*
`巡霊の葉 X 30
`_2024-02-12 19:39:49_
--------
*dcf734638b8334ef199302253a06e093*
`登陆天数: 35天 / 1419天
等级: 125
石头: 621
呼符: 29
体力: 51948.65666666667 / 137
友情点: 0 / 1087050`
*連続ログイン7日間到達おめでとうございます！
明日は1日目からリスタートされます。*
`獣の足跡 X 1
呼符 X 1
2月交換券(2024) X 1
`*日替りログインボーナス*
*開催期間中、1日1回 2週間日替りでログインボーナスをプレゼント！*
`巡霊の葉 X 30
`_2024-02-12 19:39:58_
--------
*47f309e11f595c830d1447d77b47d8a0*
`登陆天数: 35天 / 1515天
等级: 126
石头: 861
呼符: 24
体力: 49903.74 / 137
友情点: 70 / 1035200`
*連続ログイン7日間到達おめでとうございます！
明日は1日目からリスタートされます。*
`獣の足跡 X 1
呼符 X 1
2月交換券(2024) X 1
`*日替りログインボーナス*
*開催期間中、1日1回 2週間日替りでログインボーナスをプレゼント！*
`巡霊の葉 X 30
`_2024-02-12 19:40:07_
--------
*a602c44e0f8456741b30f0caf4753a39*
`登陆天数: 35天 / 1448天
等级: 144
石头: 560
呼符: 2
体力: 2277.7566666666667 / 141
友情点: 200 / 923315`
*連続ログイン7日間到達おめでとうございます！
明日は1日目からリスタートされます。*
`獣の足跡 X 1
呼符 X 1
2月交換券(2024) X 1
`*日替りログインボーナス*
*開催期間中、1日1回 2週間日替りでログインボーナスをプレゼント！*
`巡霊の葉 X 30
`_2024-02-12 19:40:16_
--------
