【登录信息】
*b5e6a05282bde158c1ffe9d4d9788373*
`登陆天数: 36天 / 1447天
等级: 125
石头: 867
呼符: 26
体力: 83612.82333333333 / 137
友情点: 0 / 1194815`
*連続ログイン1日目
※ログインが途切れるか、7日到達すると
1日目から再開されます*
`フレンドポイント X 2000
2月交換券(2024) X 1
`*バレンタイン2024
開幕直前特別ログインボーナス*
*開催期間中、1日1回 最大7回ログインボーナスをプレゼント！*
`マナプリズム X 50
`_2024-02-13 19:38:16_
--------
*eb20c8954ecb148daacdac59c3a0b2e8*
`登陆天数: 36天 / 1430天
等级: 125
石头: 933
呼符: 60
体力: 55342.13333333333 / 137
友情点: 0 / 1196045`
*連続ログイン1日目
※ログインが途切れるか、7日到達すると
1日目から再開されます*
`フレンドポイント X 2000
2月交換券(2024) X 1
`*バレンタイン2024
開幕直前特別ログインボーナス*
*開催期間中、1日1回 最大7回ログインボーナスをプレゼント！*
`マナプリズム X 50
`_2024-02-13 19:38:25_
--------
*620476f0f61795fd355f2a9e3fb24e54*
`登陆天数: 36天 / 1497天
等级: 125
石头: 2
呼符: 1
体力: 84318.80333333333 / 137
友情点: 0 / 1191295`
*連続ログイン1日目
※ログインが途切れるか、7日到達すると
1日目から再開されます*
`フレンドポイント X 2000
2月交換券(2024) X 1
`*バレンタイン2024
開幕直前特別ログインボーナス*
*開催期間中、1日1回 最大7回ログインボーナスをプレゼント！*
`マナプリズム X 50
`_2024-02-13 19:38:33_
--------
*8a4af26995de6f135fbb0fdafa2e0424*
`登陆天数: 36天 / 1475天
等级: 125
石头: 595
呼符: 48
体力: 84035.06666666667 / 137
友情点: 0 / 1180525`
*連続ログイン1日目
※ログインが途切れるか、7日到達すると
1日目から再開されます*
`フレンドポイント X 2000
2月交換券(2024) X 1
`*バレンタイン2024
開幕直前特別ログインボーナス*
*開催期間中、1日1回 最大7回ログインボーナスをプレゼント！*
`マナプリズム X 50
`_2024-02-13 19:38:42_
--------
*69a508b93367b043329d175aca01015e*
`登陆天数: 36天 / 1313天
等级: 125
石头: 764
呼符: 56
体力: 127171.07333333333 / 137
友情点: 0 / 945575`
*連続ログイン1日目
※ログインが途切れるか、7日到達すると
1日目から再開されます*
`フレンドポイント X 2000
2月交換券(2024) X 1
`*バレンタイン2024
開幕直前特別ログインボーナス*
*開催期間中、1日1回 最大7回ログインボーナスをプレゼント！*
`マナプリズム X 50
`_2024-02-13 19:38:50_
--------
*05c7889868efad05a84b961c94cc9b2c*
`登陆天数: 36天 / 1528天
等级: 125
石头: 1222
呼符: 47
体力: 96257.09333333334 / 137
友情点: 0 / 1138815`
*連続ログイン1日目
※ログインが途切れるか、7日到達すると
1日目から再開されます*
`フレンドポイント X 2000
2月交換券(2024) X 1
`*バレンタイン2024
開幕直前特別ログインボーナス*
*開催期間中、1日1回 最大7回ログインボーナスをプレゼント！*
`マナプリズム X 50
`_2024-02-13 19:38:58_
--------
*41c8ea3cfa831059a6c57fddf5a2e62d*
`登陆天数: 36天 / 1482天
等级: 125
石头: 436
呼符: 20
体力: 4091.806666666667 / 137
友情点: 0 / 747875`
*連続ログイン1日目
※ログインが途切れるか、7日到達すると
1日目から再開されます*
`フレンドポイント X 2000
2月交換券(2024) X 1
`*バレンタイン2024
開幕直前特別ログインボーナス*
*開催期間中、1日1回 最大7回ログインボーナスをプレゼント！*
`マナプリズム X 50
`_2024-02-13 19:39:06_
--------
*790b887791ca4de4345ea61d5bd657e4*
`登陆天数: 36天 / 1483天
等级: 125
石头: 107
呼符: 62
体力: 83610.25333333333 / 137
友情点: 0 / 903305`
*連続ログイン1日目
※ログインが途切れるか、7日到達すると
1日目から再開されます*
`フレンドポイント X 2000
2月交換券(2024) X 1
`*バレンタイン2024
開幕直前特別ログインボーナス*
*開催期間中、1日1回 最大7回ログインボーナスをプレゼント！*
`マナプリズム X 50
`_2024-02-13 19:39:15_
--------
*82f6295e189793da0ef43b4029c85eca*
`登陆天数: 36天 / 1534天
等级: 126
石头: 401
呼符: 24
体力: 48313.83666666667 / 137
友情点: 100 / 434870`
*連続ログイン1日目
※ログインが途切れるか、7日到達すると
1日目から再開されます*
`フレンドポイント X 2000
2月交換券(2024) X 1
`*バレンタイン2024
開幕直前特別ログインボーナス*
*開催期間中、1日1回 最大7回ログインボーナスをプレゼント！*
`マナプリズム X 50
`_2024-02-13 19:39:27_
--------
*47f309e11f595c830d1447d77b47d8a0*
`登陆天数: 36天 / 1498天
等级: 126
石头: 215
呼符: 29
体力: 51742.11 / 137
友情点: 100 / 1182075`
*連続ログイン1日目
※ログインが途切れるか、7日到達すると
1日目から再開されます*
`フレンドポイント X 2000
2月交換券(2024) X 1
`*バレンタイン2024
開幕直前特別ログインボーナス*
*開催期間中、1日1回 最大7回ログインボーナスをプレゼント！*
`マナプリズム X 50
`_2024-02-13 19:39:39_
--------
*7686ae2a105ec6cc5551581fc7487546*
`登陆天数: 36天 / 1540天
等级: 127
石头: 318
呼符: 31
体力: 86183.79666666666 / 137
友情点: 0 / 1191410`
*連続ログイン1日目
※ログインが途切れるか、7日到達すると
1日目から再開されます*
`フレンドポイント X 2000
2月交換券(2024) X 1
`*バレンタイン2024
開幕直前特別ログインボーナス*
*開催期間中、1日1回 最大7回ログインボーナスをプレゼント！*
`マナプリズム X 50
`_2024-02-13 19:39:47_
--------
*dcf734638b8334ef199302253a06e093*
`登陆天数: 36天 / 1420天
等级: 125
石头: 621
呼符: 29
体力: 52236.64666666667 / 137
友情点: 0 / 1087050`
*連続ログイン1日目
※ログインが途切れるか、7日到達すると
1日目から再開されます*
`フレンドポイント X 2000
2月交換券(2024) X 1
`*バレンタイン2024
開幕直前特別ログインボーナス*
*開催期間中、1日1回 最大7回ログインボーナスをプレゼント！*
`マナプリズム X 50
`_2024-02-13 19:39:55_
--------
*47f309e11f595c830d1447d77b47d8a0*
`登陆天数: 36天 / 1516天
等级: 126
石头: 861
呼符: 24
体力: 50191.72666666667 / 137
友情点: 110 / 1035310`
*連続ログイン1日目
※ログインが途切れるか、7日到達すると
1日目から再開されます*
`フレンドポイント X 2000
2月交換券(2024) X 1
`*バレンタイン2024
開幕直前特別ログインボーナス*
*開催期間中、1日1回 最大7回ログインボーナスをプレゼント！*
`マナプリズム X 50
`_2024-02-13 19:40:04_
--------
*a602c44e0f8456741b30f0caf4753a39*
`登陆天数: 36天 / 1449天
等级: 144
石头: 560
呼符: 2
体力: 2565.7366666666667 / 141
友情点: 220 / 923535`
*連続ログイン1日目
※ログインが途切れるか、7日到達すると
1日目から再開されます*
`フレンドポイント X 2000
2月交換券(2024) X 1
`*バレンタイン2024
開幕直前特別ログインボーナス*
*開催期間中、1日1回 最大7回ログインボーナスをプレゼント！*
`マナプリズム X 50
`_2024-02-13 19:40:12_
--------
