【登录信息】
*b5e6a05282bde158c1ffe9d4d9788373*
`登陆天数: 62天 / 1345天
等级: 125
石头: 630
呼符: 0
体力: 53948.90666666667 / 137
友情点: 0 / 1142815`
*連続ログイン6日目
※ログインが途切れるか、7日到達すると
1日目から再開されます*
`聖晶石 X 2
11月交換券(2023) X 1
`*聖杯戦線 ～白天の城、黒夜の城～開幕記念 ログインボーナス*
*開催期間中、1日1回 最大21回ログインボーナスをプレゼント！*
`白銀の果実 X 1
`_2023-11-02 19:38:41_
--------
*eb20c8954ecb148daacdac59c3a0b2e8*
`登陆天数: 62天 / 1328天
等级: 125
石头: 634
呼符: 34
体力: 25678.22 / 137
友情点: 0 / 1144045`
*連続ログイン6日目
※ログインが途切れるか、7日到達すると
1日目から再開されます*
`聖晶石 X 2
11月交換券(2023) X 1
`*聖杯戦線 ～白天の城、黒夜の城～開幕記念 ログインボーナス*
*開催期間中、1日1回 最大21回ログインボーナスをプレゼント！*
`白銀の果実 X 1
`_2023-11-02 19:38:50_
--------
*620476f0f61795fd355f2a9e3fb24e54*
`登陆天数: 62天 / 1395天
等级: 125
石头: 304
呼符: 2
体力: 54654.89333333333 / 137
友情点: 0 / 1143295`
*連続ログイン6日目
※ログインが途切れるか、7日到達すると
1日目から再開されます*
`聖晶石 X 2
11月交換券(2023) X 1
`*聖杯戦線 ～白天の城、黒夜の城～開幕記念 ログインボーナス*
*開催期間中、1日1回 最大21回ログインボーナスをプレゼント！*
`白銀の果実 X 1
`_2023-11-02 19:38:59_
--------
*8a4af26995de6f135fbb0fdafa2e0424*
`登陆天数: 62天 / 1373天
等级: 125
石头: 387
呼符: 22
体力: 54371.15666666667 / 137
友情点: 0 / 1126525`
*連続ログイン6日目
※ログインが途切れるか、7日到達すると
1日目から再開されます*
`聖晶石 X 2
11月交換券(2023) X 1
`*聖杯戦線 ～白天の城、黒夜の城～開幕記念 ログインボーナス*
*開催期間中、1日1回 最大21回ログインボーナスをプレゼント！*
`白銀の果実 X 1
`_2023-11-02 19:39:08_
--------
*69a508b93367b043329d175aca01015e*
`登陆天数: 62天 / 1211天
等级: 125
石头: 556
呼符: 30
体力: 97507.16666666667 / 137
友情点: 0 / 891575`
*連続ログイン6日目
※ログインが途切れるか、7日到達すると
1日目から再開されます*
`聖晶石 X 2
11月交換券(2023) X 1
`*聖杯戦線 ～白天の城、黒夜の城～開幕記念 ログインボーナス*
*開催期間中、1日1回 最大21回ログインボーナスをプレゼント！*
`白銀の果実 X 1
`_2023-11-02 19:39:17_
--------
*05c7889868efad05a84b961c94cc9b2c*
`登陆天数: 62天 / 1426天
等级: 125
石头: 894
呼符: 21
体力: 66593.18666666666 / 137
友情点: 0 / 1084815`
*連続ログイン6日目
※ログインが途切れるか、7日到達すると
1日目から再開されます*
`聖晶石 X 2
11月交換券(2023) X 1
`*聖杯戦線 ～白天の城、黒夜の城～開幕記念 ログインボーナス*
*開催期間中、1日1回 最大21回ログインボーナスをプレゼント！*
`白銀の果実 X 1
`_2023-11-02 19:39:26_
--------
*41c8ea3cfa831059a6c57fddf5a2e62d*
`登陆天数: 62天 / 1380天
等级: 125
石头: 34
呼符: 0
体力: 45995.43 / 137
友情点: 0 / 711875`
*連続ログイン6日目
※ログインが途切れるか、7日到達すると
1日目から再開されます*
`聖晶石 X 2
11月交換券(2023) X 1
`*聖杯戦線 ～白天の城、黒夜の城～開幕記念 ログインボーナス*
*開催期間中、1日1回 最大21回ログインボーナスをプレゼント！*
`白銀の果実 X 1
`_2023-11-02 19:39:35_
--------
*790b887791ca4de4345ea61d5bd657e4*
`登陆天数: 62天 / 1381天
等级: 125
石头: 21
呼符: 37
体力: 53946.35 / 137
友情点: 0 / 847305`
*連続ログイン6日目
※ログインが途切れるか、7日到達すると
1日目から再開されます*
`聖晶石 X 2
11月交換券(2023) X 1
`*聖杯戦線 ～白天の城、黒夜の城～開幕記念 ログインボーナス*
*開催期間中、1日1回 最大21回ログインボーナスをプレゼント！*
`白銀の果実 X 1
`_2023-11-02 19:39:44_
--------
*82f6295e189793da0ef43b4029c85eca*
`登陆天数: 62天 / 1432天
等级: 126
石头: 14
呼符: 0
体力: 18649.93666666667 / 137
友情点: 150 / 362120`
*連続ログイン6日目
※ログインが途切れるか、7日到達すると
1日目から再開されます*
`聖晶石 X 2
11月交換券(2023) X 1
`*聖杯戦線 ～白天の城、黒夜の城～開幕記念 ログインボーナス*
*開催期間中、1日1回 最大21回ログインボーナスをプレゼント！*
`白銀の果実 X 1
`_2023-11-02 19:39:56_
--------
*47f309e11f595c830d1447d77b47d8a0*
`登陆天数: 62天 / 1396天
等级: 126
石头: 8
呼符: 0
体力: 22078.21 / 137
友情点: 170 / 1107675`
*連続ログイン6日目
※ログインが途切れるか、7日到達すると
1日目から再開されます*
`聖晶石 X 2
11月交換券(2023) X 1
`*聖杯戦線 ～白天の城、黒夜の城～開幕記念 ログインボーナス*
*開催期間中、1日1回 最大21回ログインボーナスをプレゼント！*
`白銀の果実 X 1
`_2023-11-02 19:40:09_
--------
*7686ae2a105ec6cc5551581fc7487546*
`登陆天数: 62天 / 1438天
等级: 127
石头: 66
呼符: 6
体力: 56519.89666666667 / 137
友情点: 0 / 1151410`
*連続ログイン6日目
※ログインが途切れるか、7日到達すると
1日目から再開されます*
`聖晶石 X 2
11月交換券(2023) X 1
`*聖杯戦線 ～白天の城、黒夜の城～開幕記念 ログインボーナス*
*開催期間中、1日1回 最大21回ログインボーナスをプレゼント！*
`白銀の果実 X 1
`_2023-11-02 19:40:17_
--------
*dcf734638b8334ef199302253a06e093*
`登陆天数: 62天 / 1318天
等级: 125
石头: 502
呼符: 0
体力: 22572.743333333332 / 137
友情点: 0 / 1035050`
*連続ログイン6日目
※ログインが途切れるか、7日到達すると
1日目から再開されます*
`聖晶石 X 2
11月交換券(2023) X 1
`*聖杯戦線 ～白天の城、黒夜の城～開幕記念 ログインボーナス*
*開催期間中、1日1回 最大21回ログインボーナスをプレゼント！*
`白銀の果実 X 1
`_2023-11-02 19:40:26_
--------
*47f309e11f595c830d1447d77b47d8a0*
`登陆天数: 62天 / 1414天
等级: 126
石头: 685
呼符: 1
体力: 20527.826666666668 / 137
友情点: 170 / 968100`
*連続ログイン6日目
※ログインが途切れるか、7日到達すると
1日目から再開されます*
`聖晶石 X 2
11月交換券(2023) X 1
`*聖杯戦線 ～白天の城、黒夜の城～開幕記念 ログインボーナス*
*開催期間中、1日1回 最大21回ログインボーナスをプレゼント！*
`白銀の果実 X 1
`_2023-11-02 19:40:34_
--------
*a602c44e0f8456741b30f0caf4753a39*
`登陆天数: 78天 / 1347天
等级: 143
石头: 194
呼符: 14
体力: 78.32 / 141
友情点: 30 / 204770`
*連続ログイン1日目
※ログインが途切れるか、7日到達すると
1日目から再開されます*
`フレンドポイント X 2000
11月交換券(2023) X 1
`*聖杯戦線 ～白天の城、黒夜の城～開幕記念 ログインボーナス*
*開催期間中、1日1回 最大21回ログインボーナスをプレゼント！*
`白銀の果実 X 1
`_2023-11-02 19:40:42_
--------
