【登录信息】
*b5e6a05282bde158c1ffe9d4d9788373*
`登陆天数: 63天 / 1346天
等级: 125
石头: 630
呼符: 0
体力: 54236.85 / 137
友情点: 0 / 1142815`
*連続ログイン7日間到達おめでとうございます！
明日は1日目からリスタートされます。*
`獣の足跡 X 1
呼符 X 1
11月交換券(2023) X 1
`*聖杯戦線 ～白天の城、黒夜の城～開幕記念 ログインボーナス*
*開催期間中、1日1回 最大21回ログインボーナスをプレゼント！*
`白銀の果実 X 1
`_2023-11-03 19:38:25_
--------
*eb20c8954ecb148daacdac59c3a0b2e8*
`登陆天数: 63天 / 1329天
等级: 125
石头: 634
呼符: 34
体力: 25966.16 / 137
友情点: 0 / 1144045`
*連続ログイン7日間到達おめでとうございます！
明日は1日目からリスタートされます。*
`獣の足跡 X 1
呼符 X 1
11月交換券(2023) X 1
`*聖杯戦線 ～白天の城、黒夜の城～開幕記念 ログインボーナス*
*開催期間中、1日1回 最大21回ログインボーナスをプレゼント！*
`白銀の果実 X 1
`_2023-11-03 19:38:33_
--------
*620476f0f61795fd355f2a9e3fb24e54*
`登陆天数: 63天 / 1396天
等级: 125
石头: 304
呼符: 2
体力: 54942.83666666667 / 137
友情点: 0 / 1143295`
*連続ログイン7日間到達おめでとうございます！
明日は1日目からリスタートされます。*
`獣の足跡 X 1
呼符 X 1
11月交換券(2023) X 1
`*聖杯戦線 ～白天の城、黒夜の城～開幕記念 ログインボーナス*
*開催期間中、1日1回 最大21回ログインボーナスをプレゼント！*
`白銀の果実 X 1
`_2023-11-03 19:38:42_
--------
*8a4af26995de6f135fbb0fdafa2e0424*
`登陆天数: 63天 / 1374天
等级: 125
石头: 387
呼符: 22
体力: 54659.096666666665 / 137
友情点: 0 / 1126525`
*連続ログイン7日間到達おめでとうございます！
明日は1日目からリスタートされます。*
`獣の足跡 X 1
呼符 X 1
11月交換券(2023) X 1
`*聖杯戦線 ～白天の城、黒夜の城～開幕記念 ログインボーナス*
*開催期間中、1日1回 最大21回ログインボーナスをプレゼント！*
`白銀の果実 X 1
`_2023-11-03 19:38:51_
--------
*69a508b93367b043329d175aca01015e*
`登陆天数: 63天 / 1212天
等级: 125
石头: 556
呼符: 30
体力: 97795.10333333333 / 137
友情点: 0 / 891575`
*連続ログイン7日間到達おめでとうございます！
明日は1日目からリスタートされます。*
`獣の足跡 X 1
呼符 X 1
11月交換券(2023) X 1
`*聖杯戦線 ～白天の城、黒夜の城～開幕記念 ログインボーナス*
*開催期間中、1日1回 最大21回ログインボーナスをプレゼント！*
`白銀の果実 X 1
`_2023-11-03 19:38:59_
--------
*05c7889868efad05a84b961c94cc9b2c*
`登陆天数: 63天 / 1427天
等级: 125
石头: 894
呼符: 21
体力: 66881.12666666666 / 137
友情点: 0 / 1084815`
*連続ログイン7日間到達おめでとうございます！
明日は1日目からリスタートされます。*
`獣の足跡 X 1
呼符 X 1
11月交換券(2023) X 1
`*聖杯戦線 ～白天の城、黒夜の城～開幕記念 ログインボーナス*
*開催期間中、1日1回 最大21回ログインボーナスをプレゼント！*
`白銀の果実 X 1
`_2023-11-03 19:39:08_
--------
*41c8ea3cfa831059a6c57fddf5a2e62d*
`登陆天数: 63天 / 1381天
等级: 125
石头: 34
呼符: 0
体力: 46283.36666666667 / 137
友情点: 0 / 711875`
*連続ログイン7日間到達おめでとうございます！
明日は1日目からリスタートされます。*
`獣の足跡 X 1
呼符 X 1
11月交換券(2023) X 1
`*聖杯戦線 ～白天の城、黒夜の城～開幕記念 ログインボーナス*
*開催期間中、1日1回 最大21回ログインボーナスをプレゼント！*
`白銀の果実 X 1
`_2023-11-03 19:39:16_
--------
*790b887791ca4de4345ea61d5bd657e4*
`登陆天数: 63天 / 1382天
等级: 125
石头: 21
呼符: 37
体力: 54234.28666666667 / 137
友情点: 0 / 847305`
*連続ログイン7日間到達おめでとうございます！
明日は1日目からリスタートされます。*
`獣の足跡 X 1
呼符 X 1
11月交換券(2023) X 1
`*聖杯戦線 ～白天の城、黒夜の城～開幕記念 ログインボーナス*
*開催期間中、1日1回 最大21回ログインボーナスをプレゼント！*
`白銀の果実 X 1
`_2023-11-03 19:39:25_
--------
*82f6295e189793da0ef43b4029c85eca*
`登陆天数: 63天 / 1433天
等级: 126
石头: 14
呼符: 0
体力: 18937.873333333333 / 137
友情点: 160 / 362280`
*連続ログイン7日間到達おめでとうございます！
明日は1日目からリスタートされます。*
`獣の足跡 X 1
呼符 X 1
11月交換券(2023) X 1
`*聖杯戦線 ～白天の城、黒夜の城～開幕記念 ログインボーナス*
*開催期間中、1日1回 最大21回ログインボーナスをプレゼント！*
`白銀の果実 X 1
`_2023-11-03 19:39:38_
--------
*47f309e11f595c830d1447d77b47d8a0*
`登陆天数: 63天 / 1397天
等级: 126
石头: 8
呼符: 0
体力: 22366.146666666667 / 137
友情点: 210 / 1107915`
*連続ログイン7日間到達おめでとうございます！
明日は1日目からリスタートされます。*
`獣の足跡 X 1
呼符 X 1
11月交換券(2023) X 1
`*聖杯戦線 ～白天の城、黒夜の城～開幕記念 ログインボーナス*
*開催期間中、1日1回 最大21回ログインボーナスをプレゼント！*
`白銀の果実 X 1
`_2023-11-03 19:39:50_
--------
*7686ae2a105ec6cc5551581fc7487546*
`登陆天数: 63天 / 1439天
等级: 127
石头: 66
呼符: 6
体力: 56807.833333333336 / 137
友情点: 0 / 1151410`
*連続ログイン7日間到達おめでとうございます！
明日は1日目からリスタートされます。*
`獣の足跡 X 1
呼符 X 1
11月交換券(2023) X 1
`*聖杯戦線 ～白天の城、黒夜の城～開幕記念 ログインボーナス*
*開催期間中、1日1回 最大21回ログインボーナスをプレゼント！*
`白銀の果実 X 1
`_2023-11-03 19:39:58_
--------
*dcf734638b8334ef199302253a06e093*
`登陆天数: 63天 / 1319天
等级: 125
石头: 502
呼符: 0
体力: 22860.68 / 137
友情点: 0 / 1035050`
*連続ログイン7日間到達おめでとうございます！
明日は1日目からリスタートされます。*
`獣の足跡 X 1
呼符 X 1
11月交換券(2023) X 1
`*聖杯戦線 ～白天の城、黒夜の城～開幕記念 ログインボーナス*
*開催期間中、1日1回 最大21回ログインボーナスをプレゼント！*
`白銀の果実 X 1
`_2023-11-03 19:40:06_
--------
*47f309e11f595c830d1447d77b47d8a0*
`登陆天数: 63天 / 1415天
等级: 126
石头: 685
呼符: 1
体力: 20815.76 / 137
友情点: 150 / 968250`
*連続ログイン7日間到達おめでとうございます！
明日は1日目からリスタートされます。*
`獣の足跡 X 1
呼符 X 1
11月交換券(2023) X 1
`*聖杯戦線 ～白天の城、黒夜の城～開幕記念 ログインボーナス*
*開催期間中、1日1回 最大21回ログインボーナスをプレゼント！*
`白銀の果実 X 1
`_2023-11-03 19:40:14_
--------
*a602c44e0f8456741b30f0caf4753a39*
`登陆天数: 79天 / 1348天
等级: 143
石头: 194
呼符: 14
体力: 81.27000000000001 / 141
友情点: 80 / 205040`
*連続ログイン2日目
※ログインが途切れるか、7日到達すると
1日目から再開されます*
`聖晶石 X 1
11月交換券(2023) X 1
`*聖杯戦線 ～白天の城、黒夜の城～開幕記念 ログインボーナス*
*開催期間中、1日1回 最大21回ログインボーナスをプレゼント！*
`白銀の果実 X 1
`_2023-11-03 19:40:22_
--------
