【登录信息】
*b5e6a05282bde158c1ffe9d4d9788373*
`登陆天数: 65天 / 1348天
等级: 125
石头: 630
呼符: 0
体力: 54812.85333333333 / 137
友情点: 0 / 1142815`
*連続ログイン2日目
※ログインが途切れるか、7日到達すると
1日目から再開されます*
`聖晶石 X 1
11月交換券(2023) X 1
`*聖杯戦線 ～白天の城、黒夜の城～開幕記念 ログインボーナス*
*開催期間中、1日1回 最大21回ログインボーナスをプレゼント！*
`白銀の果実 X 1
`_2023-11-05 19:38:26_
--------
*eb20c8954ecb148daacdac59c3a0b2e8*
`登陆天数: 65天 / 1331天
等级: 125
石头: 634
呼符: 34
体力: 26542.166666666668 / 137
友情点: 0 / 1144045`
*連続ログイン2日目
※ログインが途切れるか、7日到達すると
1日目から再開されます*
`聖晶石 X 1
11月交換券(2023) X 1
`*聖杯戦線 ～白天の城、黒夜の城～開幕記念 ログインボーナス*
*開催期間中、1日1回 最大21回ログインボーナスをプレゼント！*
`白銀の果実 X 1
`_2023-11-05 19:38:35_
--------
*620476f0f61795fd355f2a9e3fb24e54*
`登陆天数: 65天 / 1398天
等级: 125
石头: 304
呼符: 2
体力: 55518.84333333333 / 137
友情点: 0 / 1143295`
*連続ログイン2日目
※ログインが途切れるか、7日到達すると
1日目から再開されます*
`聖晶石 X 1
11月交換券(2023) X 1
`*聖杯戦線 ～白天の城、黒夜の城～開幕記念 ログインボーナス*
*開催期間中、1日1回 最大21回ログインボーナスをプレゼント！*
`白銀の果実 X 1
`_2023-11-05 19:38:44_
--------
*8a4af26995de6f135fbb0fdafa2e0424*
`登陆天数: 65天 / 1376天
等级: 125
石头: 387
呼符: 22
体力: 55235.10666666667 / 137
友情点: 0 / 1126525`
*連続ログイン2日目
※ログインが途切れるか、7日到達すると
1日目から再開されます*
`聖晶石 X 1
11月交換券(2023) X 1
`*聖杯戦線 ～白天の城、黒夜の城～開幕記念 ログインボーナス*
*開催期間中、1日1回 最大21回ログインボーナスをプレゼント！*
`白銀の果実 X 1
`_2023-11-05 19:38:53_
--------
*69a508b93367b043329d175aca01015e*
`登陆天数: 65天 / 1214天
等级: 125
石头: 556
呼符: 30
体力: 98371.11666666667 / 137
友情点: 0 / 891575`
*連続ログイン2日目
※ログインが途切れるか、7日到達すると
1日目から再開されます*
`聖晶石 X 1
11月交換券(2023) X 1
`*聖杯戦線 ～白天の城、黒夜の城～開幕記念 ログインボーナス*
*開催期間中、1日1回 最大21回ログインボーナスをプレゼント！*
`白銀の果実 X 1
`_2023-11-05 19:39:03_
--------
*05c7889868efad05a84b961c94cc9b2c*
`登陆天数: 65天 / 1429天
等级: 125
石头: 894
呼符: 21
体力: 67457.13666666667 / 137
友情点: 0 / 1084815`
*連続ログイン2日目
※ログインが途切れるか、7日到達すると
1日目から再開されます*
`聖晶石 X 1
11月交換券(2023) X 1
`*聖杯戦線 ～白天の城、黒夜の城～開幕記念 ログインボーナス*
*開催期間中、1日1回 最大21回ログインボーナスをプレゼント！*
`白銀の果実 X 1
`_2023-11-05 19:39:11_
--------
*41c8ea3cfa831059a6c57fddf5a2e62d*
`登陆天数: 65天 / 1383天
等级: 125
石头: 34
呼符: 0
体力: 46859.38 / 137
友情点: 0 / 711875`
*連続ログイン2日目
※ログインが途切れるか、7日到達すると
1日目から再開されます*
`聖晶石 X 1
11月交換券(2023) X 1
`*聖杯戦線 ～白天の城、黒夜の城～開幕記念 ログインボーナス*
*開催期間中、1日1回 最大21回ログインボーナスをプレゼント！*
`白銀の果実 X 1
`_2023-11-05 19:39:20_
--------
*790b887791ca4de4345ea61d5bd657e4*
`登陆天数: 65天 / 1384天
等级: 125
石头: 21
呼符: 37
体力: 54810.30333333334 / 137
友情点: 0 / 847305`
*連続ログイン2日目
※ログインが途切れるか、7日到達すると
1日目から再開されます*
`聖晶石 X 1
11月交換券(2023) X 1
`*聖杯戦線 ～白天の城、黒夜の城～開幕記念 ログインボーナス*
*開催期間中、1日1回 最大21回ログインボーナスをプレゼント！*
`白銀の果実 X 1
`_2023-11-05 19:39:29_
--------
*82f6295e189793da0ef43b4029c85eca*
`登陆天数: 65天 / 1435天
等级: 126
石头: 14
呼符: 0
体力: 19513.886666666665 / 137
友情点: 170 / 362690`
*連続ログイン2日目
※ログインが途切れるか、7日到達すると
1日目から再開されます*
`聖晶石 X 1
11月交換券(2023) X 1
`*聖杯戦線 ～白天の城、黒夜の城～開幕記念 ログインボーナス*
*開催期間中、1日1回 最大21回ログインボーナスをプレゼント！*
`白銀の果実 X 1
`_2023-11-05 19:39:42_
--------
*47f309e11f595c830d1447d77b47d8a0*
`登陆天数: 65天 / 1399天
等级: 126
石头: 8
呼符: 0
体力: 22942.163333333334 / 137
友情点: 290 / 1108395`
*連続ログイン2日目
※ログインが途切れるか、7日到達すると
1日目から再開されます*
`聖晶石 X 1
11月交換券(2023) X 1
`*聖杯戦線 ～白天の城、黒夜の城～開幕記念 ログインボーナス*
*開催期間中、1日1回 最大21回ログインボーナスをプレゼント！*
`白銀の果実 X 1
`_2023-11-05 19:39:55_
--------
*7686ae2a105ec6cc5551581fc7487546*
`登陆天数: 65天 / 1441天
等级: 127
石头: 66
呼符: 6
体力: 57383.85333333333 / 137
友情点: 0 / 1151410`
*連続ログイン2日目
※ログインが途切れるか、7日到達すると
1日目から再開されます*
`聖晶石 X 1
11月交換券(2023) X 1
`*聖杯戦線 ～白天の城、黒夜の城～開幕記念 ログインボーナス*
*開催期間中、1日1回 最大21回ログインボーナスをプレゼント！*
`白銀の果実 X 1
`_2023-11-05 19:40:03_
--------
*dcf734638b8334ef199302253a06e093*
`登陆天数: 65天 / 1321天
等级: 125
石头: 502
呼符: 0
体力: 23436.7 / 137
友情点: 0 / 1035050`
*連続ログイン2日目
※ログインが途切れるか、7日到達すると
1日目から再開されます*
`聖晶石 X 1
11月交換券(2023) X 1
`*聖杯戦線 ～白天の城、黒夜の城～開幕記念 ログインボーナス*
*開催期間中、1日1回 最大21回ログインボーナスをプレゼント！*
`白銀の果実 X 1
`_2023-11-05 19:40:12_
--------
*47f309e11f595c830d1447d77b47d8a0*
`登陆天数: 65天 / 1417天
等级: 126
石头: 685
呼符: 1
体力: 21391.78 / 137
友情点: 190 / 968870`
*連続ログイン2日目
※ログインが途切れるか、7日到達すると
1日目から再開されます*
`聖晶石 X 1
11月交換券(2023) X 1
`*聖杯戦線 ～白天の城、黒夜の城～開幕記念 ログインボーナス*
*開催期間中、1日1回 最大21回ログインボーナスをプレゼント！*
`白銀の果実 X 1
`_2023-11-05 19:40:21_
--------
*a602c44e0f8456741b30f0caf4753a39*
`登陆天数: 81天 / 1350天
等级: 143
石头: 195
呼符: 15
体力: 481.5233333333333 / 141
友情点: 340 / 207795`
*連続ログイン4日目
※ログインが途切れるか、7日到達すると
1日目から再開されます*
`聖晶石 X 1
11月交換券(2023) X 1
`*聖杯戦線 ～白天の城、黒夜の城～開幕記念 ログインボーナス*
*開催期間中、1日1回 最大21回ログインボーナスをプレゼント！*
`白銀の果実 X 1
`_2023-11-05 19:40:29_
--------
