【登录信息】
*b5e6a05282bde158c1ffe9d4d9788373*
`登陆天数: 66天 / 1349天
等级: 125
石头: 630
呼符: 0
体力: 55100.833333333336 / 137
友情点: 0 / 1142815`
*連続ログイン3日目
※ログインが途切れるか、7日到達すると
1日目から再開されます*
`叡智の業火 X 1
11月交換券(2023) X 1
`*聖杯戦線 ～白天の城、黒夜の城～開幕記念 ログインボーナス*
*開催期間中、1日1回 最大21回ログインボーナスをプレゼント！*
`白銀の果実 X 1
`_2023-11-06 19:38:19_
--------
*eb20c8954ecb148daacdac59c3a0b2e8*
`登陆天数: 66天 / 1332天
等级: 125
石头: 634
呼符: 34
体力: 26830.146666666667 / 137
友情点: 0 / 1144045`
*連続ログイン3日目
※ログインが途切れるか、7日到達すると
1日目から再開されます*
`叡智の業火 X 1
11月交換券(2023) X 1
`*聖杯戦線 ～白天の城、黒夜の城～開幕記念 ログインボーナス*
*開催期間中、1日1回 最大21回ログインボーナスをプレゼント！*
`白銀の果実 X 1
`_2023-11-06 19:38:28_
--------
*620476f0f61795fd355f2a9e3fb24e54*
`登陆天数: 66天 / 1399天
等级: 125
石头: 304
呼符: 2
体力: 55806.82 / 137
友情点: 0 / 1143295`
*連続ログイン3日目
※ログインが途切れるか、7日到達すると
1日目から再開されます*
`叡智の業火 X 1
11月交換券(2023) X 1
`*聖杯戦線 ～白天の城、黒夜の城～開幕記念 ログインボーナス*
*開催期間中、1日1回 最大21回ログインボーナスをプレゼント！*
`白銀の果実 X 1
`_2023-11-06 19:38:37_
--------
*8a4af26995de6f135fbb0fdafa2e0424*
`登陆天数: 66天 / 1377天
等级: 125
石头: 387
呼符: 22
体力: 55523.083333333336 / 137
友情点: 0 / 1126525`
*連続ログイン3日目
※ログインが途切れるか、7日到達すると
1日目から再開されます*
`叡智の業火 X 1
11月交換券(2023) X 1
`*聖杯戦線 ～白天の城、黒夜の城～開幕記念 ログインボーナス*
*開催期間中、1日1回 最大21回ログインボーナスをプレゼント！*
`白銀の果実 X 1
`_2023-11-06 19:38:46_
--------
*69a508b93367b043329d175aca01015e*
`登陆天数: 66天 / 1215天
等级: 125
石头: 556
呼符: 30
体力: 98659.09 / 137
友情点: 0 / 891575`
*連続ログイン3日目
※ログインが途切れるか、7日到達すると
1日目から再開されます*
`叡智の業火 X 1
11月交換券(2023) X 1
`*聖杯戦線 ～白天の城、黒夜の城～開幕記念 ログインボーナス*
*開催期間中、1日1回 最大21回ログインボーナスをプレゼント！*
`白銀の果実 X 1
`_2023-11-06 19:38:55_
--------
*05c7889868efad05a84b961c94cc9b2c*
`登陆天数: 66天 / 1430天
等级: 125
石头: 894
呼符: 21
体力: 67745.11 / 137
友情点: 0 / 1084815`
*連続ログイン3日目
※ログインが途切れるか、7日到達すると
1日目から再開されます*
`叡智の業火 X 1
11月交換券(2023) X 1
`*聖杯戦線 ～白天の城、黒夜の城～開幕記念 ログインボーナス*
*開催期間中、1日1回 最大21回ログインボーナスをプレゼント！*
`白銀の果実 X 1
`_2023-11-06 19:39:03_
--------
*41c8ea3cfa831059a6c57fddf5a2e62d*
`登陆天数: 66天 / 1384天
等级: 125
石头: 34
呼符: 0
体力: 47147.35 / 137
友情点: 0 / 711875`
*連続ログイン3日目
※ログインが途切れるか、7日到達すると
1日目から再開されます*
`叡智の業火 X 1
11月交換券(2023) X 1
`*聖杯戦線 ～白天の城、黒夜の城～開幕記念 ログインボーナス*
*開催期間中、1日1回 最大21回ログインボーナスをプレゼント！*
`白銀の果実 X 1
`_2023-11-06 19:39:11_
--------
*790b887791ca4de4345ea61d5bd657e4*
`登陆天数: 66天 / 1385天
等级: 125
石头: 21
呼符: 37
体力: 55098.27 / 137
友情点: 0 / 847305`
*連続ログイン3日目
※ログインが途切れるか、7日到達すると
1日目から再開されます*
`叡智の業火 X 1
11月交換券(2023) X 1
`*聖杯戦線 ～白天の城、黒夜の城～開幕記念 ログインボーナス*
*開催期間中、1日1回 最大21回ログインボーナスをプレゼント！*
`白銀の果実 X 1
`_2023-11-06 19:39:20_
--------
*82f6295e189793da0ef43b4029c85eca*
`登陆天数: 66天 / 1436天
等级: 126
石头: 14
呼符: 0
体力: 19801.856666666667 / 137
友情点: 330 / 364030`
*連続ログイン3日目
※ログインが途切れるか、7日到達すると
1日目から再開されます*
`叡智の業火 X 1
11月交換券(2023) X 1
`*聖杯戦線 ～白天の城、黒夜の城～開幕記念 ログインボーナス*
*開催期間中、1日1回 最大21回ログインボーナスをプレゼント！*
`白銀の果実 X 1
`_2023-11-06 19:39:33_
--------
*47f309e11f595c830d1447d77b47d8a0*
`登陆天数: 66天 / 1400天
等级: 126
石头: 8
呼符: 0
体力: 23230.13 / 137
友情点: 230 / 1109455`
*連続ログイン3日目
※ログインが途切れるか、7日到達すると
1日目から再開されます*
`叡智の業火 X 1
11月交換券(2023) X 1
`*聖杯戦線 ～白天の城、黒夜の城～開幕記念 ログインボーナス*
*開催期間中、1日1回 最大21回ログインボーナスをプレゼント！*
`白銀の果実 X 1
`_2023-11-06 19:39:45_
--------
*7686ae2a105ec6cc5551581fc7487546*
`登陆天数: 66天 / 1442天
等级: 127
石头: 66
呼符: 6
体力: 57671.816666666666 / 137
友情点: 0 / 1151410`
*連続ログイン3日目
※ログインが途切れるか、7日到達すると
1日目から再開されます*
`叡智の業火 X 1
11月交換券(2023) X 1
`*聖杯戦線 ～白天の城、黒夜の城～開幕記念 ログインボーナス*
*開催期間中、1日1回 最大21回ログインボーナスをプレゼント！*
`白銀の果実 X 1
`_2023-11-06 19:39:53_
--------
*dcf734638b8334ef199302253a06e093*
`登陆天数: 66天 / 1322天
等级: 125
石头: 502
呼符: 0
体力: 23724.663333333334 / 137
友情点: 0 / 1035050`
*連続ログイン3日目
※ログインが途切れるか、7日到達すると
1日目から再開されます*
`叡智の業火 X 1
11月交換券(2023) X 1
`*聖杯戦線 ～白天の城、黒夜の城～開幕記念 ログインボーナス*
*開催期間中、1日1回 最大21回ログインボーナスをプレゼント！*
`白銀の果実 X 1
`_2023-11-06 19:40:01_
--------
*47f309e11f595c830d1447d77b47d8a0*
`登陆天数: 66天 / 1418天
等级: 126
石头: 685
呼符: 1
体力: 21679.743333333332 / 137
友情点: 220 / 969090`
*連続ログイン3日目
※ログインが途切れるか、7日到達すると
1日目から再開されます*
`叡智の業火 X 1
11月交換券(2023) X 1
`*聖杯戦線 ～白天の城、黒夜の城～開幕記念 ログインボーナス*
*開催期間中、1日1回 最大21回ログインボーナスをプレゼント！*
`白銀の果実 X 1
`_2023-11-06 19:40:09_
--------
*a602c44e0f8456741b30f0caf4753a39*
`登陆天数: 82天 / 1351天
等级: 143
石头: 195
呼符: 15
体力: 769.4833333333333 / 141
友情点: 180 / 207975`
*連続ログイン5日目
※ログインが途切れるか、7日到達すると
1日目から再開されます*
`叡智の業火 X 2
11月交換券(2023) X 1
`*聖杯戦線 ～白天の城、黒夜の城～開幕記念 ログインボーナス*
*開催期間中、1日1回 最大21回ログインボーナスをプレゼント！*
`白銀の果実 X 1
`_2023-11-06 19:40:17_
--------
