【登录信息】
*b5e6a05282bde158c1ffe9d4d9788373*
`登陆天数: 69天 / 1352天
等级: 125
石头: 630
呼符: 0
体力: 55964.86 / 137
友情点: 0 / 1142815`
*連続ログイン6日目
※ログインが途切れるか、7日到達すると
1日目から再開されます*
`聖晶石 X 2
11月交換券(2023) X 1
`*聖杯戦線 ～白天の城、黒夜の城～開幕記念 ログインボーナス*
*開催期間中、1日1回 最大21回ログインボーナスをプレゼント！*
`白銀の果実 X 1
`_2023-11-09 19:38:27_
--------
*eb20c8954ecb148daacdac59c3a0b2e8*
`登陆天数: 69天 / 1335天
等级: 125
石头: 634
呼符: 34
体力: 27694.17 / 137
友情点: 0 / 1144045`
*連続ログイン6日目
※ログインが途切れるか、7日到達すると
1日目から再開されます*
`聖晶石 X 2
11月交換券(2023) X 1
`*聖杯戦線 ～白天の城、黒夜の城～開幕記念 ログインボーナス*
*開催期間中、1日1回 最大21回ログインボーナスをプレゼント！*
`白銀の果実 X 1
`_2023-11-09 19:38:36_
--------
*620476f0f61795fd355f2a9e3fb24e54*
`登陆天数: 69天 / 1402天
等级: 125
石头: 304
呼符: 2
体力: 56670.846666666665 / 137
友情点: 0 / 1143295`
*連続ログイン6日目
※ログインが途切れるか、7日到達すると
1日目から再開されます*
`聖晶石 X 2
11月交換券(2023) X 1
`*聖杯戦線 ～白天の城、黒夜の城～開幕記念 ログインボーナス*
*開催期間中、1日1回 最大21回ログインボーナスをプレゼント！*
`白銀の果実 X 1
`_2023-11-09 19:38:45_
--------
*8a4af26995de6f135fbb0fdafa2e0424*
`登陆天数: 69天 / 1380天
等级: 125
石头: 387
呼符: 22
体力: 56387.11 / 137
友情点: 0 / 1126525`
*連続ログイン6日目
※ログインが途切れるか、7日到達すると
1日目から再開されます*
`聖晶石 X 2
11月交換券(2023) X 1
`*聖杯戦線 ～白天の城、黒夜の城～開幕記念 ログインボーナス*
*開催期間中、1日1回 最大21回ログインボーナスをプレゼント！*
`白銀の果実 X 1
`_2023-11-09 19:38:54_
--------
*69a508b93367b043329d175aca01015e*
`登陆天数: 69天 / 1218天
等级: 125
石头: 556
呼符: 30
体力: 99523.11666666667 / 137
友情点: 0 / 891575`
*連続ログイン6日目
※ログインが途切れるか、7日到達すると
1日目から再開されます*
`聖晶石 X 2
11月交換券(2023) X 1
`*聖杯戦線 ～白天の城、黒夜の城～開幕記念 ログインボーナス*
*開催期間中、1日1回 最大21回ログインボーナスをプレゼント！*
`白銀の果実 X 1
`_2023-11-09 19:39:03_
--------
*05c7889868efad05a84b961c94cc9b2c*
`登陆天数: 69天 / 1433天
等级: 125
石头: 894
呼符: 21
体力: 68609.14 / 137
友情点: 0 / 1084815`
*連続ログイン6日目
※ログインが途切れるか、7日到達すると
1日目から再開されます*
`聖晶石 X 2
11月交換券(2023) X 1
`*聖杯戦線 ～白天の城、黒夜の城～開幕記念 ログインボーナス*
*開催期間中、1日1回 最大21回ログインボーナスをプレゼント！*
`白銀の果実 X 1
`_2023-11-09 19:39:12_
--------
*41c8ea3cfa831059a6c57fddf5a2e62d*
`登陆天数: 69天 / 1387天
等级: 125
石头: 34
呼符: 0
体力: 48011.38 / 137
友情点: 0 / 711875`
*連続ログイン6日目
※ログインが途切れるか、7日到達すると
1日目から再開されます*
`聖晶石 X 2
11月交換券(2023) X 1
`*聖杯戦線 ～白天の城、黒夜の城～開幕記念 ログインボーナス*
*開催期間中、1日1回 最大21回ログインボーナスをプレゼント！*
`白銀の果実 X 1
`_2023-11-09 19:39:20_
--------
*790b887791ca4de4345ea61d5bd657e4*
`登陆天数: 69天 / 1388天
等级: 125
石头: 21
呼符: 37
体力: 55962.30333333334 / 137
友情点: 0 / 847305`
*連続ログイン6日目
※ログインが途切れるか、7日到達すると
1日目から再開されます*
`聖晶石 X 2
11月交換券(2023) X 1
`*聖杯戦線 ～白天の城、黒夜の城～開幕記念 ログインボーナス*
*開催期間中、1日1回 最大21回ログインボーナスをプレゼント！*
`白銀の果実 X 1
`_2023-11-09 19:39:30_
--------
*82f6295e189793da0ef43b4029c85eca*
`登陆天数: 69天 / 1439天
等级: 126
石头: 14
呼符: 0
体力: 20665.89 / 137
友情点: 410 / 367570`
*連続ログイン6日目
※ログインが途切れるか、7日到達すると
1日目から再開されます*
`聖晶石 X 2
11月交換券(2023) X 1
`*聖杯戦線 ～白天の城、黒夜の城～開幕記念 ログインボーナス*
*開催期間中、1日1回 最大21回ログインボーナスをプレゼント！*
`白銀の果実 X 1
`_2023-11-09 19:39:42_
--------
*47f309e11f595c830d1447d77b47d8a0*
`登陆天数: 69天 / 1403天
等级: 126
石头: 8
呼符: 0
体力: 24094.163333333334 / 137
友情点: 490 / 1110385`
*連続ログイン6日目
※ログインが途切れるか、7日到達すると
1日目から再開されます*
`聖晶石 X 2
11月交換券(2023) X 1
`*聖杯戦線 ～白天の城、黒夜の城～開幕記念 ログインボーナス*
*開催期間中、1日1回 最大21回ログインボーナスをプレゼント！*
`白銀の果実 X 1
`_2023-11-09 19:39:55_
--------
*7686ae2a105ec6cc5551581fc7487546*
`登陆天数: 69天 / 1445天
等级: 127
石头: 66
呼符: 6
体力: 58535.85333333333 / 137
友情点: 0 / 1151410`
*連続ログイン6日目
※ログインが途切れるか、7日到達すると
1日目から再開されます*
`聖晶石 X 2
11月交換券(2023) X 1
`*聖杯戦線 ～白天の城、黒夜の城～開幕記念 ログインボーナス*
*開催期間中、1日1回 最大21回ログインボーナスをプレゼント！*
`白銀の果実 X 1
`_2023-11-09 19:40:03_
--------
*dcf734638b8334ef199302253a06e093*
`登陆天数: 69天 / 1325天
等级: 125
石头: 502
呼符: 0
体力: 24588.703333333335 / 137
友情点: 0 / 1035050`
*連続ログイン6日目
※ログインが途切れるか、7日到達すると
1日目から再開されます*
`聖晶石 X 2
11月交換券(2023) X 1
`*聖杯戦線 ～白天の城、黒夜の城～開幕記念 ログインボーナス*
*開催期間中、1日1回 最大21回ログインボーナスをプレゼント！*
`白銀の果実 X 1
`_2023-11-09 19:40:12_
--------
*47f309e11f595c830d1447d77b47d8a0*
`登陆天数: 69天 / 1421天
等级: 126
石头: 685
呼符: 1
体力: 22543.783333333333 / 137
友情点: 400 / 970160`
*連続ログイン6日目
※ログインが途切れるか、7日到達すると
1日目から再開されます*
`聖晶石 X 2
11月交換券(2023) X 1
`*聖杯戦線 ～白天の城、黒夜の城～開幕記念 ログインボーナス*
*開催期間中、1日1回 最大21回ログインボーナスをプレゼント！*
`白銀の果実 X 1
`_2023-11-09 19:40:21_
--------
*a602c44e0f8456741b30f0caf4753a39*
`登陆天数: 85天 / 1354天
等级: 143
石头: 195
呼符: 15
体力: 1633.5233333333333 / 141
友情点: 370 / 208895`
*連続ログイン1日目
※ログインが途切れるか、7日到達すると
1日目から再開されます*
`フレンドポイント X 2000
11月交換券(2023) X 1
`*聖杯戦線 ～白天の城、黒夜の城～開幕記念 ログインボーナス*
*開催期間中、1日1回 最大21回ログインボーナスをプレゼント！*
`白銀の果実 X 1
`_2023-11-09 19:40:29_
--------
