【登录信息】
*b5e6a05282bde158c1ffe9d4d9788373*
`登陆天数: 71天 / 1354天
等级: 125
石头: 886
呼符: 14
体力: 56540.823333333334 / 137
友情点: 0 / 1170815`
*連続ログイン1日目
※ログインが途切れるか、7日到達すると
1日目から再開されます*
`フレンドポイント X 2000
11月交換券(2023) X 1
`*聖杯戦線 ～白天の城、黒夜の城～開幕記念 ログインボーナス*
*開催期間中、1日1回 最大21回ログインボーナスをプレゼント！*
`白銀の果実 X 1
`_2023-11-11 19:38:16_
--------
*eb20c8954ecb148daacdac59c3a0b2e8*
`登陆天数: 71天 / 1337天
等级: 125
石头: 741
呼符: 40
体力: 28270.136666666665 / 137
友情点: 0 / 1160045`
*連続ログイン1日目
※ログインが途切れるか、7日到達すると
1日目から再開されます*
`フレンドポイント X 2000
11月交換券(2023) X 1
`*聖杯戦線 ～白天の城、黒夜の城～開幕記念 ログインボーナス*
*開催期間中、1日1回 最大21回ログインボーナスをプレゼント！*
`白銀の果実 X 1
`_2023-11-11 19:38:25_
--------
*620476f0f61795fd355f2a9e3fb24e54*
`登陆天数: 71天 / 1404天
等级: 125
石头: 531
呼符: 14
体力: 57246.81 / 137
友情点: 0 / 1167295`
*連続ログイン1日目
※ログインが途切れるか、7日到達すると
1日目から再開されます*
`フレンドポイント X 2000
11月交換券(2023) X 1
`*聖杯戦線 ～白天の城、黒夜の城～開幕記念 ログインボーナス*
*開催期間中、1日1回 最大21回ログインボーナスをプレゼント！*
`白銀の果実 X 1
`_2023-11-11 19:38:34_
--------
*8a4af26995de6f135fbb0fdafa2e0424*
`登陆天数: 71天 / 1382天
等级: 125
石头: 494
呼符: 28
体力: 56963.073333333334 / 137
友情点: 0 / 1144525`
*連続ログイン1日目
※ログインが途切れるか、7日到達すると
1日目から再開されます*
`フレンドポイント X 2000
11月交換券(2023) X 1
`*聖杯戦線 ～白天の城、黒夜の城～開幕記念 ログインボーナス*
*開催期間中、1日1回 最大21回ログインボーナスをプレゼント！*
`白銀の果実 X 1
`_2023-11-11 19:38:44_
--------
*69a508b93367b043329d175aca01015e*
`登陆天数: 71天 / 1220天
等级: 125
石头: 663
呼符: 36
体力: 100099.08333333333 / 137
友情点: 0 / 909575`
*連続ログイン1日目
※ログインが途切れるか、7日到達すると
1日目から再開されます*
`フレンドポイント X 2000
11月交換券(2023) X 1
`*聖杯戦線 ～白天の城、黒夜の城～開幕記念 ログインボーナス*
*開催期間中、1日1回 最大21回ログインボーナスをプレゼント！*
`白銀の果実 X 1
`_2023-11-11 19:38:53_
--------
*05c7889868efad05a84b961c94cc9b2c*
`登陆天数: 71天 / 1435天
等级: 125
石头: 1001
呼符: 27
体力: 69185.10333333333 / 137
友情点: 0 / 1102815`
*連続ログイン1日目
※ログインが途切れるか、7日到達すると
1日目から再開されます*
`フレンドポイント X 2000
11月交換券(2023) X 1
`*聖杯戦線 ～白天の城、黒夜の城～開幕記念 ログインボーナス*
*開催期間中、1日1回 最大21回ログインボーナスをプレゼント！*
`白銀の果実 X 1
`_2023-11-11 19:39:01_
--------
*41c8ea3cfa831059a6c57fddf5a2e62d*
`登陆天数: 71天 / 1389天
等级: 125
石头: 185
呼符: 8
体力: 48587.346666666665 / 137
友情点: 0 / 723875`
*連続ログイン1日目
※ログインが途切れるか、7日到達すると
1日目から再開されます*
`フレンドポイント X 2000
11月交換券(2023) X 1
`*聖杯戦線 ～白天の城、黒夜の城～開幕記念 ログインボーナス*
*開催期間中、1日1回 最大21回ログインボーナスをプレゼント！*
`白銀の果実 X 1
`_2023-11-11 19:39:10_
--------
*790b887791ca4de4345ea61d5bd657e4*
`登陆天数: 71天 / 1390天
等级: 125
石头: 127
呼符: 42
体力: 56538.27 / 137
友情点: 0 / 867305`
*連続ログイン1日目
※ログインが途切れるか、7日到達すると
1日目から再開されます*
`フレンドポイント X 2000
11月交換券(2023) X 1
`*聖杯戦線 ～白天の城、黒夜の城～開幕記念 ログインボーナス*
*開催期間中、1日1回 最大21回ログインボーナスをプレゼント！*
`白銀の果実 X 1
`_2023-11-11 19:39:19_
--------
*82f6295e189793da0ef43b4029c85eca*
`登陆天数: 71天 / 1441天
等级: 126
石头: 210
呼符: 12
体力: 21241.853333333333 / 137
友情点: 130 / 392400`
*連続ログイン1日目
※ログインが途切れるか、7日到達すると
1日目から再開されます*
`フレンドポイント X 2000
11月交換券(2023) X 1
`*聖杯戦線 ～白天の城、黒夜の城～開幕記念 ログインボーナス*
*開催期間中、1日1回 最大21回ログインボーナスをプレゼント！*
`白銀の果実 X 1
`_2023-11-11 19:39:32_
--------
*47f309e11f595c830d1447d77b47d8a0*
`登陆天数: 71天 / 1405天
等级: 126
石头: 234
呼符: 12
体力: 24670.13 / 137
友情点: 200 / 1136245`
*連続ログイン1日目
※ログインが途切れるか、7日到達すると
1日目から再開されます*
`フレンドポイント X 2000
11月交換券(2023) X 1
`*聖杯戦線 ～白天の城、黒夜の城～開幕記念 ログインボーナス*
*開催期間中、1日1回 最大21回ログインボーナスをプレゼント！*
`白銀の果実 X 1
`_2023-11-11 19:39:45_
--------
*7686ae2a105ec6cc5551581fc7487546*
`登陆天数: 71天 / 1447天
等级: 127
石头: 217
呼符: 14
体力: 59111.816666666666 / 137
友情点: 0 / 1165410`
*連続ログイン1日目
※ログインが途切れるか、7日到達すると
1日目から再開されます*
`フレンドポイント X 2000
11月交換券(2023) X 1
`*聖杯戦線 ～白天の城、黒夜の城～開幕記念 ログインボーナス*
*開催期間中、1日1回 最大21回ログインボーナスをプレゼント！*
`白銀の果実 X 1
`_2023-11-11 19:39:53_
--------
*dcf734638b8334ef199302253a06e093*
`登陆天数: 71天 / 1327天
等级: 125
石头: 730
呼符: 12
体力: 25164.663333333334 / 137
友情点: 0 / 1061050`
*連続ログイン1日目
※ログインが途切れるか、7日到達すると
1日目から再開されます*
`フレンドポイント X 2000
11月交換券(2023) X 1
`*聖杯戦線 ～白天の城、黒夜の城～開幕記念 ログインボーナス*
*開催期間中、1日1回 最大21回ログインボーナスをプレゼント！*
`白銀の果実 X 1
`_2023-11-11 19:40:02_
--------
*47f309e11f595c830d1447d77b47d8a0*
`登陆天数: 71天 / 1423天
等级: 126
石头: 910
呼符: 12
体力: 23119.743333333332 / 137
友情点: 110 / 992800`
*連続ログイン1日目
※ログインが途切れるか、7日到達すると
1日目から再開されます*
`フレンドポイント X 2000
11月交換券(2023) X 1
`*聖杯戦線 ～白天の城、黒夜の城～開幕記念 ログインボーナス*
*開催期間中、1日1回 最大21回ログインボーナスをプレゼント！*
`白銀の果実 X 1
`_2023-11-11 19:40:10_
--------
*a602c44e0f8456741b30f0caf4753a39*
`登陆天数: 87天 / 1356天
等级: 143
石头: 195
呼符: 15
体力: 2209.4866666666667 / 141
友情点: 330 / 209595`
*連続ログイン3日目
※ログインが途切れるか、7日到達すると
1日目から再開されます*
`叡智の業火 X 1
11月交換券(2023) X 1
`*聖杯戦線 ～白天の城、黒夜の城～開幕記念 ログインボーナス*
*開催期間中、1日1回 最大21回ログインボーナスをプレゼント！*
`白銀の果実 X 1
`_2023-11-11 19:40:18_
--------
