【登录信息】
*b5e6a05282bde158c1ffe9d4d9788373*
`登陆天数: 72天 / 1355天
等级: 125
石头: 886
呼符: 14
体力: 56828.863333333335 / 137
友情点: 0 / 1170815`
*連続ログイン2日目
※ログインが途切れるか、7日到達すると
1日目から再開されます*
`聖晶石 X 1
11月交換券(2023) X 1
`*聖杯戦線 ～白天の城、黒夜の城～開幕記念 ログインボーナス*
*開催期間中、1日1回 最大21回ログインボーナスをプレゼント！*
`白銀の果実 X 1
`_2023-11-12 19:38:28_
--------
*eb20c8954ecb148daacdac59c3a0b2e8*
`登陆天数: 72天 / 1338天
等级: 125
石头: 741
呼符: 40
体力: 28558.176666666666 / 137
友情点: 0 / 1160045`
*連続ログイン2日目
※ログインが途切れるか、7日到達すると
1日目から再開されます*
`聖晶石 X 1
11月交換券(2023) X 1
`*聖杯戦線 ～白天の城、黒夜の城～開幕記念 ログインボーナス*
*開催期間中、1日1回 最大21回ログインボーナスをプレゼント！*
`白銀の果実 X 1
`_2023-11-12 19:38:37_
--------
*620476f0f61795fd355f2a9e3fb24e54*
`登陆天数: 72天 / 1405天
等级: 125
石头: 531
呼符: 14
体力: 57534.85 / 137
友情点: 0 / 1167295`
*連続ログイン2日目
※ログインが途切れるか、7日到達すると
1日目から再開されます*
`聖晶石 X 1
11月交換券(2023) X 1
`*聖杯戦線 ～白天の城、黒夜の城～開幕記念 ログインボーナス*
*開催期間中、1日1回 最大21回ログインボーナスをプレゼント！*
`白銀の果実 X 1
`_2023-11-12 19:38:46_
--------
*8a4af26995de6f135fbb0fdafa2e0424*
`登陆天数: 72天 / 1383天
等级: 125
石头: 494
呼符: 28
体力: 57251.113333333335 / 137
友情点: 0 / 1144525`
*連続ログイン2日目
※ログインが途切れるか、7日到達すると
1日目から再開されます*
`聖晶石 X 1
11月交換券(2023) X 1
`*聖杯戦線 ～白天の城、黒夜の城～開幕記念 ログインボーナス*
*開催期間中、1日1回 最大21回ログインボーナスをプレゼント！*
`白銀の果実 X 1
`_2023-11-12 19:38:55_
--------
*69a508b93367b043329d175aca01015e*
`登陆天数: 72天 / 1221天
等级: 125
石头: 663
呼符: 36
体力: 100387.12333333334 / 137
友情点: 0 / 909575`
*連続ログイン2日目
※ログインが途切れるか、7日到達すると
1日目から再開されます*
`聖晶石 X 1
11月交換券(2023) X 1
`*聖杯戦線 ～白天の城、黒夜の城～開幕記念 ログインボーナス*
*開催期間中、1日1回 最大21回ログインボーナスをプレゼント！*
`白銀の果実 X 1
`_2023-11-12 19:39:05_
--------
*05c7889868efad05a84b961c94cc9b2c*
`登陆天数: 72天 / 1436天
等级: 125
石头: 1001
呼符: 27
体力: 69473.14666666667 / 137
友情点: 0 / 1102815`
*連続ログイン2日目
※ログインが途切れるか、7日到達すると
1日目から再開されます*
`聖晶石 X 1
11月交換券(2023) X 1
`*聖杯戦線 ～白天の城、黒夜の城～開幕記念 ログインボーナス*
*開催期間中、1日1回 最大21回ログインボーナスをプレゼント！*
`白銀の果実 X 1
`_2023-11-12 19:39:14_
--------
*41c8ea3cfa831059a6c57fddf5a2e62d*
`登陆天数: 72天 / 1390天
等级: 125
石头: 185
呼符: 8
体力: 48875.386666666665 / 137
友情点: 0 / 723875`
*連続ログイン2日目
※ログインが途切れるか、7日到達すると
1日目から再開されます*
`聖晶石 X 1
11月交換券(2023) X 1
`*聖杯戦線 ～白天の城、黒夜の城～開幕記念 ログインボーナス*
*開催期間中、1日1回 最大21回ログインボーナスをプレゼント！*
`白銀の果実 X 1
`_2023-11-12 19:39:22_
--------
*790b887791ca4de4345ea61d5bd657e4*
`登陆天数: 72天 / 1391天
等级: 125
石头: 127
呼符: 42
体力: 56826.31 / 137
友情点: 0 / 867305`
*連続ログイン2日目
※ログインが途切れるか、7日到達すると
1日目から再開されます*
`聖晶石 X 1
11月交換券(2023) X 1
`*聖杯戦線 ～白天の城、黒夜の城～開幕記念 ログインボーナス*
*開催期間中、1日1回 最大21回ログインボーナスをプレゼント！*
`白銀の果実 X 1
`_2023-11-12 19:39:31_
--------
*82f6295e189793da0ef43b4029c85eca*
`登陆天数: 72天 / 1442天
等级: 126
石头: 210
呼符: 12
体力: 21529.893333333333 / 137
友情点: 310 / 393510`
*連続ログイン2日目
※ログインが途切れるか、7日到達すると
1日目から再開されます*
`聖晶石 X 1
11月交換券(2023) X 1
`*聖杯戦線 ～白天の城、黒夜の城～開幕記念 ログインボーナス*
*開催期間中、1日1回 最大21回ログインボーナスをプレゼント！*
`白銀の果実 X 1
`_2023-11-12 19:39:44_
--------
*47f309e11f595c830d1447d77b47d8a0*
`登陆天数: 72天 / 1406天
等级: 126
石头: 234
呼符: 12
体力: 24958.166666666668 / 137
友情点: 280 / 1136525`
*連続ログイン2日目
※ログインが途切れるか、7日到達すると
1日目から再開されます*
`聖晶石 X 1
11月交換券(2023) X 1
`*聖杯戦線 ～白天の城、黒夜の城～開幕記念 ログインボーナス*
*開催期間中、1日1回 最大21回ログインボーナスをプレゼント！*
`白銀の果実 X 1
`_2023-11-12 19:39:56_
--------
*7686ae2a105ec6cc5551581fc7487546*
`登陆天数: 72天 / 1448天
等级: 127
石头: 217
呼符: 14
体力: 59399.85666666667 / 137
友情点: 0 / 1165410`
*連続ログイン2日目
※ログインが途切れるか、7日到達すると
1日目から再開されます*
`聖晶石 X 1
11月交換券(2023) X 1
`*聖杯戦線 ～白天の城、黒夜の城～開幕記念 ログインボーナス*
*開催期間中、1日1回 最大21回ログインボーナスをプレゼント！*
`白銀の果実 X 1
`_2023-11-12 19:40:05_
--------
*dcf734638b8334ef199302253a06e093*
`登陆天数: 72天 / 1328天
等级: 125
石头: 730
呼符: 12
体力: 25452.703333333335 / 137
友情点: 0 / 1061050`
*連続ログイン2日目
※ログインが途切れるか、7日到達すると
1日目から再開されます*
`聖晶石 X 1
11月交換券(2023) X 1
`*聖杯戦線 ～白天の城、黒夜の城～開幕記念 ログインボーナス*
*開催期間中、1日1回 最大21回ログインボーナスをプレゼント！*
`白銀の果実 X 1
`_2023-11-12 19:40:13_
--------
*47f309e11f595c830d1447d77b47d8a0*
`登陆天数: 72天 / 1424天
等级: 126
石头: 910
呼符: 12
体力: 23407.786666666667 / 137
友情点: 400 / 993200`
*連続ログイン2日目
※ログインが途切れるか、7日到達すると
1日目から再開されます*
`聖晶石 X 1
11月交換券(2023) X 1
`*聖杯戦線 ～白天の城、黒夜の城～開幕記念 ログインボーナス*
*開催期間中、1日1回 最大21回ログインボーナスをプレゼント！*
`白銀の果実 X 1
`_2023-11-12 19:40:22_
--------
*a602c44e0f8456741b30f0caf4753a39*
`登陆天数: 88天 / 1357天
等级: 143
石头: 195
呼符: 15
体力: 2497.5266666666666 / 141
友情点: 375 / 210770`
*連続ログイン4日目
※ログインが途切れるか、7日到達すると
1日目から再開されます*
`聖晶石 X 1
11月交換券(2023) X 1
`*聖杯戦線 ～白天の城、黒夜の城～開幕記念 ログインボーナス*
*開催期間中、1日1回 最大21回ログインボーナスをプレゼント！*
`白銀の果実 X 1
`_2023-11-12 19:40:30_
--------
