【登录信息】
*b5e6a05282bde158c1ffe9d4d9788373*
`登陆天数: 73天 / 1356天
等级: 125
石头: 886
呼符: 14
体力: 57116.85 / 137
友情点: 0 / 1170815`
*連続ログイン3日目
※ログインが途切れるか、7日到達すると
1日目から再開されます*
`叡智の業火 X 1
11月交換券(2023) X 1
`*聖杯戦線 ～白天の城、黒夜の城～開幕記念 ログインボーナス*
*開催期間中、1日1回 最大21回ログインボーナスをプレゼント！*
`白銀の果実 X 1
`_2023-11-13 19:38:25_
--------
*eb20c8954ecb148daacdac59c3a0b2e8*
`登陆天数: 73天 / 1339天
等级: 125
石头: 741
呼符: 40
体力: 28846.163333333334 / 137
友情点: 0 / 1160045`
*連続ログイン3日目
※ログインが途切れるか、7日到達すると
1日目から再開されます*
`叡智の業火 X 1
11月交換券(2023) X 1
`*聖杯戦線 ～白天の城、黒夜の城～開幕記念 ログインボーナス*
*開催期間中、1日1回 最大21回ログインボーナスをプレゼント！*
`白銀の果実 X 1
`_2023-11-13 19:38:34_
--------
*620476f0f61795fd355f2a9e3fb24e54*
`登陆天数: 73天 / 1406天
等级: 125
石头: 531
呼符: 14
体力: 57822.84 / 137
友情点: 0 / 1167295`
*連続ログイン3日目
※ログインが途切れるか、7日到達すると
1日目から再開されます*
`叡智の業火 X 1
11月交換券(2023) X 1
`*聖杯戦線 ～白天の城、黒夜の城～開幕記念 ログインボーナス*
*開催期間中、1日1回 最大21回ログインボーナスをプレゼント！*
`白銀の果実 X 1
`_2023-11-13 19:38:43_
--------
*8a4af26995de6f135fbb0fdafa2e0424*
`登陆天数: 73天 / 1384天
等级: 125
石头: 494
呼符: 28
体力: 57539.1 / 137
友情点: 0 / 1144525`
*連続ログイン3日目
※ログインが途切れるか、7日到達すると
1日目から再開されます*
`叡智の業火 X 1
11月交換券(2023) X 1
`*聖杯戦線 ～白天の城、黒夜の城～開幕記念 ログインボーナス*
*開催期間中、1日1回 最大21回ログインボーナスをプレゼント！*
`白銀の果実 X 1
`_2023-11-13 19:38:52_
--------
*69a508b93367b043329d175aca01015e*
`登陆天数: 73天 / 1222天
等级: 125
石头: 663
呼符: 36
体力: 100675.11 / 137
友情点: 0 / 909575`
*連続ログイン3日目
※ログインが途切れるか、7日到達すると
1日目から再開されます*
`叡智の業火 X 1
11月交換券(2023) X 1
`*聖杯戦線 ～白天の城、黒夜の城～開幕記念 ログインボーナス*
*開催期間中、1日1回 最大21回ログインボーナスをプレゼント！*
`白銀の果実 X 1
`_2023-11-13 19:39:01_
--------
*05c7889868efad05a84b961c94cc9b2c*
`登陆天数: 73天 / 1437天
等级: 125
石头: 1001
呼符: 27
体力: 69761.13 / 137
友情点: 0 / 1102815`
*連続ログイン3日目
※ログインが途切れるか、7日到達すると
1日目から再開されます*
`叡智の業火 X 1
11月交換券(2023) X 1
`*聖杯戦線 ～白天の城、黒夜の城～開幕記念 ログインボーナス*
*開催期間中、1日1回 最大21回ログインボーナスをプレゼント！*
`白銀の果実 X 1
`_2023-11-13 19:39:09_
--------
*41c8ea3cfa831059a6c57fddf5a2e62d*
`登陆天数: 73天 / 1391天
等级: 125
石头: 185
呼符: 8
体力: 49163.37333333334 / 137
友情点: 0 / 723875`
*連続ログイン3日目
※ログインが途切れるか、7日到達すると
1日目から再開されます*
`叡智の業火 X 1
11月交換券(2023) X 1
`*聖杯戦線 ～白天の城、黒夜の城～開幕記念 ログインボーナス*
*開催期間中、1日1回 最大21回ログインボーナスをプレゼント！*
`白銀の果実 X 1
`_2023-11-13 19:39:18_
--------
*790b887791ca4de4345ea61d5bd657e4*
`登陆天数: 73天 / 1392天
等级: 125
石头: 127
呼符: 42
体力: 57114.29666666667 / 137
友情点: 0 / 867305`
*連続ログイン3日目
※ログインが途切れるか、7日到達すると
1日目から再開されます*
`叡智の業火 X 1
11月交換券(2023) X 1
`*聖杯戦線 ～白天の城、黒夜の城～開幕記念 ログインボーナス*
*開催期間中、1日1回 最大21回ログインボーナスをプレゼント！*
`白銀の果実 X 1
`_2023-11-13 19:39:27_
--------
*82f6295e189793da0ef43b4029c85eca*
`登陆天数: 73天 / 1443天
等级: 126
石头: 210
呼符: 12
体力: 21817.88 / 137
友情点: 340 / 393850`
*連続ログイン3日目
※ログインが途切れるか、7日到達すると
1日目から再開されます*
`叡智の業火 X 1
11月交換券(2023) X 1
`*聖杯戦線 ～白天の城、黒夜の城～開幕記念 ログインボーナス*
*開催期間中、1日1回 最大21回ログインボーナスをプレゼント！*
`白銀の果実 X 1
`_2023-11-13 19:39:40_
--------
*47f309e11f595c830d1447d77b47d8a0*
`登陆天数: 73天 / 1407天
等级: 126
石头: 234
呼符: 12
体力: 25246.153333333332 / 137
友情点: 320 / 1137455`
*連続ログイン3日目
※ログインが途切れるか、7日到達すると
1日目から再開されます*
`叡智の業火 X 1
11月交換券(2023) X 1
`*聖杯戦線 ～白天の城、黒夜の城～開幕記念 ログインボーナス*
*開催期間中、1日1回 最大21回ログインボーナスをプレゼント！*
`白銀の果実 X 1
`_2023-11-13 19:39:52_
--------
*7686ae2a105ec6cc5551581fc7487546*
`登陆天数: 73天 / 1449天
等级: 127
石头: 217
呼符: 14
体力: 59687.84333333333 / 137
友情点: 0 / 1165410`
*連続ログイン3日目
※ログインが途切れるか、7日到達すると
1日目から再開されます*
`叡智の業火 X 1
11月交換券(2023) X 1
`*聖杯戦線 ～白天の城、黒夜の城～開幕記念 ログインボーナス*
*開催期間中、1日1回 最大21回ログインボーナスをプレゼント！*
`白銀の果実 X 1
`_2023-11-13 19:40:01_
--------
*dcf734638b8334ef199302253a06e093*
`登陆天数: 73天 / 1329天
等级: 125
石头: 730
呼符: 12
体力: 25740.69 / 137
友情点: 0 / 1061050`
*連続ログイン3日目
※ログインが途切れるか、7日到達すると
1日目から再開されます*
`叡智の業火 X 1
11月交換券(2023) X 1
`*聖杯戦線 ～白天の城、黒夜の城～開幕記念 ログインボーナス*
*開催期間中、1日1回 最大21回ログインボーナスをプレゼント！*
`白銀の果実 X 1
`_2023-11-13 19:40:09_
--------
*47f309e11f595c830d1447d77b47d8a0*
`登陆天数: 73天 / 1425天
等级: 126
石头: 910
呼符: 12
体力: 23695.77 / 137
友情点: 310 / 993510`
*連続ログイン3日目
※ログインが途切れるか、7日到達すると
1日目から再開されます*
`叡智の業火 X 1
11月交換券(2023) X 1
`*聖杯戦線 ～白天の城、黒夜の城～開幕記念 ログインボーナス*
*開催期間中、1日1回 最大21回ログインボーナスをプレゼント！*
`白銀の果実 X 1
`_2023-11-13 19:40:17_
--------
*a602c44e0f8456741b30f0caf4753a39*
`登陆天数: 89天 / 1358天
等级: 143
石头: 235
呼符: 17
体力: 178.00333333333333 / 141
友情点: 240 / 213520`
*連続ログイン5日目
※ログインが途切れるか、7日到達すると
1日目から再開されます*
`叡智の業火 X 2
11月交換券(2023) X 1
`*聖杯戦線 ～白天の城、黒夜の城～開幕記念 ログインボーナス*
*開催期間中、1日1回 最大21回ログインボーナスをプレゼント！*
`白銀の果実 X 1
`_2023-11-13 19:40:26_
--------
