【登录信息】
*b5e6a05282bde158c1ffe9d4d9788373*
`登陆天数: 74天 / 1357天
等级: 125
石头: 886
呼符: 14
体力: 57405.05 / 137
友情点: 0 / 1170815`
*連続ログイン4日目
※ログインが途切れるか、7日到達すると
1日目から再開されます*
`聖晶石 X 1
11月交換券(2023) X 1
`*聖杯戦線 ～白天の城、黒夜の城～開幕記念 ログインボーナス*
*開催期間中、1日1回 最大21回ログインボーナスをプレゼント！*
`白銀の果実 X 1
`_2023-11-14 19:39:24_
--------
*eb20c8954ecb148daacdac59c3a0b2e8*
`登陆天数: 74天 / 1340天
等级: 125
石头: 741
呼符: 40
体力: 29134.363333333335 / 137
友情点: 0 / 1160045`
*連続ログイン4日目
※ログインが途切れるか、7日到達すると
1日目から再開されます*
`聖晶石 X 1
11月交換券(2023) X 1
`*聖杯戦線 ～白天の城、黒夜の城～開幕記念 ログインボーナス*
*開催期間中、1日1回 最大21回ログインボーナスをプレゼント！*
`白銀の果実 X 1
`_2023-11-14 19:39:33_
--------
*620476f0f61795fd355f2a9e3fb24e54*
`登陆天数: 74天 / 1407天
等级: 125
石头: 531
呼符: 14
体力: 58111.03666666667 / 137
友情点: 0 / 1167295`
*連続ログイン4日目
※ログインが途切れるか、7日到達すると
1日目から再開されます*
`聖晶石 X 1
11月交換券(2023) X 1
`*聖杯戦線 ～白天の城、黒夜の城～開幕記念 ログインボーナス*
*開催期間中、1日1回 最大21回ログインボーナスをプレゼント！*
`白銀の果実 X 1
`_2023-11-14 19:39:42_
--------
*8a4af26995de6f135fbb0fdafa2e0424*
`登陆天数: 74天 / 1385天
等级: 125
石头: 494
呼符: 28
体力: 57827.3 / 137
友情点: 0 / 1144525`
*連続ログイン4日目
※ログインが途切れるか、7日到達すると
1日目から再開されます*
`聖晶石 X 1
11月交換券(2023) X 1
`*聖杯戦線 ～白天の城、黒夜の城～開幕記念 ログインボーナス*
*開催期間中、1日1回 最大21回ログインボーナスをプレゼント！*
`白銀の果実 X 1
`_2023-11-14 19:39:51_
--------
*69a508b93367b043329d175aca01015e*
`登陆天数: 74天 / 1223天
等级: 125
石头: 663
呼符: 36
体力: 100963.31 / 137
友情点: 0 / 909575`
*連続ログイン4日目
※ログインが途切れるか、7日到達すると
1日目から再開されます*
`聖晶石 X 1
11月交換券(2023) X 1
`*聖杯戦線 ～白天の城、黒夜の城～開幕記念 ログインボーナス*
*開催期間中、1日1回 最大21回ログインボーナスをプレゼント！*
`白銀の果実 X 1
`_2023-11-14 19:40:01_
--------
*05c7889868efad05a84b961c94cc9b2c*
`登陆天数: 74天 / 1438天
等级: 125
石头: 1001
呼符: 27
体力: 70049.33333333333 / 137
友情点: 0 / 1102815`
*連続ログイン4日目
※ログインが途切れるか、7日到達すると
1日目から再開されます*
`聖晶石 X 1
11月交換券(2023) X 1
`*聖杯戦線 ～白天の城、黒夜の城～開幕記念 ログインボーナス*
*開催期間中、1日1回 最大21回ログインボーナスをプレゼント！*
`白銀の果実 X 1
`_2023-11-14 19:40:09_
--------
*41c8ea3cfa831059a6c57fddf5a2e62d*
`登陆天数: 74天 / 1392天
等级: 125
石头: 185
呼符: 8
体力: 49451.573333333334 / 137
友情点: 0 / 723875`
*連続ログイン4日目
※ログインが途切れるか、7日到達すると
1日目から再開されます*
`聖晶石 X 1
11月交換券(2023) X 1
`*聖杯戦線 ～白天の城、黒夜の城～開幕記念 ログインボーナス*
*開催期間中、1日1回 最大21回ログインボーナスをプレゼント！*
`白銀の果実 X 1
`_2023-11-14 19:40:18_
--------
*790b887791ca4de4345ea61d5bd657e4*
`登陆天数: 74天 / 1393天
等级: 125
石头: 127
呼符: 42
体力: 57402.496666666666 / 137
友情点: 0 / 867305`
*連続ログイン4日目
※ログインが途切れるか、7日到達すると
1日目から再開されます*
`聖晶石 X 1
11月交換券(2023) X 1
`*聖杯戦線 ～白天の城、黒夜の城～開幕記念 ログインボーナス*
*開催期間中、1日1回 最大21回ログインボーナスをプレゼント！*
`白銀の果実 X 1
`_2023-11-14 19:40:27_
--------
*82f6295e189793da0ef43b4029c85eca*
`登陆天数: 74天 / 1444天
等级: 126
石头: 210
呼符: 12
体力: 22106.08 / 137
友情点: 290 / 394140`
*連続ログイン4日目
※ログインが途切れるか、7日到達すると
1日目から再開されます*
`聖晶石 X 1
11月交換券(2023) X 1
`*聖杯戦線 ～白天の城、黒夜の城～開幕記念 ログインボーナス*
*開催期間中、1日1回 最大21回ログインボーナスをプレゼント！*
`白銀の果実 X 1
`_2023-11-14 19:40:40_
--------
*47f309e11f595c830d1447d77b47d8a0*
`登陆天数: 74天 / 1408天
等级: 126
石头: 234
呼符: 12
体力: 25534.353333333333 / 137
友情点: 290 / 1137745`
*連続ログイン4日目
※ログインが途切れるか、7日到達すると
1日目から再開されます*
`聖晶石 X 1
11月交換券(2023) X 1
`*聖杯戦線 ～白天の城、黒夜の城～開幕記念 ログインボーナス*
*開催期間中、1日1回 最大21回ログインボーナスをプレゼント！*
`白銀の果実 X 1
`_2023-11-14 19:40:52_
--------
*7686ae2a105ec6cc5551581fc7487546*
`登陆天数: 74天 / 1450天
等级: 127
石头: 217
呼符: 14
体力: 59976.043333333335 / 137
友情点: 0 / 1165410`
*連続ログイン4日目
※ログインが途切れるか、7日到達すると
1日目から再開されます*
`聖晶石 X 1
11月交換券(2023) X 1
`*聖杯戦線 ～白天の城、黒夜の城～開幕記念 ログインボーナス*
*開催期間中、1日1回 最大21回ログインボーナスをプレゼント！*
`白銀の果実 X 1
`_2023-11-14 19:41:00_
--------
*dcf734638b8334ef199302253a06e093*
`登陆天数: 74天 / 1330天
等级: 125
石头: 730
呼符: 12
体力: 26028.89 / 137
友情点: 0 / 1061050`
*連続ログイン4日目
※ログインが途切れるか、7日到達すると
1日目から再開されます*
`聖晶石 X 1
11月交換券(2023) X 1
`*聖杯戦線 ～白天の城、黒夜の城～開幕記念 ログインボーナス*
*開催期間中、1日1回 最大21回ログインボーナスをプレゼント！*
`白銀の果実 X 1
`_2023-11-14 19:41:09_
--------
*47f309e11f595c830d1447d77b47d8a0*
`登陆天数: 74天 / 1426天
等级: 126
石头: 910
呼符: 12
体力: 23983.97 / 137
友情点: 370 / 994280`
*連続ログイン4日目
※ログインが途切れるか、7日到達すると
1日目から再開されます*
`聖晶石 X 1
11月交換券(2023) X 1
`*聖杯戦線 ～白天の城、黒夜の城～開幕記念 ログインボーナス*
*開催期間中、1日1回 最大21回ログインボーナスをプレゼント！*
`白銀の果実 X 1
`_2023-11-14 19:41:17_
--------
*a602c44e0f8456741b30f0caf4753a39*
`登陆天数: 90天 / 1359天
等级: 143
石头: 241
呼符: 21
体力: 68.08333333333333 / 141
友情点: 175 / 214370`
*連続ログイン6日目
※ログインが途切れるか、7日到達すると
1日目から再開されます*
`聖晶石 X 2
11月交換券(2023) X 1
`*聖杯戦線 ～白天の城、黒夜の城～開幕記念 ログインボーナス*
*開催期間中、1日1回 最大21回ログインボーナスをプレゼント！*
`白銀の果実 X 1
`_2023-11-14 19:41:26_
--------
