【登录信息】
*b5e6a05282bde158c1ffe9d4d9788373*
`登陆天数: 75天 / 1358天
等级: 125
石头: 886
呼符: 14
体力: 57692.89 / 137
友情点: 0 / 1170815`
*連続ログイン5日目
※ログインが途切れるか、7日到達すると
1日目から再開されます*
`叡智の業火 X 2
11月交換券(2023) X 1
`*使用期限付コンティニューアイテムプレゼント！*
*開催期間中、初回ログインでコンティニューアイテム「霊脈石×3」をプレゼント！*
`霊脈石 X 3
`_2023-11-15 19:38:36_
--------
*eb20c8954ecb148daacdac59c3a0b2e8*
`登陆天数: 75天 / 1341天
等级: 125
石头: 741
呼符: 40
体力: 29422.206666666665 / 137
友情点: 0 / 1160045`
*連続ログイン5日目
※ログインが途切れるか、7日到達すると
1日目から再開されます*
`叡智の業火 X 2
11月交換券(2023) X 1
`*使用期限付コンティニューアイテムプレゼント！*
*開催期間中、初回ログインでコンティニューアイテム「霊脈石×3」をプレゼント！*
`霊脈石 X 3
`_2023-11-15 19:38:46_
--------
*620476f0f61795fd355f2a9e3fb24e54*
`登陆天数: 75天 / 1408天
等级: 125
石头: 531
呼符: 14
体力: 58398.88 / 137
友情点: 0 / 1167295`
*連続ログイン5日目
※ログインが途切れるか、7日到達すると
1日目から再開されます*
`叡智の業火 X 2
11月交換券(2023) X 1
`*使用期限付コンティニューアイテムプレゼント！*
*開催期間中、初回ログインでコンティニューアイテム「霊脈石×3」をプレゼント！*
`霊脈石 X 3
`_2023-11-15 19:38:55_
--------
*8a4af26995de6f135fbb0fdafa2e0424*
`登陆天数: 75天 / 1386天
等级: 125
石头: 494
呼符: 28
体力: 58115.14666666667 / 137
友情点: 0 / 1144525`
*連続ログイン5日目
※ログインが途切れるか、7日到達すると
1日目から再開されます*
`叡智の業火 X 2
11月交換券(2023) X 1
`*使用期限付コンティニューアイテムプレゼント！*
*開催期間中、初回ログインでコンティニューアイテム「霊脈石×3」をプレゼント！*
`霊脈石 X 3
`_2023-11-15 19:39:05_
--------
*69a508b93367b043329d175aca01015e*
`登陆天数: 75天 / 1224天
等级: 125
石头: 663
呼符: 36
体力: 101251.15666666666 / 137
友情点: 0 / 909575`
*連続ログイン5日目
※ログインが途切れるか、7日到達すると
1日目から再開されます*
`叡智の業火 X 2
11月交換券(2023) X 1
`*使用期限付コンティニューアイテムプレゼント！*
*開催期間中、初回ログインでコンティニューアイテム「霊脈石×3」をプレゼント！*
`霊脈石 X 3
`_2023-11-15 19:39:15_
--------
*05c7889868efad05a84b961c94cc9b2c*
`登陆天数: 75天 / 1439天
等级: 125
石头: 1001
呼符: 27
体力: 70337.18 / 137
友情点: 0 / 1102815`
*連続ログイン5日目
※ログインが途切れるか、7日到達すると
1日目から再開されます*
`叡智の業火 X 2
11月交換券(2023) X 1
`*使用期限付コンティニューアイテムプレゼント！*
*開催期間中、初回ログインでコンティニューアイテム「霊脈石×3」をプレゼント！*
`霊脈石 X 3
`_2023-11-15 19:39:24_
--------
*41c8ea3cfa831059a6c57fddf5a2e62d*
`登陆天数: 75天 / 1393天
等级: 125
石头: 185
呼符: 8
体力: 49739.42333333333 / 137
友情点: 0 / 723875`
*連続ログイン5日目
※ログインが途切れるか、7日到達すると
1日目から再開されます*
`叡智の業火 X 2
11月交換券(2023) X 1
`*使用期限付コンティニューアイテムプレゼント！*
*開催期間中、初回ログインでコンティニューアイテム「霊脈石×3」をプレゼント！*
`霊脈石 X 3
`_2023-11-15 19:39:33_
--------
*790b887791ca4de4345ea61d5bd657e4*
`登陆天数: 75天 / 1394天
等级: 125
石头: 127
呼符: 42
体力: 57690.346666666665 / 137
友情点: 0 / 867305`
*連続ログイン5日目
※ログインが途切れるか、7日到達すると
1日目から再開されます*
`叡智の業火 X 2
11月交換券(2023) X 1
`*使用期限付コンティニューアイテムプレゼント！*
*開催期間中、初回ログインでコンティニューアイテム「霊脈石×3」をプレゼント！*
`霊脈石 X 3
`_2023-11-15 19:39:43_
--------
*82f6295e189793da0ef43b4029c85eca*
`登陆天数: 75天 / 1445天
等级: 126
石头: 210
呼符: 12
体力: 22393.933333333334 / 137
友情点: 340 / 394480`
*連続ログイン5日目
※ログインが途切れるか、7日到達すると
1日目から再開されます*
`叡智の業火 X 2
11月交換券(2023) X 1
`*使用期限付コンティニューアイテムプレゼント！*
*開催期間中、初回ログインでコンティニューアイテム「霊脈石×3」をプレゼント！*
`霊脈石 X 3
`_2023-11-15 19:39:55_
--------
*47f309e11f595c830d1447d77b47d8a0*
`登陆天数: 75天 / 1409天
等级: 126
石头: 234
呼符: 12
体力: 25822.21 / 137
友情点: 220 / 1137965`
*連続ログイン5日目
※ログインが途切れるか、7日到達すると
1日目から再開されます*
`叡智の業火 X 2
11月交換券(2023) X 1
`*使用期限付コンティニューアイテムプレゼント！*
*開催期間中、初回ログインでコンティニューアイテム「霊脈石×3」をプレゼント！*
`霊脈石 X 3
`_2023-11-15 19:40:08_
--------
*7686ae2a105ec6cc5551581fc7487546*
`登陆天数: 75天 / 1451天
等级: 127
石头: 217
呼符: 14
体力: 60263.9 / 137
友情点: 0 / 1165410`
*連続ログイン5日目
※ログインが途切れるか、7日到達すると
1日目から再開されます*
`叡智の業火 X 2
11月交換券(2023) X 1
`*使用期限付コンティニューアイテムプレゼント！*
*開催期間中、初回ログインでコンティニューアイテム「霊脈石×3」をプレゼント！*
`霊脈石 X 3
`_2023-11-15 19:40:17_
--------
*dcf734638b8334ef199302253a06e093*
`登陆天数: 75天 / 1331天
等级: 125
石头: 730
呼符: 12
体力: 26316.746666666666 / 137
友情点: 0 / 1061050`
*連続ログイン5日目
※ログインが途切れるか、7日到達すると
1日目から再開されます*
`叡智の業火 X 2
11月交換券(2023) X 1
`*使用期限付コンティニューアイテムプレゼント！*
*開催期間中、初回ログインでコンティニューアイテム「霊脈石×3」をプレゼント！*
`霊脈石 X 3
`_2023-11-15 19:40:26_
--------
*47f309e11f595c830d1447d77b47d8a0*
`登陆天数: 75天 / 1427天
等级: 126
石头: 910
呼符: 12
体力: 24271.83 / 137
友情点: 300 / 994580`
*連続ログイン5日目
※ログインが途切れるか、7日到達すると
1日目から再開されます*
`叡智の業火 X 2
11月交換券(2023) X 1
`*使用期限付コンティニューアイテムプレゼント！*
*開催期間中、初回ログインでコンティニューアイテム「霊脈石×3」をプレゼント！*
`霊脈石 X 3
`_2023-11-15 19:40:35_
--------
*a602c44e0f8456741b30f0caf4753a39*
`登陆天数: 91天 / 1360天
等级: 143
石头: 241
呼符: 21
体力: 355.94666666666666 / 141
友情点: 360 / 214730`
*連続ログイン7日間到達おめでとうございます！
明日は1日目からリスタートされます。*
`獣の足跡 X 1
呼符 X 1
11月交換券(2023) X 1
`*使用期限付コンティニューアイテムプレゼント！*
*開催期間中、初回ログインでコンティニューアイテム「霊脈石×3」をプレゼント！*
`霊脈石 X 3
`_2023-11-15 19:40:44_
--------
