【登录信息】
*b5e6a05282bde158c1ffe9d4d9788373*
`登陆天数: 76天 / 1359天
等级: 125
石头: 886
呼符: 14
体力: 57980.81333333333 / 137
友情点: 0 / 1170815`
*連続ログイン6日目
※ログインが途切れるか、7日到達すると
1日目から再開されます*
`聖晶石 X 2
11月交換券(2023) X 1
`_2023-11-16 19:38:14_
--------
*eb20c8954ecb148daacdac59c3a0b2e8*
`登陆天数: 76天 / 1342天
等级: 125
石头: 741
呼符: 40
体力: 29710.13 / 137
友情点: 0 / 1160045`
*連続ログイン6日目
※ログインが途切れるか、7日到達すると
1日目から再開されます*
`聖晶石 X 2
11月交換券(2023) X 1
`_2023-11-16 19:38:23_
--------
*620476f0f61795fd355f2a9e3fb24e54*
`登陆天数: 76天 / 1409天
等级: 125
石头: 531
呼符: 14
体力: 58686.80333333334 / 137
友情点: 0 / 1167295`
*連続ログイン6日目
※ログインが途切れるか、7日到達すると
1日目から再開されます*
`聖晶石 X 2
11月交換券(2023) X 1
`_2023-11-16 19:38:32_
--------
*8a4af26995de6f135fbb0fdafa2e0424*
`登陆天数: 76天 / 1387天
等级: 125
石头: 494
呼符: 28
体力: 58403.066666666666 / 137
友情点: 0 / 1144525`
*連続ログイン6日目
※ログインが途切れるか、7日到達すると
1日目から再開されます*
`聖晶石 X 2
11月交換券(2023) X 1
`_2023-11-16 19:38:41_
--------
*69a508b93367b043329d175aca01015e*
`登陆天数: 76天 / 1225天
等级: 125
石头: 663
呼符: 36
体力: 101539.07333333333 / 137
友情点: 0 / 909575`
*連続ログイン6日目
※ログインが途切れるか、7日到達すると
1日目から再開されます*
`聖晶石 X 2
11月交換券(2023) X 1
`_2023-11-16 19:38:50_
--------
*05c7889868efad05a84b961c94cc9b2c*
`登陆天数: 76天 / 1440天
等级: 125
石头: 1001
呼符: 27
体力: 70625.09666666666 / 137
友情点: 0 / 1102815`
*連続ログイン6日目
※ログインが途切れるか、7日到達すると
1日目から再開されます*
`聖晶石 X 2
11月交換券(2023) X 1
`_2023-11-16 19:38:59_
--------
*41c8ea3cfa831059a6c57fddf5a2e62d*
`登陆天数: 76天 / 1394天
等级: 125
石头: 185
呼符: 8
体力: 50027.33666666667 / 137
友情点: 0 / 723875`
*連続ログイン6日目
※ログインが途切れるか、7日到達すると
1日目から再開されます*
`聖晶石 X 2
11月交換券(2023) X 1
`_2023-11-16 19:39:07_
--------
*790b887791ca4de4345ea61d5bd657e4*
`登陆天数: 76天 / 1395天
等级: 125
石头: 127
呼符: 42
体力: 57978.26 / 137
友情点: 0 / 867305`
*連続ログイン6日目
※ログインが途切れるか、7日到達すると
1日目から再開されます*
`聖晶石 X 2
11月交換券(2023) X 1
`_2023-11-16 19:39:17_
--------
*82f6295e189793da0ef43b4029c85eca*
`登陆天数: 76天 / 1446天
等级: 126
石头: 210
呼符: 12
体力: 22681.843333333334 / 137
友情点: 370 / 395050`
*連続ログイン6日目
※ログインが途切れるか、7日到達すると
1日目から再開されます*
`聖晶石 X 2
11月交換券(2023) X 1
`_2023-11-16 19:39:29_
--------
*47f309e11f595c830d1447d77b47d8a0*
`登陆天数: 76天 / 1410天
等级: 126
石头: 234
呼符: 12
体力: 26110.12 / 137
友情点: 320 / 1138285`
*連続ログイン6日目
※ログインが途切れるか、7日到達すると
1日目から再開されます*
`聖晶石 X 2
11月交換券(2023) X 1
`_2023-11-16 19:39:42_
--------
*7686ae2a105ec6cc5551581fc7487546*
`登陆天数: 76天 / 1452天
等级: 127
石头: 217
呼符: 14
体力: 60551.806666666664 / 137
友情点: 0 / 1165410`
*連続ログイン6日目
※ログインが途切れるか、7日到達すると
1日目から再開されます*
`聖晶石 X 2
11月交換券(2023) X 1
`_2023-11-16 19:39:50_
--------
*dcf734638b8334ef199302253a06e093*
`登陆天数: 76天 / 1332天
等级: 125
石头: 730
呼符: 12
体力: 26604.656666666666 / 137
友情点: 0 / 1061050`
*連続ログイン6日目
※ログインが途切れるか、7日到達すると
1日目から再開されます*
`聖晶石 X 2
11月交換券(2023) X 1
`_2023-11-16 19:39:59_
--------
*47f309e11f595c830d1447d77b47d8a0*
`登陆天数: 76天 / 1428天
等级: 126
石头: 910
呼符: 12
体力: 24559.736666666668 / 137
友情点: 330 / 994910`
*連続ログイン6日目
※ログインが途切れるか、7日到達すると
1日目から再開されます*
`聖晶石 X 2
11月交換券(2023) X 1
`_2023-11-16 19:40:07_
--------
*a602c44e0f8456741b30f0caf4753a39*
`登陆天数: 92天 / 1361天
等级: 143
石头: 241
呼符: 21
体力: 643.85 / 141
友情点: 375 / 215125`
*連続ログイン1日目
※ログインが途切れるか、7日到達すると
1日目から再開されます*
`フレンドポイント X 2000
11月交換券(2023) X 1
`_2023-11-16 19:40:15_
--------
