【登录信息】
*b5e6a05282bde158c1ffe9d4d9788373*
`登陆天数: 78天 / 1361天
等级: 125
石头: 886
呼符: 14
体力: 58556.85666666667 / 137
友情点: 0 / 1170815`
*連続ログイン1日目
※ログインが途切れるか、7日到達すると
1日目から再開されます*
`フレンドポイント X 2000
11月交換券(2023) X 1
`*2900万DL突破記念 特別回数ログインボーナス*
*開催期間中、1日1回 最大10回 回数ログインボーナスをプレゼント！*
`マナプリズム X 100
黄金の果実 X 10
`_2023-11-18 19:38:27_
--------
*eb20c8954ecb148daacdac59c3a0b2e8*
`登陆天数: 78天 / 1344天
等级: 125
石头: 741
呼符: 40
体力: 30286.173333333332 / 137
友情点: 0 / 1160045`
*連続ログイン1日目
※ログインが途切れるか、7日到達すると
1日目から再開されます*
`フレンドポイント X 2000
11月交換券(2023) X 1
`*2900万DL突破記念 特別回数ログインボーナス*
*開催期間中、1日1回 最大10回 回数ログインボーナスをプレゼント！*
`マナプリズム X 100
黄金の果実 X 10
`_2023-11-18 19:38:36_
--------
*620476f0f61795fd355f2a9e3fb24e54*
`登陆天数: 78天 / 1411天
等级: 125
石头: 531
呼符: 14
体力: 59262.846666666665 / 137
友情点: 0 / 1167295`
*連続ログイン1日目
※ログインが途切れるか、7日到達すると
1日目から再開されます*
`フレンドポイント X 2000
11月交換券(2023) X 1
`*2900万DL突破記念 特別回数ログインボーナス*
*開催期間中、1日1回 最大10回 回数ログインボーナスをプレゼント！*
`マナプリズム X 100
黄金の果実 X 10
`_2023-11-18 19:38:45_
--------
*8a4af26995de6f135fbb0fdafa2e0424*
`登陆天数: 78天 / 1389天
等级: 125
石头: 494
呼符: 28
体力: 58979.113333333335 / 137
友情点: 0 / 1144525`
*連続ログイン1日目
※ログインが途切れるか、7日到達すると
1日目から再開されます*
`フレンドポイント X 2000
11月交換券(2023) X 1
`*2900万DL突破記念 特別回数ログインボーナス*
*開催期間中、1日1回 最大10回 回数ログインボーナスをプレゼント！*
`マナプリズム X 100
黄金の果実 X 10
`_2023-11-18 19:38:55_
--------
*69a508b93367b043329d175aca01015e*
`登陆天数: 78天 / 1227天
等级: 125
石头: 663
呼符: 36
体力: 102115.12333333334 / 137
友情点: 0 / 909575`
*連続ログイン1日目
※ログインが途切れるか、7日到達すると
1日目から再開されます*
`フレンドポイント X 2000
11月交換券(2023) X 1
`*2900万DL突破記念 特別回数ログインボーナス*
*開催期間中、1日1回 最大10回 回数ログインボーナスをプレゼント！*
`マナプリズム X 100
黄金の果実 X 10
`_2023-11-18 19:39:04_
--------
*05c7889868efad05a84b961c94cc9b2c*
`登陆天数: 78天 / 1442天
等级: 125
石头: 1001
呼符: 27
体力: 71201.14333333333 / 137
友情点: 0 / 1102815`
*連続ログイン1日目
※ログインが途切れるか、7日到達すると
1日目から再開されます*
`フレンドポイント X 2000
11月交換券(2023) X 1
`*2900万DL突破記念 特別回数ログインボーナス*
*開催期間中、1日1回 最大10回 回数ログインボーナスをプレゼント！*
`マナプリズム X 100
黄金の果実 X 10
`_2023-11-18 19:39:13_
--------
*41c8ea3cfa831059a6c57fddf5a2e62d*
`登陆天数: 78天 / 1396天
等级: 125
石头: 185
呼符: 8
体力: 50603.386666666665 / 137
友情点: 0 / 723875`
*連続ログイン1日目
※ログインが途切れるか、7日到達すると
1日目から再開されます*
`フレンドポイント X 2000
11月交換券(2023) X 1
`*2900万DL突破記念 特別回数ログインボーナス*
*開催期間中、1日1回 最大10回 回数ログインボーナスをプレゼント！*
`マナプリズム X 100
黄金の果実 X 10
`_2023-11-18 19:39:22_
--------
*790b887791ca4de4345ea61d5bd657e4*
`登陆天数: 78天 / 1397天
等级: 125
石头: 127
呼符: 42
体力: 58554.31 / 137
友情点: 0 / 867305`
*連続ログイン1日目
※ログインが途切れるか、7日到達すると
1日目から再開されます*
`フレンドポイント X 2000
11月交換券(2023) X 1
`*2900万DL突破記念 特別回数ログインボーナス*
*開催期間中、1日1回 最大10回 回数ログインボーナスをプレゼント！*
`マナプリズム X 100
黄金の果実 X 10
`_2023-11-18 19:39:32_
--------
*82f6295e189793da0ef43b4029c85eca*
`登陆天数: 78天 / 1448天
等级: 126
石头: 210
呼符: 12
体力: 23257.896666666667 / 137
友情点: 260 / 395560`
*連続ログイン1日目
※ログインが途切れるか、7日到達すると
1日目から再開されます*
`フレンドポイント X 2000
11月交換券(2023) X 1
`*2900万DL突破記念 特別回数ログインボーナス*
*開催期間中、1日1回 最大10回 回数ログインボーナスをプレゼント！*
`マナプリズム X 100
黄金の果実 X 10
`_2023-11-18 19:39:45_
--------
*47f309e11f595c830d1447d77b47d8a0*
`登陆天数: 78天 / 1412天
等级: 126
石头: 234
呼符: 12
体力: 26686.173333333332 / 137
友情点: 220 / 1138705`
*連続ログイン1日目
※ログインが途切れるか、7日到達すると
1日目から再開されます*
`フレンドポイント X 2000
11月交換券(2023) X 1
`*2900万DL突破記念 特別回数ログインボーナス*
*開催期間中、1日1回 最大10回 回数ログインボーナスをプレゼント！*
`マナプリズム X 100
黄金の果実 X 10
`_2023-11-18 19:39:57_
--------
*7686ae2a105ec6cc5551581fc7487546*
`登陆天数: 78天 / 1454天
等级: 127
石头: 217
呼符: 14
体力: 61127.863333333335 / 137
友情点: 0 / 1165410`
*連続ログイン1日目
※ログインが途切れるか、7日到達すると
1日目から再開されます*
`フレンドポイント X 2000
11月交換券(2023) X 1
`*2900万DL突破記念 特別回数ログインボーナス*
*開催期間中、1日1回 最大10回 回数ログインボーナスをプレゼント！*
`マナプリズム X 100
黄金の果実 X 10
`_2023-11-18 19:40:06_
--------
*dcf734638b8334ef199302253a06e093*
`登陆天数: 78天 / 1334天
等级: 125
石头: 730
呼符: 12
体力: 27180.713333333333 / 137
友情点: 0 / 1061050`
*連続ログイン1日目
※ログインが途切れるか、7日到達すると
1日目から再開されます*
`フレンドポイント X 2000
11月交換券(2023) X 1
`*2900万DL突破記念 特別回数ログインボーナス*
*開催期間中、1日1回 最大10回 回数ログインボーナスをプレゼント！*
`マナプリズム X 100
黄金の果実 X 10
`_2023-11-18 19:40:15_
--------
*47f309e11f595c830d1447d77b47d8a0*
`登陆天数: 78天 / 1430天
等级: 126
石头: 910
呼符: 12
体力: 25135.796666666665 / 137
友情点: 240 / 995370`
*連続ログイン1日目
※ログインが途切れるか、7日到達すると
1日目から再開されます*
`フレンドポイント X 2000
11月交換券(2023) X 1
`*2900万DL突破記念 特別回数ログインボーナス*
*開催期間中、1日1回 最大10回 回数ログインボーナスをプレゼント！*
`マナプリズム X 100
黄金の果実 X 10
`_2023-11-18 19:40:25_
--------
*a602c44e0f8456741b30f0caf4753a39*
`登陆天数: 94天 / 1363天
等级: 143
石头: 241
呼符: 21
体力: 1219.9133333333334 / 141
友情点: 385 / 215820`
*連続ログイン3日目
※ログインが途切れるか、7日到達すると
1日目から再開されます*
`叡智の業火 X 1
11月交換券(2023) X 1
`*2900万DL突破記念 特別回数ログインボーナス*
*開催期間中、1日1回 最大10回 回数ログインボーナスをプレゼント！*
`マナプリズム X 100
黄金の果実 X 10
`_2023-11-18 19:40:34_
--------
