【登录信息】
*b5e6a05282bde158c1ffe9d4d9788373*
`登陆天数: 79天 / 1362天
等级: 125
石头: 886
呼符: 14
体力: 58844.85666666667 / 137
友情点: 0 / 1170815`
*連続ログイン2日目
※ログインが途切れるか、7日到達すると
1日目から再開されます*
`聖晶石 X 1
11月交換券(2023) X 1
`*2900万DL突破記念 特別回数ログインボーナス*
*開催期間中、1日1回 最大10回 回数ログインボーナスをプレゼント！*
`QP X 10000000
`_2023-11-19 19:38:27_
--------
*eb20c8954ecb148daacdac59c3a0b2e8*
`登陆天数: 79天 / 1345天
等级: 125
石头: 741
呼符: 40
体力: 30574.17 / 137
友情点: 0 / 1160045`
*連続ログイン2日目
※ログインが途切れるか、7日到達すると
1日目から再開されます*
`聖晶石 X 1
11月交換券(2023) X 1
`*2900万DL突破記念 特別回数ログインボーナス*
*開催期間中、1日1回 最大10回 回数ログインボーナスをプレゼント！*
`QP X 10000000
`_2023-11-19 19:38:35_
--------
*620476f0f61795fd355f2a9e3fb24e54*
`登陆天数: 79天 / 1412天
等级: 125
石头: 531
呼符: 14
体力: 59550.846666666665 / 137
友情点: 0 / 1167295`
*連続ログイン2日目
※ログインが途切れるか、7日到達すると
1日目から再開されます*
`聖晶石 X 1
11月交換券(2023) X 1
`*2900万DL突破記念 特別回数ログインボーナス*
*開催期間中、1日1回 最大10回 回数ログインボーナスをプレゼント！*
`QP X 10000000
`_2023-11-19 19:38:45_
--------
*8a4af26995de6f135fbb0fdafa2e0424*
`登陆天数: 79天 / 1390天
等级: 125
石头: 494
呼符: 28
体力: 59267.11 / 137
友情点: 0 / 1144525`
*連続ログイン2日目
※ログインが途切れるか、7日到達すると
1日目から再開されます*
`聖晶石 X 1
11月交換券(2023) X 1
`*2900万DL突破記念 特別回数ログインボーナス*
*開催期間中、1日1回 最大10回 回数ログインボーナスをプレゼント！*
`QP X 10000000
`_2023-11-19 19:38:54_
--------
*69a508b93367b043329d175aca01015e*
`登陆天数: 79天 / 1228天
等级: 125
石头: 663
呼符: 36
体力: 102403.11666666667 / 137
友情点: 0 / 909575`
*連続ログイン2日目
※ログインが途切れるか、7日到達すると
1日目から再開されます*
`聖晶石 X 1
11月交換券(2023) X 1
`*2900万DL突破記念 特別回数ログインボーナス*
*開催期間中、1日1回 最大10回 回数ログインボーナスをプレゼント！*
`QP X 10000000
`_2023-11-19 19:39:03_
--------
*05c7889868efad05a84b961c94cc9b2c*
`登陆天数: 79天 / 1443天
等级: 125
石头: 1001
呼符: 27
体力: 71489.14 / 137
友情点: 0 / 1102815`
*連続ログイン2日目
※ログインが途切れるか、7日到達すると
1日目から再開されます*
`聖晶石 X 1
11月交換券(2023) X 1
`*2900万DL突破記念 特別回数ログインボーナス*
*開催期間中、1日1回 最大10回 回数ログインボーナスをプレゼント！*
`QP X 10000000
`_2023-11-19 19:39:12_
--------
*41c8ea3cfa831059a6c57fddf5a2e62d*
`登陆天数: 79天 / 1397天
等级: 125
石头: 185
呼符: 8
体力: 50891.38 / 137
友情点: 0 / 723875`
*連続ログイン2日目
※ログインが途切れるか、7日到達すると
1日目から再開されます*
`聖晶石 X 1
11月交換券(2023) X 1
`*2900万DL突破記念 特別回数ログインボーナス*
*開催期間中、1日1回 最大10回 回数ログインボーナスをプレゼント！*
`QP X 10000000
`_2023-11-19 19:39:20_
--------
*790b887791ca4de4345ea61d5bd657e4*
`登陆天数: 79天 / 1398天
等级: 125
石头: 127
呼符: 42
体力: 58842.3 / 137
友情点: 0 / 867305`
*連続ログイン2日目
※ログインが途切れるか、7日到達すると
1日目から再開されます*
`聖晶石 X 1
11月交換券(2023) X 1
`*2900万DL突破記念 特別回数ログインボーナス*
*開催期間中、1日1回 最大10回 回数ログインボーナスをプレゼント！*
`QP X 10000000
`_2023-11-19 19:39:29_
--------
*82f6295e189793da0ef43b4029c85eca*
`登陆天数: 79天 / 1449天
等级: 126
石头: 210
呼符: 12
体力: 23545.886666666665 / 137
友情点: 240 / 396610`
*連続ログイン2日目
※ログインが途切れるか、7日到達すると
1日目から再開されます*
`聖晶石 X 1
11月交換券(2023) X 1
`*2900万DL突破記念 特別回数ログインボーナス*
*開催期間中、1日1回 最大10回 回数ログインボーナスをプレゼント！*
`QP X 10000000
`_2023-11-19 19:39:42_
--------
*47f309e11f595c830d1447d77b47d8a0*
`登陆天数: 79天 / 1413天
等级: 126
石头: 234
呼符: 12
体力: 26974.16 / 137
友情点: 160 / 1138875`
*連続ログイン2日目
※ログインが途切れるか、7日到達すると
1日目から再開されます*
`聖晶石 X 1
11月交換券(2023) X 1
`*2900万DL突破記念 特別回数ログインボーナス*
*開催期間中、1日1回 最大10回 回数ログインボーナスをプレゼント！*
`QP X 10000000
`_2023-11-19 19:39:54_
--------
*7686ae2a105ec6cc5551581fc7487546*
`登陆天数: 79天 / 1455天
等级: 127
石头: 217
呼符: 14
体力: 61415.85 / 137
友情点: 0 / 1165410`
*連続ログイン2日目
※ログインが途切れるか、7日到達すると
1日目から再開されます*
`聖晶石 X 1
11月交換券(2023) X 1
`*2900万DL突破記念 特別回数ログインボーナス*
*開催期間中、1日1回 最大10回 回数ログインボーナスをプレゼント！*
`QP X 10000000
`_2023-11-19 19:40:02_
--------
*dcf734638b8334ef199302253a06e093*
`登陆天数: 79天 / 1335天
等级: 125
石头: 730
呼符: 12
体力: 27468.696666666667 / 137
友情点: 0 / 1061050`
*連続ログイン2日目
※ログインが途切れるか、7日到達すると
1日目から再開されます*
`聖晶石 X 1
11月交換券(2023) X 1
`*2900万DL突破記念 特別回数ログインボーナス*
*開催期間中、1日1回 最大10回 回数ログインボーナスをプレゼント！*
`QP X 10000000
`_2023-11-19 19:40:11_
--------
*47f309e11f595c830d1447d77b47d8a0*
`登陆天数: 79天 / 1431天
等级: 126
石头: 910
呼符: 12
体力: 25423.78 / 137
友情点: 140 / 995510`
*連続ログイン2日目
※ログインが途切れるか、7日到達すると
1日目から再開されます*
`聖晶石 X 1
11月交換券(2023) X 1
`*2900万DL突破記念 特別回数ログインボーナス*
*開催期間中、1日1回 最大10回 回数ログインボーナスをプレゼント！*
`QP X 10000000
`_2023-11-19 19:40:20_
--------
*a602c44e0f8456741b30f0caf4753a39*
`登陆天数: 95天 / 1364天
等级: 143
石头: 241
呼符: 21
体力: 1507.8933333333334 / 141
友情点: 200 / 216040`
*連続ログイン4日目
※ログインが途切れるか、7日到達すると
1日目から再開されます*
`聖晶石 X 1
11月交換券(2023) X 1
`*2900万DL突破記念 特別回数ログインボーナス*
*開催期間中、1日1回 最大10回 回数ログインボーナスをプレゼント！*
`QP X 10000000
`_2023-11-19 19:40:28_
--------
