【登录信息】
*b5e6a05282bde158c1ffe9d4d9788373*
`登陆天数: 80天 / 1363天
等级: 125
石头: 886
呼符: 14
体力: 59132.87666666666 / 137
友情点: 0 / 1170815`
*連続ログイン3日目
※ログインが途切れるか、7日到達すると
1日目から再開されます*
`叡智の業火 X 1
11月交換券(2023) X 1
`*2900万DL突破記念 特別回数ログインボーナス*
*開催期間中、1日1回 最大10回 回数ログインボーナスをプレゼント！*
`叡智の業火 X 10
`_2023-11-20 19:38:32_
--------
*eb20c8954ecb148daacdac59c3a0b2e8*
`登陆天数: 80天 / 1346天
等级: 125
石头: 741
呼符: 40
体力: 30862.19 / 137
友情点: 0 / 1160045`
*連続ログイン3日目
※ログインが途切れるか、7日到達すると
1日目から再開されます*
`叡智の業火 X 1
11月交換券(2023) X 1
`*2900万DL突破記念 特別回数ログインボーナス*
*開催期間中、1日1回 最大10回 回数ログインボーナスをプレゼント！*
`叡智の業火 X 10
`_2023-11-20 19:38:42_
--------
*620476f0f61795fd355f2a9e3fb24e54*
`登陆天数: 80天 / 1413天
等级: 125
石头: 531
呼符: 14
体力: 59838.86666666667 / 137
友情点: 0 / 1167295`
*連続ログイン3日目
※ログインが途切れるか、7日到達すると
1日目から再開されます*
`叡智の業火 X 1
11月交換券(2023) X 1
`*2900万DL突破記念 特別回数ログインボーナス*
*開催期間中、1日1回 最大10回 回数ログインボーナスをプレゼント！*
`叡智の業火 X 10
`_2023-11-20 19:38:51_
--------
*8a4af26995de6f135fbb0fdafa2e0424*
`登陆天数: 80天 / 1391天
等级: 125
石头: 494
呼符: 28
体力: 59555.13 / 137
友情点: 0 / 1144525`
*連続ログイン3日目
※ログインが途切れるか、7日到達すると
1日目から再開されます*
`叡智の業火 X 1
11月交換券(2023) X 1
`*2900万DL突破記念 特別回数ログインボーナス*
*開催期間中、1日1回 最大10回 回数ログインボーナスをプレゼント！*
`叡智の業火 X 10
`_2023-11-20 19:39:00_
--------
*69a508b93367b043329d175aca01015e*
`登陆天数: 80天 / 1229天
等级: 125
石头: 663
呼符: 36
体力: 102691.14 / 137
友情点: 0 / 909575`
*連続ログイン3日目
※ログインが途切れるか、7日到達すると
1日目から再開されます*
`叡智の業火 X 1
11月交換券(2023) X 1
`*2900万DL突破記念 特別回数ログインボーナス*
*開催期間中、1日1回 最大10回 回数ログインボーナスをプレゼント！*
`叡智の業火 X 10
`_2023-11-20 19:39:10_
--------
*05c7889868efad05a84b961c94cc9b2c*
`登陆天数: 80天 / 1444天
等级: 125
石头: 1001
呼符: 27
体力: 71777.16333333333 / 137
友情点: 0 / 1102815`
*連続ログイン3日目
※ログインが途切れるか、7日到達すると
1日目から再開されます*
`叡智の業火 X 1
11月交換券(2023) X 1
`*2900万DL突破記念 特別回数ログインボーナス*
*開催期間中、1日1回 最大10回 回数ログインボーナスをプレゼント！*
`叡智の業火 X 10
`_2023-11-20 19:39:19_
--------
*41c8ea3cfa831059a6c57fddf5a2e62d*
`登陆天数: 80天 / 1398天
等级: 125
石头: 185
呼符: 8
体力: 51179.40666666667 / 137
友情点: 0 / 723875`
*連続ログイン3日目
※ログインが途切れるか、7日到達すると
1日目から再開されます*
`叡智の業火 X 1
11月交換券(2023) X 1
`*2900万DL突破記念 特別回数ログインボーナス*
*開催期間中、1日1回 最大10回 回数ログインボーナスをプレゼント！*
`叡智の業火 X 10
`_2023-11-20 19:39:28_
--------
*790b887791ca4de4345ea61d5bd657e4*
`登陆天数: 80天 / 1399天
等级: 125
石头: 127
呼符: 42
体力: 59130.33 / 137
友情点: 0 / 867305`
*連続ログイン3日目
※ログインが途切れるか、7日到達すると
1日目から再開されます*
`叡智の業火 X 1
11月交換券(2023) X 1
`*2900万DL突破記念 特別回数ログインボーナス*
*開催期間中、1日1回 最大10回 回数ログインボーナスをプレゼント！*
`叡智の業火 X 10
`_2023-11-20 19:39:37_
--------
*82f6295e189793da0ef43b4029c85eca*
`登陆天数: 80天 / 1450天
等级: 126
石头: 210
呼符: 12
体力: 23833.913333333334 / 137
友情点: 190 / 396800`
*連続ログイン3日目
※ログインが途切れるか、7日到達すると
1日目から再開されます*
`叡智の業火 X 1
11月交換券(2023) X 1
`*2900万DL突破記念 特別回数ログインボーナス*
*開催期間中、1日1回 最大10回 回数ログインボーナスをプレゼント！*
`叡智の業火 X 10
`_2023-11-20 19:39:50_
--------
*47f309e11f595c830d1447d77b47d8a0*
`登陆天数: 80天 / 1414天
等级: 126
石头: 234
呼符: 12
体力: 27262.19 / 137
友情点: 250 / 1139155`
*連続ログイン3日目
※ログインが途切れるか、7日到達すると
1日目から再開されます*
`叡智の業火 X 1
11月交換券(2023) X 1
`*2900万DL突破記念 特別回数ログインボーナス*
*開催期間中、1日1回 最大10回 回数ログインボーナスをプレゼント！*
`叡智の業火 X 10
`_2023-11-20 19:40:03_
--------
*7686ae2a105ec6cc5551581fc7487546*
`登陆天数: 80天 / 1456天
等级: 127
石头: 217
呼符: 14
体力: 61703.88 / 137
友情点: 0 / 1165410`
*連続ログイン3日目
※ログインが途切れるか、7日到達すると
1日目から再開されます*
`叡智の業火 X 1
11月交換券(2023) X 1
`*2900万DL突破記念 特別回数ログインボーナス*
*開催期間中、1日1回 最大10回 回数ログインボーナスをプレゼント！*
`叡智の業火 X 10
`_2023-11-20 19:40:11_
--------
*dcf734638b8334ef199302253a06e093*
`登陆天数: 80天 / 1336天
等级: 125
石头: 730
呼符: 12
体力: 27756.73 / 137
友情点: 0 / 1061050`
*連続ログイン3日目
※ログインが途切れるか、7日到達すると
1日目から再開されます*
`叡智の業火 X 1
11月交換券(2023) X 1
`*2900万DL突破記念 特別回数ログインボーナス*
*開催期間中、1日1回 最大10回 回数ログインボーナスをプレゼント！*
`叡智の業火 X 10
`_2023-11-20 19:40:21_
--------
*47f309e11f595c830d1447d77b47d8a0*
`登陆天数: 80天 / 1432天
等级: 126
石头: 910
呼符: 12
体力: 25711.81333333333 / 137
友情点: 160 / 995750`
*連続ログイン3日目
※ログインが途切れるか、7日到達すると
1日目から再開されます*
`叡智の業火 X 1
11月交換券(2023) X 1
`*2900万DL突破記念 特別回数ログインボーナス*
*開催期間中、1日1回 最大10回 回数ログインボーナスをプレゼント！*
`叡智の業火 X 10
`_2023-11-20 19:40:29_
--------
*a602c44e0f8456741b30f0caf4753a39*
`登陆天数: 96天 / 1365天
等级: 143
石头: 241
呼符: 21
体力: 1795.93 / 141
友情点: 190 / 216230`
*連続ログイン5日目
※ログインが途切れるか、7日到達すると
1日目から再開されます*
`叡智の業火 X 2
11月交換券(2023) X 1
`*2900万DL突破記念 特別回数ログインボーナス*
*開催期間中、1日1回 最大10回 回数ログインボーナスをプレゼント！*
`叡智の業火 X 10
`_2023-11-20 19:40:38_
--------
