【登录信息】
*b5e6a05282bde158c1ffe9d4d9788373*
`登陆天数: 81天 / 1364天
等级: 125
石头: 886
呼符: 14
体力: 59420.86 / 137
友情点: 0 / 1170815`
*連続ログイン4日目
※ログインが途切れるか、7日到達すると
1日目から再開されます*
`聖晶石 X 1
11月交換券(2023) X 1
`*2900万DL突破記念 特別回数ログインボーナス*
*開催期間中、1日1回 最大10回 回数ログインボーナスをプレゼント！*
`英霊結晶・星のフォウくん X 10
英霊結晶・太陽のフォウくん X 10
`_2023-11-21 19:38:28_
--------
*eb20c8954ecb148daacdac59c3a0b2e8*
`登陆天数: 81天 / 1347天
等级: 125
石头: 741
呼符: 40
体力: 31150.176666666666 / 137
友情点: 0 / 1160045`
*連続ログイン4日目
※ログインが途切れるか、7日到達すると
1日目から再開されます*
`聖晶石 X 1
11月交換券(2023) X 1
`*2900万DL突破記念 特別回数ログインボーナス*
*開催期間中、1日1回 最大10回 回数ログインボーナスをプレゼント！*
`英霊結晶・星のフォウくん X 10
英霊結晶・太陽のフォウくん X 10
`_2023-11-21 19:38:37_
--------
*620476f0f61795fd355f2a9e3fb24e54*
`登陆天数: 81天 / 1414天
等级: 125
石头: 531
呼符: 14
体力: 60126.85 / 137
友情点: 0 / 1167295`
*連続ログイン4日目
※ログインが途切れるか、7日到達すると
1日目から再開されます*
`聖晶石 X 1
11月交換券(2023) X 1
`*2900万DL突破記念 特別回数ログインボーナス*
*開催期間中、1日1回 最大10回 回数ログインボーナスをプレゼント！*
`英霊結晶・星のフォウくん X 10
英霊結晶・太陽のフォウくん X 10
`_2023-11-21 19:38:46_
--------
*8a4af26995de6f135fbb0fdafa2e0424*
`登陆天数: 81天 / 1392天
等级: 125
石头: 494
呼符: 28
体力: 59843.11666666667 / 137
友情点: 0 / 1144525`
*連続ログイン4日目
※ログインが途切れるか、7日到達すると
1日目から再開されます*
`聖晶石 X 1
11月交換券(2023) X 1
`*2900万DL突破記念 特別回数ログインボーナス*
*開催期間中、1日1回 最大10回 回数ログインボーナスをプレゼント！*
`英霊結晶・星のフォウくん X 10
英霊結晶・太陽のフォウくん X 10
`_2023-11-21 19:38:56_
--------
*69a508b93367b043329d175aca01015e*
`登陆天数: 81天 / 1230天
等级: 125
石头: 663
呼符: 36
体力: 102979.12666666666 / 137
友情点: 0 / 909575`
*連続ログイン4日目
※ログインが途切れるか、7日到達すると
1日目から再開されます*
`聖晶石 X 1
11月交換券(2023) X 1
`*2900万DL突破記念 特別回数ログインボーナス*
*開催期間中、1日1回 最大10回 回数ログインボーナスをプレゼント！*
`英霊結晶・星のフォウくん X 10
英霊結晶・太陽のフォウくん X 10
`_2023-11-21 19:39:05_
--------
*05c7889868efad05a84b961c94cc9b2c*
`登陆天数: 81天 / 1445天
等级: 125
石头: 1001
呼符: 27
体力: 72065.15 / 137
友情点: 0 / 1102815`
*連続ログイン4日目
※ログインが途切れるか、7日到達すると
1日目から再開されます*
`聖晶石 X 1
11月交換券(2023) X 1
`*2900万DL突破記念 特別回数ログインボーナス*
*開催期間中、1日1回 最大10回 回数ログインボーナスをプレゼント！*
`英霊結晶・星のフォウくん X 10
英霊結晶・太陽のフォウくん X 10
`_2023-11-21 19:39:14_
--------
*41c8ea3cfa831059a6c57fddf5a2e62d*
`登陆天数: 81天 / 1399天
等级: 125
石头: 185
呼符: 8
体力: 51467.39333333333 / 137
友情点: 0 / 723875`
*連続ログイン4日目
※ログインが途切れるか、7日到達すると
1日目から再開されます*
`聖晶石 X 1
11月交換券(2023) X 1
`*2900万DL突破記念 特別回数ログインボーナス*
*開催期間中、1日1回 最大10回 回数ログインボーナスをプレゼント！*
`英霊結晶・星のフォウくん X 10
英霊結晶・太陽のフォウくん X 10
`_2023-11-21 19:39:24_
--------
*790b887791ca4de4345ea61d5bd657e4*
`登陆天数: 81天 / 1400天
等级: 125
石头: 127
呼符: 42
体力: 59418.31333333333 / 137
友情点: 0 / 867305`
*連続ログイン4日目
※ログインが途切れるか、7日到達すると
1日目から再開されます*
`聖晶石 X 1
11月交換券(2023) X 1
`*2900万DL突破記念 特別回数ログインボーナス*
*開催期間中、1日1回 最大10回 回数ログインボーナスをプレゼント！*
`英霊結晶・星のフォウくん X 10
英霊結晶・太陽のフォウくん X 10
`_2023-11-21 19:39:33_
--------
*82f6295e189793da0ef43b4029c85eca*
`登陆天数: 81天 / 1451天
等级: 126
石头: 210
呼符: 12
体力: 24121.9 / 137
友情点: 190 / 397000`
*連続ログイン4日目
※ログインが途切れるか、7日到達すると
1日目から再開されます*
`聖晶石 X 1
11月交換券(2023) X 1
`*2900万DL突破記念 特別回数ログインボーナス*
*開催期間中、1日1回 最大10回 回数ログインボーナスをプレゼント！*
`英霊結晶・星のフォウくん X 10
英霊結晶・太陽のフォウくん X 10
`_2023-11-21 19:39:46_
--------
*47f309e11f595c830d1447d77b47d8a0*
`登陆天数: 81天 / 1415天
等级: 126
石头: 234
呼符: 12
体力: 27550.176666666666 / 137
友情点: 130 / 1139315`
*連続ログイン4日目
※ログインが途切れるか、7日到達すると
1日目から再開されます*
`聖晶石 X 1
11月交換券(2023) X 1
`*2900万DL突破記念 特別回数ログインボーナス*
*開催期間中、1日1回 最大10回 回数ログインボーナスをプレゼント！*
`英霊結晶・星のフォウくん X 10
英霊結晶・太陽のフォウくん X 10
`_2023-11-21 19:39:59_
--------
*7686ae2a105ec6cc5551581fc7487546*
`登陆天数: 81天 / 1457天
等级: 127
石头: 217
呼符: 14
体力: 61991.86666666667 / 137
友情点: 0 / 1165410`
*連続ログイン4日目
※ログインが途切れるか、7日到達すると
1日目から再開されます*
`聖晶石 X 1
11月交換券(2023) X 1
`*2900万DL突破記念 特別回数ログインボーナス*
*開催期間中、1日1回 最大10回 回数ログインボーナスをプレゼント！*
`英霊結晶・星のフォウくん X 10
英霊結晶・太陽のフォウくん X 10
`_2023-11-21 19:40:08_
--------
*dcf734638b8334ef199302253a06e093*
`登陆天数: 81天 / 1337天
等级: 125
石头: 730
呼符: 12
体力: 28044.713333333333 / 137
友情点: 0 / 1061050`
*連続ログイン4日目
※ログインが途切れるか、7日到達すると
1日目から再開されます*
`聖晶石 X 1
11月交換券(2023) X 1
`*2900万DL突破記念 特別回数ログインボーナス*
*開催期間中、1日1回 最大10回 回数ログインボーナスをプレゼント！*
`英霊結晶・星のフォウくん X 10
英霊結晶・太陽のフォウくん X 10
`_2023-11-21 19:40:17_
--------
*47f309e11f595c830d1447d77b47d8a0*
`登陆天数: 81天 / 1433天
等级: 126
石头: 910
呼符: 12
体力: 25999.8 / 137
友情点: 170 / 995920`
*連続ログイン4日目
※ログインが途切れるか、7日到達すると
1日目から再開されます*
`聖晶石 X 1
11月交換券(2023) X 1
`*2900万DL突破記念 特別回数ログインボーナス*
*開催期間中、1日1回 最大10回 回数ログインボーナスをプレゼント！*
`英霊結晶・星のフォウくん X 10
英霊結晶・太陽のフォウくん X 10
`_2023-11-21 19:40:25_
--------
*a602c44e0f8456741b30f0caf4753a39*
`登陆天数: 97天 / 1366天
等级: 143
石头: 241
呼符: 21
体力: 2083.9133333333334 / 141
友情点: 235 / 216465`
*連続ログイン6日目
※ログインが途切れるか、7日到達すると
1日目から再開されます*
`聖晶石 X 2
11月交換券(2023) X 1
`*2900万DL突破記念 特別回数ログインボーナス*
*開催期間中、1日1回 最大10回 回数ログインボーナスをプレゼント！*
`英霊結晶・星のフォウくん X 10
英霊結晶・太陽のフォウくん X 10
`_2023-11-21 19:40:34_
--------
