【登录信息】
*b5e6a05282bde158c1ffe9d4d9788373*
`登陆天数: 82天 / 1365天
等级: 125
石头: 886
呼符: 14
体力: 59708.886666666665 / 137
友情点: 0 / 1170815`
*連続ログイン5日目
※ログインが途切れるか、7日到達すると
1日目から再開されます*
`叡智の業火 X 2
11月交換券(2023) X 1
`*日替りログインボーナス*
*開催期間中、1日1回 2週間日替りでログインボーナスをプレゼント！*
`巡霊の葉 X 30
`_2023-11-22 19:38:35_
--------
*eb20c8954ecb148daacdac59c3a0b2e8*
`登陆天数: 82天 / 1348天
等级: 125
石头: 741
呼符: 40
体力: 31438.2 / 137
友情点: 0 / 1160045`
*連続ログイン5日目
※ログインが途切れるか、7日到達すると
1日目から再開されます*
`叡智の業火 X 2
11月交換券(2023) X 1
`*日替りログインボーナス*
*開催期間中、1日1回 2週間日替りでログインボーナスをプレゼント！*
`巡霊の葉 X 30
`_2023-11-22 19:38:44_
--------
*620476f0f61795fd355f2a9e3fb24e54*
`登陆天数: 82天 / 1415天
等级: 125
石头: 531
呼符: 14
体力: 60414.87333333334 / 137
友情点: 0 / 1167295`
*連続ログイン5日目
※ログインが途切れるか、7日到達すると
1日目から再開されます*
`叡智の業火 X 2
11月交換券(2023) X 1
`*日替りログインボーナス*
*開催期間中、1日1回 2週間日替りでログインボーナスをプレゼント！*
`巡霊の葉 X 30
`_2023-11-22 19:38:53_
--------
*8a4af26995de6f135fbb0fdafa2e0424*
`登陆天数: 82天 / 1393天
等级: 125
石头: 494
呼符: 28
体力: 60131.136666666665 / 137
友情点: 0 / 1144525`
*連続ログイン5日目
※ログインが途切れるか、7日到達すると
1日目から再開されます*
`叡智の業火 X 2
11月交換券(2023) X 1
`*日替りログインボーナス*
*開催期間中、1日1回 2週間日替りでログインボーナスをプレゼント！*
`巡霊の葉 X 30
`_2023-11-22 19:39:02_
--------
*69a508b93367b043329d175aca01015e*
`登陆天数: 82天 / 1231天
等级: 125
石头: 663
呼符: 36
体力: 103267.14333333333 / 137
友情点: 0 / 909575`
*連続ログイン5日目
※ログインが途切れるか、7日到達すると
1日目から再開されます*
`叡智の業火 X 2
11月交換券(2023) X 1
`*日替りログインボーナス*
*開催期間中、1日1回 2週間日替りでログインボーナスをプレゼント！*
`巡霊の葉 X 30
`_2023-11-22 19:39:11_
--------
*05c7889868efad05a84b961c94cc9b2c*
`登陆天数: 82天 / 1446天
等级: 125
石头: 1001
呼符: 27
体力: 72353.16333333333 / 137
友情点: 0 / 1102815`
*連続ログイン5日目
※ログインが途切れるか、7日到達すると
1日目から再開されます*
`叡智の業火 X 2
11月交換券(2023) X 1
`*日替りログインボーナス*
*開催期間中、1日1回 2週間日替りでログインボーナスをプレゼント！*
`巡霊の葉 X 30
`_2023-11-22 19:39:19_
--------
*41c8ea3cfa831059a6c57fddf5a2e62d*
`登陆天数: 82天 / 1400天
等级: 125
石头: 185
呼符: 8
体力: 51755.403333333335 / 137
友情点: 0 / 723875`
*連続ログイン5日目
※ログインが途切れるか、7日到達すると
1日目から再開されます*
`叡智の業火 X 2
11月交換券(2023) X 1
`*日替りログインボーナス*
*開催期間中、1日1回 2週間日替りでログインボーナスをプレゼント！*
`巡霊の葉 X 30
`_2023-11-22 19:39:27_
--------
*790b887791ca4de4345ea61d5bd657e4*
`登陆天数: 82天 / 1401天
等级: 125
石头: 127
呼符: 42
体力: 59706.32666666667 / 137
友情点: 0 / 867305`
*連続ログイン5日目
※ログインが途切れるか、7日到達すると
1日目から再開されます*
`叡智の業火 X 2
11月交換券(2023) X 1
`*日替りログインボーナス*
*開催期間中、1日1回 2週間日替りでログインボーナスをプレゼント！*
`巡霊の葉 X 30
`_2023-11-22 19:39:36_
--------
*82f6295e189793da0ef43b4029c85eca*
`登陆天数: 82天 / 1452天
等级: 126
石头: 210
呼符: 12
体力: 24409.91 / 137
友情点: 200 / 398010`
*連続ログイン5日目
※ログインが途切れるか、7日到達すると
1日目から再開されます*
`叡智の業火 X 2
11月交換券(2023) X 1
`*日替りログインボーナス*
*開催期間中、1日1回 2週間日替りでログインボーナスをプレゼント！*
`巡霊の葉 X 30
`_2023-11-22 19:39:49_
--------
*47f309e11f595c830d1447d77b47d8a0*
`登陆天数: 82天 / 1416天
等级: 126
石头: 234
呼符: 12
体力: 27838.18666666667 / 137
友情点: 200 / 1142325`
*連続ログイン5日目
※ログインが途切れるか、7日到達すると
1日目から再開されます*
`叡智の業火 X 2
11月交換券(2023) X 1
`*日替りログインボーナス*
*開催期間中、1日1回 2週間日替りでログインボーナスをプレゼント！*
`巡霊の葉 X 30
`_2023-11-22 19:40:01_
--------
*7686ae2a105ec6cc5551581fc7487546*
`登陆天数: 82天 / 1458天
等级: 127
石头: 217
呼符: 14
体力: 62279.87333333334 / 137
友情点: 0 / 1165410`
*連続ログイン5日目
※ログインが途切れるか、7日到達すると
1日目から再開されます*
`叡智の業火 X 2
11月交換券(2023) X 1
`*日替りログインボーナス*
*開催期間中、1日1回 2週間日替りでログインボーナスをプレゼント！*
`巡霊の葉 X 30
`_2023-11-22 19:40:10_
--------
*dcf734638b8334ef199302253a06e093*
`登陆天数: 82天 / 1338天
等级: 125
石头: 730
呼符: 12
体力: 28332.72 / 137
友情点: 0 / 1061050`
*連続ログイン5日目
※ログインが途切れるか、7日到達すると
1日目から再開されます*
`叡智の業火 X 2
11月交換券(2023) X 1
`*日替りログインボーナス*
*開催期間中、1日1回 2週間日替りでログインボーナスをプレゼント！*
`巡霊の葉 X 30
`_2023-11-22 19:40:18_
--------
*47f309e11f595c830d1447d77b47d8a0*
`登陆天数: 82天 / 1434天
等级: 126
石头: 910
呼符: 12
体力: 26287.803333333333 / 137
友情点: 230 / 996150`
*連続ログイン5日目
※ログインが途切れるか、7日到達すると
1日目から再開されます*
`叡智の業火 X 2
11月交換券(2023) X 1
`*日替りログインボーナス*
*開催期間中、1日1回 2週間日替りでログインボーナスをプレゼント！*
`巡霊の葉 X 30
`_2023-11-22 19:40:27_
--------
*a602c44e0f8456741b30f0caf4753a39*
`登陆天数: 98天 / 1367天
等级: 143
石头: 241
呼符: 21
体力: 2371.9166666666665 / 141
友情点: 225 / 216690`
*連続ログイン7日間到達おめでとうございます！
明日は1日目からリスタートされます。*
`獣の足跡 X 1
呼符 X 1
11月交換券(2023) X 1
`*日替りログインボーナス*
*開催期間中、1日1回 2週間日替りでログインボーナスをプレゼント！*
`巡霊の葉 X 30
`_2023-11-22 19:40:35_
--------
