【登录信息】
*b5e6a05282bde158c1ffe9d4d9788373*
`登陆天数: 83天 / 1366天
等级: 125
石头: 886
呼符: 14
体力: 59996.84 / 137
友情点: 0 / 1170815`
*連続ログイン6日目
※ログインが途切れるか、7日到達すると
1日目から再開されます*
`聖晶石 X 2
11月交換券(2023) X 1
`*日替りログインボーナス*
*開催期間中、1日1回 2週間日替りでログインボーナスをプレゼント！*
`巡霊の葉 X 30
`_2023-11-23 19:38:21_
--------
*eb20c8954ecb148daacdac59c3a0b2e8*
`登陆天数: 83天 / 1349天
等级: 125
石头: 741
呼符: 40
体力: 31726.15 / 137
友情点: 0 / 1160045`
*連続ログイン6日目
※ログインが途切れるか、7日到達すると
1日目から再開されます*
`聖晶石 X 2
11月交換券(2023) X 1
`*日替りログインボーナス*
*開催期間中、1日1回 2週間日替りでログインボーナスをプレゼント！*
`巡霊の葉 X 30
`_2023-11-23 19:38:30_
--------
*620476f0f61795fd355f2a9e3fb24e54*
`登陆天数: 83天 / 1416天
等级: 125
石头: 531
呼符: 14
体力: 60702.823333333334 / 137
友情点: 0 / 1167295`
*連続ログイン6日目
※ログインが途切れるか、7日到達すると
1日目から再開されます*
`聖晶石 X 2
11月交換券(2023) X 1
`*日替りログインボーナス*
*開催期間中、1日1回 2週間日替りでログインボーナスをプレゼント！*
`巡霊の葉 X 30
`_2023-11-23 19:38:38_
--------
*8a4af26995de6f135fbb0fdafa2e0424*
`登陆天数: 83天 / 1394天
等级: 125
石头: 494
呼符: 28
体力: 60419.08666666667 / 137
友情点: 0 / 1144525`
*連続ログイン6日目
※ログインが途切れるか、7日到達すると
1日目から再開されます*
`聖晶石 X 2
11月交換券(2023) X 1
`*日替りログインボーナス*
*開催期間中、1日1回 2週間日替りでログインボーナスをプレゼント！*
`巡霊の葉 X 30
`_2023-11-23 19:38:47_
--------
*69a508b93367b043329d175aca01015e*
`登陆天数: 83天 / 1232天
等级: 125
石头: 663
呼符: 36
体力: 103555.09333333334 / 137
友情点: 0 / 909575`
*連続ログイン6日目
※ログインが途切れるか、7日到達すると
1日目から再開されます*
`聖晶石 X 2
11月交換券(2023) X 1
`*日替りログインボーナス*
*開催期間中、1日1回 2週間日替りでログインボーナスをプレゼント！*
`巡霊の葉 X 30
`_2023-11-23 19:38:56_
--------
*05c7889868efad05a84b961c94cc9b2c*
`登陆天数: 83天 / 1447天
等级: 125
石头: 1001
呼符: 27
体力: 72641.11333333333 / 137
友情点: 0 / 1102815`
*連続ログイン6日目
※ログインが途切れるか、7日到達すると
1日目から再開されます*
`聖晶石 X 2
11月交換券(2023) X 1
`*日替りログインボーナス*
*開催期間中、1日1回 2週間日替りでログインボーナスをプレゼント！*
`巡霊の葉 X 30
`_2023-11-23 19:39:05_
--------
*41c8ea3cfa831059a6c57fddf5a2e62d*
`登陆天数: 83天 / 1401天
等级: 125
石头: 185
呼符: 8
体力: 52043.35666666667 / 137
友情点: 0 / 723875`
*連続ログイン6日目
※ログインが途切れるか、7日到達すると
1日目から再開されます*
`聖晶石 X 2
11月交換券(2023) X 1
`*日替りログインボーナス*
*開催期間中、1日1回 2週間日替りでログインボーナスをプレゼント！*
`巡霊の葉 X 30
`_2023-11-23 19:39:13_
--------
*790b887791ca4de4345ea61d5bd657e4*
`登陆天数: 83天 / 1402天
等级: 125
石头: 127
呼符: 42
体力: 59994.276666666665 / 137
友情点: 0 / 867305`
*連続ログイン6日目
※ログインが途切れるか、7日到達すると
1日目から再開されます*
`聖晶石 X 2
11月交換券(2023) X 1
`*日替りログインボーナス*
*開催期間中、1日1回 2週間日替りでログインボーナスをプレゼント！*
`巡霊の葉 X 30
`_2023-11-23 19:39:22_
--------
*82f6295e189793da0ef43b4029c85eca*
`登陆天数: 83天 / 1453天
等级: 126
石头: 210
呼符: 12
体力: 24697.86 / 137
友情点: 120 / 398130`
*連続ログイン6日目
※ログインが途切れるか、7日到達すると
1日目から再開されます*
`聖晶石 X 2
11月交換券(2023) X 1
`*日替りログインボーナス*
*開催期間中、1日1回 2週間日替りでログインボーナスをプレゼント！*
`巡霊の葉 X 30
`_2023-11-23 19:39:34_
--------
*47f309e11f595c830d1447d77b47d8a0*
`登陆天数: 83天 / 1417天
等级: 126
石头: 234
呼符: 12
体力: 28126.133333333335 / 137
友情点: 150 / 1142475`
*連続ログイン6日目
※ログインが途切れるか、7日到達すると
1日目から再開されます*
`聖晶石 X 2
11月交換券(2023) X 1
`*日替りログインボーナス*
*開催期間中、1日1回 2週間日替りでログインボーナスをプレゼント！*
`巡霊の葉 X 30
`_2023-11-23 19:39:46_
--------
*7686ae2a105ec6cc5551581fc7487546*
`登陆天数: 83天 / 1459天
等级: 127
石头: 217
呼符: 14
体力: 62567.82 / 137
友情点: 0 / 1165410`
*連続ログイン6日目
※ログインが途切れるか、7日到達すると
1日目から再開されます*
`聖晶石 X 2
11月交換券(2023) X 1
`*日替りログインボーナス*
*開催期間中、1日1回 2週間日替りでログインボーナスをプレゼント！*
`巡霊の葉 X 30
`_2023-11-23 19:39:54_
--------
*dcf734638b8334ef199302253a06e093*
`登陆天数: 83天 / 1339天
等级: 125
石头: 730
呼符: 12
体力: 28620.666666666668 / 137
友情点: 0 / 1061050`
*連続ログイン6日目
※ログインが途切れるか、7日到達すると
1日目から再開されます*
`聖晶石 X 2
11月交換券(2023) X 1
`*日替りログインボーナス*
*開催期間中、1日1回 2週間日替りでログインボーナスをプレゼント！*
`巡霊の葉 X 30
`_2023-11-23 19:40:02_
--------
*47f309e11f595c830d1447d77b47d8a0*
`登陆天数: 83天 / 1435天
等级: 126
石头: 910
呼符: 12
体力: 26575.746666666666 / 137
友情点: 200 / 996360`
*連続ログイン6日目
※ログインが途切れるか、7日到達すると
1日目から再開されます*
`聖晶石 X 2
11月交換券(2023) X 1
`*日替りログインボーナス*
*開催期間中、1日1回 2週間日替りでログインボーナスをプレゼント！*
`巡霊の葉 X 30
`_2023-11-23 19:40:11_
--------
*a602c44e0f8456741b30f0caf4753a39*
`登陆天数: 99天 / 1368天
等级: 143
石头: 241
呼符: 21
体力: 2659.86 / 141
友情点: 270 / 216970`
*連続ログイン1日目
※ログインが途切れるか、7日到達すると
1日目から再開されます*
`フレンドポイント X 2000
11月交換券(2023) X 1
`*日替りログインボーナス*
*開催期間中、1日1回 2週間日替りでログインボーナスをプレゼント！*
`巡霊の葉 X 30
`_2023-11-23 19:40:19_
--------
