【登录信息】
*b5e6a05282bde158c1ffe9d4d9788373*
`登陆天数: 85天 / 1368天
等级: 125
石头: 899
呼符: 15
体力: 60572.81333333333 / 137
友情点: 0 / 1174815`
*連続ログイン1日目
※ログインが途切れるか、7日到達すると
1日目から再開されます*
`フレンドポイント X 2000
11月交換券(2023) X 1
`*日替りログインボーナス*
*開催期間中、1日1回 2週間日替りでログインボーナスをプレゼント！*
`巡霊の葉 X 30
`_2023-11-25 19:38:13_
--------
*eb20c8954ecb148daacdac59c3a0b2e8*
`登陆天数: 85天 / 1351天
等级: 125
石头: 905
呼符: 49
体力: 32302.126666666667 / 137
友情点: 0 / 1176045`
*連続ログイン1日目
※ログインが途切れるか、7日到達すると
1日目から再開されます*
`フレンドポイント X 2000
11月交換券(2023) X 1
`*日替りログインボーナス*
*開催期間中、1日1回 2週間日替りでログインボーナスをプレゼント！*
`巡霊の葉 X 30
`_2023-11-25 19:38:22_
--------
*620476f0f61795fd355f2a9e3fb24e54*
`登陆天数: 85天 / 1418天
等级: 125
石头: 544
呼符: 15
体力: 61278.8 / 137
友情点: 0 / 1171295`
*連続ログイン1日目
※ログインが途切れるか、7日到達すると
1日目から再開されます*
`フレンドポイント X 2000
11月交換券(2023) X 1
`*日替りログインボーナス*
*開催期間中、1日1回 2週間日替りでログインボーナスをプレゼント！*
`巡霊の葉 X 30
`_2023-11-25 19:38:31_
--------
*8a4af26995de6f135fbb0fdafa2e0424*
`登陆天数: 85天 / 1396天
等级: 125
石头: 657
呼符: 37
体力: 60995.06333333333 / 137
友情点: 0 / 1160525`
*連続ログイン1日目
※ログインが途切れるか、7日到達すると
1日目から再開されます*
`フレンドポイント X 2000
11月交換券(2023) X 1
`*日替りログインボーナス*
*開催期間中、1日1回 2週間日替りでログインボーナスをプレゼント！*
`巡霊の葉 X 30
`_2023-11-25 19:38:41_
--------
*69a508b93367b043329d175aca01015e*
`登陆天数: 85天 / 1234天
等级: 125
石头: 826
呼符: 45
体力: 104131.07333333333 / 137
友情点: 0 / 925575`
*連続ログイン1日目
※ログインが途切れるか、7日到達すると
1日目から再開されます*
`フレンドポイント X 2000
11月交換券(2023) X 1
`*日替りログインボーナス*
*開催期間中、1日1回 2週間日替りでログインボーナスをプレゼント！*
`巡霊の葉 X 30
`_2023-11-25 19:38:50_
--------
*05c7889868efad05a84b961c94cc9b2c*
`登陆天数: 85天 / 1449天
等级: 125
石头: 1164
呼符: 36
体力: 73217.09666666666 / 137
友情点: 0 / 1118815`
*連続ログイン1日目
※ログインが途切れるか、7日到達すると
1日目から再開されます*
`フレンドポイント X 2000
11月交換券(2023) X 1
`*日替りログインボーナス*
*開催期間中、1日1回 2週間日替りでログインボーナスをプレゼント！*
`巡霊の葉 X 30
`_2023-11-25 19:38:58_
--------
*41c8ea3cfa831059a6c57fddf5a2e62d*
`登陆天数: 85天 / 1403天
等级: 125
石头: 228
呼符: 9
体力: 52619.33666666667 / 137
友情点: 0 / 727875`
*連続ログイン1日目
※ログインが途切れるか、7日到達すると
1日目から再開されます*
`フレンドポイント X 2000
11月交換券(2023) X 1
`*日替りログインボーナス*
*開催期間中、1日1回 2週間日替りでログインボーナスをプレゼント！*
`巡霊の葉 X 30
`_2023-11-25 19:39:07_
--------
*790b887791ca4de4345ea61d5bd657e4*
`登陆天数: 85天 / 1404天
等级: 125
石头: 319
呼符: 51
体力: 60570.26 / 137
友情点: 0 / 883305`
*連続ログイン1日目
※ログインが途切れるか、7日到達すると
1日目から再開されます*
`フレンドポイント X 2000
11月交換券(2023) X 1
`*日替りログインボーナス*
*開催期間中、1日1回 2週間日替りでログインボーナスをプレゼント！*
`巡霊の葉 X 30
`_2023-11-25 19:39:17_
--------
*82f6295e189793da0ef43b4029c85eca*
`登陆天数: 85天 / 1455天
等级: 126
石头: 253
呼符: 13
体力: 25273.843333333334 / 137
友情点: 270 / 402740`
*連続ログイン1日目
※ログインが途切れるか、7日到達すると
1日目から再開されます*
`フレンドポイント X 2000
11月交換券(2023) X 1
`*日替りログインボーナス*
*開催期間中、1日1回 2週間日替りでログインボーナスをプレゼント！*
`巡霊の葉 X 30
`_2023-11-25 19:39:29_
--------
*47f309e11f595c830d1447d77b47d8a0*
`登陆天数: 85天 / 1419天
等级: 126
石头: 247
呼符: 13
体力: 28702.12 / 137
友情点: 260 / 1147175`
*連続ログイン1日目
※ログインが途切れるか、7日到達すると
1日目から再開されます*
`フレンドポイント X 2000
11月交換券(2023) X 1
`*日替りログインボーナス*
*開催期間中、1日1回 2週間日替りでログインボーナスをプレゼント！*
`巡霊の葉 X 30
`_2023-11-25 19:39:42_
--------
*7686ae2a105ec6cc5551581fc7487546*
`登陆天数: 85天 / 1461天
等级: 127
石头: 260
呼符: 15
体力: 63143.806666666664 / 137
友情点: 0 / 1169410`
*連続ログイン1日目
※ログインが途切れるか、7日到達すると
1日目から再開されます*
`フレンドポイント X 2000
11月交換券(2023) X 1
`*日替りログインボーナス*
*開催期間中、1日1回 2週間日替りでログインボーナスをプレゼント！*
`巡霊の葉 X 30
`_2023-11-25 19:39:50_
--------
*dcf734638b8334ef199302253a06e093*
`登陆天数: 85天 / 1341天
等级: 125
石头: 743
呼符: 13
体力: 29196.656666666666 / 137
友情点: 0 / 1065050`
*連続ログイン1日目
※ログインが途切れるか、7日到達すると
1日目から再開されます*
`フレンドポイント X 2000
11月交換券(2023) X 1
`*日替りログインボーナス*
*開催期間中、1日1回 2週間日替りでログインボーナスをプレゼント！*
`巡霊の葉 X 30
`_2023-11-25 19:39:59_
--------
*47f309e11f595c830d1447d77b47d8a0*
`登陆天数: 85天 / 1437天
等级: 126
石头: 910
呼符: 12
体力: 27151.74 / 137
友情点: 270 / 996830`
*連続ログイン1日目
※ログインが途切れるか、7日到達すると
1日目から再開されます*
`フレンドポイント X 2000
11月交換券(2023) X 1
`*日替りログインボーナス*
*開催期間中、1日1回 2週間日替りでログインボーナスをプレゼント！*
`巡霊の葉 X 30
`_2023-11-25 19:40:08_
--------
*a602c44e0f8456741b30f0caf4753a39*
`登陆天数: 101天 / 1370天
等级: 143
石头: 241
呼符: 21
体力: 3235.8533333333335 / 141
友情点: 180 / 217485`
*連続ログイン3日目
※ログインが途切れるか、7日到達すると
1日目から再開されます*
`叡智の業火 X 1
11月交換券(2023) X 1
`*日替りログインボーナス*
*開催期間中、1日1回 2週間日替りでログインボーナスをプレゼント！*
`巡霊の葉 X 30
`_2023-11-25 19:40:16_
--------
