【登录信息】
*b5e6a05282bde158c1ffe9d4d9788373*
`登陆天数: 86天 / 1369天
等级: 125
石头: 899
呼符: 15
体力: 60860.86 / 137
友情点: 0 / 1174815`
*連続ログイン2日目
※ログインが途切れるか、7日到達すると
1日目から再開されます*
`聖晶石 X 1
11月交換券(2023) X 1
`*日替りログインボーナス*
*開催期間中、1日1回 2週間日替りでログインボーナスをプレゼント！*
`巡霊の葉 X 30
`_2023-11-26 19:38:28_
--------
*eb20c8954ecb148daacdac59c3a0b2e8*
`登陆天数: 86天 / 1352天
等级: 125
石头: 905
呼符: 49
体力: 32590.173333333332 / 137
友情点: 0 / 1176045`
*連続ログイン2日目
※ログインが途切れるか、7日到達すると
1日目から再開されます*
`聖晶石 X 1
11月交換券(2023) X 1
`*日替りログインボーナス*
*開催期間中、1日1回 2週間日替りでログインボーナスをプレゼント！*
`巡霊の葉 X 30
`_2023-11-26 19:38:37_
--------
*620476f0f61795fd355f2a9e3fb24e54*
`登陆天数: 86天 / 1419天
等级: 125
石头: 544
呼符: 15
体力: 61566.846666666665 / 137
友情点: 0 / 1171295`
*連続ログイン2日目
※ログインが途切れるか、7日到達すると
1日目から再開されます*
`聖晶石 X 1
11月交換券(2023) X 1
`*日替りログインボーナス*
*開催期間中、1日1回 2週間日替りでログインボーナスをプレゼント！*
`巡霊の葉 X 30
`_2023-11-26 19:38:45_
--------
*8a4af26995de6f135fbb0fdafa2e0424*
`登陆天数: 86天 / 1397天
等级: 125
石头: 657
呼符: 37
体力: 61283.11 / 137
友情点: 0 / 1160525`
*連続ログイン2日目
※ログインが途切れるか、7日到達すると
1日目から再開されます*
`聖晶石 X 1
11月交換券(2023) X 1
`*日替りログインボーナス*
*開催期間中、1日1回 2週間日替りでログインボーナスをプレゼント！*
`巡霊の葉 X 30
`_2023-11-26 19:38:55_
--------
*69a508b93367b043329d175aca01015e*
`登陆天数: 86天 / 1235天
等级: 125
石头: 826
呼符: 45
体力: 104419.12 / 137
友情点: 0 / 925575`
*連続ログイン2日目
※ログインが途切れるか、7日到達すると
1日目から再開されます*
`聖晶石 X 1
11月交換券(2023) X 1
`*日替りログインボーナス*
*開催期間中、1日1回 2週間日替りでログインボーナスをプレゼント！*
`巡霊の葉 X 30
`_2023-11-26 19:39:04_
--------
*05c7889868efad05a84b961c94cc9b2c*
`登陆天数: 86天 / 1450天
等级: 125
石头: 1164
呼符: 36
体力: 73505.14 / 137
友情点: 0 / 1118815`
*連続ログイン2日目
※ログインが途切れるか、7日到達すると
1日目から再開されます*
`聖晶石 X 1
11月交換券(2023) X 1
`*日替りログインボーナス*
*開催期間中、1日1回 2週間日替りでログインボーナスをプレゼント！*
`巡霊の葉 X 30
`_2023-11-26 19:39:12_
--------
*41c8ea3cfa831059a6c57fddf5a2e62d*
`登陆天数: 86天 / 1404天
等级: 125
石头: 228
呼符: 9
体力: 52907.38333333333 / 137
友情点: 0 / 727875`
*連続ログイン2日目
※ログインが途切れるか、7日到達すると
1日目から再開されます*
`聖晶石 X 1
11月交換券(2023) X 1
`*日替りログインボーナス*
*開催期間中、1日1回 2週間日替りでログインボーナスをプレゼント！*
`巡霊の葉 X 30
`_2023-11-26 19:39:21_
--------
*790b887791ca4de4345ea61d5bd657e4*
`登陆天数: 86天 / 1405天
等级: 125
石头: 319
呼符: 51
体力: 60858.30333333334 / 137
友情点: 0 / 883305`
*連続ログイン2日目
※ログインが途切れるか、7日到達すると
1日目から再開されます*
`聖晶石 X 1
11月交換券(2023) X 1
`*日替りログインボーナス*
*開催期間中、1日1回 2週間日替りでログインボーナスをプレゼント！*
`巡霊の葉 X 30
`_2023-11-26 19:39:30_
--------
*82f6295e189793da0ef43b4029c85eca*
`登陆天数: 86天 / 1456天
等级: 126
石头: 253
呼符: 13
体力: 25561.89 / 137
友情点: 220 / 402960`
*連続ログイン2日目
※ログインが途切れるか、7日到達すると
1日目から再開されます*
`聖晶石 X 1
11月交換券(2023) X 1
`*日替りログインボーナス*
*開催期間中、1日1回 2週間日替りでログインボーナスをプレゼント！*
`巡霊の葉 X 30
`_2023-11-26 19:39:43_
--------
*47f309e11f595c830d1447d77b47d8a0*
`登陆天数: 86天 / 1420天
等级: 126
石头: 247
呼符: 13
体力: 28990.163333333334 / 137
友情点: 230 / 1147435`
*連続ログイン2日目
※ログインが途切れるか、7日到達すると
1日目から再開されます*
`聖晶石 X 1
11月交換券(2023) X 1
`*日替りログインボーナス*
*開催期間中、1日1回 2週間日替りでログインボーナスをプレゼント！*
`巡霊の葉 X 30
`_2023-11-26 19:39:55_
--------
*7686ae2a105ec6cc5551581fc7487546*
`登陆天数: 86天 / 1462天
等级: 127
石头: 260
呼符: 15
体力: 63431.85333333333 / 137
友情点: 0 / 1169410`
*連続ログイン2日目
※ログインが途切れるか、7日到達すると
1日目から再開されます*
`聖晶石 X 1
11月交換券(2023) X 1
`*日替りログインボーナス*
*開催期間中、1日1回 2週間日替りでログインボーナスをプレゼント！*
`巡霊の葉 X 30
`_2023-11-26 19:40:04_
--------
*dcf734638b8334ef199302253a06e093*
`登陆天数: 86天 / 1342天
等级: 125
石头: 743
呼符: 13
体力: 29484.703333333335 / 137
友情点: 0 / 1065050`
*連続ログイン2日目
※ログインが途切れるか、7日到達すると
1日目から再開されます*
`聖晶石 X 1
11月交換券(2023) X 1
`*日替りログインボーナス*
*開催期間中、1日1回 2週間日替りでログインボーナスをプレゼント！*
`巡霊の葉 X 30
`_2023-11-26 19:40:12_
--------
*47f309e11f595c830d1447d77b47d8a0*
`登陆天数: 86天 / 1438天
等级: 126
石头: 910
呼符: 12
体力: 27439.786666666667 / 137
友情点: 230 / 997060`
*連続ログイン2日目
※ログインが途切れるか、7日到達すると
1日目から再開されます*
`聖晶石 X 1
11月交換券(2023) X 1
`*日替りログインボーナス*
*開催期間中、1日1回 2週間日替りでログインボーナスをプレゼント！*
`巡霊の葉 X 30
`_2023-11-26 19:40:21_
--------
*a602c44e0f8456741b30f0caf4753a39*
`登陆天数: 102天 / 1371天
等级: 143
石头: 241
呼符: 21
体力: 3523.9 / 141
友情点: 265 / 217760`
*連続ログイン4日目
※ログインが途切れるか、7日到達すると
1日目から再開されます*
`聖晶石 X 1
11月交換券(2023) X 1
`*日替りログインボーナス*
*開催期間中、1日1回 2週間日替りでログインボーナスをプレゼント！*
`巡霊の葉 X 30
`_2023-11-26 19:40:30_
--------
