【登录信息】
*b5e6a05282bde158c1ffe9d4d9788373*
`登陆天数: 88天 / 1371天
等级: 125
石头: 899
呼符: 15
体力: 61436.88 / 137
友情点: 0 / 1174815`
*連続ログイン4日目
※ログインが途切れるか、7日到達すると
1日目から再開されます*
`聖晶石 X 1
11月交換券(2023) X 1
`*日替りログインボーナス*
*開催期間中、1日1回 2週間日替りでログインボーナスをプレゼント！*
`聖晶石 X 3
巡霊の葉 X 50
`_2023-11-28 19:38:34_
--------
*eb20c8954ecb148daacdac59c3a0b2e8*
`登陆天数: 88天 / 1354天
等级: 125
石头: 905
呼符: 49
体力: 33166.193333333336 / 137
友情点: 0 / 1176045`
*連続ログイン4日目
※ログインが途切れるか、7日到達すると
1日目から再開されます*
`聖晶石 X 1
11月交換券(2023) X 1
`*日替りログインボーナス*
*開催期間中、1日1回 2週間日替りでログインボーナスをプレゼント！*
`聖晶石 X 3
巡霊の葉 X 50
`_2023-11-28 19:38:42_
--------
*620476f0f61795fd355f2a9e3fb24e54*
`登陆天数: 88天 / 1421天
等级: 125
石头: 544
呼符: 15
体力: 62142.86666666667 / 137
友情点: 0 / 1171295`
*連続ログイン4日目
※ログインが途切れるか、7日到達すると
1日目から再開されます*
`聖晶石 X 1
11月交換券(2023) X 1
`*日替りログインボーナス*
*開催期間中、1日1回 2週間日替りでログインボーナスをプレゼント！*
`聖晶石 X 3
巡霊の葉 X 50
`_2023-11-28 19:38:51_
--------
*8a4af26995de6f135fbb0fdafa2e0424*
`登陆天数: 88天 / 1399天
等级: 125
石头: 657
呼符: 37
体力: 61859.12666666666 / 137
友情点: 0 / 1160525`
*連続ログイン4日目
※ログインが途切れるか、7日到達すると
1日目から再開されます*
`聖晶石 X 1
11月交換券(2023) X 1
`*日替りログインボーナス*
*開催期間中、1日1回 2週間日替りでログインボーナスをプレゼント！*
`聖晶石 X 3
巡霊の葉 X 50
`_2023-11-28 19:39:00_
--------
*69a508b93367b043329d175aca01015e*
`登陆天数: 88天 / 1237天
等级: 125
石头: 826
呼符: 45
体力: 104995.13666666667 / 137
友情点: 0 / 925575`
*連続ログイン4日目
※ログインが途切れるか、7日到達すると
1日目から再開されます*
`聖晶石 X 1
11月交換券(2023) X 1
`*日替りログインボーナス*
*開催期間中、1日1回 2週間日替りでログインボーナスをプレゼント！*
`聖晶石 X 3
巡霊の葉 X 50
`_2023-11-28 19:39:09_
--------
*05c7889868efad05a84b961c94cc9b2c*
`登陆天数: 88天 / 1452天
等级: 125
石头: 1164
呼符: 36
体力: 74081.16 / 137
友情点: 0 / 1118815`
*連続ログイン4日目
※ログインが途切れるか、7日到達すると
1日目から再開されます*
`聖晶石 X 1
11月交換券(2023) X 1
`*日替りログインボーナス*
*開催期間中、1日1回 2週間日替りでログインボーナスをプレゼント！*
`聖晶石 X 3
巡霊の葉 X 50
`_2023-11-28 19:39:17_
--------
*41c8ea3cfa831059a6c57fddf5a2e62d*
`登陆天数: 88天 / 1406天
等级: 125
石头: 228
呼符: 9
体力: 53483.4 / 137
友情点: 0 / 727875`
*連続ログイン4日目
※ログインが途切れるか、7日到達すると
1日目から再開されます*
`聖晶石 X 1
11月交換券(2023) X 1
`*日替りログインボーナス*
*開催期間中、1日1回 2週間日替りでログインボーナスをプレゼント！*
`聖晶石 X 3
巡霊の葉 X 50
`_2023-11-28 19:39:26_
--------
*790b887791ca4de4345ea61d5bd657e4*
`登陆天数: 88天 / 1407天
等级: 125
石头: 319
呼符: 51
体力: 61434.32 / 137
友情点: 0 / 883305`
*連続ログイン4日目
※ログインが途切れるか、7日到達すると
1日目から再開されます*
`聖晶石 X 1
11月交換券(2023) X 1
`*日替りログインボーナス*
*開催期間中、1日1回 2週間日替りでログインボーナスをプレゼント！*
`聖晶石 X 3
巡霊の葉 X 50
`_2023-11-28 19:39:35_
--------
*82f6295e189793da0ef43b4029c85eca*
`登陆天数: 88天 / 1458天
等级: 126
石头: 253
呼符: 13
体力: 26137.903333333332 / 137
友情点: 130 / 403230`
*連続ログイン4日目
※ログインが途切れるか、7日到達すると
1日目から再開されます*
`聖晶石 X 1
11月交換券(2023) X 1
`*日替りログインボーナス*
*開催期間中、1日1回 2週間日替りでログインボーナスをプレゼント！*
`聖晶石 X 3
巡霊の葉 X 50
`_2023-11-28 19:39:47_
--------
*47f309e11f595c830d1447d77b47d8a0*
`登陆天数: 88天 / 1422天
等级: 126
石头: 247
呼符: 13
体力: 29566.176666666666 / 137
友情点: 110 / 1147695`
*連続ログイン4日目
※ログインが途切れるか、7日到達すると
1日目から再開されます*
`聖晶石 X 1
11月交換券(2023) X 1
`*日替りログインボーナス*
*開催期間中、1日1回 2週間日替りでログインボーナスをプレゼント！*
`聖晶石 X 3
巡霊の葉 X 50
`_2023-11-28 19:39:59_
--------
*7686ae2a105ec6cc5551581fc7487546*
`登陆天数: 88天 / 1464天
等级: 127
石头: 260
呼符: 15
体力: 64007.863333333335 / 137
友情点: 0 / 1169410`
*連続ログイン4日目
※ログインが途切れるか、7日到達すると
1日目から再開されます*
`聖晶石 X 1
11月交換券(2023) X 1
`*日替りログインボーナス*
*開催期間中、1日1回 2週間日替りでログインボーナスをプレゼント！*
`聖晶石 X 3
巡霊の葉 X 50
`_2023-11-28 19:40:08_
--------
*dcf734638b8334ef199302253a06e093*
`登陆天数: 88天 / 1344天
等级: 125
石头: 743
呼符: 13
体力: 30060.713333333333 / 137
友情点: 0 / 1065050`
*連続ログイン4日目
※ログインが途切れるか、7日到達すると
1日目から再開されます*
`聖晶石 X 1
11月交換券(2023) X 1
`*日替りログインボーナス*
*開催期間中、1日1回 2週間日替りでログインボーナスをプレゼント！*
`聖晶石 X 3
巡霊の葉 X 50
`_2023-11-28 19:40:16_
--------
*47f309e11f595c830d1447d77b47d8a0*
`登陆天数: 88天 / 1440天
等级: 126
石头: 910
呼符: 12
体力: 28015.793333333335 / 137
友情点: 60 / 997270`
*連続ログイン4日目
※ログインが途切れるか、7日到達すると
1日目から再開されます*
`聖晶石 X 1
11月交換券(2023) X 1
`*日替りログインボーナス*
*開催期間中、1日1回 2週間日替りでログインボーナスをプレゼント！*
`聖晶石 X 3
巡霊の葉 X 50
`_2023-11-28 19:40:24_
--------
*a602c44e0f8456741b30f0caf4753a39*
`登陆天数: 104天 / 1373天
等级: 143
石头: 241
呼符: 21
体力: 4099.906666666667 / 141
友情点: 485 / 218845`
*連続ログイン6日目
※ログインが途切れるか、7日到達すると
1日目から再開されます*
`聖晶石 X 2
11月交換券(2023) X 1
`*日替りログインボーナス*
*開催期間中、1日1回 2週間日替りでログインボーナスをプレゼント！*
`聖晶石 X 3
巡霊の葉 X 50
`_2023-11-28 19:40:32_
--------
