【登录信息】
*b5e6a05282bde158c1ffe9d4d9788373*
`登陆天数: 89天 / 1372天
等级: 125
石头: 899
呼符: 15
体力: 61724.87666666666 / 137
友情点: 0 / 1174815`
*連続ログイン5日目
※ログインが途切れるか、7日到達すると
1日目から再開されます*
`叡智の業火 X 2
11月交換券(2023) X 1
`*日替りログインボーナス*
*開催期間中、1日1回 2週間日替りでログインボーナスをプレゼント！*
`巡霊の葉 X 30
`_2023-11-29 19:38:32_
--------
*eb20c8954ecb148daacdac59c3a0b2e8*
`登陆天数: 89天 / 1355天
等级: 125
石头: 905
呼符: 49
体力: 33454.19 / 137
友情点: 0 / 1176045`
*連続ログイン5日目
※ログインが途切れるか、7日到達すると
1日目から再開されます*
`叡智の業火 X 2
11月交換券(2023) X 1
`*日替りログインボーナス*
*開催期間中、1日1回 2週間日替りでログインボーナスをプレゼント！*
`巡霊の葉 X 30
`_2023-11-29 19:38:42_
--------
*620476f0f61795fd355f2a9e3fb24e54*
`登陆天数: 89天 / 1422天
等级: 125
石头: 544
呼符: 15
体力: 62430.86666666667 / 137
友情点: 0 / 1171295`
*連続ログイン5日目
※ログインが途切れるか、7日到達すると
1日目から再開されます*
`叡智の業火 X 2
11月交換券(2023) X 1
`*日替りログインボーナス*
*開催期間中、1日1回 2週間日替りでログインボーナスをプレゼント！*
`巡霊の葉 X 30
`_2023-11-29 19:38:51_
--------
*8a4af26995de6f135fbb0fdafa2e0424*
`登陆天数: 89天 / 1400天
等级: 125
石头: 657
呼符: 37
体力: 62147.13 / 137
友情点: 0 / 1160525`
*連続ログイン5日目
※ログインが途切れるか、7日到達すると
1日目から再開されます*
`叡智の業火 X 2
11月交換券(2023) X 1
`*日替りログインボーナス*
*開催期間中、1日1回 2週間日替りでログインボーナスをプレゼント！*
`巡霊の葉 X 30
`_2023-11-29 19:39:01_
--------
*69a508b93367b043329d175aca01015e*
`登陆天数: 89天 / 1238天
等级: 125
石头: 826
呼符: 45
体力: 105283.14 / 137
友情点: 0 / 925575`
*連続ログイン5日目
※ログインが途切れるか、7日到達すると
1日目から再開されます*
`叡智の業火 X 2
11月交換券(2023) X 1
`*日替りログインボーナス*
*開催期間中、1日1回 2週間日替りでログインボーナスをプレゼント！*
`巡霊の葉 X 30
`_2023-11-29 19:39:10_
--------
*05c7889868efad05a84b961c94cc9b2c*
`登陆天数: 89天 / 1453天
等级: 125
石头: 1164
呼符: 36
体力: 74369.16333333333 / 137
友情点: 0 / 1118815`
*連続ログイン5日目
※ログインが途切れるか、7日到達すると
1日目から再開されます*
`叡智の業火 X 2
11月交換券(2023) X 1
`*日替りログインボーナス*
*開催期間中、1日1回 2週間日替りでログインボーナスをプレゼント！*
`巡霊の葉 X 30
`_2023-11-29 19:39:19_
--------
*41c8ea3cfa831059a6c57fddf5a2e62d*
`登陆天数: 89天 / 1407天
等级: 125
石头: 228
呼符: 9
体力: 53771.40666666667 / 137
友情点: 0 / 727875`
*連続ログイン5日目
※ログインが途切れるか、7日到達すると
1日目から再開されます*
`叡智の業火 X 2
11月交換券(2023) X 1
`*日替りログインボーナス*
*開催期間中、1日1回 2週間日替りでログインボーナスをプレゼント！*
`巡霊の葉 X 30
`_2023-11-29 19:39:28_
--------
*790b887791ca4de4345ea61d5bd657e4*
`登陆天数: 89天 / 1408天
等级: 125
石头: 319
呼符: 51
体力: 61722.33 / 137
友情点: 0 / 883305`
*連続ログイン5日目
※ログインが途切れるか、7日到達すると
1日目から再開されます*
`叡智の業火 X 2
11月交換券(2023) X 1
`*日替りログインボーナス*
*開催期間中、1日1回 2週間日替りでログインボーナスをプレゼント！*
`巡霊の葉 X 30
`_2023-11-29 19:39:37_
--------
*82f6295e189793da0ef43b4029c85eca*
`登陆天数: 89天 / 1459天
等级: 126
石头: 253
呼符: 13
体力: 26425.913333333334 / 137
友情点: 80 / 403310`
*連続ログイン5日目
※ログインが途切れるか、7日到達すると
1日目から再開されます*
`叡智の業火 X 2
11月交換券(2023) X 1
`*日替りログインボーナス*
*開催期間中、1日1回 2週間日替りでログインボーナスをプレゼント！*
`巡霊の葉 X 30
`_2023-11-29 19:39:50_
--------
*47f309e11f595c830d1447d77b47d8a0*
`登陆天数: 89天 / 1423天
等级: 126
石头: 247
呼符: 13
体力: 29854.19 / 137
友情点: 80 / 1147775`
*連続ログイン5日目
※ログインが途切れるか、7日到達すると
1日目から再開されます*
`叡智の業火 X 2
11月交換券(2023) X 1
`*日替りログインボーナス*
*開催期間中、1日1回 2週間日替りでログインボーナスをプレゼント！*
`巡霊の葉 X 30
`_2023-11-29 19:40:03_
--------
*7686ae2a105ec6cc5551581fc7487546*
`登陆天数: 89天 / 1465天
等级: 127
石头: 260
呼符: 15
体力: 64295.88 / 137
友情点: 0 / 1169410`
*連続ログイン5日目
※ログインが途切れるか、7日到達すると
1日目から再開されます*
`叡智の業火 X 2
11月交換券(2023) X 1
`*日替りログインボーナス*
*開催期間中、1日1回 2週間日替りでログインボーナスをプレゼント！*
`巡霊の葉 X 30
`_2023-11-29 19:40:12_
--------
*dcf734638b8334ef199302253a06e093*
`登陆天数: 89天 / 1345天
等级: 125
石头: 743
呼符: 13
体力: 30348.733333333334 / 137
友情点: 0 / 1065050`
*連続ログイン5日目
※ログインが途切れるか、7日到達すると
1日目から再開されます*
`叡智の業火 X 2
11月交換券(2023) X 1
`*日替りログインボーナス*
*開催期間中、1日1回 2週間日替りでログインボーナスをプレゼント！*
`巡霊の葉 X 30
`_2023-11-29 19:40:20_
--------
*47f309e11f595c830d1447d77b47d8a0*
`登陆天数: 89天 / 1441天
等级: 126
石头: 910
呼符: 12
体力: 28303.82 / 137
友情点: 110 / 997380`
*連続ログイン5日目
※ログインが途切れるか、7日到達すると
1日目から再開されます*
`叡智の業火 X 2
11月交換券(2023) X 1
`*日替りログインボーナス*
*開催期間中、1日1回 2週間日替りでログインボーナスをプレゼント！*
`巡霊の葉 X 30
`_2023-11-29 19:40:31_
--------
*a602c44e0f8456741b30f0caf4753a39*
`登陆天数: 105天 / 1374天
等级: 143
石头: 241
呼符: 21
体力: 4387.933333333333 / 141
友情点: 155 / 219000`
*連続ログイン7日間到達おめでとうございます！
明日は1日目からリスタートされます。*
`獣の足跡 X 1
呼符 X 1
11月交換券(2023) X 1
`*日替りログインボーナス*
*開催期間中、1日1回 2週間日替りでログインボーナスをプレゼント！*
`巡霊の葉 X 30
`_2023-11-29 19:40:40_
--------
