【登录信息】
*b5e6a05282bde158c1ffe9d4d9788373*
`登陆天数: 90天 / 1373天
等级: 125
石头: 899
呼符: 15
体力: 62012.85666666667 / 137
友情点: 0 / 1174815`
*連続ログイン6日目
※ログインが途切れるか、7日到達すると
1日目から再開されます*
`聖晶石 X 2
12月交換券(2023) X 1
`*日替りログインボーナス*
*開催期間中、1日1回 2週間日替りでログインボーナスをプレゼント！*
`巡霊の葉 X 30
`_2023-11-30 19:38:27_
--------
*eb20c8954ecb148daacdac59c3a0b2e8*
`登陆天数: 90天 / 1356天
等级: 125
石头: 905
呼符: 49
体力: 33742.17 / 137
友情点: 0 / 1176045`
*連続ログイン6日目
※ログインが途切れるか、7日到達すると
1日目から再開されます*
`聖晶石 X 2
12月交換券(2023) X 1
`*日替りログインボーナス*
*開催期間中、1日1回 2週間日替りでログインボーナスをプレゼント！*
`巡霊の葉 X 30
`_2023-11-30 19:38:35_
--------
*620476f0f61795fd355f2a9e3fb24e54*
`登陆天数: 90天 / 1423天
等级: 125
石头: 544
呼符: 15
体力: 62718.84333333333 / 137
友情点: 0 / 1171295`
*連続ログイン6日目
※ログインが途切れるか、7日到達すると
1日目から再開されます*
`聖晶石 X 2
12月交換券(2023) X 1
`*日替りログインボーナス*
*開催期間中、1日1回 2週間日替りでログインボーナスをプレゼント！*
`巡霊の葉 X 30
`_2023-11-30 19:38:44_
--------
*8a4af26995de6f135fbb0fdafa2e0424*
`登陆天数: 90天 / 1401天
等级: 125
石头: 657
呼符: 37
体力: 62435.10666666667 / 137
友情点: 0 / 1160525`
*連続ログイン6日目
※ログインが途切れるか、7日到達すると
1日目から再開されます*
`聖晶石 X 2
12月交換券(2023) X 1
`*日替りログインボーナス*
*開催期間中、1日1回 2週間日替りでログインボーナスをプレゼント！*
`巡霊の葉 X 30
`_2023-11-30 19:38:54_
--------
*69a508b93367b043329d175aca01015e*
`登陆天数: 90天 / 1239天
等级: 125
石头: 826
呼符: 45
体力: 105571.11333333333 / 137
友情点: 0 / 925575`
*連続ログイン6日目
※ログインが途切れるか、7日到達すると
1日目から再開されます*
`聖晶石 X 2
12月交換券(2023) X 1
`*日替りログインボーナス*
*開催期間中、1日1回 2週間日替りでログインボーナスをプレゼント！*
`巡霊の葉 X 30
`_2023-11-30 19:39:02_
--------
*05c7889868efad05a84b961c94cc9b2c*
`登陆天数: 90天 / 1454天
等级: 125
石头: 1164
呼符: 36
体力: 74657.13333333333 / 137
友情点: 0 / 1118815`
*連続ログイン6日目
※ログインが途切れるか、7日到達すると
1日目から再開されます*
`聖晶石 X 2
12月交換券(2023) X 1
`*日替りログインボーナス*
*開催期間中、1日1回 2週間日替りでログインボーナスをプレゼント！*
`巡霊の葉 X 30
`_2023-11-30 19:39:11_
--------
*41c8ea3cfa831059a6c57fddf5a2e62d*
`登陆天数: 90天 / 1408天
等级: 125
石头: 228
呼符: 9
体力: 54059.37333333334 / 137
友情点: 0 / 727875`
*連続ログイン6日目
※ログインが途切れるか、7日到達すると
1日目から再開されます*
`聖晶石 X 2
12月交換券(2023) X 1
`*日替りログインボーナス*
*開催期間中、1日1回 2週間日替りでログインボーナスをプレゼント！*
`巡霊の葉 X 30
`_2023-11-30 19:39:19_
--------
*790b887791ca4de4345ea61d5bd657e4*
`登陆天数: 90天 / 1409天
等级: 125
石头: 319
呼符: 51
体力: 62010.29666666667 / 137
友情点: 0 / 883305`
*連続ログイン6日目
※ログインが途切れるか、7日到達すると
1日目から再開されます*
`聖晶石 X 2
12月交換券(2023) X 1
`*日替りログインボーナス*
*開催期間中、1日1回 2週間日替りでログインボーナスをプレゼント！*
`巡霊の葉 X 30
`_2023-11-30 19:39:28_
--------
*82f6295e189793da0ef43b4029c85eca*
`登陆天数: 90天 / 1460天
等级: 126
石头: 253
呼符: 13
体力: 26713.88 / 137
友情点: 140 / 403460`
*連続ログイン6日目
※ログインが途切れるか、7日到達すると
1日目から再開されます*
`聖晶石 X 2
12月交換券(2023) X 1
`*日替りログインボーナス*
*開催期間中、1日1回 2週間日替りでログインボーナスをプレゼント！*
`巡霊の葉 X 30
`_2023-11-30 19:39:40_
--------
*47f309e11f595c830d1447d77b47d8a0*
`登陆天数: 90天 / 1424天
等级: 126
石头: 247
呼符: 13
体力: 30142.156666666666 / 137
友情点: 180 / 1147965`
*連続ログイン6日目
※ログインが途切れるか、7日到達すると
1日目から再開されます*
`聖晶石 X 2
12月交換券(2023) X 1
`*日替りログインボーナス*
*開催期間中、1日1回 2週間日替りでログインボーナスをプレゼント！*
`巡霊の葉 X 30
`_2023-11-30 19:39:52_
--------
*7686ae2a105ec6cc5551581fc7487546*
`登陆天数: 90天 / 1466天
等级: 127
石头: 260
呼符: 15
体力: 64583.84333333333 / 137
友情点: 0 / 1169410`
*連続ログイン6日目
※ログインが途切れるか、7日到達すると
1日目から再開されます*
`聖晶石 X 2
12月交換券(2023) X 1
`*日替りログインボーナス*
*開催期間中、1日1回 2週間日替りでログインボーナスをプレゼント！*
`巡霊の葉 X 30
`_2023-11-30 19:40:01_
--------
*dcf734638b8334ef199302253a06e093*
`登陆天数: 90天 / 1346天
等级: 125
石头: 743
呼符: 13
体力: 30636.693333333333 / 137
友情点: 0 / 1065050`
*連続ログイン6日目
※ログインが途切れるか、7日到達すると
1日目から再開されます*
`聖晶石 X 2
12月交換券(2023) X 1
`*日替りログインボーナス*
*開催期間中、1日1回 2週間日替りでログインボーナスをプレゼント！*
`巡霊の葉 X 30
`_2023-11-30 19:40:09_
--------
*47f309e11f595c830d1447d77b47d8a0*
`登陆天数: 90天 / 1442天
等级: 126
石头: 910
呼符: 12
体力: 28591.773333333334 / 137
友情点: 180 / 997560`
*連続ログイン6日目
※ログインが途切れるか、7日到達すると
1日目から再開されます*
`聖晶石 X 2
12月交換券(2023) X 1
`*日替りログインボーナス*
*開催期間中、1日1回 2週間日替りでログインボーナスをプレゼント！*
`巡霊の葉 X 30
`_2023-11-30 19:40:18_
--------
*a602c44e0f8456741b30f0caf4753a39*
`登陆天数: 106天 / 1375天
等级: 143
石头: 241
呼符: 21
体力: 4675.886666666666 / 141
友情点: 90 / 219090`
*連続ログイン1日目
※ログインが途切れるか、7日到達すると
1日目から再開されます*
`フレンドポイント X 2000
12月交換券(2023) X 1
`*日替りログインボーナス*
*開催期間中、1日1回 2週間日替りでログインボーナスをプレゼント！*
`巡霊の葉 X 30
`_2023-11-30 19:40:27_
--------
