【登录信息】
*b5e6a05282bde158c1ffe9d4d9788373*
`登陆天数: 91天 / 1374天
等级: 125
石头: 899
呼符: 15
体力: 62300.863333333335 / 137
友情点: 0 / 1174815`
*連続ログイン7日間到達おめでとうございます！
明日は1日目からリスタートされます。*
`獣の足跡 X 1
呼符 X 1
12月交換券(2023) X 1
`*日替りログインボーナス*
*開催期間中、1日1回 2週間日替りでログインボーナスをプレゼント！*
`聖晶石 X 2
巡霊の葉 X 100
`_2023-12-01 19:38:29_
--------
*eb20c8954ecb148daacdac59c3a0b2e8*
`登陆天数: 91天 / 1357天
等级: 125
石头: 905
呼符: 49
体力: 34030.176666666666 / 137
友情点: 0 / 1176045`
*連続ログイン7日間到達おめでとうございます！
明日は1日目からリスタートされます。*
`獣の足跡 X 1
呼符 X 1
12月交換券(2023) X 1
`*日替りログインボーナス*
*開催期間中、1日1回 2週間日替りでログインボーナスをプレゼント！*
`聖晶石 X 2
巡霊の葉 X 100
`_2023-12-01 19:38:38_
--------
*620476f0f61795fd355f2a9e3fb24e54*
`登陆天数: 91天 / 1424天
等级: 125
石头: 544
呼符: 15
体力: 63006.85333333333 / 137
友情点: 0 / 1171295`
*連続ログイン7日間到達おめでとうございます！
明日は1日目からリスタートされます。*
`獣の足跡 X 1
呼符 X 1
12月交換券(2023) X 1
`*日替りログインボーナス*
*開催期間中、1日1回 2週間日替りでログインボーナスをプレゼント！*
`聖晶石 X 2
巡霊の葉 X 100
`_2023-12-01 19:38:47_
--------
*8a4af26995de6f135fbb0fdafa2e0424*
`登陆天数: 91天 / 1402天
等级: 125
石头: 657
呼符: 37
体力: 62723.11666666667 / 137
友情点: 0 / 1160525`
*連続ログイン7日間到達おめでとうございます！
明日は1日目からリスタートされます。*
`獣の足跡 X 1
呼符 X 1
12月交換券(2023) X 1
`*日替りログインボーナス*
*開催期間中、1日1回 2週間日替りでログインボーナスをプレゼント！*
`聖晶石 X 2
巡霊の葉 X 100
`_2023-12-01 19:38:56_
--------
*69a508b93367b043329d175aca01015e*
`登陆天数: 91天 / 1240天
等级: 125
石头: 826
呼符: 45
体力: 105859.12333333334 / 137
友情点: 0 / 925575`
*連続ログイン7日間到達おめでとうございます！
明日は1日目からリスタートされます。*
`獣の足跡 X 1
呼符 X 1
12月交換券(2023) X 1
`*日替りログインボーナス*
*開催期間中、1日1回 2週間日替りでログインボーナスをプレゼント！*
`聖晶石 X 2
巡霊の葉 X 100
`_2023-12-01 19:39:05_
--------
*05c7889868efad05a84b961c94cc9b2c*
`登陆天数: 91天 / 1455天
等级: 125
石头: 1164
呼符: 36
体力: 74945.14666666667 / 137
友情点: 0 / 1118815`
*連続ログイン7日間到達おめでとうございます！
明日は1日目からリスタートされます。*
`獣の足跡 X 1
呼符 X 1
12月交換券(2023) X 1
`*日替りログインボーナス*
*開催期間中、1日1回 2週間日替りでログインボーナスをプレゼント！*
`聖晶石 X 2
巡霊の葉 X 100
`_2023-12-01 19:39:14_
--------
*41c8ea3cfa831059a6c57fddf5a2e62d*
`登陆天数: 91天 / 1409天
等级: 125
石头: 228
呼符: 9
体力: 54347.386666666665 / 137
友情点: 0 / 727875`
*連続ログイン7日間到達おめでとうございます！
明日は1日目からリスタートされます。*
`獣の足跡 X 1
呼符 X 1
12月交換券(2023) X 1
`*日替りログインボーナス*
*開催期間中、1日1回 2週間日替りでログインボーナスをプレゼント！*
`聖晶石 X 2
巡霊の葉 X 100
`_2023-12-01 19:39:22_
--------
*790b887791ca4de4345ea61d5bd657e4*
`登陆天数: 91天 / 1410天
等级: 125
石头: 319
呼符: 51
体力: 62298.31 / 137
友情点: 0 / 883305`
*連続ログイン7日間到達おめでとうございます！
明日は1日目からリスタートされます。*
`獣の足跡 X 1
呼符 X 1
12月交換券(2023) X 1
`*日替りログインボーナス*
*開催期間中、1日1回 2週間日替りでログインボーナスをプレゼント！*
`聖晶石 X 2
巡霊の葉 X 100
`_2023-12-01 19:39:32_
--------
*82f6295e189793da0ef43b4029c85eca*
`登陆天数: 91天 / 1461天
等级: 126
石头: 253
呼符: 13
体力: 27001.893333333333 / 137
友情点: 60 / 403530`
*連続ログイン7日間到達おめでとうございます！
明日は1日目からリスタートされます。*
`獣の足跡 X 1
呼符 X 1
12月交換券(2023) X 1
`*日替りログインボーナス*
*開催期間中、1日1回 2週間日替りでログインボーナスをプレゼント！*
`聖晶石 X 2
巡霊の葉 X 100
`_2023-12-01 19:39:44_
--------
*47f309e11f595c830d1447d77b47d8a0*
`登陆天数: 91天 / 1425天
等级: 126
石头: 247
呼符: 13
体力: 30430.17 / 137
友情点: 80 / 1148045`
*連続ログイン7日間到達おめでとうございます！
明日は1日目からリスタートされます。*
`獣の足跡 X 1
呼符 X 1
12月交換券(2023) X 1
`*日替りログインボーナス*
*開催期間中、1日1回 2週間日替りでログインボーナスをプレゼント！*
`聖晶石 X 2
巡霊の葉 X 100
`_2023-12-01 19:39:57_
--------
*7686ae2a105ec6cc5551581fc7487546*
`登陆天数: 91天 / 1467天
等级: 127
石头: 260
呼符: 15
体力: 64871.85666666667 / 137
友情点: 0 / 1169410`
*連続ログイン7日間到達おめでとうございます！
明日は1日目からリスタートされます。*
`獣の足跡 X 1
呼符 X 1
12月交換券(2023) X 1
`*日替りログインボーナス*
*開催期間中、1日1回 2週間日替りでログインボーナスをプレゼント！*
`聖晶石 X 2
巡霊の葉 X 100
`_2023-12-01 19:40:05_
--------
*dcf734638b8334ef199302253a06e093*
`登陆天数: 91天 / 1347天
等级: 125
石头: 743
呼符: 13
体力: 30924.71 / 137
友情点: 0 / 1065050`
*連続ログイン7日間到達おめでとうございます！
明日は1日目からリスタートされます。*
`獣の足跡 X 1
呼符 X 1
12月交換券(2023) X 1
`*日替りログインボーナス*
*開催期間中、1日1回 2週間日替りでログインボーナスをプレゼント！*
`聖晶石 X 2
巡霊の葉 X 100
`_2023-12-01 19:40:13_
--------
*47f309e11f595c830d1447d77b47d8a0*
`登陆天数: 91天 / 1443天
等级: 126
石头: 910
呼符: 12
体力: 28879.793333333335 / 137
友情点: 80 / 997640`
*連続ログイン7日間到達おめでとうございます！
明日は1日目からリスタートされます。*
`獣の足跡 X 1
呼符 X 1
12月交換券(2023) X 1
`*日替りログインボーナス*
*開催期間中、1日1回 2週間日替りでログインボーナスをプレゼント！*
`聖晶石 X 2
巡霊の葉 X 100
`_2023-12-01 19:40:23_
--------
*a602c44e0f8456741b30f0caf4753a39*
`登陆天数: 107天 / 1376天
等级: 143
石头: 241
呼符: 21
体力: 4963.906666666667 / 141
友情点: 60 / 219150`
*連続ログイン2日目
※ログインが途切れるか、7日到達すると
1日目から再開されます*
`聖晶石 X 1
12月交換券(2023) X 1
`*日替りログインボーナス*
*開催期間中、1日1回 2週間日替りでログインボーナスをプレゼント！*
`聖晶石 X 2
巡霊の葉 X 100
`_2023-12-01 19:40:32_
--------
