【登录信息】
*b5e6a05282bde158c1ffe9d4d9788373*
`登陆天数: 92天 / 1375天
等级: 125
石头: 899
呼符: 15
体力: 62588.84333333333 / 137
友情点: 0 / 1174815`
*連続ログイン1日目
※ログインが途切れるか、7日到達すると
1日目から再開されます*
`フレンドポイント X 2000
12月交換券(2023) X 1
`*日替りログインボーナス*
*開催期間中、1日1回 2週間日替りでログインボーナスをプレゼント！*
`巡霊の葉 X 30
`_2023-12-02 19:38:22_
--------
*eb20c8954ecb148daacdac59c3a0b2e8*
`登陆天数: 92天 / 1358天
等级: 125
石头: 905
呼符: 49
体力: 34318.15666666667 / 137
友情点: 0 / 1176045`
*連続ログイン1日目
※ログインが途切れるか、7日到達すると
1日目から再開されます*
`フレンドポイント X 2000
12月交換券(2023) X 1
`*日替りログインボーナス*
*開催期間中、1日1回 2週間日替りでログインボーナスをプレゼント！*
`巡霊の葉 X 30
`_2023-12-02 19:38:31_
--------
*620476f0f61795fd355f2a9e3fb24e54*
`登陆天数: 92天 / 1425天
等级: 125
石头: 544
呼符: 15
体力: 63294.833333333336 / 137
友情点: 0 / 1171295`
*連続ログイン1日目
※ログインが途切れるか、7日到達すると
1日目から再開されます*
`フレンドポイント X 2000
12月交換券(2023) X 1
`*日替りログインボーナス*
*開催期間中、1日1回 2週間日替りでログインボーナスをプレゼント！*
`巡霊の葉 X 30
`_2023-12-02 19:38:40_
--------
*8a4af26995de6f135fbb0fdafa2e0424*
`登陆天数: 92天 / 1403天
等级: 125
石头: 657
呼符: 37
体力: 63011.096666666665 / 137
友情点: 0 / 1160525`
*連続ログイン1日目
※ログインが途切れるか、7日到達すると
1日目から再開されます*
`フレンドポイント X 2000
12月交換券(2023) X 1
`*日替りログインボーナス*
*開催期間中、1日1回 2週間日替りでログインボーナスをプレゼント！*
`巡霊の葉 X 30
`_2023-12-02 19:38:50_
--------
*69a508b93367b043329d175aca01015e*
`登陆天数: 92天 / 1241天
等级: 125
石头: 826
呼符: 45
体力: 106147.10666666667 / 137
友情点: 0 / 925575`
*連続ログイン1日目
※ログインが途切れるか、7日到達すると
1日目から再開されます*
`フレンドポイント X 2000
12月交換券(2023) X 1
`*日替りログインボーナス*
*開催期間中、1日1回 2週間日替りでログインボーナスをプレゼント！*
`巡霊の葉 X 30
`_2023-12-02 19:38:59_
--------
*05c7889868efad05a84b961c94cc9b2c*
`登陆天数: 92天 / 1456天
等级: 125
石头: 1164
呼符: 36
体力: 75233.12666666666 / 137
友情点: 0 / 1118815`
*連続ログイン1日目
※ログインが途切れるか、7日到達すると
1日目から再開されます*
`フレンドポイント X 2000
12月交換券(2023) X 1
`*日替りログインボーナス*
*開催期間中、1日1回 2週間日替りでログインボーナスをプレゼント！*
`巡霊の葉 X 30
`_2023-12-02 19:39:08_
--------
*41c8ea3cfa831059a6c57fddf5a2e62d*
`登陆天数: 92天 / 1410天
等级: 125
石头: 228
呼符: 9
体力: 54635.37 / 137
友情点: 0 / 727875`
*連続ログイン1日目
※ログインが途切れるか、7日到達すると
1日目から再開されます*
`フレンドポイント X 2000
12月交換券(2023) X 1
`*日替りログインボーナス*
*開催期間中、1日1回 2週間日替りでログインボーナスをプレゼント！*
`巡霊の葉 X 30
`_2023-12-02 19:39:17_
--------
*790b887791ca4de4345ea61d5bd657e4*
`登陆天数: 92天 / 1411天
等级: 125
石头: 319
呼符: 51
体力: 62586.293333333335 / 137
友情点: 0 / 883305`
*連続ログイン1日目
※ログインが途切れるか、7日到達すると
1日目から再開されます*
`フレンドポイント X 2000
12月交換券(2023) X 1
`*日替りログインボーナス*
*開催期間中、1日1回 2週間日替りでログインボーナスをプレゼント！*
`巡霊の葉 X 30
`_2023-12-02 19:39:26_
--------
*82f6295e189793da0ef43b4029c85eca*
`登陆天数: 92天 / 1462天
等级: 126
石头: 253
呼符: 13
体力: 27289.876666666667 / 137
友情点: 100 / 403630`
*連続ログイン1日目
※ログインが途切れるか、7日到達すると
1日目から再開されます*
`フレンドポイント X 2000
12月交換券(2023) X 1
`*日替りログインボーナス*
*開催期間中、1日1回 2週間日替りでログインボーナスをプレゼント！*
`巡霊の葉 X 30
`_2023-12-02 19:39:39_
--------
*47f309e11f595c830d1447d77b47d8a0*
`登陆天数: 92天 / 1426天
等级: 126
石头: 247
呼符: 13
体力: 30718.153333333332 / 137
友情点: 110 / 1148155`
*連続ログイン1日目
※ログインが途切れるか、7日到達すると
1日目から再開されます*
`フレンドポイント X 2000
12月交換券(2023) X 1
`*日替りログインボーナス*
*開催期間中、1日1回 2週間日替りでログインボーナスをプレゼント！*
`巡霊の葉 X 30
`_2023-12-02 19:39:51_
--------
*7686ae2a105ec6cc5551581fc7487546*
`登陆天数: 92天 / 1468天
等级: 127
石头: 260
呼符: 15
体力: 65159.84333333333 / 137
友情点: 0 / 1169410`
*連続ログイン1日目
※ログインが途切れるか、7日到達すると
1日目から再開されます*
`フレンドポイント X 2000
12月交換券(2023) X 1
`*日替りログインボーナス*
*開催期間中、1日1回 2週間日替りでログインボーナスをプレゼント！*
`巡霊の葉 X 30
`_2023-12-02 19:40:00_
--------
*dcf734638b8334ef199302253a06e093*
`登陆天数: 92天 / 1348天
等级: 125
石头: 743
呼符: 13
体力: 31212.693333333333 / 137
友情点: 0 / 1065050`
*連続ログイン1日目
※ログインが途切れるか、7日到達すると
1日目から再開されます*
`フレンドポイント X 2000
12月交換券(2023) X 1
`*日替りログインボーナス*
*開催期間中、1日1回 2週間日替りでログインボーナスをプレゼント！*
`巡霊の葉 X 30
`_2023-12-02 19:40:09_
--------
*47f309e11f595c830d1447d77b47d8a0*
`登陆天数: 92天 / 1444天
等级: 126
石头: 910
呼符: 12
体力: 29167.77666666667 / 137
友情点: 120 / 997760`
*連続ログイン1日目
※ログインが途切れるか、7日到達すると
1日目から再開されます*
`フレンドポイント X 2000
12月交換券(2023) X 1
`*日替りログインボーナス*
*開催期間中、1日1回 2週間日替りでログインボーナスをプレゼント！*
`巡霊の葉 X 30
`_2023-12-02 19:40:19_
--------
*a602c44e0f8456741b30f0caf4753a39*
`登陆天数: 108天 / 1377天
等级: 143
石头: 241
呼符: 21
体力: 5251.893333333333 / 141
友情点: 120 / 219670`
*連続ログイン3日目
※ログインが途切れるか、7日到達すると
1日目から再開されます*
`叡智の業火 X 1
12月交換券(2023) X 1
`*日替りログインボーナス*
*開催期間中、1日1回 2週間日替りでログインボーナスをプレゼント！*
`巡霊の葉 X 30
`_2023-12-02 19:40:28_
--------
