【登录信息】
*b5e6a05282bde158c1ffe9d4d9788373*
`登陆天数: 94天 / 1377天
等级: 125
石头: 899
呼符: 15
体力: 63164.846666666665 / 137
友情点: 0 / 1174815`
*連続ログイン3日目
※ログインが途切れるか、7日到達すると
1日目から再開されます*
`叡智の業火 X 1
12月交換券(2023) X 1
`*日替りログインボーナス*
*開催期間中、1日1回 2週間日替りでログインボーナスをプレゼント！*
`巡霊の葉 X 30
`_2023-12-04 19:38:23_
--------
*eb20c8954ecb148daacdac59c3a0b2e8*
`登陆天数: 94天 / 1360天
等级: 125
石头: 905
呼符: 49
体力: 34894.16 / 137
友情点: 0 / 1176045`
*連続ログイン3日目
※ログインが途切れるか、7日到達すると
1日目から再開されます*
`叡智の業火 X 1
12月交換券(2023) X 1
`*日替りログインボーナス*
*開催期間中、1日1回 2週間日替りでログインボーナスをプレゼント！*
`巡霊の葉 X 30
`_2023-12-04 19:38:32_
--------
*620476f0f61795fd355f2a9e3fb24e54*
`登陆天数: 94天 / 1427天
等级: 125
石头: 544
呼符: 15
体力: 63870.83666666667 / 137
友情点: 0 / 1171295`
*連続ログイン3日目
※ログインが途切れるか、7日到達すると
1日目から再開されます*
`叡智の業火 X 1
12月交換券(2023) X 1
`*日替りログインボーナス*
*開催期間中、1日1回 2週間日替りでログインボーナスをプレゼント！*
`巡霊の葉 X 30
`_2023-12-04 19:38:42_
--------
*8a4af26995de6f135fbb0fdafa2e0424*
`登陆天数: 94天 / 1405天
等级: 125
石头: 657
呼符: 37
体力: 63587.10333333333 / 137
友情点: 0 / 1160525`
*連続ログイン3日目
※ログインが途切れるか、7日到達すると
1日目から再開されます*
`叡智の業火 X 1
12月交換券(2023) X 1
`*日替りログインボーナス*
*開催期間中、1日1回 2週間日替りでログインボーナスをプレゼント！*
`巡霊の葉 X 30
`_2023-12-04 19:38:52_
--------
*69a508b93367b043329d175aca01015e*
`登陆天数: 94天 / 1243天
等级: 125
石头: 826
呼符: 45
体力: 106723.11333333333 / 137
友情点: 0 / 925575`
*連続ログイン3日目
※ログインが途切れるか、7日到達すると
1日目から再開されます*
`叡智の業火 X 1
12月交換券(2023) X 1
`*日替りログインボーナス*
*開催期間中、1日1回 2週間日替りでログインボーナスをプレゼント！*
`巡霊の葉 X 30
`_2023-12-04 19:39:01_
--------
*05c7889868efad05a84b961c94cc9b2c*
`登陆天数: 94天 / 1458天
等级: 125
石头: 1164
呼符: 36
体力: 75809.13666666667 / 137
友情点: 0 / 1118815`
*連続ログイン3日目
※ログインが途切れるか、7日到達すると
1日目から再開されます*
`叡智の業火 X 1
12月交換券(2023) X 1
`*日替りログインボーナス*
*開催期間中、1日1回 2週間日替りでログインボーナスをプレゼント！*
`巡霊の葉 X 30
`_2023-12-04 19:39:10_
--------
*41c8ea3cfa831059a6c57fddf5a2e62d*
`登陆天数: 94天 / 1412天
等级: 125
石头: 228
呼符: 9
体力: 55211.38 / 137
友情点: 0 / 727875`
*連続ログイン3日目
※ログインが途切れるか、7日到達すると
1日目から再開されます*
`叡智の業火 X 1
12月交換券(2023) X 1
`*日替りログインボーナス*
*開催期間中、1日1回 2週間日替りでログインボーナスをプレゼント！*
`巡霊の葉 X 30
`_2023-12-04 19:39:19_
--------
*790b887791ca4de4345ea61d5bd657e4*
`登陆天数: 94天 / 1413天
等级: 125
石头: 319
呼符: 51
体力: 63162.30333333334 / 137
友情点: 0 / 883305`
*連続ログイン3日目
※ログインが途切れるか、7日到達すると
1日目から再開されます*
`叡智の業火 X 1
12月交換券(2023) X 1
`*日替りログインボーナス*
*開催期間中、1日1回 2週間日替りでログインボーナスをプレゼント！*
`巡霊の葉 X 30
`_2023-12-04 19:39:29_
--------
*82f6295e189793da0ef43b4029c85eca*
`登陆天数: 94天 / 1464天
等级: 126
石头: 253
呼符: 13
体力: 27865.886666666665 / 137
友情点: 110 / 403800`
*連続ログイン3日目
※ログインが途切れるか、7日到達すると
1日目から再開されます*
`叡智の業火 X 1
12月交換券(2023) X 1
`*日替りログインボーナス*
*開催期間中、1日1回 2週間日替りでログインボーナスをプレゼント！*
`巡霊の葉 X 30
`_2023-12-04 19:39:42_
--------
*47f309e11f595c830d1447d77b47d8a0*
`登陆天数: 94天 / 1428天
等级: 126
石头: 247
呼符: 13
体力: 31294.163333333334 / 137
友情点: 90 / 1148315`
*連続ログイン3日目
※ログインが途切れるか、7日到達すると
1日目から再開されます*
`叡智の業火 X 1
12月交換券(2023) X 1
`*日替りログインボーナス*
*開催期間中、1日1回 2週間日替りでログインボーナスをプレゼント！*
`巡霊の葉 X 30
`_2023-12-04 19:39:55_
--------
*7686ae2a105ec6cc5551581fc7487546*
`登陆天数: 94天 / 1470天
等级: 127
石头: 260
呼符: 15
体力: 65735.85333333333 / 137
友情点: 0 / 1169410`
*連続ログイン3日目
※ログインが途切れるか、7日到達すると
1日目から再開されます*
`叡智の業火 X 1
12月交換券(2023) X 1
`*日替りログインボーナス*
*開催期間中、1日1回 2週間日替りでログインボーナスをプレゼント！*
`巡霊の葉 X 30
`_2023-12-04 19:40:04_
--------
*dcf734638b8334ef199302253a06e093*
`登陆天数: 94天 / 1350天
等级: 125
石头: 743
呼符: 13
体力: 31788.703333333335 / 137
友情点: 0 / 1065050`
*連続ログイン3日目
※ログインが途切れるか、7日到達すると
1日目から再開されます*
`叡智の業火 X 1
12月交換券(2023) X 1
`*日替りログインボーナス*
*開催期間中、1日1回 2週間日替りでログインボーナスをプレゼント！*
`巡霊の葉 X 30
`_2023-12-04 19:40:12_
--------
*47f309e11f595c830d1447d77b47d8a0*
`登陆天数: 94天 / 1446天
等级: 126
石头: 910
呼符: 12
体力: 29743.783333333333 / 137
友情点: 170 / 998240`
*連続ログイン3日目
※ログインが途切れるか、7日到達すると
1日目から再開されます*
`叡智の業火 X 1
12月交換券(2023) X 1
`*日替りログインボーナス*
*開催期間中、1日1回 2週間日替りでログインボーナスをプレゼント！*
`巡霊の葉 X 30
`_2023-12-04 19:40:21_
--------
*a602c44e0f8456741b30f0caf4753a39*
`登陆天数: 110天 / 1379天
等级: 143
石头: 241
呼符: 21
体力: 5827.9 / 141
友情点: 195 / 219945`
*連続ログイン5日目
※ログインが途切れるか、7日到達すると
1日目から再開されます*
`叡智の業火 X 2
12月交換券(2023) X 1
`*日替りログインボーナス*
*開催期間中、1日1回 2週間日替りでログインボーナスをプレゼント！*
`巡霊の葉 X 30
`_2023-12-04 19:40:30_
--------
