【登录信息】
*b5e6a05282bde158c1ffe9d4d9788373*
`登陆天数: 95天 / 1378天
等级: 125
石头: 899
呼符: 15
体力: 63452.87333333334 / 137
友情点: 0 / 1174815`
*連続ログイン4日目
※ログインが途切れるか、7日到達すると
1日目から再開されます*
`聖晶石 X 1
12月交換券(2023) X 1
`*日替りログインボーナス*
*開催期間中、1日1回 2週間日替りでログインボーナスをプレゼント！*
`聖晶石 X 3
巡霊の葉 X 50
`_2023-12-05 19:38:31_
--------
*eb20c8954ecb148daacdac59c3a0b2e8*
`登陆天数: 95天 / 1361天
等级: 125
石头: 905
呼符: 49
体力: 35182.18666666667 / 137
友情点: 0 / 1176045`
*連続ログイン4日目
※ログインが途切れるか、7日到達すると
1日目から再開されます*
`聖晶石 X 1
12月交換券(2023) X 1
`*日替りログインボーナス*
*開催期間中、1日1回 2週間日替りでログインボーナスをプレゼント！*
`聖晶石 X 3
巡霊の葉 X 50
`_2023-12-05 19:38:40_
--------
*620476f0f61795fd355f2a9e3fb24e54*
`登陆天数: 95天 / 1428天
等级: 125
石头: 544
呼符: 15
体力: 64158.86 / 137
友情点: 0 / 1171295`
*連続ログイン4日目
※ログインが途切れるか、7日到達すると
1日目から再開されます*
`聖晶石 X 1
12月交換券(2023) X 1
`*日替りログインボーナス*
*開催期間中、1日1回 2週間日替りでログインボーナスをプレゼント！*
`聖晶石 X 3
巡霊の葉 X 50
`_2023-12-05 19:38:49_
--------
*8a4af26995de6f135fbb0fdafa2e0424*
`登陆天数: 95天 / 1406天
等级: 125
石头: 657
呼符: 37
体力: 63875.12333333334 / 137
友情点: 0 / 1160525`
*連続ログイン4日目
※ログインが途切れるか、7日到達すると
1日目から再開されます*
`聖晶石 X 1
12月交換券(2023) X 1
`*日替りログインボーナス*
*開催期間中、1日1回 2週間日替りでログインボーナスをプレゼント！*
`聖晶石 X 3
巡霊の葉 X 50
`_2023-12-05 19:38:59_
--------
*69a508b93367b043329d175aca01015e*
`登陆天数: 95天 / 1244天
等级: 125
石头: 826
呼符: 45
体力: 107011.13333333333 / 137
友情点: 0 / 925575`
*連続ログイン4日目
※ログインが途切れるか、7日到達すると
1日目から再開されます*
`聖晶石 X 1
12月交換券(2023) X 1
`*日替りログインボーナス*
*開催期間中、1日1回 2週間日替りでログインボーナスをプレゼント！*
`聖晶石 X 3
巡霊の葉 X 50
`_2023-12-05 19:39:07_
--------
*05c7889868efad05a84b961c94cc9b2c*
`登陆天数: 95天 / 1459天
等级: 125
石头: 1164
呼符: 36
体力: 76097.15333333334 / 137
友情点: 0 / 1118815`
*連続ログイン4日目
※ログインが途切れるか、7日到達すると
1日目から再開されます*
`聖晶石 X 1
12月交換券(2023) X 1
`*日替りログインボーナス*
*開催期間中、1日1回 2週間日替りでログインボーナスをプレゼント！*
`聖晶石 X 3
巡霊の葉 X 50
`_2023-12-05 19:39:16_
--------
*41c8ea3cfa831059a6c57fddf5a2e62d*
`登陆天数: 95天 / 1413天
等级: 125
石头: 228
呼符: 9
体力: 55499.39666666667 / 137
友情点: 0 / 727875`
*連続ログイン4日目
※ログインが途切れるか、7日到達すると
1日目から再開されます*
`聖晶石 X 1
12月交換券(2023) X 1
`*日替りログインボーナス*
*開催期間中、1日1回 2週間日替りでログインボーナスをプレゼント！*
`聖晶石 X 3
巡霊の葉 X 50
`_2023-12-05 19:39:25_
--------
*790b887791ca4de4345ea61d5bd657e4*
`登陆天数: 95天 / 1414天
等级: 125
石头: 319
呼符: 51
体力: 63450.32 / 137
友情点: 0 / 883305`
*連続ログイン4日目
※ログインが途切れるか、7日到達すると
1日目から再開されます*
`聖晶石 X 1
12月交換券(2023) X 1
`*日替りログインボーナス*
*開催期間中、1日1回 2週間日替りでログインボーナスをプレゼント！*
`聖晶石 X 3
巡霊の葉 X 50
`_2023-12-05 19:39:35_
--------
*82f6295e189793da0ef43b4029c85eca*
`登陆天数: 95天 / 1465天
等级: 126
石头: 253
呼符: 13
体力: 28153.903333333332 / 137
友情点: 60 / 403860`
*連続ログイン4日目
※ログインが途切れるか、7日到達すると
1日目から再開されます*
`聖晶石 X 1
12月交換券(2023) X 1
`*日替りログインボーナス*
*開催期間中、1日1回 2週間日替りでログインボーナスをプレゼント！*
`聖晶石 X 3
巡霊の葉 X 50
`_2023-12-05 19:39:47_
--------
*47f309e11f595c830d1447d77b47d8a0*
`登陆天数: 95天 / 1429天
等级: 126
石头: 247
呼符: 13
体力: 31582.176666666666 / 137
友情点: 120 / 1148435`
*連続ログイン4日目
※ログインが途切れるか、7日到達すると
1日目から再開されます*
`聖晶石 X 1
12月交換券(2023) X 1
`*日替りログインボーナス*
*開催期間中、1日1回 2週間日替りでログインボーナスをプレゼント！*
`聖晶石 X 3
巡霊の葉 X 50
`_2023-12-05 19:39:59_
--------
*7686ae2a105ec6cc5551581fc7487546*
`登陆天数: 95天 / 1471天
等级: 127
石头: 260
呼符: 15
体力: 66023.86666666667 / 137
友情点: 0 / 1169410`
*連続ログイン4日目
※ログインが途切れるか、7日到達すると
1日目から再開されます*
`聖晶石 X 1
12月交換券(2023) X 1
`*日替りログインボーナス*
*開催期間中、1日1回 2週間日替りでログインボーナスをプレゼント！*
`聖晶石 X 3
巡霊の葉 X 50
`_2023-12-05 19:40:08_
--------
*dcf734638b8334ef199302253a06e093*
`登陆天数: 95天 / 1351天
等级: 125
石头: 743
呼符: 13
体力: 32076.716666666667 / 137
友情点: 0 / 1065050`
*連続ログイン4日目
※ログインが途切れるか、7日到達すると
1日目から再開されます*
`聖晶石 X 1
12月交換券(2023) X 1
`*日替りログインボーナス*
*開催期間中、1日1回 2週間日替りでログインボーナスをプレゼント！*
`聖晶石 X 3
巡霊の葉 X 50
`_2023-12-05 19:40:17_
--------
*47f309e11f595c830d1447d77b47d8a0*
`登陆天数: 95天 / 1447天
等级: 126
石头: 910
呼符: 12
体力: 30031.8 / 137
友情点: 80 / 998360`
*連続ログイン4日目
※ログインが途切れるか、7日到達すると
1日目から再開されます*
`聖晶石 X 1
12月交換券(2023) X 1
`*日替りログインボーナス*
*開催期間中、1日1回 2週間日替りでログインボーナスをプレゼント！*
`聖晶石 X 3
巡霊の葉 X 50
`_2023-12-05 19:40:26_
--------
*a602c44e0f8456741b30f0caf4753a39*
`登陆天数: 111天 / 1380天
等级: 143
石头: 241
呼符: 21
体力: 6115.913333333333 / 141
友情点: 265 / 220220`
*連続ログイン6日目
※ログインが途切れるか、7日到達すると
1日目から再開されます*
`聖晶石 X 2
12月交換券(2023) X 1
`*日替りログインボーナス*
*開催期間中、1日1回 2週間日替りでログインボーナスをプレゼント！*
`聖晶石 X 3
巡霊の葉 X 50
`_2023-12-05 19:40:34_
--------
