【登录信息】
*b5e6a05282bde158c1ffe9d4d9788373*
`登陆天数: 96天 / 1379天
等级: 125
石头: 899
呼符: 15
体力: 63740.82 / 137
友情点: 0 / 1174815`
*連続ログイン5日目
※ログインが途切れるか、7日到達すると
1日目から再開されます*
`叡智の業火 X 2
12月交換券(2023) X 1
`*激走！川中島24時 ぐだぐだ超五稜郭 殺しのサインはM51
開幕記念 ログインボーナス*
*開催期間中、1日1回 最大21回ログインボーナスをプレゼント！*
`黄金の果実 X 1
`_2023-12-06 19:38:16_
--------
*eb20c8954ecb148daacdac59c3a0b2e8*
`登陆天数: 96天 / 1362天
等级: 125
石头: 905
呼符: 49
体力: 35470.13333333333 / 137
友情点: 0 / 1176045`
*連続ログイン5日目
※ログインが途切れるか、7日到達すると
1日目から再開されます*
`叡智の業火 X 2
12月交換券(2023) X 1
`*激走！川中島24時 ぐだぐだ超五稜郭 殺しのサインはM51
開幕記念 ログインボーナス*
*開催期間中、1日1回 最大21回ログインボーナスをプレゼント！*
`黄金の果実 X 1
`_2023-12-06 19:38:25_
--------
*620476f0f61795fd355f2a9e3fb24e54*
`登陆天数: 96天 / 1429天
等级: 125
石头: 544
呼符: 15
体力: 64446.806666666664 / 137
友情点: 0 / 1171295`
*連続ログイン5日目
※ログインが途切れるか、7日到達すると
1日目から再開されます*
`叡智の業火 X 2
12月交換券(2023) X 1
`*激走！川中島24時 ぐだぐだ超五稜郭 殺しのサインはM51
開幕記念 ログインボーナス*
*開催期間中、1日1回 最大21回ログインボーナスをプレゼント！*
`黄金の果実 X 1
`_2023-12-06 19:38:33_
--------
*8a4af26995de6f135fbb0fdafa2e0424*
`登陆天数: 96天 / 1407天
等级: 125
石头: 657
呼符: 37
体力: 64163.07 / 137
友情点: 0 / 1160525`
*連続ログイン5日目
※ログインが途切れるか、7日到達すると
1日目から再開されます*
`叡智の業火 X 2
12月交換券(2023) X 1
`*激走！川中島24時 ぐだぐだ超五稜郭 殺しのサインはM51
開幕記念 ログインボーナス*
*開催期間中、1日1回 最大21回ログインボーナスをプレゼント！*
`黄金の果実 X 1
`_2023-12-06 19:38:43_
--------
*69a508b93367b043329d175aca01015e*
`登陆天数: 96天 / 1245天
等级: 125
石头: 826
呼符: 45
体力: 107299.08 / 137
友情点: 0 / 925575`
*連続ログイン5日目
※ログインが途切れるか、7日到達すると
1日目から再開されます*
`叡智の業火 X 2
12月交換券(2023) X 1
`*激走！川中島24時 ぐだぐだ超五稜郭 殺しのサインはM51
開幕記念 ログインボーナス*
*開催期間中、1日1回 最大21回ログインボーナスをプレゼント！*
`黄金の果実 X 1
`_2023-12-06 19:38:52_
--------
*05c7889868efad05a84b961c94cc9b2c*
`登陆天数: 96天 / 1460天
等级: 125
石头: 1164
呼符: 36
体力: 76385.1 / 137
友情点: 0 / 1118815`
*連続ログイン5日目
※ログインが途切れるか、7日到達すると
1日目から再開されます*
`叡智の業火 X 2
12月交換券(2023) X 1
`*激走！川中島24時 ぐだぐだ超五稜郭 殺しのサインはM51
開幕記念 ログインボーナス*
*開催期間中、1日1回 最大21回ログインボーナスをプレゼント！*
`黄金の果実 X 1
`_2023-12-06 19:39:00_
--------
*41c8ea3cfa831059a6c57fddf5a2e62d*
`登陆天数: 96天 / 1414天
等级: 125
石头: 228
呼符: 9
体力: 55787.34333333333 / 137
友情点: 0 / 727875`
*連続ログイン5日目
※ログインが途切れるか、7日到達すると
1日目から再開されます*
`叡智の業火 X 2
12月交換券(2023) X 1
`*激走！川中島24時 ぐだぐだ超五稜郭 殺しのサインはM51
開幕記念 ログインボーナス*
*開催期間中、1日1回 最大21回ログインボーナスをプレゼント！*
`黄金の果実 X 1
`_2023-12-06 19:39:09_
--------
*790b887791ca4de4345ea61d5bd657e4*
`登陆天数: 96天 / 1415天
等级: 125
石头: 319
呼符: 51
体力: 63738.26666666667 / 137
友情点: 0 / 883305`
*連続ログイン5日目
※ログインが途切れるか、7日到達すると
1日目から再開されます*
`叡智の業火 X 2
12月交換券(2023) X 1
`*激走！川中島24時 ぐだぐだ超五稜郭 殺しのサインはM51
開幕記念 ログインボーナス*
*開催期間中、1日1回 最大21回ログインボーナスをプレゼント！*
`黄金の果実 X 1
`_2023-12-06 19:39:18_
--------
*82f6295e189793da0ef43b4029c85eca*
`登陆天数: 96天 / 1466天
等级: 126
石头: 253
呼符: 13
体力: 28441.85 / 137
友情点: 260 / 404140`
*連続ログイン5日目
※ログインが途切れるか、7日到達すると
1日目から再開されます*
`叡智の業火 X 2
12月交換券(2023) X 1
`*激走！川中島24時 ぐだぐだ超五稜郭 殺しのサインはM51
開幕記念 ログインボーナス*
*開催期間中、1日1回 最大21回ログインボーナスをプレゼント！*
`黄金の果実 X 1
`_2023-12-06 19:39:31_
--------
*47f309e11f595c830d1447d77b47d8a0*
`登陆天数: 96天 / 1430天
等级: 126
石头: 247
呼符: 13
体力: 31870.123333333333 / 137
友情点: 160 / 1148595`
*連続ログイン5日目
※ログインが途切れるか、7日到達すると
1日目から再開されます*
`叡智の業火 X 2
12月交換券(2023) X 1
`*激走！川中島24時 ぐだぐだ超五稜郭 殺しのサインはM51
開幕記念 ログインボーナス*
*開催期間中、1日1回 最大21回ログインボーナスをプレゼント！*
`黄金の果実 X 1
`_2023-12-06 19:39:43_
--------
*7686ae2a105ec6cc5551581fc7487546*
`登陆天数: 96天 / 1472天
等级: 127
石头: 260
呼符: 15
体力: 66311.81 / 137
友情点: 0 / 1169410`
*連続ログイン5日目
※ログインが途切れるか、7日到達すると
1日目から再開されます*
`叡智の業火 X 2
12月交換券(2023) X 1
`*激走！川中島24時 ぐだぐだ超五稜郭 殺しのサインはM51
開幕記念 ログインボーナス*
*開催期間中、1日1回 最大21回ログインボーナスをプレゼント！*
`黄金の果実 X 1
`_2023-12-06 19:39:51_
--------
*dcf734638b8334ef199302253a06e093*
`登陆天数: 96天 / 1352天
等级: 125
石头: 743
呼符: 13
体力: 32364.66 / 137
友情点: 0 / 1065050`
*連続ログイン5日目
※ログインが途切れるか、7日到達すると
1日目から再開されます*
`叡智の業火 X 2
12月交換券(2023) X 1
`*激走！川中島24時 ぐだぐだ超五稜郭 殺しのサインはM51
開幕記念 ログインボーナス*
*開催期間中、1日1回 最大21回ログインボーナスをプレゼント！*
`黄金の果実 X 1
`_2023-12-06 19:40:00_
--------
*47f309e11f595c830d1447d77b47d8a0*
`登陆天数: 96天 / 1448天
等级: 126
石头: 910
呼符: 12
体力: 30319.743333333332 / 137
友情点: 180 / 998540`
*連続ログイン5日目
※ログインが途切れるか、7日到達すると
1日目から再開されます*
`叡智の業火 X 2
12月交換券(2023) X 1
`*激走！川中島24時 ぐだぐだ超五稜郭 殺しのサインはM51
開幕記念 ログインボーナス*
*開催期間中、1日1回 最大21回ログインボーナスをプレゼント！*
`黄金の果実 X 1
`_2023-12-06 19:40:09_
--------
*a602c44e0f8456741b30f0caf4753a39*
`登陆天数: 112天 / 1381天
等级: 143
石头: 241
呼符: 21
体力: 6403.8533333333335 / 141
友情点: 225 / 220445`
*連続ログイン7日間到達おめでとうございます！
明日は1日目からリスタートされます。*
`獣の足跡 X 1
呼符 X 1
12月交換券(2023) X 1
`*激走！川中島24時 ぐだぐだ超五稜郭 殺しのサインはM51
開幕記念 ログインボーナス*
*開催期間中、1日1回 最大21回ログインボーナスをプレゼント！*
`黄金の果実 X 1
`_2023-12-06 19:40:17_
--------
