【登录信息】
*b5e6a05282bde158c1ffe9d4d9788373*
`登陆天数: 101天 / 1384天
等级: 125
石头: 899
呼符: 15
体力: 65180.86 / 137
友情点: 0 / 1174815`
*連続ログイン3日目
※ログインが途切れるか、7日到達すると
1日目から再開されます*
`叡智の業火 X 1
12月交換券(2023) X 1
`*激走！川中島24時 ぐだぐだ超五稜郭 殺しのサインはM51
開幕記念 ログインボーナス*
*開催期間中、1日1回 最大21回ログインボーナスをプレゼント！*
`白銀の果実 X 1
`_2023-12-11 19:38:28_
--------
*eb20c8954ecb148daacdac59c3a0b2e8*
`登陆天数: 101天 / 1367天
等级: 125
石头: 905
呼符: 49
体力: 36910.17333333333 / 137
友情点: 0 / 1176045`
*連続ログイン3日目
※ログインが途切れるか、7日到達すると
1日目から再開されます*
`叡智の業火 X 1
12月交換券(2023) X 1
`*激走！川中島24時 ぐだぐだ超五稜郭 殺しのサインはM51
開幕記念 ログインボーナス*
*開催期間中、1日1回 最大21回ログインボーナスをプレゼント！*
`白銀の果実 X 1
`_2023-12-11 19:38:36_
--------
*620476f0f61795fd355f2a9e3fb24e54*
`登陆天数: 101天 / 1434天
等级: 125
石头: 544
呼符: 15
体力: 65886.84666666666 / 137
友情点: 0 / 1171295`
*連続ログイン3日目
※ログインが途切れるか、7日到達すると
1日目から再開されます*
`叡智の業火 X 1
12月交換券(2023) X 1
`*激走！川中島24時 ぐだぐだ超五稜郭 殺しのサインはM51
開幕記念 ログインボーナス*
*開催期間中、1日1回 最大21回ログインボーナスをプレゼント！*
`白銀の果実 X 1
`_2023-12-11 19:38:45_
--------
*8a4af26995de6f135fbb0fdafa2e0424*
`登陆天数: 101天 / 1412天
等级: 125
石头: 657
呼符: 37
体力: 65603.11 / 137
友情点: 0 / 1160525`
*連続ログイン3日目
※ログインが途切れるか、7日到達すると
1日目から再開されます*
`叡智の業火 X 1
12月交換券(2023) X 1
`*激走！川中島24時 ぐだぐだ超五稜郭 殺しのサインはM51
開幕記念 ログインボーナス*
*開催期間中、1日1回 最大21回ログインボーナスをプレゼント！*
`白銀の果実 X 1
`_2023-12-11 19:38:54_
--------
*69a508b93367b043329d175aca01015e*
`登陆天数: 101天 / 1250天
等级: 125
石头: 826
呼符: 45
体力: 108739.11666666667 / 137
友情点: 0 / 925575`
*連続ログイン3日目
※ログインが途切れるか、7日到達すると
1日目から再開されます*
`叡智の業火 X 1
12月交換券(2023) X 1
`*激走！川中島24時 ぐだぐだ超五稜郭 殺しのサインはM51
開幕記念 ログインボーナス*
*開催期間中、1日1回 最大21回ログインボーナスをプレゼント！*
`白銀の果実 X 1
`_2023-12-11 19:39:03_
--------
*05c7889868efad05a84b961c94cc9b2c*
`登陆天数: 101天 / 1465天
等级: 125
石头: 1164
呼符: 36
体力: 77825.14 / 137
友情点: 0 / 1118815`
*連続ログイン3日目
※ログインが途切れるか、7日到達すると
1日目から再開されます*
`叡智の業火 X 1
12月交換券(2023) X 1
`*激走！川中島24時 ぐだぐだ超五稜郭 殺しのサインはM51
開幕記念 ログインボーナス*
*開催期間中、1日1回 最大21回ログインボーナスをプレゼント！*
`白銀の果実 X 1
`_2023-12-11 19:39:12_
--------
*41c8ea3cfa831059a6c57fddf5a2e62d*
`登陆天数: 101天 / 1419天
等级: 125
石头: 228
呼符: 9
体力: 57227.38 / 137
友情点: 0 / 727875`
*連続ログイン3日目
※ログインが途切れるか、7日到達すると
1日目から再開されます*
`叡智の業火 X 1
12月交換券(2023) X 1
`*激走！川中島24時 ぐだぐだ超五稜郭 殺しのサインはM51
開幕記念 ログインボーナス*
*開催期間中、1日1回 最大21回ログインボーナスをプレゼント！*
`白銀の果実 X 1
`_2023-12-11 19:39:20_
--------
*790b887791ca4de4345ea61d5bd657e4*
`登陆天数: 101天 / 1420天
等级: 125
石头: 319
呼符: 51
体力: 65178.3 / 137
友情点: 0 / 883305`
*連続ログイン3日目
※ログインが途切れるか、7日到達すると
1日目から再開されます*
`叡智の業火 X 1
12月交換券(2023) X 1
`*激走！川中島24時 ぐだぐだ超五稜郭 殺しのサインはM51
開幕記念 ログインボーナス*
*開催期間中、1日1回 最大21回ログインボーナスをプレゼント！*
`白銀の果実 X 1
`_2023-12-11 19:39:29_
--------
*82f6295e189793da0ef43b4029c85eca*
`登陆天数: 101天 / 1471天
等级: 126
石头: 253
呼符: 13
体力: 29881.886666666665 / 137
友情点: 140 / 404850`
*連続ログイン3日目
※ログインが途切れるか、7日到達すると
1日目から再開されます*
`叡智の業火 X 1
12月交換券(2023) X 1
`*激走！川中島24時 ぐだぐだ超五稜郭 殺しのサインはM51
開幕記念 ログインボーナス*
*開催期間中、1日1回 最大21回ログインボーナスをプレゼント！*
`白銀の果実 X 1
`_2023-12-11 19:39:41_
--------
*47f309e11f595c830d1447d77b47d8a0*
`登陆天数: 101天 / 1435天
等级: 126
石头: 247
呼符: 13
体力: 33310.16 / 137
友情点: 220 / 1152055`
*連続ログイン3日目
※ログインが途切れるか、7日到達すると
1日目から再開されます*
`叡智の業火 X 1
12月交換券(2023) X 1
`*激走！川中島24時 ぐだぐだ超五稜郭 殺しのサインはM51
開幕記念 ログインボーナス*
*開催期間中、1日1回 最大21回ログインボーナスをプレゼント！*
`白銀の果実 X 1
`_2023-12-11 19:39:54_
--------
*7686ae2a105ec6cc5551581fc7487546*
`登陆天数: 101天 / 1477天
等级: 127
石头: 260
呼符: 15
体力: 67751.84666666666 / 137
友情点: 0 / 1169410`
*連続ログイン3日目
※ログインが途切れるか、7日到達すると
1日目から再開されます*
`叡智の業火 X 1
12月交換券(2023) X 1
`*激走！川中島24時 ぐだぐだ超五稜郭 殺しのサインはM51
開幕記念 ログインボーナス*
*開催期間中、1日1回 最大21回ログインボーナスをプレゼント！*
`白銀の果実 X 1
`_2023-12-11 19:40:02_
--------
*dcf734638b8334ef199302253a06e093*
`登陆天数: 101天 / 1357天
等级: 125
石头: 743
呼符: 13
体力: 33804.69666666666 / 137
友情点: 0 / 1065050`
*連続ログイン3日目
※ログインが途切れるか、7日到達すると
1日目から再開されます*
`叡智の業火 X 1
12月交換券(2023) X 1
`*激走！川中島24時 ぐだぐだ超五稜郭 殺しのサインはM51
開幕記念 ログインボーナス*
*開催期間中、1日1回 最大21回ログインボーナスをプレゼント！*
`白銀の果実 X 1
`_2023-12-11 19:40:10_
--------
*47f309e11f595c830d1447d77b47d8a0*
`登陆天数: 101天 / 1453天
等级: 126
石头: 910
呼符: 12
体力: 31759.77666666667 / 137
友情点: 230 / 1000500`
*連続ログイン3日目
※ログインが途切れるか、7日到達すると
1日目から再開されます*
`叡智の業火 X 1
12月交換券(2023) X 1
`*激走！川中島24時 ぐだぐだ超五稜郭 殺しのサインはM51
開幕記念 ログインボーナス*
*開催期間中、1日1回 最大21回ログインボーナスをプレゼント！*
`白銀の果実 X 1
`_2023-12-11 19:40:19_
--------
*a602c44e0f8456741b30f0caf4753a39*
`登陆天数: 117天 / 1386天
等级: 143
石头: 241
呼符: 21
体力: 7843.89 / 141
友情点: 210 / 221495`
*連続ログイン5日目
※ログインが途切れるか、7日到達すると
1日目から再開されます*
`叡智の業火 X 2
12月交換券(2023) X 1
`*激走！川中島24時 ぐだぐだ超五稜郭 殺しのサインはM51
開幕記念 ログインボーナス*
*開催期間中、1日1回 最大21回ログインボーナスをプレゼント！*
`白銀の果実 X 1
`_2023-12-11 19:40:27_
--------
