【登录信息】
*b5e6a05282bde158c1ffe9d4d9788373*
`登陆天数: 102天 / 1385天
等级: 125
石头: 899
呼符: 15
体力: 65468.83666666667 / 137
友情点: 0 / 1174815`
*連続ログイン4日目
※ログインが途切れるか、7日到達すると
1日目から再開されます*
`聖晶石 X 1
12月交換券(2023) X 1
`*激走！川中島24時 ぐだぐだ超五稜郭 殺しのサインはM51
開幕記念 ログインボーナス*
*開催期間中、1日1回 最大21回ログインボーナスをプレゼント！*
`白銀の果実 X 1
`_2023-12-12 19:38:20_
--------
*eb20c8954ecb148daacdac59c3a0b2e8*
`登陆天数: 102天 / 1368天
等级: 125
石头: 905
呼符: 49
体力: 37198.14666666667 / 137
友情点: 0 / 1176045`
*連続ログイン4日目
※ログインが途切れるか、7日到達すると
1日目から再開されます*
`聖晶石 X 1
12月交換券(2023) X 1
`*激走！川中島24時 ぐだぐだ超五稜郭 殺しのサインはM51
開幕記念 ログインボーナス*
*開催期間中、1日1回 最大21回ログインボーナスをプレゼント！*
`白銀の果実 X 1
`_2023-12-12 19:38:29_
--------
*620476f0f61795fd355f2a9e3fb24e54*
`登陆天数: 102天 / 1435天
等级: 125
石头: 544
呼符: 15
体力: 66174.82333333333 / 137
友情点: 0 / 1171295`
*連続ログイン4日目
※ログインが途切れるか、7日到達すると
1日目から再開されます*
`聖晶石 X 1
12月交換券(2023) X 1
`*激走！川中島24時 ぐだぐだ超五稜郭 殺しのサインはM51
開幕記念 ログインボーナス*
*開催期間中、1日1回 最大21回ログインボーナスをプレゼント！*
`白銀の果実 X 1
`_2023-12-12 19:38:38_
--------
*8a4af26995de6f135fbb0fdafa2e0424*
`登陆天数: 102天 / 1413天
等级: 125
石头: 657
呼符: 37
体力: 65891.08666666667 / 137
友情点: 0 / 1160525`
*連続ログイン4日目
※ログインが途切れるか、7日到達すると
1日目から再開されます*
`聖晶石 X 1
12月交換券(2023) X 1
`*激走！川中島24時 ぐだぐだ超五稜郭 殺しのサインはM51
開幕記念 ログインボーナス*
*開催期間中、1日1回 最大21回ログインボーナスをプレゼント！*
`白銀の果実 X 1
`_2023-12-12 19:38:47_
--------
*69a508b93367b043329d175aca01015e*
`登陆天数: 102天 / 1251天
等级: 125
石头: 826
呼符: 45
体力: 109027.09666666666 / 137
友情点: 0 / 925575`
*連続ログイン4日目
※ログインが途切れるか、7日到達すると
1日目から再開されます*
`聖晶石 X 1
12月交換券(2023) X 1
`*激走！川中島24時 ぐだぐだ超五稜郭 殺しのサインはM51
開幕記念 ログインボーナス*
*開催期間中、1日1回 最大21回ログインボーナスをプレゼント！*
`白銀の果実 X 1
`_2023-12-12 19:38:56_
--------
*05c7889868efad05a84b961c94cc9b2c*
`登陆天数: 102天 / 1466天
等级: 125
石头: 1164
呼符: 36
体力: 78113.11666666667 / 137
友情点: 0 / 1118815`
*連続ログイン4日目
※ログインが途切れるか、7日到達すると
1日目から再開されます*
`聖晶石 X 1
12月交換券(2023) X 1
`*激走！川中島24時 ぐだぐだ超五稜郭 殺しのサインはM51
開幕記念 ログインボーナス*
*開催期間中、1日1回 最大21回ログインボーナスをプレゼント！*
`白銀の果実 X 1
`_2023-12-12 19:39:05_
--------
*41c8ea3cfa831059a6c57fddf5a2e62d*
`登陆天数: 102天 / 1420天
等级: 125
石头: 228
呼符: 9
体力: 57515.35666666667 / 137
友情点: 0 / 727875`
*連続ログイン4日目
※ログインが途切れるか、7日到達すると
1日目から再開されます*
`聖晶石 X 1
12月交換券(2023) X 1
`*激走！川中島24時 ぐだぐだ超五稜郭 殺しのサインはM51
開幕記念 ログインボーナス*
*開催期間中、1日1回 最大21回ログインボーナスをプレゼント！*
`白銀の果実 X 1
`_2023-12-12 19:39:13_
--------
*790b887791ca4de4345ea61d5bd657e4*
`登陆天数: 102天 / 1421天
等级: 125
石头: 319
呼符: 51
体力: 65466.28 / 137
友情点: 0 / 883305`
*連続ログイン4日目
※ログインが途切れるか、7日到達すると
1日目から再開されます*
`聖晶石 X 1
12月交換券(2023) X 1
`*激走！川中島24時 ぐだぐだ超五稜郭 殺しのサインはM51
開幕記念 ログインボーナス*
*開催期間中、1日1回 最大21回ログインボーナスをプレゼント！*
`白銀の果実 X 1
`_2023-12-12 19:39:23_
--------
*82f6295e189793da0ef43b4029c85eca*
`登陆天数: 102天 / 1472天
等级: 126
石头: 253
呼符: 13
体力: 30169.866666666665 / 137
友情点: 240 / 405320`
*連続ログイン4日目
※ログインが途切れるか、7日到達すると
1日目から再開されます*
`聖晶石 X 1
12月交換券(2023) X 1
`*激走！川中島24時 ぐだぐだ超五稜郭 殺しのサインはM51
開幕記念 ログインボーナス*
*開催期間中、1日1回 最大21回ログインボーナスをプレゼント！*
`白銀の果実 X 1
`_2023-12-12 19:39:35_
--------
*47f309e11f595c830d1447d77b47d8a0*
`登陆天数: 102天 / 1436天
等级: 126
石头: 247
呼符: 13
体力: 33598.14 / 137
友情点: 170 / 1152855`
*連続ログイン4日目
※ログインが途切れるか、7日到達すると
1日目から再開されます*
`聖晶石 X 1
12月交換券(2023) X 1
`*激走！川中島24時 ぐだぐだ超五稜郭 殺しのサインはM51
開幕記念 ログインボーナス*
*開催期間中、1日1回 最大21回ログインボーナスをプレゼント！*
`白銀の果実 X 1
`_2023-12-12 19:39:48_
--------
*7686ae2a105ec6cc5551581fc7487546*
`登陆天数: 102天 / 1478天
等级: 127
石头: 260
呼符: 15
体力: 68039.83 / 137
友情点: 0 / 1169410`
*連続ログイン4日目
※ログインが途切れるか、7日到達すると
1日目から再開されます*
`聖晶石 X 1
12月交換券(2023) X 1
`*激走！川中島24時 ぐだぐだ超五稜郭 殺しのサインはM51
開幕記念 ログインボーナス*
*開催期間中、1日1回 最大21回ログインボーナスをプレゼント！*
`白銀の果実 X 1
`_2023-12-12 19:39:57_
--------
*dcf734638b8334ef199302253a06e093*
`登陆天数: 102天 / 1358天
等级: 125
石头: 743
呼符: 13
体力: 34092.683333333334 / 137
友情点: 0 / 1065050`
*連続ログイン4日目
※ログインが途切れるか、7日到達すると
1日目から再開されます*
`聖晶石 X 1
12月交換券(2023) X 1
`*激走！川中島24時 ぐだぐだ超五稜郭 殺しのサインはM51
開幕記念 ログインボーナス*
*開催期間中、1日1回 最大21回ログインボーナスをプレゼント！*
`白銀の果実 X 1
`_2023-12-12 19:40:06_
--------
*47f309e11f595c830d1447d77b47d8a0*
`登陆天数: 102天 / 1454天
等级: 126
石头: 910
呼符: 12
体力: 32047.763333333332 / 137
友情点: 270 / 1000770`
*連続ログイン4日目
※ログインが途切れるか、7日到達すると
1日目から再開されます*
`聖晶石 X 1
12月交換券(2023) X 1
`*激走！川中島24時 ぐだぐだ超五稜郭 殺しのサインはM51
開幕記念 ログインボーナス*
*開催期間中、1日1回 最大21回ログインボーナスをプレゼント！*
`白銀の果実 X 1
`_2023-12-12 19:40:15_
--------
*a602c44e0f8456741b30f0caf4753a39*
`登陆天数: 118天 / 1387天
等级: 143
石头: 241
呼符: 21
体力: 8131.88 / 141
友情点: 300 / 221795`
*連続ログイン6日目
※ログインが途切れるか、7日到達すると
1日目から再開されます*
`聖晶石 X 2
12月交換券(2023) X 1
`*激走！川中島24時 ぐだぐだ超五稜郭 殺しのサインはM51
開幕記念 ログインボーナス*
*開催期間中、1日1回 最大21回ログインボーナスをプレゼント！*
`白銀の果実 X 1
`_2023-12-12 19:40:24_
--------
