【登录信息】
*b5e6a05282bde158c1ffe9d4d9788373*
`登陆天数: 104天 / 1387天
等级: 125
石头: 899
呼符: 15
体力: 66044.85333333333 / 137
友情点: 0 / 1174815`
*連続ログイン6日目
※ログインが途切れるか、7日到達すると
1日目から再開されます*
`聖晶石 X 2
12月交換券(2023) X 1
`*激走！川中島24時 ぐだぐだ超五稜郭 殺しのサインはM51
開幕記念 ログインボーナス*
*開催期間中、1日1回 最大21回ログインボーナスをプレゼント！*
`白銀の果実 X 1
`_2023-12-14 19:38:25_
--------
*eb20c8954ecb148daacdac59c3a0b2e8*
`登陆天数: 104天 / 1370天
等级: 125
石头: 905
呼符: 49
体力: 37774.166666666664 / 137
友情点: 0 / 1176045`
*連続ログイン6日目
※ログインが途切れるか、7日到達すると
1日目から再開されます*
`聖晶石 X 2
12月交換券(2023) X 1
`*激走！川中島24時 ぐだぐだ超五稜郭 殺しのサインはM51
開幕記念 ログインボーナス*
*開催期間中、1日1回 最大21回ログインボーナスをプレゼント！*
`白銀の果実 X 1
`_2023-12-14 19:38:34_
--------
*620476f0f61795fd355f2a9e3fb24e54*
`登陆天数: 104天 / 1437天
等级: 125
石头: 544
呼符: 15
体力: 66750.84 / 137
友情点: 0 / 1171295`
*連続ログイン6日目
※ログインが途切れるか、7日到達すると
1日目から再開されます*
`聖晶石 X 2
12月交換券(2023) X 1
`*激走！川中島24時 ぐだぐだ超五稜郭 殺しのサインはM51
開幕記念 ログインボーナス*
*開催期間中、1日1回 最大21回ログインボーナスをプレゼント！*
`白銀の果実 X 1
`_2023-12-14 19:38:43_
--------
*8a4af26995de6f135fbb0fdafa2e0424*
`登陆天数: 104天 / 1415天
等级: 125
石头: 657
呼符: 37
体力: 66467.10333333333 / 137
友情点: 0 / 1160525`
*連続ログイン6日目
※ログインが途切れるか、7日到達すると
1日目から再開されます*
`聖晶石 X 2
12月交換券(2023) X 1
`*激走！川中島24時 ぐだぐだ超五稜郭 殺しのサインはM51
開幕記念 ログインボーナス*
*開催期間中、1日1回 最大21回ログインボーナスをプレゼント！*
`白銀の果実 X 1
`_2023-12-14 19:38:53_
--------
*69a508b93367b043329d175aca01015e*
`登陆天数: 104天 / 1253天
等级: 125
石头: 826
呼符: 45
体力: 109603.11333333333 / 137
友情点: 0 / 925575`
*連続ログイン6日目
※ログインが途切れるか、7日到達すると
1日目から再開されます*
`聖晶石 X 2
12月交換券(2023) X 1
`*激走！川中島24時 ぐだぐだ超五稜郭 殺しのサインはM51
開幕記念 ログインボーナス*
*開催期間中、1日1回 最大21回ログインボーナスをプレゼント！*
`白銀の果実 X 1
`_2023-12-14 19:39:02_
--------
*05c7889868efad05a84b961c94cc9b2c*
`登陆天数: 104天 / 1468天
等级: 125
石头: 1164
呼符: 36
体力: 78689.13333333333 / 137
友情点: 0 / 1118815`
*連続ログイン6日目
※ログインが途切れるか、7日到達すると
1日目から再開されます*
`聖晶石 X 2
12月交換券(2023) X 1
`*激走！川中島24時 ぐだぐだ超五稜郭 殺しのサインはM51
開幕記念 ログインボーナス*
*開催期間中、1日1回 最大21回ログインボーナスをプレゼント！*
`白銀の果実 X 1
`_2023-12-14 19:39:10_
--------
*41c8ea3cfa831059a6c57fddf5a2e62d*
`登陆天数: 104天 / 1422天
等级: 125
石头: 228
呼符: 9
体力: 58091.37666666666 / 137
友情点: 0 / 727875`
*連続ログイン6日目
※ログインが途切れるか、7日到達すると
1日目から再開されます*
`聖晶石 X 2
12月交換券(2023) X 1
`*激走！川中島24時 ぐだぐだ超五稜郭 殺しのサインはM51
開幕記念 ログインボーナス*
*開催期間中、1日1回 最大21回ログインボーナスをプレゼント！*
`白銀の果実 X 1
`_2023-12-14 19:39:19_
--------
*790b887791ca4de4345ea61d5bd657e4*
`登陆天数: 104天 / 1423天
等级: 125
石头: 319
呼符: 51
体力: 66042.3 / 137
友情点: 0 / 883305`
*連続ログイン6日目
※ログインが途切れるか、7日到達すると
1日目から再開されます*
`聖晶石 X 2
12月交換券(2023) X 1
`*激走！川中島24時 ぐだぐだ超五稜郭 殺しのサインはM51
開幕記念 ログインボーナス*
*開催期間中、1日1回 最大21回ログインボーナスをプレゼント！*
`白銀の果実 X 1
`_2023-12-14 19:39:29_
--------
*82f6295e189793da0ef43b4029c85eca*
`登陆天数: 104天 / 1474天
等级: 126
石头: 253
呼符: 13
体力: 30745.883333333335 / 137
友情点: 130 / 405590`
*連続ログイン6日目
※ログインが途切れるか、7日到達すると
1日目から再開されます*
`聖晶石 X 2
12月交換券(2023) X 1
`*激走！川中島24時 ぐだぐだ超五稜郭 殺しのサインはM51
開幕記念 ログインボーナス*
*開催期間中、1日1回 最大21回ログインボーナスをプレゼント！*
`白銀の果実 X 1
`_2023-12-14 19:39:41_
--------
*47f309e11f595c830d1447d77b47d8a0*
`登陆天数: 104天 / 1438天
等级: 126
石头: 247
呼符: 13
体力: 34174.16 / 137
友情点: 180 / 1153385`
*連続ログイン6日目
※ログインが途切れるか、7日到達すると
1日目から再開されます*
`聖晶石 X 2
12月交換券(2023) X 1
`*激走！川中島24時 ぐだぐだ超五稜郭 殺しのサインはM51
開幕記念 ログインボーナス*
*開催期間中、1日1回 最大21回ログインボーナスをプレゼント！*
`白銀の果実 X 1
`_2023-12-14 19:39:54_
--------
*7686ae2a105ec6cc5551581fc7487546*
`登陆天数: 104天 / 1480天
等级: 127
石头: 260
呼符: 15
体力: 68615.84666666666 / 137
友情点: 0 / 1169410`
*連続ログイン6日目
※ログインが途切れるか、7日到達すると
1日目から再開されます*
`聖晶石 X 2
12月交換券(2023) X 1
`*激走！川中島24時 ぐだぐだ超五稜郭 殺しのサインはM51
開幕記念 ログインボーナス*
*開催期間中、1日1回 最大21回ログインボーナスをプレゼント！*
`白銀の果実 X 1
`_2023-12-14 19:40:02_
--------
*dcf734638b8334ef199302253a06e093*
`登陆天数: 104天 / 1360天
等级: 125
石头: 743
呼符: 13
体力: 34668.69666666666 / 137
友情点: 0 / 1065050`
*連続ログイン6日目
※ログインが途切れるか、7日到達すると
1日目から再開されます*
`聖晶石 X 2
12月交換券(2023) X 1
`*激走！川中島24時 ぐだぐだ超五稜郭 殺しのサインはM51
開幕記念 ログインボーナス*
*開催期間中、1日1回 最大21回ログインボーナスをプレゼント！*
`白銀の果実 X 1
`_2023-12-14 19:40:11_
--------
*47f309e11f595c830d1447d77b47d8a0*
`登陆天数: 104天 / 1456天
等级: 126
石头: 910
呼符: 12
体力: 32623.77666666667 / 137
友情点: 210 / 1001120`
*連続ログイン6日目
※ログインが途切れるか、7日到達すると
1日目から再開されます*
`聖晶石 X 2
12月交換券(2023) X 1
`*激走！川中島24時 ぐだぐだ超五稜郭 殺しのサインはM51
開幕記念 ログインボーナス*
*開催期間中、1日1回 最大21回ログインボーナスをプレゼント！*
`白銀の果実 X 1
`_2023-12-14 19:40:19_
--------
*a602c44e0f8456741b30f0caf4753a39*
`登陆天数: 120天 / 1389天
等级: 143
石头: 241
呼符: 21
体力: 8707.89 / 141
友情点: 190 / 222190`
*連続ログイン1日目
※ログインが途切れるか、7日到達すると
1日目から再開されます*
`フレンドポイント X 2000
12月交換券(2023) X 1
`*激走！川中島24時 ぐだぐだ超五稜郭 殺しのサインはM51
開幕記念 ログインボーナス*
*開催期間中、1日1回 最大21回ログインボーナスをプレゼント！*
`白銀の果実 X 1
`_2023-12-14 19:40:27_
--------
