【登录信息】
*b5e6a05282bde158c1ffe9d4d9788373*
`登陆天数: 105天 / 1388天
等级: 125
石头: 899
呼符: 15
体力: 66332.83666666667 / 137
友情点: 0 / 1174815`
*連続ログイン7日間到達おめでとうございます！
明日は1日目からリスタートされます。*
`獣の足跡 X 1
呼符 X 1
12月交換券(2023) X 1
`*激走！川中島24時 ぐだぐだ超五稜郭 殺しのサインはM51
開幕記念 ログインボーナス*
*開催期間中、1日1回 最大21回ログインボーナスをプレゼント！*
`白銀の果実 X 1
`_2023-12-15 19:38:20_
--------
*eb20c8954ecb148daacdac59c3a0b2e8*
`登陆天数: 105天 / 1371天
等级: 125
石头: 905
呼符: 49
体力: 38062.15 / 137
友情点: 0 / 1176045`
*連続ログイン7日間到達おめでとうございます！
明日は1日目からリスタートされます。*
`獣の足跡 X 1
呼符 X 1
12月交換券(2023) X 1
`*激走！川中島24時 ぐだぐだ超五稜郭 殺しのサインはM51
開幕記念 ログインボーナス*
*開催期間中、1日1回 最大21回ログインボーナスをプレゼント！*
`白銀の果実 X 1
`_2023-12-15 19:38:29_
--------
*620476f0f61795fd355f2a9e3fb24e54*
`登陆天数: 105天 / 1438天
等级: 125
石头: 544
呼符: 15
体力: 67038.82333333333 / 137
友情点: 0 / 1171295`
*連続ログイン7日間到達おめでとうございます！
明日は1日目からリスタートされます。*
`獣の足跡 X 1
呼符 X 1
12月交換券(2023) X 1
`*激走！川中島24時 ぐだぐだ超五稜郭 殺しのサインはM51
開幕記念 ログインボーナス*
*開催期間中、1日1回 最大21回ログインボーナスをプレゼント！*
`白銀の果実 X 1
`_2023-12-15 19:38:38_
--------
*8a4af26995de6f135fbb0fdafa2e0424*
`登陆天数: 105天 / 1416天
等级: 125
石头: 657
呼符: 37
体力: 66755.08333333333 / 137
友情点: 0 / 1160525`
*連続ログイン7日間到達おめでとうございます！
明日は1日目からリスタートされます。*
`獣の足跡 X 1
呼符 X 1
12月交換券(2023) X 1
`*激走！川中島24時 ぐだぐだ超五稜郭 殺しのサインはM51
開幕記念 ログインボーナス*
*開催期間中、1日1回 最大21回ログインボーナスをプレゼント！*
`白銀の果実 X 1
`_2023-12-15 19:38:47_
--------
*69a508b93367b043329d175aca01015e*
`登陆天数: 105天 / 1254天
等级: 125
石头: 826
呼符: 45
体力: 109891.09333333334 / 137
友情点: 0 / 925575`
*連続ログイン7日間到達おめでとうございます！
明日は1日目からリスタートされます。*
`獣の足跡 X 1
呼符 X 1
12月交換券(2023) X 1
`*激走！川中島24時 ぐだぐだ超五稜郭 殺しのサインはM51
開幕記念 ログインボーナス*
*開催期間中、1日1回 最大21回ログインボーナスをプレゼント！*
`白銀の果実 X 1
`_2023-12-15 19:38:56_
--------
*05c7889868efad05a84b961c94cc9b2c*
`登陆天数: 105天 / 1469天
等级: 125
石头: 1164
呼符: 36
体力: 78977.11333333333 / 137
友情点: 0 / 1118815`
*連続ログイン7日間到達おめでとうございます！
明日は1日目からリスタートされます。*
`獣の足跡 X 1
呼符 X 1
12月交換券(2023) X 1
`*激走！川中島24時 ぐだぐだ超五稜郭 殺しのサインはM51
開幕記念 ログインボーナス*
*開催期間中、1日1回 最大21回ログインボーナスをプレゼント！*
`白銀の果実 X 1
`_2023-12-15 19:39:04_
--------
*41c8ea3cfa831059a6c57fddf5a2e62d*
`登陆天数: 105天 / 1423天
等级: 125
石头: 228
呼符: 9
体力: 58379.35333333333 / 137
友情点: 0 / 727875`
*連続ログイン7日間到達おめでとうございます！
明日は1日目からリスタートされます。*
`獣の足跡 X 1
呼符 X 1
12月交換券(2023) X 1
`*激走！川中島24時 ぐだぐだ超五稜郭 殺しのサインはM51
開幕記念 ログインボーナス*
*開催期間中、1日1回 最大21回ログインボーナスをプレゼント！*
`白銀の果実 X 1
`_2023-12-15 19:39:12_
--------
*790b887791ca4de4345ea61d5bd657e4*
`登陆天数: 105天 / 1424天
等级: 125
石头: 319
呼符: 51
体力: 66330.27666666667 / 137
友情点: 0 / 883305`
*連続ログイン7日間到達おめでとうございます！
明日は1日目からリスタートされます。*
`獣の足跡 X 1
呼符 X 1
12月交換券(2023) X 1
`*激走！川中島24時 ぐだぐだ超五稜郭 殺しのサインはM51
開幕記念 ログインボーナス*
*開催期間中、1日1回 最大21回ログインボーナスをプレゼント！*
`白銀の果実 X 1
`_2023-12-15 19:39:21_
--------
*82f6295e189793da0ef43b4029c85eca*
`登陆天数: 105天 / 1475天
等级: 126
石头: 253
呼符: 13
体力: 31033.86 / 137
友情点: 120 / 405710`
*連続ログイン7日間到達おめでとうございます！
明日は1日目からリスタートされます。*
`獣の足跡 X 1
呼符 X 1
12月交換券(2023) X 1
`*激走！川中島24時 ぐだぐだ超五稜郭 殺しのサインはM51
開幕記念 ログインボーナス*
*開催期間中、1日1回 最大21回ログインボーナスをプレゼント！*
`白銀の果実 X 1
`_2023-12-15 19:39:34_
--------
*47f309e11f595c830d1447d77b47d8a0*
`登陆天数: 105天 / 1439天
等级: 126
石头: 247
呼符: 13
体力: 34462.13333333333 / 137
友情点: 90 / 1153475`
*連続ログイン7日間到達おめでとうございます！
明日は1日目からリスタートされます。*
`獣の足跡 X 1
呼符 X 1
12月交換券(2023) X 1
`*激走！川中島24時 ぐだぐだ超五稜郭 殺しのサインはM51
開幕記念 ログインボーナス*
*開催期間中、1日1回 最大21回ログインボーナスをプレゼント！*
`白銀の果実 X 1
`_2023-12-15 19:39:46_
--------
*7686ae2a105ec6cc5551581fc7487546*
`登陆天数: 105天 / 1481天
等级: 127
石头: 260
呼符: 15
体力: 68903.82 / 137
友情点: 0 / 1169410`
*連続ログイン7日間到達おめでとうございます！
明日は1日目からリスタートされます。*
`獣の足跡 X 1
呼符 X 1
12月交換券(2023) X 1
`*激走！川中島24時 ぐだぐだ超五稜郭 殺しのサインはM51
開幕記念 ログインボーナス*
*開催期間中、1日1回 最大21回ログインボーナスをプレゼント！*
`白銀の果実 X 1
`_2023-12-15 19:39:54_
--------
*dcf734638b8334ef199302253a06e093*
`登陆天数: 105天 / 1361天
等级: 125
石头: 743
呼符: 13
体力: 34956.666666666664 / 137
友情点: 0 / 1065050`
*連続ログイン7日間到達おめでとうございます！
明日は1日目からリスタートされます。*
`獣の足跡 X 1
呼符 X 1
12月交換券(2023) X 1
`*激走！川中島24時 ぐだぐだ超五稜郭 殺しのサインはM51
開幕記念 ログインボーナス*
*開催期間中、1日1回 最大21回ログインボーナスをプレゼント！*
`白銀の果実 X 1
`_2023-12-15 19:40:02_
--------
*47f309e11f595c830d1447d77b47d8a0*
`登陆天数: 105天 / 1457天
等级: 126
石头: 910
呼符: 12
体力: 32911.75 / 137
友情点: 170 / 1001290`
*連続ログイン7日間到達おめでとうございます！
明日は1日目からリスタートされます。*
`獣の足跡 X 1
呼符 X 1
12月交換券(2023) X 1
`*激走！川中島24時 ぐだぐだ超五稜郭 殺しのサインはM51
開幕記念 ログインボーナス*
*開催期間中、1日1回 最大21回ログインボーナスをプレゼント！*
`白銀の果実 X 1
`_2023-12-15 19:40:11_
--------
*a602c44e0f8456741b30f0caf4753a39*
`登陆天数: 121天 / 1390天
等级: 143
石头: 241
呼符: 21
体力: 8995.86 / 141
友情点: 150 / 222340`
*連続ログイン2日目
※ログインが途切れるか、7日到達すると
1日目から再開されます*
`聖晶石 X 1
12月交換券(2023) X 1
`*激走！川中島24時 ぐだぐだ超五稜郭 殺しのサインはM51
開幕記念 ログインボーナス*
*開催期間中、1日1回 最大21回ログインボーナスをプレゼント！*
`白銀の果実 X 1
`_2023-12-15 19:40:19_
--------
