【登录信息】
*b5e6a05282bde158c1ffe9d4d9788373*
`登陆天数: 106天 / 1389天
等级: 125
石头: 899
呼符: 15
体力: 66620.85333333333 / 137
友情点: 0 / 1174815`
*連続ログイン1日目
※ログインが途切れるか、7日到達すると
1日目から再開されます*
`フレンドポイント X 2000
12月交換券(2023) X 1
`*激走！川中島24時 ぐだぐだ超五稜郭 殺しのサインはM51
開幕記念 ログインボーナス*
*開催期間中、1日1回 最大21回ログインボーナスをプレゼント！*
`白銀の果実 X 1
`_2023-12-16 19:38:25_
--------
*eb20c8954ecb148daacdac59c3a0b2e8*
`登陆天数: 106天 / 1372天
等级: 125
石头: 905
呼符: 49
体力: 38350.166666666664 / 137
友情点: 0 / 1176045`
*連続ログイン1日目
※ログインが途切れるか、7日到達すると
1日目から再開されます*
`フレンドポイント X 2000
12月交換券(2023) X 1
`*激走！川中島24時 ぐだぐだ超五稜郭 殺しのサインはM51
開幕記念 ログインボーナス*
*開催期間中、1日1回 最大21回ログインボーナスをプレゼント！*
`白銀の果実 X 1
`_2023-12-16 19:38:35_
--------
*620476f0f61795fd355f2a9e3fb24e54*
`登陆天数: 106天 / 1439天
等级: 125
石头: 544
呼符: 15
体力: 67326.84333333334 / 137
友情点: 0 / 1171295`
*連続ログイン1日目
※ログインが途切れるか、7日到達すると
1日目から再開されます*
`フレンドポイント X 2000
12月交換券(2023) X 1
`*激走！川中島24時 ぐだぐだ超五稜郭 殺しのサインはM51
開幕記念 ログインボーナス*
*開催期間中、1日1回 最大21回ログインボーナスをプレゼント！*
`白銀の果実 X 1
`_2023-12-16 19:38:44_
--------
*8a4af26995de6f135fbb0fdafa2e0424*
`登陆天数: 106天 / 1417天
等级: 125
石头: 657
呼符: 37
体力: 67043.10666666667 / 137
友情点: 0 / 1160525`
*連続ログイン1日目
※ログインが途切れるか、7日到達すると
1日目から再開されます*
`フレンドポイント X 2000
12月交換券(2023) X 1
`*激走！川中島24時 ぐだぐだ超五稜郭 殺しのサインはM51
開幕記念 ログインボーナス*
*開催期間中、1日1回 最大21回ログインボーナスをプレゼント！*
`白銀の果実 X 1
`_2023-12-16 19:38:53_
--------
*69a508b93367b043329d175aca01015e*
`登陆天数: 106天 / 1255天
等级: 125
石头: 826
呼符: 45
体力: 110179.11666666667 / 137
友情点: 0 / 925575`
*連続ログイン1日目
※ログインが途切れるか、7日到達すると
1日目から再開されます*
`フレンドポイント X 2000
12月交換券(2023) X 1
`*激走！川中島24時 ぐだぐだ超五稜郭 殺しのサインはM51
開幕記念 ログインボーナス*
*開催期間中、1日1回 最大21回ログインボーナスをプレゼント！*
`白銀の果実 X 1
`_2023-12-16 19:39:03_
--------
*05c7889868efad05a84b961c94cc9b2c*
`登陆天数: 106天 / 1470天
等级: 125
石头: 1164
呼符: 36
体力: 79265.14 / 137
友情点: 0 / 1118815`
*連続ログイン1日目
※ログインが途切れるか、7日到達すると
1日目から再開されます*
`フレンドポイント X 2000
12月交換券(2023) X 1
`*激走！川中島24時 ぐだぐだ超五稜郭 殺しのサインはM51
開幕記念 ログインボーナス*
*開催期間中、1日1回 最大21回ログインボーナスをプレゼント！*
`白銀の果実 X 1
`_2023-12-16 19:39:12_
--------
*41c8ea3cfa831059a6c57fddf5a2e62d*
`登陆天数: 106天 / 1424天
等级: 125
石头: 228
呼符: 9
体力: 58667.38 / 137
友情点: 0 / 727875`
*連続ログイン1日目
※ログインが途切れるか、7日到達すると
1日目から再開されます*
`フレンドポイント X 2000
12月交換券(2023) X 1
`*激走！川中島24時 ぐだぐだ超五稜郭 殺しのサインはM51
開幕記念 ログインボーナス*
*開催期間中、1日1回 最大21回ログインボーナスをプレゼント！*
`白銀の果実 X 1
`_2023-12-16 19:39:21_
--------
*790b887791ca4de4345ea61d5bd657e4*
`登陆天数: 106天 / 1425天
等级: 125
石头: 319
呼符: 51
体力: 66618.30666666667 / 137
友情点: 0 / 883305`
*連続ログイン1日目
※ログインが途切れるか、7日到達すると
1日目から再開されます*
`フレンドポイント X 2000
12月交換券(2023) X 1
`*激走！川中島24時 ぐだぐだ超五稜郭 殺しのサインはM51
開幕記念 ログインボーナス*
*開催期間中、1日1回 最大21回ログインボーナスをプレゼント！*
`白銀の果実 X 1
`_2023-12-16 19:39:30_
--------
*82f6295e189793da0ef43b4029c85eca*
`登陆天数: 106天 / 1476天
等级: 126
石头: 253
呼符: 13
体力: 31321.89 / 137
友情点: 290 / 406600`
*連続ログイン1日目
※ログインが途切れるか、7日到達すると
1日目から再開されます*
`フレンドポイント X 2000
12月交換券(2023) X 1
`*激走！川中島24時 ぐだぐだ超五稜郭 殺しのサインはM51
開幕記念 ログインボーナス*
*開催期間中、1日1回 最大21回ログインボーナスをプレゼント！*
`白銀の果実 X 1
`_2023-12-16 19:39:43_
--------
*47f309e11f595c830d1447d77b47d8a0*
`登陆天数: 106天 / 1440天
等级: 126
石头: 247
呼符: 13
体力: 34750.166666666664 / 137
友情点: 180 / 1153655`
*連続ログイン1日目
※ログインが途切れるか、7日到達すると
1日目から再開されます*
`フレンドポイント X 2000
12月交換券(2023) X 1
`*激走！川中島24時 ぐだぐだ超五稜郭 殺しのサインはM51
開幕記念 ログインボーナス*
*開催期間中、1日1回 最大21回ログインボーナスをプレゼント！*
`白銀の果実 X 1
`_2023-12-16 19:39:56_
--------
*7686ae2a105ec6cc5551581fc7487546*
`登陆天数: 106天 / 1482天
等级: 127
石头: 260
呼符: 15
体力: 69191.85333333333 / 137
友情点: 0 / 1169410`
*連続ログイン1日目
※ログインが途切れるか、7日到達すると
1日目から再開されます*
`フレンドポイント X 2000
12月交換券(2023) X 1
`*激走！川中島24時 ぐだぐだ超五稜郭 殺しのサインはM51
開幕記念 ログインボーナス*
*開催期間中、1日1回 最大21回ログインボーナスをプレゼント！*
`白銀の果実 X 1
`_2023-12-16 19:40:04_
--------
*dcf734638b8334ef199302253a06e093*
`登陆天数: 106天 / 1362天
等级: 125
石头: 743
呼符: 13
体力: 35244.70333333333 / 137
友情点: 0 / 1065050`
*連続ログイン1日目
※ログインが途切れるか、7日到達すると
1日目から再開されます*
`フレンドポイント X 2000
12月交換券(2023) X 1
`*激走！川中島24時 ぐだぐだ超五稜郭 殺しのサインはM51
開幕記念 ログインボーナス*
*開催期間中、1日1回 最大21回ログインボーナスをプレゼント！*
`白銀の果実 X 1
`_2023-12-16 19:40:13_
--------
*47f309e11f595c830d1447d77b47d8a0*
`登陆天数: 106天 / 1458天
等级: 126
石头: 910
呼符: 12
体力: 33199.78333333333 / 137
友情点: 130 / 1001420`
*連続ログイン1日目
※ログインが途切れるか、7日到達すると
1日目から再開されます*
`フレンドポイント X 2000
12月交換券(2023) X 1
`*激走！川中島24時 ぐだぐだ超五稜郭 殺しのサインはM51
開幕記念 ログインボーナス*
*開催期間中、1日1回 最大21回ログインボーナスをプレゼント！*
`白銀の果実 X 1
`_2023-12-16 19:40:21_
--------
*a602c44e0f8456741b30f0caf4753a39*
`登陆天数: 122天 / 1391天
等级: 143
石头: 241
呼符: 21
体力: 9283.896666666667 / 141
友情点: 470 / 222810`
*連続ログイン3日目
※ログインが途切れるか、7日到達すると
1日目から再開されます*
`叡智の業火 X 1
12月交換券(2023) X 1
`*激走！川中島24時 ぐだぐだ超五稜郭 殺しのサインはM51
開幕記念 ログインボーナス*
*開催期間中、1日1回 最大21回ログインボーナスをプレゼント！*
`白銀の果実 X 1
`_2023-12-16 19:40:30_
--------
