【登录信息】
*b5e6a05282bde158c1ffe9d4d9788373*
`登陆天数: 107天 / 1390天
等级: 125
石头: 899
呼符: 15
体力: 66908.86666666667 / 137
友情点: 0 / 1174815`
*連続ログイン2日目
※ログインが途切れるか、7日到達すると
1日目から再開されます*
`聖晶石 X 1
12月交換券(2023) X 1
`*激走！川中島24時 ぐだぐだ超五稜郭 殺しのサインはM51
開幕記念 ログインボーナス*
*開催期間中、1日1回 最大21回ログインボーナスをプレゼント！*
`白銀の果実 X 1
`_2023-12-17 19:38:29_
--------
*eb20c8954ecb148daacdac59c3a0b2e8*
`登陆天数: 107天 / 1373天
等级: 125
石头: 905
呼符: 49
体力: 38638.18 / 137
友情点: 0 / 1176045`
*連続ログイン2日目
※ログインが途切れるか、7日到達すると
1日目から再開されます*
`聖晶石 X 1
12月交換券(2023) X 1
`*激走！川中島24時 ぐだぐだ超五稜郭 殺しのサインはM51
開幕記念 ログインボーナス*
*開催期間中、1日1回 最大21回ログインボーナスをプレゼント！*
`白銀の果実 X 1
`_2023-12-17 19:38:38_
--------
*620476f0f61795fd355f2a9e3fb24e54*
`登陆天数: 107天 / 1440天
等级: 125
石头: 544
呼符: 15
体力: 67614.85333333333 / 137
友情点: 0 / 1171295`
*連続ログイン2日目
※ログインが途切れるか、7日到達すると
1日目から再開されます*
`聖晶石 X 1
12月交換券(2023) X 1
`*激走！川中島24時 ぐだぐだ超五稜郭 殺しのサインはM51
開幕記念 ログインボーナス*
*開催期間中、1日1回 最大21回ログインボーナスをプレゼント！*
`白銀の果実 X 1
`_2023-12-17 19:38:47_
--------
*8a4af26995de6f135fbb0fdafa2e0424*
`登陆天数: 107天 / 1418天
等级: 125
石头: 657
呼符: 37
体力: 67331.11666666667 / 137
友情点: 0 / 1160525`
*連続ログイン2日目
※ログインが途切れるか、7日到達すると
1日目から再開されます*
`聖晶石 X 1
12月交換券(2023) X 1
`*激走！川中島24時 ぐだぐだ超五稜郭 殺しのサインはM51
開幕記念 ログインボーナス*
*開催期間中、1日1回 最大21回ログインボーナスをプレゼント！*
`白銀の果実 X 1
`_2023-12-17 19:38:57_
--------
*69a508b93367b043329d175aca01015e*
`登陆天数: 107天 / 1256天
等级: 125
石头: 927
呼符: 49
体力: 110467.12666666666 / 137
友情点: 0 / 933575`
*連続ログイン2日目
※ログインが途切れるか、7日到達すると
1日目から再開されます*
`聖晶石 X 1
12月交換券(2023) X 1
`*激走！川中島24時 ぐだぐだ超五稜郭 殺しのサインはM51
開幕記念 ログインボーナス*
*開催期間中、1日1回 最大21回ログインボーナスをプレゼント！*
`白銀の果実 X 1
`_2023-12-17 19:39:06_
--------
*05c7889868efad05a84b961c94cc9b2c*
`登陆天数: 107天 / 1471天
等级: 125
石头: 1164
呼符: 36
体力: 79553.15 / 137
友情点: 0 / 1118815`
*連続ログイン2日目
※ログインが途切れるか、7日到達すると
1日目から再開されます*
`聖晶石 X 1
12月交換券(2023) X 1
`*激走！川中島24時 ぐだぐだ超五稜郭 殺しのサインはM51
開幕記念 ログインボーナス*
*開催期間中、1日1回 最大21回ログインボーナスをプレゼント！*
`白銀の果実 X 1
`_2023-12-17 19:39:15_
--------
*41c8ea3cfa831059a6c57fddf5a2e62d*
`登陆天数: 107天 / 1425天
等级: 125
石头: 228
呼符: 9
体力: 58955.39 / 137
友情点: 0 / 727875`
*連続ログイン2日目
※ログインが途切れるか、7日到達すると
1日目から再開されます*
`聖晶石 X 1
12月交換券(2023) X 1
`*激走！川中島24時 ぐだぐだ超五稜郭 殺しのサインはM51
開幕記念 ログインボーナス*
*開催期間中、1日1回 最大21回ログインボーナスをプレゼント！*
`白銀の果実 X 1
`_2023-12-17 19:39:23_
--------
*790b887791ca4de4345ea61d5bd657e4*
`登陆天数: 107天 / 1426天
等级: 125
石头: 319
呼符: 51
体力: 66906.31333333334 / 137
友情点: 0 / 883305`
*連続ログイン2日目
※ログインが途切れるか、7日到達すると
1日目から再開されます*
`聖晶石 X 1
12月交換券(2023) X 1
`*激走！川中島24時 ぐだぐだ超五稜郭 殺しのサインはM51
開幕記念 ログインボーナス*
*開催期間中、1日1回 最大21回ログインボーナスをプレゼント！*
`白銀の果実 X 1
`_2023-12-17 19:39:32_
--------
*82f6295e189793da0ef43b4029c85eca*
`登陆天数: 107天 / 1477天
等级: 126
石头: 253
呼符: 13
体力: 31609.896666666667 / 137
友情点: 320 / 406920`
*連続ログイン2日目
※ログインが途切れるか、7日到達すると
1日目から再開されます*
`聖晶石 X 1
12月交換券(2023) X 1
`*激走！川中島24時 ぐだぐだ超五稜郭 殺しのサインはM51
開幕記念 ログインボーナス*
*開催期間中、1日1回 最大21回ログインボーナスをプレゼント！*
`白銀の果実 X 1
`_2023-12-17 19:39:45_
--------
*47f309e11f595c830d1447d77b47d8a0*
`登陆天数: 107天 / 1441天
等级: 126
石头: 247
呼符: 13
体力: 35038.17 / 137
友情点: 280 / 1153945`
*連続ログイン2日目
※ログインが途切れるか、7日到達すると
1日目から再開されます*
`聖晶石 X 1
12月交換券(2023) X 1
`*激走！川中島24時 ぐだぐだ超五稜郭 殺しのサインはM51
開幕記念 ログインボーナス*
*開催期間中、1日1回 最大21回ログインボーナスをプレゼント！*
`白銀の果実 X 1
`_2023-12-17 19:39:57_
--------
*7686ae2a105ec6cc5551581fc7487546*
`登陆天数: 107天 / 1483天
等级: 127
石头: 260
呼符: 15
体力: 69479.85666666667 / 137
友情点: 0 / 1169410`
*連続ログイン2日目
※ログインが途切れるか、7日到達すると
1日目から再開されます*
`聖晶石 X 1
12月交換券(2023) X 1
`*激走！川中島24時 ぐだぐだ超五稜郭 殺しのサインはM51
開幕記念 ログインボーナス*
*開催期間中、1日1回 最大21回ログインボーナスをプレゼント！*
`白銀の果実 X 1
`_2023-12-17 19:40:05_
--------
*dcf734638b8334ef199302253a06e093*
`登陆天数: 107天 / 1363天
等级: 125
石头: 743
呼符: 13
体力: 35532.706666666665 / 137
友情点: 0 / 1065050`
*連続ログイン2日目
※ログインが途切れるか、7日到達すると
1日目から再開されます*
`聖晶石 X 1
12月交換券(2023) X 1
`*激走！川中島24時 ぐだぐだ超五稜郭 殺しのサインはM51
開幕記念 ログインボーナス*
*開催期間中、1日1回 最大21回ログインボーナスをプレゼント！*
`白銀の果実 X 1
`_2023-12-17 19:40:14_
--------
*47f309e11f595c830d1447d77b47d8a0*
`登陆天数: 107天 / 1459天
等级: 126
石头: 910
呼符: 12
体力: 33487.79 / 137
友情点: 310 / 1001730`
*連続ログイン2日目
※ログインが途切れるか、7日到達すると
1日目から再開されます*
`聖晶石 X 1
12月交換券(2023) X 1
`*激走！川中島24時 ぐだぐだ超五稜郭 殺しのサインはM51
開幕記念 ログインボーナス*
*開催期間中、1日1回 最大21回ログインボーナスをプレゼント！*
`白銀の果実 X 1
`_2023-12-17 19:40:23_
--------
*a602c44e0f8456741b30f0caf4753a39*
`登陆天数: 123天 / 1392天
等级: 143
石头: 327
呼符: 26
体力: 260.36 / 141
友情点: 185 / 234295`
*連続ログイン4日目
※ログインが途切れるか、7日到達すると
1日目から再開されます*
`聖晶石 X 1
12月交換券(2023) X 1
`*激走！川中島24時 ぐだぐだ超五稜郭 殺しのサインはM51
開幕記念 ログインボーナス*
*開催期間中、1日1回 最大21回ログインボーナスをプレゼント！*
`白銀の果実 X 1
`_2023-12-17 19:40:31_
--------
