【登录信息】
*b5e6a05282bde158c1ffe9d4d9788373*
`登陆天数: 108天 / 1391天
等级: 125
石头: 899
呼符: 15
体力: 67196.87333333334 / 137
友情点: 0 / 1174815`
*連続ログイン3日目
※ログインが途切れるか、7日到達すると
1日目から再開されます*
`叡智の業火 X 1
12月交換券(2023) X 1
`*激走！川中島24時 ぐだぐだ超五稜郭 殺しのサインはM51
開幕記念 ログインボーナス*
*開催期間中、1日1回 最大21回ログインボーナスをプレゼント！*
`白銀の果実 X 1
`_2023-12-18 19:38:32_
--------
*eb20c8954ecb148daacdac59c3a0b2e8*
`登陆天数: 108天 / 1374天
等级: 125
石头: 905
呼符: 49
体力: 38926.18666666667 / 137
友情点: 0 / 1176045`
*連続ログイン3日目
※ログインが途切れるか、7日到達すると
1日目から再開されます*
`叡智の業火 X 1
12月交換券(2023) X 1
`*激走！川中島24時 ぐだぐだ超五稜郭 殺しのサインはM51
開幕記念 ログインボーナス*
*開催期間中、1日1回 最大21回ログインボーナスをプレゼント！*
`白銀の果実 X 1
`_2023-12-18 19:38:41_
--------
*620476f0f61795fd355f2a9e3fb24e54*
`登陆天数: 108天 / 1441天
等级: 125
石头: 544
呼符: 15
体力: 67902.86333333333 / 137
友情点: 0 / 1171295`
*連続ログイン3日目
※ログインが途切れるか、7日到達すると
1日目から再開されます*
`叡智の業火 X 1
12月交換券(2023) X 1
`*激走！川中島24時 ぐだぐだ超五稜郭 殺しのサインはM51
開幕記念 ログインボーナス*
*開催期間中、1日1回 最大21回ログインボーナスをプレゼント！*
`白銀の果実 X 1
`_2023-12-18 19:38:49_
--------
*8a4af26995de6f135fbb0fdafa2e0424*
`登陆天数: 108天 / 1419天
等级: 125
石头: 657
呼符: 37
体力: 67619.12333333334 / 137
友情点: 0 / 1160525`
*連続ログイン3日目
※ログインが途切れるか、7日到達すると
1日目から再開されます*
`叡智の業火 X 1
12月交換券(2023) X 1
`*激走！川中島24時 ぐだぐだ超五稜郭 殺しのサインはM51
開幕記念 ログインボーナス*
*開催期間中、1日1回 最大21回ログインボーナスをプレゼント！*
`白銀の果実 X 1
`_2023-12-18 19:38:59_
--------
*69a508b93367b043329d175aca01015e*
`登陆天数: 108天 / 1257天
等级: 125
石头: 927
呼符: 49
体力: 110755.13333333333 / 137
友情点: 0 / 933575`
*連続ログイン3日目
※ログインが途切れるか、7日到達すると
1日目から再開されます*
`叡智の業火 X 1
12月交換券(2023) X 1
`*激走！川中島24時 ぐだぐだ超五稜郭 殺しのサインはM51
開幕記念 ログインボーナス*
*開催期間中、1日1回 最大21回ログインボーナスをプレゼント！*
`白銀の果実 X 1
`_2023-12-18 19:39:08_
--------
*05c7889868efad05a84b961c94cc9b2c*
`登陆天数: 108天 / 1472天
等级: 125
石头: 1164
呼符: 36
体力: 79841.15333333334 / 137
友情点: 0 / 1118815`
*連続ログイン3日目
※ログインが途切れるか、7日到達すると
1日目から再開されます*
`叡智の業火 X 1
12月交換券(2023) X 1
`*激走！川中島24時 ぐだぐだ超五稜郭 殺しのサインはM51
開幕記念 ログインボーナス*
*開催期間中、1日1回 最大21回ログインボーナスをプレゼント！*
`白銀の果実 X 1
`_2023-12-18 19:39:16_
--------
*41c8ea3cfa831059a6c57fddf5a2e62d*
`登陆天数: 108天 / 1426天
等级: 125
石头: 228
呼符: 9
体力: 59243.39333333333 / 137
友情点: 0 / 727875`
*連続ログイン3日目
※ログインが途切れるか、7日到達すると
1日目から再開されます*
`叡智の業火 X 1
12月交換券(2023) X 1
`*激走！川中島24時 ぐだぐだ超五稜郭 殺しのサインはM51
開幕記念 ログインボーナス*
*開催期間中、1日1回 最大21回ログインボーナスをプレゼント！*
`白銀の果実 X 1
`_2023-12-18 19:39:24_
--------
*790b887791ca4de4345ea61d5bd657e4*
`登陆天数: 108天 / 1427天
等级: 125
石头: 319
呼符: 51
体力: 67194.31666666667 / 137
友情点: 0 / 883305`
*連続ログイン3日目
※ログインが途切れるか、7日到達すると
1日目から再開されます*
`叡智の業火 X 1
12月交換券(2023) X 1
`*激走！川中島24時 ぐだぐだ超五稜郭 殺しのサインはM51
開幕記念 ログインボーナス*
*開催期間中、1日1回 最大21回ログインボーナスをプレゼント！*
`白銀の果実 X 1
`_2023-12-18 19:39:34_
--------
*82f6295e189793da0ef43b4029c85eca*
`登陆天数: 108天 / 1478天
等级: 126
石头: 253
呼符: 13
体力: 31897.903333333332 / 137
友情点: 140 / 407060`
*連続ログイン3日目
※ログインが途切れるか、7日到達すると
1日目から再開されます*
`叡智の業火 X 1
12月交換券(2023) X 1
`*激走！川中島24時 ぐだぐだ超五稜郭 殺しのサインはM51
開幕記念 ログインボーナス*
*開催期間中、1日1回 最大21回ログインボーナスをプレゼント！*
`白銀の果実 X 1
`_2023-12-18 19:39:46_
--------
*47f309e11f595c830d1447d77b47d8a0*
`登陆天数: 108天 / 1442天
等级: 126
石头: 247
呼符: 13
体力: 35326.176666666666 / 137
友情点: 140 / 1154085`
*連続ログイン3日目
※ログインが途切れるか、7日到達すると
1日目から再開されます*
`叡智の業火 X 1
12月交換券(2023) X 1
`*激走！川中島24時 ぐだぐだ超五稜郭 殺しのサインはM51
開幕記念 ログインボーナス*
*開催期間中、1日1回 最大21回ログインボーナスをプレゼント！*
`白銀の果実 X 1
`_2023-12-18 19:39:59_
--------
*7686ae2a105ec6cc5551581fc7487546*
`登陆天数: 108天 / 1484天
等级: 127
石头: 260
呼符: 15
体力: 69767.86666666667 / 137
友情点: 0 / 1169410`
*連続ログイン3日目
※ログインが途切れるか、7日到達すると
1日目から再開されます*
`叡智の業火 X 1
12月交換券(2023) X 1
`*激走！川中島24時 ぐだぐだ超五稜郭 殺しのサインはM51
開幕記念 ログインボーナス*
*開催期間中、1日1回 最大21回ログインボーナスをプレゼント！*
`白銀の果実 X 1
`_2023-12-18 19:40:08_
--------
*dcf734638b8334ef199302253a06e093*
`登陆天数: 108天 / 1364天
等级: 125
石头: 743
呼符: 13
体力: 35820.71666666667 / 137
友情点: 0 / 1065050`
*連続ログイン3日目
※ログインが途切れるか、7日到達すると
1日目から再開されます*
`叡智の業火 X 1
12月交換券(2023) X 1
`*激走！川中島24時 ぐだぐだ超五稜郭 殺しのサインはM51
開幕記念 ログインボーナス*
*開催期間中、1日1回 最大21回ログインボーナスをプレゼント！*
`白銀の果実 X 1
`_2023-12-18 19:40:16_
--------
*47f309e11f595c830d1447d77b47d8a0*
`登陆天数: 108天 / 1460天
等级: 126
石头: 910
呼符: 12
体力: 33775.79666666667 / 137
友情点: 180 / 1001910`
*連続ログイン3日目
※ログインが途切れるか、7日到達すると
1日目から再開されます*
`叡智の業火 X 1
12月交換券(2023) X 1
`*激走！川中島24時 ぐだぐだ超五稜郭 殺しのサインはM51
開幕記念 ログインボーナス*
*開催期間中、1日1回 最大21回ログインボーナスをプレゼント！*
`白銀の果実 X 1
`_2023-12-18 19:40:25_
--------
*a602c44e0f8456741b30f0caf4753a39*
`登陆天数: 124天 / 1393天
等级: 143
石头: 328
呼符: 27
体力: 79.75666666666666 / 141
友情点: 30 / 234830`
*連続ログイン5日目
※ログインが途切れるか、7日到達すると
1日目から再開されます*
`叡智の業火 X 2
12月交換券(2023) X 1
`*激走！川中島24時 ぐだぐだ超五稜郭 殺しのサインはM51
開幕記念 ログインボーナス*
*開催期間中、1日1回 最大21回ログインボーナスをプレゼント！*
`白銀の果実 X 1
`_2023-12-18 19:40:33_
--------
