【登录信息】
*b5e6a05282bde158c1ffe9d4d9788373*
`登陆天数: 109天 / 1392天
等级: 125
石头: 899
呼符: 15
体力: 67484.83 / 137
友情点: 0 / 1174815`
*連続ログイン4日目
※ログインが途切れるか、7日到達すると
1日目から再開されます*
`聖晶石 X 1
12月交換券(2023) X 1
`_2023-12-19 19:38:19_
--------
*eb20c8954ecb148daacdac59c3a0b2e8*
`登陆天数: 109天 / 1375天
等级: 125
石头: 905
呼符: 49
体力: 39214.14 / 137
友情点: 0 / 1176045`
*連続ログイン4日目
※ログインが途切れるか、7日到達すると
1日目から再開されます*
`聖晶石 X 1
12月交換券(2023) X 1
`_2023-12-19 19:38:27_
--------
*620476f0f61795fd355f2a9e3fb24e54*
`登陆天数: 109天 / 1442天
等级: 125
石头: 544
呼符: 15
体力: 68190.81333333334 / 137
友情点: 0 / 1171295`
*連続ログイン4日目
※ログインが途切れるか、7日到達すると
1日目から再開されます*
`聖晶石 X 1
12月交換券(2023) X 1
`_2023-12-19 19:38:36_
--------
*8a4af26995de6f135fbb0fdafa2e0424*
`登陆天数: 109天 / 1420天
等级: 125
石头: 657
呼符: 37
体力: 67907.07333333333 / 137
友情点: 0 / 1160525`
*連続ログイン4日目
※ログインが途切れるか、7日到達すると
1日目から再開されます*
`聖晶石 X 1
12月交換券(2023) X 1
`_2023-12-19 19:38:44_
--------
*69a508b93367b043329d175aca01015e*
`登陆天数: 109天 / 1258天
等级: 125
石头: 927
呼符: 49
体力: 111043.08 / 137
友情点: 0 / 933575`
*連続ログイン4日目
※ログインが途切れるか、7日到達すると
1日目から再開されます*
`聖晶石 X 1
12月交換券(2023) X 1
`_2023-12-19 19:38:53_
--------
*05c7889868efad05a84b961c94cc9b2c*
`登陆天数: 109天 / 1473天
等级: 125
石头: 1164
呼符: 36
体力: 80129.1 / 137
友情点: 0 / 1118815`
*連続ログイン4日目
※ログインが途切れるか、7日到達すると
1日目から再開されます*
`聖晶石 X 1
12月交換券(2023) X 1
`_2023-12-19 19:39:01_
--------
*41c8ea3cfa831059a6c57fddf5a2e62d*
`登陆天数: 109天 / 1427天
等级: 125
石头: 228
呼符: 9
体力: 59531.34 / 137
友情点: 0 / 727875`
*連続ログイン4日目
※ログインが途切れるか、7日到達すると
1日目から再開されます*
`聖晶石 X 1
12月交換券(2023) X 1
`_2023-12-19 19:39:09_
--------
*790b887791ca4de4345ea61d5bd657e4*
`登陆天数: 109天 / 1428天
等级: 125
石头: 319
呼符: 51
体力: 67482.26 / 137
友情点: 0 / 883305`
*連続ログイン4日目
※ログインが途切れるか、7日到達すると
1日目から再開されます*
`聖晶石 X 1
12月交換券(2023) X 1
`_2023-12-19 19:39:17_
--------
*82f6295e189793da0ef43b4029c85eca*
`登陆天数: 109天 / 1479天
等级: 126
石头: 253
呼符: 13
体力: 32185.843333333334 / 137
友情点: 160 / 407220`
*連続ログイン4日目
※ログインが途切れるか、7日到達すると
1日目から再開されます*
`聖晶石 X 1
12月交換券(2023) X 1
`_2023-12-19 19:39:29_
--------
*47f309e11f595c830d1447d77b47d8a0*
`登陆天数: 109天 / 1443天
等级: 126
石头: 247
呼符: 13
体力: 35614.113333333335 / 137
友情点: 100 / 1154185`
*連続ログイン4日目
※ログインが途切れるか、7日到達すると
1日目から再開されます*
`聖晶石 X 1
12月交換券(2023) X 1
`_2023-12-19 19:39:41_
--------
*7686ae2a105ec6cc5551581fc7487546*
`登陆天数: 109天 / 1485天
等级: 127
石头: 260
呼符: 15
体力: 70055.8 / 137
友情点: 0 / 1169410`
*連続ログイン4日目
※ログインが途切れるか、7日到達すると
1日目から再開されます*
`聖晶石 X 1
12月交換券(2023) X 1
`_2023-12-19 19:39:49_
--------
*dcf734638b8334ef199302253a06e093*
`登陆天数: 109天 / 1365天
等级: 125
石头: 743
呼符: 13
体力: 36108.65 / 137
友情点: 0 / 1065050`
*連続ログイン4日目
※ログインが途切れるか、7日到達すると
1日目から再開されます*
`聖晶石 X 1
12月交換券(2023) X 1
`_2023-12-19 19:39:57_
--------
*47f309e11f595c830d1447d77b47d8a0*
`登陆天数: 109天 / 1461天
等级: 126
石头: 910
呼符: 12
体力: 34063.73 / 137
友情点: 200 / 1002120`
*連続ログイン4日目
※ログインが途切れるか、7日到達すると
1日目から再開されます*
`聖晶石 X 1
12月交換券(2023) X 1
`_2023-12-19 19:40:05_
--------
*a602c44e0f8456741b30f0caf4753a39*
`登陆天数: 125天 / 1394天
等级: 143
石头: 337
呼符: 29
体力: 217.61333333333334 / 141
友情点: 30 / 237770`
*連続ログイン6日目
※ログインが途切れるか、7日到達すると
1日目から再開されます*
`聖晶石 X 2
12月交換券(2023) X 1
`_2023-12-19 19:40:13_
--------
