【登录信息】
*b5e6a05282bde158c1ffe9d4d9788373*
`登陆天数: 111天 / 1394天
等级: 125
石头: 899
呼符: 15
体力: 68060.89333333333 / 137
友情点: 0 / 1174815`
*連続ログイン6日目
※ログインが途切れるか、7日到達すると
1日目から再開されます*
`聖晶石 X 2
12月交換券(2023) X 1
`*雪原のメリー・クリスマス2023 ～7days / 8years Snow Carol～開幕記念 ログインボーナス*
*開催期間中、1日1回 最大10回ログインボーナスをプレゼント！*
`白銀の果実 X 1
`_2023-12-21 19:38:37_
--------
*eb20c8954ecb148daacdac59c3a0b2e8*
`登陆天数: 111天 / 1377天
等级: 125
石头: 905
呼符: 49
体力: 39790.20333333333 / 137
友情点: 0 / 1176045`
*連続ログイン6日目
※ログインが途切れるか、7日到達すると
1日目から再開されます*
`聖晶石 X 2
12月交換券(2023) X 1
`*雪原のメリー・クリスマス2023 ～7days / 8years Snow Carol～開幕記念 ログインボーナス*
*開催期間中、1日1回 最大10回ログインボーナスをプレゼント！*
`白銀の果実 X 1
`_2023-12-21 19:38:46_
--------
*620476f0f61795fd355f2a9e3fb24e54*
`登陆天数: 111天 / 1444天
等级: 125
石头: 544
呼符: 15
体力: 68766.87333333334 / 137
友情点: 0 / 1171295`
*連続ログイン6日目
※ログインが途切れるか、7日到達すると
1日目から再開されます*
`聖晶石 X 2
12月交換券(2023) X 1
`*雪原のメリー・クリスマス2023 ～7days / 8years Snow Carol～開幕記念 ログインボーナス*
*開催期間中、1日1回 最大10回ログインボーナスをプレゼント！*
`白銀の果実 X 1
`_2023-12-21 19:38:54_
--------
*8a4af26995de6f135fbb0fdafa2e0424*
`登陆天数: 111天 / 1422天
等级: 125
石头: 657
呼符: 37
体力: 68483.13666666667 / 137
友情点: 0 / 1160525`
*連続ログイン6日目
※ログインが途切れるか、7日到達すると
1日目から再開されます*
`聖晶石 X 2
12月交換券(2023) X 1
`*雪原のメリー・クリスマス2023 ～7days / 8years Snow Carol～開幕記念 ログインボーナス*
*開催期間中、1日1回 最大10回ログインボーナスをプレゼント！*
`白銀の果実 X 1
`_2023-12-21 19:39:03_
--------
*69a508b93367b043329d175aca01015e*
`登陆天数: 111天 / 1260天
等级: 125
石头: 927
呼符: 49
体力: 111619.14333333333 / 137
友情点: 0 / 933575`
*連続ログイン6日目
※ログインが途切れるか、7日到達すると
1日目から再開されます*
`聖晶石 X 2
12月交換券(2023) X 1
`*雪原のメリー・クリスマス2023 ～7days / 8years Snow Carol～開幕記念 ログインボーナス*
*開催期間中、1日1回 最大10回ログインボーナスをプレゼント！*
`白銀の果実 X 1
`_2023-12-21 19:39:11_
--------
*05c7889868efad05a84b961c94cc9b2c*
`登陆天数: 111天 / 1475天
等级: 125
石头: 1164
呼符: 36
体力: 80705.16333333333 / 137
友情点: 0 / 1118815`
*連続ログイン6日目
※ログインが途切れるか、7日到達すると
1日目から再開されます*
`聖晶石 X 2
12月交換券(2023) X 1
`*雪原のメリー・クリスマス2023 ～7days / 8years Snow Carol～開幕記念 ログインボーナス*
*開催期間中、1日1回 最大10回ログインボーナスをプレゼント！*
`白銀の果実 X 1
`_2023-12-21 19:39:20_
--------
*41c8ea3cfa831059a6c57fddf5a2e62d*
`登陆天数: 111天 / 1429天
等级: 125
石头: 228
呼符: 9
体力: 60107.403333333335 / 137
友情点: 0 / 727875`
*連続ログイン6日目
※ログインが途切れるか、7日到達すると
1日目から再開されます*
`聖晶石 X 2
12月交換券(2023) X 1
`*雪原のメリー・クリスマス2023 ～7days / 8years Snow Carol～開幕記念 ログインボーナス*
*開催期間中、1日1回 最大10回ログインボーナスをプレゼント！*
`白銀の果実 X 1
`_2023-12-21 19:39:28_
--------
*790b887791ca4de4345ea61d5bd657e4*
`登陆天数: 111天 / 1430天
等级: 125
石头: 319
呼符: 51
体力: 68058.32666666666 / 137
友情点: 0 / 883305`
*連続ログイン6日目
※ログインが途切れるか、7日到達すると
1日目から再開されます*
`聖晶石 X 2
12月交換券(2023) X 1
`*雪原のメリー・クリスマス2023 ～7days / 8years Snow Carol～開幕記念 ログインボーナス*
*開催期間中、1日1回 最大10回ログインボーナスをプレゼント！*
`白銀の果実 X 1
`_2023-12-21 19:39:37_
--------
*82f6295e189793da0ef43b4029c85eca*
`登陆天数: 111天 / 1481天
等级: 126
石头: 253
呼符: 13
体力: 32761.91 / 137
友情点: 220 / 407540`
*連続ログイン6日目
※ログインが途切れるか、7日到達すると
1日目から再開されます*
`聖晶石 X 2
12月交換券(2023) X 1
`*雪原のメリー・クリスマス2023 ～7days / 8years Snow Carol～開幕記念 ログインボーナス*
*開催期間中、1日1回 最大10回ログインボーナスをプレゼント！*
`白銀の果実 X 1
`_2023-12-21 19:39:49_
--------
*47f309e11f595c830d1447d77b47d8a0*
`登陆天数: 111天 / 1445天
等级: 126
石头: 247
呼符: 13
体力: 36190.183333333334 / 137
友情点: 250 / 1154485`
*連続ログイン6日目
※ログインが途切れるか、7日到達すると
1日目から再開されます*
`聖晶石 X 2
12月交換券(2023) X 1
`*雪原のメリー・クリスマス2023 ～7days / 8years Snow Carol～開幕記念 ログインボーナス*
*開催期間中、1日1回 最大10回ログインボーナスをプレゼント！*
`白銀の果実 X 1
`_2023-12-21 19:40:01_
--------
*7686ae2a105ec6cc5551581fc7487546*
`登陆天数: 111天 / 1487天
等级: 127
石头: 260
呼符: 15
体力: 70631.87 / 137
友情点: 0 / 1169410`
*連続ログイン6日目
※ログインが途切れるか、7日到達すると
1日目から再開されます*
`聖晶石 X 2
12月交換券(2023) X 1
`*雪原のメリー・クリスマス2023 ～7days / 8years Snow Carol～開幕記念 ログインボーナス*
*開催期間中、1日1回 最大10回ログインボーナスをプレゼント！*
`白銀の果実 X 1
`_2023-12-21 19:40:09_
--------
*dcf734638b8334ef199302253a06e093*
`登陆天数: 111天 / 1367天
等级: 125
石头: 743
呼符: 13
体力: 36684.71666666667 / 137
友情点: 0 / 1065050`
*連続ログイン6日目
※ログインが途切れるか、7日到達すると
1日目から再開されます*
`聖晶石 X 2
12月交換券(2023) X 1
`*雪原のメリー・クリスマス2023 ～7days / 8years Snow Carol～開幕記念 ログインボーナス*
*開催期間中、1日1回 最大10回ログインボーナスをプレゼント！*
`白銀の果実 X 1
`_2023-12-21 19:40:17_
--------
*47f309e11f595c830d1447d77b47d8a0*
`登陆天数: 111天 / 1463天
等级: 126
石头: 910
呼符: 12
体力: 34639.79666666667 / 137
友情点: 210 / 1002410`
*連続ログイン6日目
※ログインが途切れるか、7日到達すると
1日目から再開されます*
`聖晶石 X 2
12月交換券(2023) X 1
`*雪原のメリー・クリスマス2023 ～7days / 8years Snow Carol～開幕記念 ログインボーナス*
*開催期間中、1日1回 最大10回ログインボーナスをプレゼント！*
`白銀の果実 X 1
`_2023-12-21 19:40:25_
--------
*a602c44e0f8456741b30f0caf4753a39*
`登陆天数: 127天 / 1396天
等级: 143
石头: 337
呼符: 29
体力: 793.6833333333333 / 141
友情点: 240 / 238345`
*連続ログイン1日目
※ログインが途切れるか、7日到達すると
1日目から再開されます*
`フレンドポイント X 2000
12月交換券(2023) X 1
`*雪原のメリー・クリスマス2023 ～7days / 8years Snow Carol～開幕記念 ログインボーナス*
*開催期間中、1日1回 最大10回ログインボーナスをプレゼント！*
`白銀の果実 X 1
`_2023-12-21 19:40:33_
--------
