【登录信息】
*b5e6a05282bde158c1ffe9d4d9788373*
`登陆天数: 113天 / 1396天
等级: 125
石头: 899
呼符: 15
体力: 68636.86 / 137
友情点: 0 / 1174815`
*連続ログイン1日目
※ログインが途切れるか、7日到達すると
1日目から再開されます*
`フレンドポイント X 2000
12月交換券(2023) X 1
`*雪原のメリー・クリスマス2023 ～7days / 8years Snow Carol～開幕記念 ログインボーナス*
*開催期間中、1日1回 最大10回ログインボーナスをプレゼント！*
`白銀の果実 X 1
`_2023-12-23 19:38:27_
--------
*eb20c8954ecb148daacdac59c3a0b2e8*
`登陆天数: 113天 / 1379天
等级: 125
石头: 905
呼符: 49
体力: 40366.17 / 137
友情点: 0 / 1176045`
*連続ログイン1日目
※ログインが途切れるか、7日到達すると
1日目から再開されます*
`フレンドポイント X 2000
12月交換券(2023) X 1
`*雪原のメリー・クリスマス2023 ～7days / 8years Snow Carol～開幕記念 ログインボーナス*
*開催期間中、1日1回 最大10回ログインボーナスをプレゼント！*
`白銀の果実 X 1
`_2023-12-23 19:38:36_
--------
*620476f0f61795fd355f2a9e3fb24e54*
`登陆天数: 113天 / 1446天
等级: 125
石头: 544
呼符: 15
体力: 69342.84333333334 / 137
友情点: 0 / 1171295`
*連続ログイン1日目
※ログインが途切れるか、7日到達すると
1日目から再開されます*
`フレンドポイント X 2000
12月交換券(2023) X 1
`*雪原のメリー・クリスマス2023 ～7days / 8years Snow Carol～開幕記念 ログインボーナス*
*開催期間中、1日1回 最大10回ログインボーナスをプレゼント！*
`白銀の果実 X 1
`_2023-12-23 19:38:44_
--------
*8a4af26995de6f135fbb0fdafa2e0424*
`登陆天数: 113天 / 1424天
等级: 125
石头: 657
呼符: 37
体力: 69059.10333333333 / 137
友情点: 0 / 1160525`
*連続ログイン1日目
※ログインが途切れるか、7日到達すると
1日目から再開されます*
`フレンドポイント X 2000
12月交換券(2023) X 1
`*雪原のメリー・クリスマス2023 ～7days / 8years Snow Carol～開幕記念 ログインボーナス*
*開催期間中、1日1回 最大10回ログインボーナスをプレゼント！*
`白銀の果実 X 1
`_2023-12-23 19:38:53_
--------
*69a508b93367b043329d175aca01015e*
`登陆天数: 113天 / 1262天
等级: 125
石头: 927
呼符: 49
体力: 112195.11333333333 / 137
友情点: 0 / 933575`
*連続ログイン1日目
※ログインが途切れるか、7日到達すると
1日目から再開されます*
`フレンドポイント X 2000
12月交換券(2023) X 1
`*雪原のメリー・クリスマス2023 ～7days / 8years Snow Carol～開幕記念 ログインボーナス*
*開催期間中、1日1回 最大10回ログインボーナスをプレゼント！*
`白銀の果実 X 1
`_2023-12-23 19:39:02_
--------
*05c7889868efad05a84b961c94cc9b2c*
`登陆天数: 113天 / 1477天
等级: 125
石头: 1164
呼符: 36
体力: 81281.13333333333 / 137
友情点: 0 / 1118815`
*連続ログイン1日目
※ログインが途切れるか、7日到達すると
1日目から再開されます*
`フレンドポイント X 2000
12月交換券(2023) X 1
`*雪原のメリー・クリスマス2023 ～7days / 8years Snow Carol～開幕記念 ログインボーナス*
*開催期間中、1日1回 最大10回ログインボーナスをプレゼント！*
`白銀の果実 X 1
`_2023-12-23 19:39:10_
--------
*41c8ea3cfa831059a6c57fddf5a2e62d*
`登陆天数: 113天 / 1431天
等级: 125
石头: 228
呼符: 9
体力: 60683.37 / 137
友情点: 0 / 727875`
*連続ログイン1日目
※ログインが途切れるか、7日到達すると
1日目から再開されます*
`フレンドポイント X 2000
12月交換券(2023) X 1
`*雪原のメリー・クリスマス2023 ～7days / 8years Snow Carol～開幕記念 ログインボーナス*
*開催期間中、1日1回 最大10回ログインボーナスをプレゼント！*
`白銀の果実 X 1
`_2023-12-23 19:39:18_
--------
*790b887791ca4de4345ea61d5bd657e4*
`登陆天数: 113天 / 1432天
等级: 125
石头: 319
呼符: 51
体力: 68634.29333333333 / 137
友情点: 0 / 883305`
*連続ログイン1日目
※ログインが途切れるか、7日到達すると
1日目から再開されます*
`フレンドポイント X 2000
12月交換券(2023) X 1
`*雪原のメリー・クリスマス2023 ～7days / 8years Snow Carol～開幕記念 ログインボーナス*
*開催期間中、1日1回 最大10回ログインボーナスをプレゼント！*
`白銀の果実 X 1
`_2023-12-23 19:39:27_
--------
*82f6295e189793da0ef43b4029c85eca*
`登陆天数: 113天 / 1483天
等级: 126
石头: 253
呼符: 13
体力: 33337.87666666666 / 137
友情点: 70 / 407810`
*連続ログイン1日目
※ログインが途切れるか、7日到達すると
1日目から再開されます*
`フレンドポイント X 2000
12月交換券(2023) X 1
`*雪原のメリー・クリスマス2023 ～7days / 8years Snow Carol～開幕記念 ログインボーナス*
*開催期間中、1日1回 最大10回ログインボーナスをプレゼント！*
`白銀の果実 X 1
`_2023-12-23 19:39:39_
--------
*47f309e11f595c830d1447d77b47d8a0*
`登陆天数: 113天 / 1447天
等级: 126
石头: 247
呼符: 13
体力: 36766.14666666667 / 137
友情点: 60 / 1154735`
*連続ログイン1日目
※ログインが途切れるか、7日到達すると
1日目から再開されます*
`フレンドポイント X 2000
12月交換券(2023) X 1
`*雪原のメリー・クリスマス2023 ～7days / 8years Snow Carol～開幕記念 ログインボーナス*
*開催期間中、1日1回 最大10回ログインボーナスをプレゼント！*
`白銀の果実 X 1
`_2023-12-23 19:39:51_
--------
*7686ae2a105ec6cc5551581fc7487546*
`登陆天数: 113天 / 1489天
等级: 127
石头: 260
呼符: 15
体力: 71207.83666666667 / 137
友情点: 0 / 1169410`
*連続ログイン1日目
※ログインが途切れるか、7日到達すると
1日目から再開されます*
`フレンドポイント X 2000
12月交換券(2023) X 1
`*雪原のメリー・クリスマス2023 ～7days / 8years Snow Carol～開幕記念 ログインボーナス*
*開催期間中、1日1回 最大10回ログインボーナスをプレゼント！*
`白銀の果実 X 1
`_2023-12-23 19:39:59_
--------
*dcf734638b8334ef199302253a06e093*
`登陆天数: 113天 / 1369天
等级: 125
石头: 743
呼符: 13
体力: 37260.683333333334 / 137
友情点: 0 / 1065050`
*連続ログイン1日目
※ログインが途切れるか、7日到達すると
1日目から再開されます*
`フレンドポイント X 2000
12月交換券(2023) X 1
`*雪原のメリー・クリスマス2023 ～7days / 8years Snow Carol～開幕記念 ログインボーナス*
*開催期間中、1日1回 最大10回ログインボーナスをプレゼント！*
`白銀の果実 X 1
`_2023-12-23 19:40:07_
--------
*47f309e11f595c830d1447d77b47d8a0*
`登陆天数: 113天 / 1465天
等级: 126
石头: 910
呼符: 12
体力: 35215.763333333336 / 137
友情点: 40 / 1002690`
*連続ログイン1日目
※ログインが途切れるか、7日到達すると
1日目から再開されます*
`フレンドポイント X 2000
12月交換券(2023) X 1
`*雪原のメリー・クリスマス2023 ～7days / 8years Snow Carol～開幕記念 ログインボーナス*
*開催期間中、1日1回 最大10回ログインボーナスをプレゼント！*
`白銀の果実 X 1
`_2023-12-23 19:40:15_
--------
*a602c44e0f8456741b30f0caf4753a39*
`登陆天数: 129天 / 1398天
等级: 143
石头: 337
呼符: 29
体力: 1369.6466666666668 / 141
友情点: 50 / 238505`
*連続ログイン3日目
※ログインが途切れるか、7日到達すると
1日目から再開されます*
`叡智の業火 X 1
12月交換券(2023) X 1
`*雪原のメリー・クリスマス2023 ～7days / 8years Snow Carol～開幕記念 ログインボーナス*
*開催期間中、1日1回 最大10回ログインボーナスをプレゼント！*
`白銀の果実 X 1
`_2023-12-23 19:40:23_
--------
