【登录信息】
*b5e6a05282bde158c1ffe9d4d9788373*
`登陆天数: 114天 / 1397天
等级: 125
石头: 899
呼符: 15
体力: 68924.85 / 137
友情点: 0 / 1174815`
*連続ログイン2日目
※ログインが途切れるか、7日到達すると
1日目から再開されます*
`聖晶石 X 1
12月交換券(2023) X 1
`*ネモ〔サンタ〕からのクリスマスプレゼント*
*開催期間中、初回ログインで「聖晶石×10」をプレゼント！*
`聖晶石 X 10
`_2023-12-24 19:38:25_
--------
*eb20c8954ecb148daacdac59c3a0b2e8*
`登陆天数: 114天 / 1380天
等级: 125
石头: 905
呼符: 49
体力: 40654.16333333333 / 137
友情点: 0 / 1176045`
*連続ログイン2日目
※ログインが途切れるか、7日到達すると
1日目から再開されます*
`聖晶石 X 1
12月交換券(2023) X 1
`*ネモ〔サンタ〕からのクリスマスプレゼント*
*開催期間中、初回ログインで「聖晶石×10」をプレゼント！*
`聖晶石 X 10
`_2023-12-24 19:38:34_
--------
*620476f0f61795fd355f2a9e3fb24e54*
`登陆天数: 114天 / 1447天
等级: 125
石头: 544
呼符: 15
体力: 69630.83666666667 / 137
友情点: 0 / 1171295`
*連続ログイン2日目
※ログインが途切れるか、7日到達すると
1日目から再開されます*
`聖晶石 X 1
12月交換券(2023) X 1
`*ネモ〔サンタ〕からのクリスマスプレゼント*
*開催期間中、初回ログインで「聖晶石×10」をプレゼント！*
`聖晶石 X 10
`_2023-12-24 19:38:42_
--------
*8a4af26995de6f135fbb0fdafa2e0424*
`登陆天数: 114天 / 1425天
等级: 125
石头: 657
呼符: 37
体力: 69347.09666666666 / 137
友情点: 0 / 1160525`
*連続ログイン2日目
※ログインが途切れるか、7日到達すると
1日目から再開されます*
`聖晶石 X 1
12月交換券(2023) X 1
`*ネモ〔サンタ〕からのクリスマスプレゼント*
*開催期間中、初回ログインで「聖晶石×10」をプレゼント！*
`聖晶石 X 10
`_2023-12-24 19:38:51_
--------
*69a508b93367b043329d175aca01015e*
`登陆天数: 114天 / 1263天
等级: 125
石头: 927
呼符: 49
体力: 112483.10333333333 / 137
友情点: 0 / 933575`
*連続ログイン2日目
※ログインが途切れるか、7日到達すると
1日目から再開されます*
`聖晶石 X 1
12月交換券(2023) X 1
`*ネモ〔サンタ〕からのクリスマスプレゼント*
*開催期間中、初回ログインで「聖晶石×10」をプレゼント！*
`聖晶石 X 10
`_2023-12-24 19:38:59_
--------
*05c7889868efad05a84b961c94cc9b2c*
`登陆天数: 114天 / 1478天
等级: 125
石头: 1164
呼符: 36
体力: 81569.12333333334 / 137
友情点: 0 / 1118815`
*連続ログイン2日目
※ログインが途切れるか、7日到達すると
1日目から再開されます*
`聖晶石 X 1
12月交換券(2023) X 1
`*ネモ〔サンタ〕からのクリスマスプレゼント*
*開催期間中、初回ログインで「聖晶石×10」をプレゼント！*
`聖晶石 X 10
`_2023-12-24 19:39:08_
--------
*41c8ea3cfa831059a6c57fddf5a2e62d*
`登陆天数: 114天 / 1432天
等级: 125
石头: 228
呼符: 9
体力: 60971.363333333335 / 137
友情点: 0 / 727875`
*連続ログイン2日目
※ログインが途切れるか、7日到達すると
1日目から再開されます*
`聖晶石 X 1
12月交換券(2023) X 1
`*ネモ〔サンタ〕からのクリスマスプレゼント*
*開催期間中、初回ログインで「聖晶石×10」をプレゼント！*
`聖晶石 X 10
`_2023-12-24 19:39:16_
--------
*790b887791ca4de4345ea61d5bd657e4*
`登陆天数: 114天 / 1433天
等级: 125
石头: 319
呼符: 51
体力: 68922.28666666667 / 137
友情点: 0 / 883305`
*連続ログイン2日目
※ログインが途切れるか、7日到達すると
1日目から再開されます*
`聖晶石 X 1
12月交換券(2023) X 1
`*ネモ〔サンタ〕からのクリスマスプレゼント*
*開催期間中、初回ログインで「聖晶石×10」をプレゼント！*
`聖晶石 X 10
`_2023-12-24 19:39:25_
--------
*82f6295e189793da0ef43b4029c85eca*
`登陆天数: 114天 / 1484天
等级: 126
石头: 253
呼符: 13
体力: 33625.87 / 137
友情点: 180 / 407990`
*連続ログイン2日目
※ログインが途切れるか、7日到達すると
1日目から再開されます*
`聖晶石 X 1
12月交換券(2023) X 1
`*ネモ〔サンタ〕からのクリスマスプレゼント*
*開催期間中、初回ログインで「聖晶石×10」をプレゼント！*
`聖晶石 X 10
`_2023-12-24 19:39:37_
--------
*47f309e11f595c830d1447d77b47d8a0*
`登陆天数: 114天 / 1448天
等级: 126
石头: 247
呼符: 13
体力: 37054.14333333333 / 137
友情点: 170 / 1154905`
*連続ログイン2日目
※ログインが途切れるか、7日到達すると
1日目から再開されます*
`聖晶石 X 1
12月交換券(2023) X 1
`*ネモ〔サンタ〕からのクリスマスプレゼント*
*開催期間中、初回ログインで「聖晶石×10」をプレゼント！*
`聖晶石 X 10
`_2023-12-24 19:39:49_
--------
*7686ae2a105ec6cc5551581fc7487546*
`登陆天数: 114天 / 1490天
等级: 127
石头: 260
呼符: 15
体力: 71495.83 / 137
友情点: 0 / 1169410`
*連続ログイン2日目
※ログインが途切れるか、7日到達すると
1日目から再開されます*
`聖晶石 X 1
12月交換券(2023) X 1
`*ネモ〔サンタ〕からのクリスマスプレゼント*
*開催期間中、初回ログインで「聖晶石×10」をプレゼント！*
`聖晶石 X 10
`_2023-12-24 19:39:57_
--------
*dcf734638b8334ef199302253a06e093*
`登陆天数: 114天 / 1370天
等级: 125
石头: 743
呼符: 13
体力: 37548.68 / 137
友情点: 0 / 1065050`
*連続ログイン2日目
※ログインが途切れるか、7日到達すると
1日目から再開されます*
`聖晶石 X 1
12月交換券(2023) X 1
`*ネモ〔サンタ〕からのクリスマスプレゼント*
*開催期間中、初回ログインで「聖晶石×10」をプレゼント！*
`聖晶石 X 10
`_2023-12-24 19:40:05_
--------
*47f309e11f595c830d1447d77b47d8a0*
`登陆天数: 114天 / 1466天
等级: 126
石头: 910
呼符: 12
体力: 35503.76 / 137
友情点: 120 / 1002810`
*連続ログイン2日目
※ログインが途切れるか、7日到達すると
1日目から再開されます*
`聖晶石 X 1
12月交換券(2023) X 1
`*ネモ〔サンタ〕からのクリスマスプレゼント*
*開催期間中、初回ログインで「聖晶石×10」をプレゼント！*
`聖晶石 X 10
`_2023-12-24 19:40:14_
--------
*a602c44e0f8456741b30f0caf4753a39*
`登陆天数: 130天 / 1399天
等级: 143
石头: 337
呼符: 29
体力: 1657.6433333333334 / 141
友情点: 225 / 238730`
*連続ログイン4日目
※ログインが途切れるか、7日到達すると
1日目から再開されます*
`聖晶石 X 1
12月交換券(2023) X 1
`*ネモ〔サンタ〕からのクリスマスプレゼント*
*開催期間中、初回ログインで「聖晶石×10」をプレゼント！*
`聖晶石 X 10
`_2023-12-24 19:40:22_
--------
