【登录信息】
*b5e6a05282bde158c1ffe9d4d9788373*
`登陆天数: 115天 / 1398天
等级: 125
石头: 899
呼符: 15
体力: 69212.83666666667 / 137
友情点: 0 / 1174815`
*連続ログイン3日目
※ログインが途切れるか、7日到達すると
1日目から再開されます*
`叡智の業火 X 1
12月交換券(2023) X 1
`*雪原のメリー・クリスマス2023 ～7days / 8years Snow Carol～開幕記念 ログインボーナス*
*開催期間中、1日1回 最大10回ログインボーナスをプレゼント！*
`白銀の果実 X 1
`_2023-12-25 19:38:21_
--------
*eb20c8954ecb148daacdac59c3a0b2e8*
`登陆天数: 115天 / 1381天
等级: 125
石头: 905
呼符: 49
体力: 40942.15 / 137
友情点: 0 / 1176045`
*連続ログイン3日目
※ログインが途切れるか、7日到達すると
1日目から再開されます*
`叡智の業火 X 1
12月交換券(2023) X 1
`*雪原のメリー・クリスマス2023 ～7days / 8years Snow Carol～開幕記念 ログインボーナス*
*開催期間中、1日1回 最大10回ログインボーナスをプレゼント！*
`白銀の果実 X 1
`_2023-12-25 19:38:30_
--------
*620476f0f61795fd355f2a9e3fb24e54*
`登陆天数: 115天 / 1448天
等级: 125
石头: 544
呼符: 15
体力: 69918.82333333333 / 137
友情点: 0 / 1171295`
*連続ログイン3日目
※ログインが途切れるか、7日到達すると
1日目から再開されます*
`叡智の業火 X 1
12月交換券(2023) X 1
`*雪原のメリー・クリスマス2023 ～7days / 8years Snow Carol～開幕記念 ログインボーナス*
*開催期間中、1日1回 最大10回ログインボーナスをプレゼント！*
`白銀の果実 X 1
`_2023-12-25 19:38:39_
--------
*8a4af26995de6f135fbb0fdafa2e0424*
`登陆天数: 115天 / 1426天
等级: 125
石头: 657
呼符: 37
体力: 69635.08666666667 / 137
友情点: 0 / 1160525`
*連続ログイン3日目
※ログインが途切れるか、7日到達すると
1日目から再開されます*
`叡智の業火 X 1
12月交換券(2023) X 1
`*雪原のメリー・クリスマス2023 ～7days / 8years Snow Carol～開幕記念 ログインボーナス*
*開催期間中、1日1回 最大10回ログインボーナスをプレゼント！*
`白銀の果実 X 1
`_2023-12-25 19:38:48_
--------
*69a508b93367b043329d175aca01015e*
`登陆天数: 115天 / 1264天
等级: 125
石头: 927
呼符: 49
体力: 112771.09666666666 / 137
友情点: 0 / 933575`
*連続ログイン3日目
※ログインが途切れるか、7日到達すると
1日目から再開されます*
`叡智の業火 X 1
12月交換券(2023) X 1
`*雪原のメリー・クリスマス2023 ～7days / 8years Snow Carol～開幕記念 ログインボーナス*
*開催期間中、1日1回 最大10回ログインボーナスをプレゼント！*
`白銀の果実 X 1
`_2023-12-25 19:38:56_
--------
*05c7889868efad05a84b961c94cc9b2c*
`登陆天数: 115天 / 1479天
等级: 125
石头: 1164
呼符: 36
体力: 81857.11666666667 / 137
友情点: 0 / 1118815`
*連続ログイン3日目
※ログインが途切れるか、7日到達すると
1日目から再開されます*
`叡智の業火 X 1
12月交換券(2023) X 1
`*雪原のメリー・クリスマス2023 ～7days / 8years Snow Carol～開幕記念 ログインボーナス*
*開催期間中、1日1回 最大10回ログインボーナスをプレゼント！*
`白銀の果実 X 1
`_2023-12-25 19:39:05_
--------
*41c8ea3cfa831059a6c57fddf5a2e62d*
`登陆天数: 115天 / 1433天
等级: 125
石头: 228
呼符: 9
体力: 61259.35666666667 / 137
友情点: 0 / 727875`
*連続ログイン3日目
※ログインが途切れるか、7日到達すると
1日目から再開されます*
`叡智の業火 X 1
12月交換券(2023) X 1
`*雪原のメリー・クリスマス2023 ～7days / 8years Snow Carol～開幕記念 ログインボーナス*
*開催期間中、1日1回 最大10回ログインボーナスをプレゼント！*
`白銀の果実 X 1
`_2023-12-25 19:39:14_
--------
*790b887791ca4de4345ea61d5bd657e4*
`登陆天数: 115天 / 1434天
等级: 125
石头: 319
呼符: 51
体力: 69210.28 / 137
友情点: 0 / 883305`
*連続ログイン3日目
※ログインが途切れるか、7日到達すると
1日目から再開されます*
`叡智の業火 X 1
12月交換券(2023) X 1
`*雪原のメリー・クリスマス2023 ～7days / 8years Snow Carol～開幕記念 ログインボーナス*
*開催期間中、1日1回 最大10回ログインボーナスをプレゼント！*
`白銀の果実 X 1
`_2023-12-25 19:39:23_
--------
*82f6295e189793da0ef43b4029c85eca*
`登陆天数: 115天 / 1485天
等级: 126
石头: 253
呼符: 13
体力: 33913.863333333335 / 137
友情点: 200 / 408190`
*連続ログイン3日目
※ログインが途切れるか、7日到達すると
1日目から再開されます*
`叡智の業火 X 1
12月交換券(2023) X 1
`*雪原のメリー・クリスマス2023 ～7days / 8years Snow Carol～開幕記念 ログインボーナス*
*開催期間中、1日1回 最大10回ログインボーナスをプレゼント！*
`白銀の果実 X 1
`_2023-12-25 19:39:35_
--------
*47f309e11f595c830d1447d77b47d8a0*
`登陆天数: 115天 / 1449天
等级: 126
石头: 247
呼符: 13
体力: 37342.14 / 137
友情点: 100 / 1155005`
*連続ログイン3日目
※ログインが途切れるか、7日到達すると
1日目から再開されます*
`叡智の業火 X 1
12月交換券(2023) X 1
`*雪原のメリー・クリスマス2023 ～7days / 8years Snow Carol～開幕記念 ログインボーナス*
*開催期間中、1日1回 最大10回ログインボーナスをプレゼント！*
`白銀の果実 X 1
`_2023-12-25 19:39:48_
--------
*7686ae2a105ec6cc5551581fc7487546*
`登陆天数: 115天 / 1491天
等级: 127
石头: 260
呼符: 15
体力: 71783.82666666666 / 137
友情点: 0 / 1169410`
*連続ログイン3日目
※ログインが途切れるか、7日到達すると
1日目から再開されます*
`叡智の業火 X 1
12月交換券(2023) X 1
`*雪原のメリー・クリスマス2023 ～7days / 8years Snow Carol～開幕記念 ログインボーナス*
*開催期間中、1日1回 最大10回ログインボーナスをプレゼント！*
`白銀の果実 X 1
`_2023-12-25 19:39:56_
--------
*dcf734638b8334ef199302253a06e093*
`登陆天数: 115天 / 1371天
等级: 125
石头: 743
呼符: 13
体力: 37836.676666666666 / 137
友情点: 0 / 1065050`
*連続ログイン3日目
※ログインが途切れるか、7日到達すると
1日目から再開されます*
`叡智の業火 X 1
12月交換券(2023) X 1
`*雪原のメリー・クリスマス2023 ～7days / 8years Snow Carol～開幕記念 ログインボーナス*
*開催期間中、1日1回 最大10回ログインボーナスをプレゼント！*
`白銀の果実 X 1
`_2023-12-25 19:40:04_
--------
*47f309e11f595c830d1447d77b47d8a0*
`登陆天数: 115天 / 1467天
等级: 126
石头: 910
呼符: 12
体力: 35791.75666666667 / 137
友情点: 200 / 1003010`
*連続ログイン3日目
※ログインが途切れるか、7日到達すると
1日目から再開されます*
`叡智の業火 X 1
12月交換券(2023) X 1
`*雪原のメリー・クリスマス2023 ～7days / 8years Snow Carol～開幕記念 ログインボーナス*
*開催期間中、1日1回 最大10回ログインボーナスをプレゼント！*
`白銀の果実 X 1
`_2023-12-25 19:40:13_
--------
*a602c44e0f8456741b30f0caf4753a39*
`登陆天数: 131天 / 1400天
等级: 143
石头: 337
呼符: 29
体力: 1945.6466666666668 / 141
友情点: 220 / 238950`
*連続ログイン5日目
※ログインが途切れるか、7日到達すると
1日目から再開されます*
`叡智の業火 X 2
12月交換券(2023) X 1
`*雪原のメリー・クリスマス2023 ～7days / 8years Snow Carol～開幕記念 ログインボーナス*
*開催期間中、1日1回 最大10回ログインボーナスをプレゼント！*
`白銀の果実 X 1
`_2023-12-25 19:40:22_
--------
