【登录信息】
*b5e6a05282bde158c1ffe9d4d9788373*
`登陆天数: 117天 / 1400天
等级: 125
石头: 899
呼符: 15
体力: 69788.8 / 137
友情点: 0 / 1174815`
*連続ログイン5日目
※ログインが途切れるか、7日到達すると
1日目から再開されます*
`叡智の業火 X 2
12月交換券(2023) X 1
`*「FGO カルデア・サテライトステーション 2023-2024」京都会場開催直前 ログインボーナス*
*開催期間中、1日1回 最大3回 ログインボーナスをプレゼント！*
`黄金の果実 X 1
`_2023-12-27 19:38:10_
--------
*eb20c8954ecb148daacdac59c3a0b2e8*
`登陆天数: 117天 / 1383天
等级: 125
石头: 905
呼符: 49
体力: 41518.11 / 137
友情点: 0 / 1176045`
*連続ログイン5日目
※ログインが途切れるか、7日到達すると
1日目から再開されます*
`叡智の業火 X 2
12月交換券(2023) X 1
`*「FGO カルデア・サテライトステーション 2023-2024」京都会場開催直前 ログインボーナス*
*開催期間中、1日1回 最大3回 ログインボーナスをプレゼント！*
`黄金の果実 X 1
`_2023-12-27 19:38:18_
--------
*620476f0f61795fd355f2a9e3fb24e54*
`登陆天数: 117天 / 1450天
等级: 125
石头: 544
呼符: 15
体力: 70494.78 / 137
友情点: 0 / 1171295`
*連続ログイン5日目
※ログインが途切れるか、7日到達すると
1日目から再開されます*
`叡智の業火 X 2
12月交換券(2023) X 1
`*「FGO カルデア・サテライトステーション 2023-2024」京都会場開催直前 ログインボーナス*
*開催期間中、1日1回 最大3回 ログインボーナスをプレゼント！*
`黄金の果実 X 1
`_2023-12-27 19:38:26_
--------
*8a4af26995de6f135fbb0fdafa2e0424*
`登陆天数: 117天 / 1428天
等级: 125
石头: 657
呼符: 37
体力: 70211.04 / 137
友情点: 0 / 1160525`
*連続ログイン5日目
※ログインが途切れるか、7日到達すると
1日目から再開されます*
`叡智の業火 X 2
12月交換券(2023) X 1
`*「FGO カルデア・サテライトステーション 2023-2024」京都会場開催直前 ログインボーナス*
*開催期間中、1日1回 最大3回 ログインボーナスをプレゼント！*
`黄金の果実 X 1
`_2023-12-27 19:38:34_
--------
*69a508b93367b043329d175aca01015e*
`登陆天数: 117天 / 1266天
等级: 125
石头: 927
呼符: 49
体力: 113347.04666666666 / 137
友情点: 0 / 933575`
*連続ログイン5日目
※ログインが途切れるか、7日到達すると
1日目から再開されます*
`叡智の業火 X 2
12月交換券(2023) X 1
`*「FGO カルデア・サテライトステーション 2023-2024」京都会場開催直前 ログインボーナス*
*開催期間中、1日1回 最大3回 ログインボーナスをプレゼント！*
`黄金の果実 X 1
`_2023-12-27 19:38:42_
--------
*05c7889868efad05a84b961c94cc9b2c*
`登陆天数: 117天 / 1481天
等级: 125
石头: 1164
呼符: 36
体力: 82433.06666666667 / 137
友情点: 0 / 1118815`
*連続ログイン5日目
※ログインが途切れるか、7日到達すると
1日目から再開されます*
`叡智の業火 X 2
12月交換券(2023) X 1
`*「FGO カルデア・サテライトステーション 2023-2024」京都会場開催直前 ログインボーナス*
*開催期間中、1日1回 最大3回 ログインボーナスをプレゼント！*
`黄金の果実 X 1
`_2023-12-27 19:38:50_
--------
*41c8ea3cfa831059a6c57fddf5a2e62d*
`登陆天数: 117天 / 1435天
等级: 125
石头: 228
呼符: 9
体力: 61835.30333333334 / 137
友情点: 0 / 727875`
*連続ログイン5日目
※ログインが途切れるか、7日到達すると
1日目から再開されます*
`叡智の業火 X 2
12月交換券(2023) X 1
`*「FGO カルデア・サテライトステーション 2023-2024」京都会場開催直前 ログインボーナス*
*開催期間中、1日1回 最大3回 ログインボーナスをプレゼント！*
`黄金の果実 X 1
`_2023-12-27 19:38:58_
--------
*790b887791ca4de4345ea61d5bd657e4*
`登陆天数: 117天 / 1436天
等级: 125
石头: 319
呼符: 51
体力: 69786.22333333333 / 137
友情点: 0 / 883305`
*連続ログイン5日目
※ログインが途切れるか、7日到達すると
1日目から再開されます*
`叡智の業火 X 2
12月交換券(2023) X 1
`*「FGO カルデア・サテライトステーション 2023-2024」京都会場開催直前 ログインボーナス*
*開催期間中、1日1回 最大3回 ログインボーナスをプレゼント！*
`黄金の果実 X 1
`_2023-12-27 19:39:06_
--------
*82f6295e189793da0ef43b4029c85eca*
`登陆天数: 117天 / 1487天
等级: 126
石头: 253
呼符: 13
体力: 34489.806666666664 / 137
友情点: 230 / 408540`
*連続ログイン5日目
※ログインが途切れるか、7日到達すると
1日目から再開されます*
`叡智の業火 X 2
12月交換券(2023) X 1
`*「FGO カルデア・サテライトステーション 2023-2024」京都会場開催直前 ログインボーナス*
*開催期間中、1日1回 最大3回 ログインボーナスをプレゼント！*
`黄金の果実 X 1
`_2023-12-27 19:39:18_
--------
*47f309e11f595c830d1447d77b47d8a0*
`登陆天数: 117天 / 1451天
等级: 126
石头: 247
呼符: 13
体力: 37918.07666666667 / 137
友情点: 180 / 1155335`
*連続ログイン5日目
※ログインが途切れるか、7日到達すると
1日目から再開されます*
`叡智の業火 X 2
12月交換券(2023) X 1
`*「FGO カルデア・サテライトステーション 2023-2024」京都会場開催直前 ログインボーナス*
*開催期間中、1日1回 最大3回 ログインボーナスをプレゼント！*
`黄金の果実 X 1
`_2023-12-27 19:39:30_
--------
*7686ae2a105ec6cc5551581fc7487546*
`登陆天数: 117天 / 1493天
等级: 127
石头: 260
呼符: 15
体力: 72359.76333333334 / 137
友情点: 0 / 1169410`
*連続ログイン5日目
※ログインが途切れるか、7日到達すると
1日目から再開されます*
`叡智の業火 X 2
12月交換券(2023) X 1
`*「FGO カルデア・サテライトステーション 2023-2024」京都会場開催直前 ログインボーナス*
*開催期間中、1日1回 最大3回 ログインボーナスをプレゼント！*
`黄金の果実 X 1
`_2023-12-27 19:39:37_
--------
*dcf734638b8334ef199302253a06e093*
`登陆天数: 117天 / 1373天
等级: 125
石头: 743
呼符: 13
体力: 38412.61 / 137
友情点: 0 / 1065050`
*連続ログイン5日目
※ログインが途切れるか、7日到達すると
1日目から再開されます*
`叡智の業火 X 2
12月交換券(2023) X 1
`*「FGO カルデア・サテライトステーション 2023-2024」京都会場開催直前 ログインボーナス*
*開催期間中、1日1回 最大3回 ログインボーナスをプレゼント！*
`黄金の果実 X 1
`_2023-12-27 19:39:45_
--------
*47f309e11f595c830d1447d77b47d8a0*
`登陆天数: 117天 / 1469天
等级: 126
石头: 910
呼符: 12
体力: 36367.69 / 137
友情点: 160 / 1003300`
*連続ログイン5日目
※ログインが途切れるか、7日到達すると
1日目から再開されます*
`叡智の業火 X 2
12月交換券(2023) X 1
`*「FGO カルデア・サテライトステーション 2023-2024」京都会場開催直前 ログインボーナス*
*開催期間中、1日1回 最大3回 ログインボーナスをプレゼント！*
`黄金の果実 X 1
`_2023-12-27 19:39:53_
--------
*a602c44e0f8456741b30f0caf4753a39*
`登陆天数: 133天 / 1402天
等级: 143
石头: 337
呼符: 29
体力: 2521.5733333333333 / 141
友情点: 220 / 239290`
*連続ログイン7日間到達おめでとうございます！
明日は1日目からリスタートされます。*
`獣の足跡 X 1
呼符 X 1
12月交換券(2023) X 1
`*「FGO カルデア・サテライトステーション 2023-2024」京都会場開催直前 ログインボーナス*
*開催期間中、1日1回 最大3回 ログインボーナスをプレゼント！*
`黄金の果実 X 1
`_2023-12-27 19:40:01_
--------
