【登录信息】
*b5e6a05282bde158c1ffe9d4d9788373*
`登陆天数: 118天 / 1401天
等级: 125
石头: 899
呼符: 15
体力: 70076.85333333333 / 137
友情点: 0 / 1174815`
*連続ログイン6日目
※ログインが途切れるか、7日到達すると
1日目から再開されます*
`聖晶石 X 2
12月交換券(2023) X 1
`*「FGO カルデア・サテライトステーション 2023-2024」京都会場開催直前 ログインボーナス*
*開催期間中、1日1回 最大3回 ログインボーナスをプレゼント！*
`黄金の果実 X 1
`_2023-12-28 19:38:26_
--------
*eb20c8954ecb148daacdac59c3a0b2e8*
`登陆天数: 118天 / 1384天
等级: 125
石头: 905
呼符: 49
体力: 41806.166666666664 / 137
友情点: 0 / 1176045`
*連続ログイン6日目
※ログインが途切れるか、7日到達すると
1日目から再開されます*
`聖晶石 X 2
12月交換券(2023) X 1
`*「FGO カルデア・サテライトステーション 2023-2024」京都会場開催直前 ログインボーナス*
*開催期間中、1日1回 最大3回 ログインボーナスをプレゼント！*
`黄金の果実 X 1
`_2023-12-28 19:38:35_
--------
*620476f0f61795fd355f2a9e3fb24e54*
`登陆天数: 118天 / 1451天
等级: 125
石头: 544
呼符: 15
体力: 70782.84 / 137
友情点: 0 / 1171295`
*連続ログイン6日目
※ログインが途切れるか、7日到達すると
1日目から再開されます*
`聖晶石 X 2
12月交換券(2023) X 1
`*「FGO カルデア・サテライトステーション 2023-2024」京都会場開催直前 ログインボーナス*
*開催期間中、1日1回 最大3回 ログインボーナスをプレゼント！*
`黄金の果実 X 1
`_2023-12-28 19:38:44_
--------
*8a4af26995de6f135fbb0fdafa2e0424*
`登陆天数: 118天 / 1429天
等级: 125
石头: 657
呼符: 37
体力: 70499.10333333333 / 137
友情点: 0 / 1160525`
*連続ログイン6日目
※ログインが途切れるか、7日到達すると
1日目から再開されます*
`聖晶石 X 2
12月交換券(2023) X 1
`*「FGO カルデア・サテライトステーション 2023-2024」京都会場開催直前 ログインボーナス*
*開催期間中、1日1回 最大3回 ログインボーナスをプレゼント！*
`黄金の果実 X 1
`_2023-12-28 19:38:53_
--------
*69a508b93367b043329d175aca01015e*
`登陆天数: 118天 / 1267天
等级: 125
石头: 927
呼符: 49
体力: 113635.11333333333 / 137
友情点: 0 / 933575`
*連続ログイン6日目
※ログインが途切れるか、7日到達すると
1日目から再開されます*
`聖晶石 X 2
12月交換券(2023) X 1
`*「FGO カルデア・サテライトステーション 2023-2024」京都会場開催直前 ログインボーナス*
*開催期間中、1日1回 最大3回 ログインボーナスをプレゼント！*
`黄金の果実 X 1
`_2023-12-28 19:39:02_
--------
*05c7889868efad05a84b961c94cc9b2c*
`登陆天数: 118天 / 1482天
等级: 125
石头: 1164
呼符: 36
体力: 82721.13666666667 / 137
友情点: 0 / 1118815`
*連続ログイン6日目
※ログインが途切れるか、7日到達すると
1日目から再開されます*
`聖晶石 X 2
12月交換券(2023) X 1
`*「FGO カルデア・サテライトステーション 2023-2024」京都会場開催直前 ログインボーナス*
*開催期間中、1日1回 最大3回 ログインボーナスをプレゼント！*
`黄金の果実 X 1
`_2023-12-28 19:39:11_
--------
*41c8ea3cfa831059a6c57fddf5a2e62d*
`登陆天数: 118天 / 1436天
等级: 125
石头: 228
呼符: 9
体力: 62123.37666666666 / 137
友情点: 0 / 727875`
*連続ログイン6日目
※ログインが途切れるか、7日到達すると
1日目から再開されます*
`聖晶石 X 2
12月交換券(2023) X 1
`*「FGO カルデア・サテライトステーション 2023-2024」京都会場開催直前 ログインボーナス*
*開催期間中、1日1回 最大3回 ログインボーナスをプレゼント！*
`黄金の果実 X 1
`_2023-12-28 19:39:20_
--------
*790b887791ca4de4345ea61d5bd657e4*
`登陆天数: 118天 / 1437天
等级: 125
石头: 319
呼符: 51
体力: 70074.29666666666 / 137
友情点: 0 / 883305`
*連続ログイン6日目
※ログインが途切れるか、7日到達すると
1日目から再開されます*
`聖晶石 X 2
12月交換券(2023) X 1
`*「FGO カルデア・サテライトステーション 2023-2024」京都会場開催直前 ログインボーナス*
*開催期間中、1日1回 最大3回 ログインボーナスをプレゼント！*
`黄金の果実 X 1
`_2023-12-28 19:39:28_
--------
*82f6295e189793da0ef43b4029c85eca*
`登陆天数: 118天 / 1488天
等级: 126
石头: 253
呼符: 13
体力: 34777.87666666666 / 137
友情点: 70 / 408610`
*連続ログイン6日目
※ログインが途切れるか、7日到達すると
1日目から再開されます*
`聖晶石 X 2
12月交換券(2023) X 1
`*「FGO カルデア・サテライトステーション 2023-2024」京都会場開催直前 ログインボーナス*
*開催期間中、1日1回 最大3回 ログインボーナスをプレゼント！*
`黄金の果実 X 1
`_2023-12-28 19:39:40_
--------
*47f309e11f595c830d1447d77b47d8a0*
`登陆天数: 118天 / 1452天
等级: 126
石头: 247
呼符: 13
体力: 38206.15 / 137
友情点: 200 / 1155535`
*連続ログイン6日目
※ログインが途切れるか、7日到達すると
1日目から再開されます*
`聖晶石 X 2
12月交換券(2023) X 1
`*「FGO カルデア・サテライトステーション 2023-2024」京都会場開催直前 ログインボーナス*
*開催期間中、1日1回 最大3回 ログインボーナスをプレゼント！*
`黄金の果実 X 1
`_2023-12-28 19:39:51_
--------
*7686ae2a105ec6cc5551581fc7487546*
`登陆天数: 118天 / 1494天
等级: 127
石头: 260
呼符: 15
体力: 72647.83333333333 / 137
友情点: 0 / 1169410`
*連続ログイン6日目
※ログインが途切れるか、7日到達すると
1日目から再開されます*
`聖晶石 X 2
12月交換券(2023) X 1
`*「FGO カルデア・サテライトステーション 2023-2024」京都会場開催直前 ログインボーナス*
*開催期間中、1日1回 最大3回 ログインボーナスをプレゼント！*
`黄金の果実 X 1
`_2023-12-28 19:39:59_
--------
*dcf734638b8334ef199302253a06e093*
`登陆天数: 118天 / 1374天
等级: 125
石头: 743
呼符: 13
体力: 38700.68 / 137
友情点: 0 / 1065050`
*連続ログイン6日目
※ログインが途切れるか、7日到達すると
1日目から再開されます*
`聖晶石 X 2
12月交換券(2023) X 1
`*「FGO カルデア・サテライトステーション 2023-2024」京都会場開催直前 ログインボーナス*
*開催期間中、1日1回 最大3回 ログインボーナスをプレゼント！*
`黄金の果実 X 1
`_2023-12-28 19:40:07_
--------
*47f309e11f595c830d1447d77b47d8a0*
`登陆天数: 118天 / 1470天
等级: 126
石头: 910
呼符: 12
体力: 36655.76 / 137
友情点: 170 / 1003480`
*連続ログイン6日目
※ログインが途切れるか、7日到達すると
1日目から再開されます*
`聖晶石 X 2
12月交換券(2023) X 1
`*「FGO カルデア・サテライトステーション 2023-2024」京都会場開催直前 ログインボーナス*
*開催期間中、1日1回 最大3回 ログインボーナスをプレゼント！*
`黄金の果実 X 1
`_2023-12-28 19:40:14_
--------
*a602c44e0f8456741b30f0caf4753a39*
`登陆天数: 134天 / 1403天
等级: 143
石头: 337
呼符: 29
体力: 2809.6466666666665 / 141
友情点: 160 / 239450`
*連続ログイン1日目
※ログインが途切れるか、7日到達すると
1日目から再開されます*
`フレンドポイント X 2000
12月交換券(2023) X 1
`*「FGO カルデア・サテライトステーション 2023-2024」京都会場開催直前 ログインボーナス*
*開催期間中、1日1回 最大3回 ログインボーナスをプレゼント！*
`黄金の果実 X 1
`_2023-12-28 19:40:23_
--------
