【登录信息】
*b5e6a05282bde158c1ffe9d4d9788373*
`登陆天数: 119天 / 1402天
等级: 125
石头: 899
呼符: 15
体力: 70364.80666666667 / 137
友情点: 0 / 1174815`
*連続ログイン7日間到達おめでとうございます！
明日は1日目からリスタートされます。*
`獣の足跡 X 1
呼符 X 1
12月交換券(2023) X 1
`*「FGO カルデア・サテライトステーション 2023-2024」京都会場開催記念 3万リポスト達成プレゼント*
*開催期間中、初回ログインで「聖晶石×6」をプレゼント！*
`聖晶石 X 6
`_2023-12-29 19:38:12_
--------
*eb20c8954ecb148daacdac59c3a0b2e8*
`登陆天数: 119天 / 1385天
等级: 125
石头: 905
呼符: 49
体力: 42094.12 / 137
友情点: 0 / 1176045`
*連続ログイン7日間到達おめでとうございます！
明日は1日目からリスタートされます。*
`獣の足跡 X 1
呼符 X 1
12月交換券(2023) X 1
`*「FGO カルデア・サテライトステーション 2023-2024」京都会場開催記念 3万リポスト達成プレゼント*
*開催期間中、初回ログインで「聖晶石×6」をプレゼント！*
`聖晶石 X 6
`_2023-12-29 19:38:21_
--------
*620476f0f61795fd355f2a9e3fb24e54*
`登陆天数: 119天 / 1452天
等级: 125
石头: 544
呼符: 15
体力: 71070.79333333333 / 137
友情点: 0 / 1171295`
*連続ログイン7日間到達おめでとうございます！
明日は1日目からリスタートされます。*
`獣の足跡 X 1
呼符 X 1
12月交換券(2023) X 1
`*「FGO カルデア・サテライトステーション 2023-2024」京都会場開催記念 3万リポスト達成プレゼント*
*開催期間中、初回ログインで「聖晶石×6」をプレゼント！*
`聖晶石 X 6
`_2023-12-29 19:38:30_
--------
*8a4af26995de6f135fbb0fdafa2e0424*
`登陆天数: 119天 / 1430天
等级: 125
石头: 657
呼符: 37
体力: 70787.05666666667 / 137
友情点: 0 / 1160525`
*連続ログイン7日間到達おめでとうございます！
明日は1日目からリスタートされます。*
`獣の足跡 X 1
呼符 X 1
12月交換券(2023) X 1
`*「FGO カルデア・サテライトステーション 2023-2024」京都会場開催記念 3万リポスト達成プレゼント*
*開催期間中、初回ログインで「聖晶石×6」をプレゼント！*
`聖晶石 X 6
`_2023-12-29 19:38:39_
--------
*69a508b93367b043329d175aca01015e*
`登陆天数: 119天 / 1268天
等级: 125
石头: 927
呼符: 49
体力: 113923.06666666667 / 137
友情点: 0 / 933575`
*連続ログイン7日間到達おめでとうございます！
明日は1日目からリスタートされます。*
`獣の足跡 X 1
呼符 X 1
12月交換券(2023) X 1
`*「FGO カルデア・サテライトステーション 2023-2024」京都会場開催記念 3万リポスト達成プレゼント*
*開催期間中、初回ログインで「聖晶石×6」をプレゼント！*
`聖晶石 X 6
`_2023-12-29 19:38:48_
--------
*05c7889868efad05a84b961c94cc9b2c*
`登陆天数: 119天 / 1483天
等级: 125
石头: 1164
呼符: 36
体力: 83009.08666666667 / 137
友情点: 0 / 1118815`
*連続ログイン7日間到達おめでとうございます！
明日は1日目からリスタートされます。*
`獣の足跡 X 1
呼符 X 1
12月交換券(2023) X 1
`*「FGO カルデア・サテライトステーション 2023-2024」京都会場開催記念 3万リポスト達成プレゼント*
*開催期間中、初回ログインで「聖晶石×6」をプレゼント！*
`聖晶石 X 6
`_2023-12-29 19:38:56_
--------
*41c8ea3cfa831059a6c57fddf5a2e62d*
`登陆天数: 119天 / 1437天
等级: 125
石头: 228
呼符: 9
体力: 62411.32666666667 / 137
友情点: 0 / 727875`
*連続ログイン7日間到達おめでとうございます！
明日は1日目からリスタートされます。*
`獣の足跡 X 1
呼符 X 1
12月交換券(2023) X 1
`*「FGO カルデア・サテライトステーション 2023-2024」京都会場開催記念 3万リポスト達成プレゼント*
*開催期間中、初回ログインで「聖晶石×6」をプレゼント！*
`聖晶石 X 6
`_2023-12-29 19:39:05_
--------
*790b887791ca4de4345ea61d5bd657e4*
`登陆天数: 119天 / 1438天
等级: 125
石头: 319
呼符: 51
体力: 70362.25 / 137
友情点: 0 / 883305`
*連続ログイン7日間到達おめでとうございます！
明日は1日目からリスタートされます。*
`獣の足跡 X 1
呼符 X 1
12月交換券(2023) X 1
`*「FGO カルデア・サテライトステーション 2023-2024」京都会場開催記念 3万リポスト達成プレゼント*
*開催期間中、初回ログインで「聖晶石×6」をプレゼント！*
`聖晶石 X 6
`_2023-12-29 19:39:14_
--------
*82f6295e189793da0ef43b4029c85eca*
`登陆天数: 119天 / 1489天
等级: 126
石头: 253
呼符: 13
体力: 35065.833333333336 / 137
友情点: 60 / 408670`
*連続ログイン7日間到達おめでとうございます！
明日は1日目からリスタートされます。*
`獣の足跡 X 1
呼符 X 1
12月交換券(2023) X 1
`*「FGO カルデア・サテライトステーション 2023-2024」京都会場開催記念 3万リポスト達成プレゼント*
*開催期間中、初回ログインで「聖晶石×6」をプレゼント！*
`聖晶石 X 6
`_2023-12-29 19:39:26_
--------
*47f309e11f595c830d1447d77b47d8a0*
`登陆天数: 119天 / 1453天
等级: 126
石头: 247
呼符: 13
体力: 38494.10666666667 / 137
友情点: 160 / 1155695`
*連続ログイン7日間到達おめでとうございます！
明日は1日目からリスタートされます。*
`獣の足跡 X 1
呼符 X 1
12月交換券(2023) X 1
`*「FGO カルデア・サテライトステーション 2023-2024」京都会場開催記念 3万リポスト達成プレゼント*
*開催期間中、初回ログインで「聖晶石×6」をプレゼント！*
`聖晶石 X 6
`_2023-12-29 19:39:38_
--------
*7686ae2a105ec6cc5551581fc7487546*
`登陆天数: 119天 / 1495天
等级: 127
石头: 260
呼符: 15
体力: 72935.79333333333 / 137
友情点: 0 / 1169410`
*連続ログイン7日間到達おめでとうございます！
明日は1日目からリスタートされます。*
`獣の足跡 X 1
呼符 X 1
12月交換券(2023) X 1
`*「FGO カルデア・サテライトステーション 2023-2024」京都会場開催記念 3万リポスト達成プレゼント*
*開催期間中、初回ログインで「聖晶石×6」をプレゼント！*
`聖晶石 X 6
`_2023-12-29 19:39:46_
--------
*dcf734638b8334ef199302253a06e093*
`登陆天数: 119天 / 1375天
等级: 125
石头: 743
呼符: 13
体力: 38988.64 / 137
友情点: 0 / 1065050`
*連続ログイン7日間到達おめでとうございます！
明日は1日目からリスタートされます。*
`獣の足跡 X 1
呼符 X 1
12月交換券(2023) X 1
`*「FGO カルデア・サテライトステーション 2023-2024」京都会場開催記念 3万リポスト達成プレゼント*
*開催期間中、初回ログインで「聖晶石×6」をプレゼント！*
`聖晶石 X 6
`_2023-12-29 19:39:54_
--------
*47f309e11f595c830d1447d77b47d8a0*
`登陆天数: 119天 / 1471天
等级: 126
石头: 910
呼符: 12
体力: 36943.72 / 137
友情点: 110 / 1003590`
*連続ログイン7日間到達おめでとうございます！
明日は1日目からリスタートされます。*
`獣の足跡 X 1
呼符 X 1
12月交換券(2023) X 1
`*「FGO カルデア・サテライトステーション 2023-2024」京都会場開催記念 3万リポスト達成プレゼント*
*開催期間中、初回ログインで「聖晶石×6」をプレゼント！*
`聖晶石 X 6
`_2023-12-29 19:40:02_
--------
*a602c44e0f8456741b30f0caf4753a39*
`登陆天数: 135天 / 1404天
等级: 143
石头: 395
呼符: 32
体力: 93.41 / 141
友情点: 50 / 255735`
*連続ログイン2日目
※ログインが途切れるか、7日到達すると
1日目から再開されます*
`聖晶石 X 1
12月交換券(2023) X 1
`*「FGO カルデア・サテライトステーション 2023-2024」京都会場開催記念 3万リポスト達成プレゼント*
*開催期間中、初回ログインで「聖晶石×6」をプレゼント！*
`聖晶石 X 6
`_2023-12-29 19:40:10_
--------
