【登录信息】
*b5e6a05282bde158c1ffe9d4d9788373*
`登陆天数: 120天 / 1403天
等级: 125
石头: 899
呼符: 15
体力: 70652.84666666666 / 137
友情点: 0 / 1174815`
*連続ログイン1日目
※ログインが途切れるか、7日到達すると
1日目から再開されます*
`フレンドポイント X 2000
12月交換券(2023) X 1
`*Fate Project 大晦日TVスペシャル2023 放送カウントダウンログインボーナス*
*開催期間中、1日1回 3日間日替りでログインボーナスをプレゼント！*
`黄金の果実 X 1
呼符 X 1
`_2023-12-30 19:38:24_
--------
*eb20c8954ecb148daacdac59c3a0b2e8*
`登陆天数: 120天 / 1386天
等级: 125
石头: 905
呼符: 49
体力: 42382.15666666667 / 137
友情点: 0 / 1176045`
*連続ログイン1日目
※ログインが途切れるか、7日到達すると
1日目から再開されます*
`フレンドポイント X 2000
12月交換券(2023) X 1
`*Fate Project 大晦日TVスペシャル2023 放送カウントダウンログインボーナス*
*開催期間中、1日1回 3日間日替りでログインボーナスをプレゼント！*
`黄金の果実 X 1
呼符 X 1
`_2023-12-30 19:38:32_
--------
*620476f0f61795fd355f2a9e3fb24e54*
`登陆天数: 120天 / 1453天
等级: 125
石头: 544
呼符: 15
体力: 71358.83 / 137
友情点: 0 / 1171295`
*連続ログイン1日目
※ログインが途切れるか、7日到達すると
1日目から再開されます*
`フレンドポイント X 2000
12月交換券(2023) X 1
`*Fate Project 大晦日TVスペシャル2023 放送カウントダウンログインボーナス*
*開催期間中、1日1回 3日間日替りでログインボーナスをプレゼント！*
`黄金の果実 X 1
呼符 X 1
`_2023-12-30 19:38:41_
--------
*8a4af26995de6f135fbb0fdafa2e0424*
`登陆天数: 120天 / 1431天
等级: 125
石头: 657
呼符: 37
体力: 71075.09333333334 / 137
友情点: 0 / 1160525`
*連続ログイン1日目
※ログインが途切れるか、7日到達すると
1日目から再開されます*
`フレンドポイント X 2000
12月交換券(2023) X 1
`*Fate Project 大晦日TVスペシャル2023 放送カウントダウンログインボーナス*
*開催期間中、1日1回 3日間日替りでログインボーナスをプレゼント！*
`黄金の果実 X 1
呼符 X 1
`_2023-12-30 19:38:50_
--------
*69a508b93367b043329d175aca01015e*
`登陆天数: 120天 / 1269天
等级: 125
石头: 927
呼符: 49
体力: 114211.10333333333 / 137
友情点: 0 / 933575`
*連続ログイン1日目
※ログインが途切れるか、7日到達すると
1日目から再開されます*
`フレンドポイント X 2000
12月交換券(2023) X 1
`*Fate Project 大晦日TVスペシャル2023 放送カウントダウンログインボーナス*
*開催期間中、1日1回 3日間日替りでログインボーナスをプレゼント！*
`黄金の果実 X 1
呼符 X 1
`_2023-12-30 19:38:59_
--------
*05c7889868efad05a84b961c94cc9b2c*
`登陆天数: 120天 / 1484天
等级: 125
石头: 1164
呼符: 36
体力: 83297.12333333334 / 137
友情点: 0 / 1118815`
*連続ログイン1日目
※ログインが途切れるか、7日到達すると
1日目から再開されます*
`フレンドポイント X 2000
12月交換券(2023) X 1
`*Fate Project 大晦日TVスペシャル2023 放送カウントダウンログインボーナス*
*開催期間中、1日1回 3日間日替りでログインボーナスをプレゼント！*
`黄金の果実 X 1
呼符 X 1
`_2023-12-30 19:39:07_
--------
*41c8ea3cfa831059a6c57fddf5a2e62d*
`登陆天数: 120天 / 1438天
等级: 125
石头: 228
呼符: 9
体力: 62699.363333333335 / 137
友情点: 0 / 727875`
*連続ログイン1日目
※ログインが途切れるか、7日到達すると
1日目から再開されます*
`フレンドポイント X 2000
12月交換券(2023) X 1
`*Fate Project 大晦日TVスペシャル2023 放送カウントダウンログインボーナス*
*開催期間中、1日1回 3日間日替りでログインボーナスをプレゼント！*
`黄金の果実 X 1
呼符 X 1
`_2023-12-30 19:39:16_
--------
*790b887791ca4de4345ea61d5bd657e4*
`登陆天数: 120天 / 1439天
等级: 125
石头: 319
呼符: 51
体力: 70650.28666666667 / 137
友情点: 0 / 883305`
*連続ログイン1日目
※ログインが途切れるか、7日到達すると
1日目から再開されます*
`フレンドポイント X 2000
12月交換券(2023) X 1
`*Fate Project 大晦日TVスペシャル2023 放送カウントダウンログインボーナス*
*開催期間中、1日1回 3日間日替りでログインボーナスをプレゼント！*
`黄金の果実 X 1
呼符 X 1
`_2023-12-30 19:39:25_
--------
*82f6295e189793da0ef43b4029c85eca*
`登陆天数: 120天 / 1490天
等级: 126
石头: 253
呼符: 13
体力: 35353.87 / 137
友情点: 80 / 408750`
*連続ログイン1日目
※ログインが途切れるか、7日到達すると
1日目から再開されます*
`フレンドポイント X 2000
12月交換券(2023) X 1
`*Fate Project 大晦日TVスペシャル2023 放送カウントダウンログインボーナス*
*開催期間中、1日1回 3日間日替りでログインボーナスをプレゼント！*
`黄金の果実 X 1
呼符 X 1
`_2023-12-30 19:39:37_
--------
*47f309e11f595c830d1447d77b47d8a0*
`登陆天数: 120天 / 1454天
等级: 126
石头: 247
呼符: 13
体力: 38782.14 / 137
友情点: 90 / 1155785`
*連続ログイン1日目
※ログインが途切れるか、7日到達すると
1日目から再開されます*
`フレンドポイント X 2000
12月交換券(2023) X 1
`*Fate Project 大晦日TVスペシャル2023 放送カウントダウンログインボーナス*
*開催期間中、1日1回 3日間日替りでログインボーナスをプレゼント！*
`黄金の果実 X 1
呼符 X 1
`_2023-12-30 19:39:49_
--------
*7686ae2a105ec6cc5551581fc7487546*
`登陆天数: 120天 / 1496天
等级: 127
石头: 260
呼符: 15
体力: 73223.83 / 137
友情点: 0 / 1169410`
*連続ログイン1日目
※ログインが途切れるか、7日到達すると
1日目から再開されます*
`フレンドポイント X 2000
12月交換券(2023) X 1
`*Fate Project 大晦日TVスペシャル2023 放送カウントダウンログインボーナス*
*開催期間中、1日1回 3日間日替りでログインボーナスをプレゼント！*
`黄金の果実 X 1
呼符 X 1
`_2023-12-30 19:39:57_
--------
*dcf734638b8334ef199302253a06e093*
`登陆天数: 120天 / 1376天
等级: 125
石头: 743
呼符: 13
体力: 39276.676666666666 / 137
友情点: 0 / 1065050`
*連続ログイン1日目
※ログインが途切れるか、7日到達すると
1日目から再開されます*
`フレンドポイント X 2000
12月交換券(2023) X 1
`*Fate Project 大晦日TVスペシャル2023 放送カウントダウンログインボーナス*
*開催期間中、1日1回 3日間日替りでログインボーナスをプレゼント！*
`黄金の果実 X 1
呼符 X 1
`_2023-12-30 19:40:05_
--------
*47f309e11f595c830d1447d77b47d8a0*
`登陆天数: 120天 / 1472天
等级: 126
石头: 910
呼符: 12
体力: 37231.75666666667 / 137
友情点: 110 / 1003700`
*連続ログイン1日目
※ログインが途切れるか、7日到達すると
1日目から再開されます*
`フレンドポイント X 2000
12月交換券(2023) X 1
`*Fate Project 大晦日TVスペシャル2023 放送カウントダウンログインボーナス*
*開催期間中、1日1回 3日間日替りでログインボーナスをプレゼント！*
`黄金の果実 X 1
呼符 X 1
`_2023-12-30 19:40:13_
--------
*a602c44e0f8456741b30f0caf4753a39*
`登陆天数: 136天 / 1405天
等级: 143
石头: 422
呼符: 32
体力: 85.07 / 141
友情点: 45 / 902730`
*連続ログイン3日目
※ログインが途切れるか、7日到達すると
1日目から再開されます*
`叡智の業火 X 1
12月交換券(2023) X 1
`*Fate Project 大晦日TVスペシャル2023 放送カウントダウンログインボーナス*
*開催期間中、1日1回 3日間日替りでログインボーナスをプレゼント！*
`黄金の果実 X 1
呼符 X 1
`_2023-12-30 19:40:21_
--------
