【登录信息】
*b5e6a05282bde158c1ffe9d4d9788373*
`登陆天数: 30天 / 1313天
等级: 125
石头: 630
呼符: 0
体力: 44732.89333333333 / 137
友情点: 0 / 1142815`
*連続ログイン2日目
※ログインが途切れるか、7日到達すると
1日目から再開されます*
`聖晶石 X 1
10月交換券(2023) X 1
`*ワンジナ・ワールドツアー！ ～大精霊と巡る世界一周～開幕記念 ログインボーナス*
*開催期間中、1日1回 最大21回ログインボーナスをプレゼント！*
`白銀の果実 X 1
`_2023-10-01 19:38:38_
--------
*eb20c8954ecb148daacdac59c3a0b2e8*
`登陆天数: 30天 / 1296天
等级: 125
石头: 634
呼符: 34
体力: 16462.21 / 137
友情点: 0 / 1144045`
*連続ログイン2日目
※ログインが途切れるか、7日到達すると
1日目から再開されます*
`聖晶石 X 1
10月交換券(2023) X 1
`*ワンジナ・ワールドツアー！ ～大精霊と巡る世界一周～開幕記念 ログインボーナス*
*開催期間中、1日1回 最大21回ログインボーナスをプレゼント！*
`白銀の果実 X 1
`_2023-10-01 19:38:47_
--------
*620476f0f61795fd355f2a9e3fb24e54*
`登陆天数: 30天 / 1363天
等级: 125
石头: 304
呼符: 2
体力: 45438.88333333333 / 137
友情点: 0 / 1143295`
*連続ログイン2日目
※ログインが途切れるか、7日到達すると
1日目から再開されます*
`聖晶石 X 1
10月交換券(2023) X 1
`*ワンジナ・ワールドツアー！ ～大精霊と巡る世界一周～開幕記念 ログインボーナス*
*開催期間中、1日1回 最大21回ログインボーナスをプレゼント！*
`白銀の果実 X 1
`_2023-10-01 19:38:56_
--------
*8a4af26995de6f135fbb0fdafa2e0424*
`登陆天数: 30天 / 1341天
等级: 125
石头: 387
呼符: 22
体力: 45155.15 / 137
友情点: 0 / 1126525`
*連続ログイン2日目
※ログインが途切れるか、7日到達すると
1日目から再開されます*
`聖晶石 X 1
10月交換券(2023) X 1
`*ワンジナ・ワールドツアー！ ～大精霊と巡る世界一周～開幕記念 ログインボーナス*
*開催期間中、1日1回 最大21回ログインボーナスをプレゼント！*
`白銀の果実 X 1
`_2023-10-01 19:39:06_
--------
*69a508b93367b043329d175aca01015e*
`登陆天数: 30天 / 1179天
等级: 125
石头: 556
呼符: 30
体力: 88291.16 / 137
友情点: 0 / 891575`
*連続ログイン2日目
※ログインが途切れるか、7日到達すると
1日目から再開されます*
`聖晶石 X 1
10月交換券(2023) X 1
`*ワンジナ・ワールドツアー！ ～大精霊と巡る世界一周～開幕記念 ログインボーナス*
*開催期間中、1日1回 最大21回ログインボーナスをプレゼント！*
`白銀の果実 X 1
`_2023-10-01 19:39:15_
--------
*05c7889868efad05a84b961c94cc9b2c*
`登陆天数: 30天 / 1394天
等级: 125
石头: 894
呼符: 21
体力: 57377.18 / 137
友情点: 0 / 1084815`
*連続ログイン2日目
※ログインが途切れるか、7日到達すると
1日目から再開されます*
`聖晶石 X 1
10月交換券(2023) X 1
`*ワンジナ・ワールドツアー！ ～大精霊と巡る世界一周～開幕記念 ログインボーナス*
*開催期間中、1日1回 最大21回ログインボーナスをプレゼント！*
`白銀の果実 X 1
`_2023-10-01 19:39:24_
--------
*41c8ea3cfa831059a6c57fddf5a2e62d*
`登陆天数: 30天 / 1348天
等级: 125
石头: 34
呼符: 0
体力: 36779.42333333333 / 137
友情点: 0 / 711875`
*連続ログイン2日目
※ログインが途切れるか、7日到達すると
1日目から再開されます*
`聖晶石 X 1
10月交換券(2023) X 1
`*ワンジナ・ワールドツアー！ ～大精霊と巡る世界一周～開幕記念 ログインボーナス*
*開催期間中、1日1回 最大21回ログインボーナスをプレゼント！*
`白銀の果実 X 1
`_2023-10-01 19:39:33_
--------
*790b887791ca4de4345ea61d5bd657e4*
`登陆天数: 30天 / 1349天
等级: 125
石头: 21
呼符: 37
体力: 44730.346666666665 / 137
友情点: 0 / 847305`
*連続ログイン2日目
※ログインが途切れるか、7日到達すると
1日目から再開されます*
`聖晶石 X 1
10月交換券(2023) X 1
`*ワンジナ・ワールドツアー！ ～大精霊と巡る世界一周～開幕記念 ログインボーナス*
*開催期間中、1日1回 最大21回ログインボーナスをプレゼント！*
`白銀の果実 X 1
`_2023-10-01 19:39:43_
--------
*82f6295e189793da0ef43b4029c85eca*
`登陆天数: 30天 / 1400天
等级: 126
石头: 14
呼符: 0
体力: 9433.933333333332 / 137
友情点: 70 / 354850`
*連続ログイン2日目
※ログインが途切れるか、7日到達すると
1日目から再開されます*
`聖晶石 X 1
10月交換券(2023) X 1
`*ワンジナ・ワールドツアー！ ～大精霊と巡る世界一周～開幕記念 ログインボーナス*
*開催期間中、1日1回 最大21回ログインボーナスをプレゼント！*
`白銀の果実 X 1
`_2023-10-01 19:39:55_
--------
*c595c4468dd490bdb5e143c788cd36e0*
`登陆天数: 29天 / 1349天
等级: 142
石头: 19
呼符: 1
体力: 7866.336666666667 / 140
友情点: 0 / 2241980`
*連続ログイン1日目
※ログインが途切れるか、7日到達すると
1日目から再開されます*
`フレンドポイント X 2000
10月交換券(2023) X 1
`*ワンジナ・ワールドツアー！ ～大精霊と巡る世界一周～開幕記念 ログインボーナス*
*開催期間中、1日1回 最大21回ログインボーナスをプレゼント！*
`白銀の果実 X 1
`_2023-10-01 19:40:04_
--------
*47f309e11f595c830d1447d77b47d8a0*
`登陆天数: 30天 / 1364天
等级: 126
石头: 8
呼符: 0
体力: 12862.226666666667 / 137
友情点: 40 / 1102330`
*連続ログイン2日目
※ログインが途切れるか、7日到達すると
1日目から再開されます*
`聖晶石 X 1
10月交換券(2023) X 1
`*ワンジナ・ワールドツアー！ ～大精霊と巡る世界一周～開幕記念 ログインボーナス*
*開催期間中、1日1回 最大21回ログインボーナスをプレゼント！*
`白銀の果実 X 1
`_2023-10-01 19:40:13_
--------
*7686ae2a105ec6cc5551581fc7487546*
`登陆天数: 30天 / 1406天
等级: 127
石头: 66
呼符: 6
体力: 47303.91333333333 / 137
友情点: 0 / 1151410`
*連続ログイン2日目
※ログインが途切れるか、7日到達すると
1日目から再開されます*
`聖晶石 X 1
10月交換券(2023) X 1
`*ワンジナ・ワールドツアー！ ～大精霊と巡る世界一周～開幕記念 ログインボーナス*
*開催期間中、1日1回 最大21回ログインボーナスをプレゼント！*
`白銀の果実 X 1
`_2023-10-01 19:40:22_
--------
*dcf734638b8334ef199302253a06e093*
`登陆天数: 30天 / 1286天
等级: 125
石头: 502
呼符: 0
体力: 13356.766666666666 / 137
友情点: 0 / 1035050`
*連続ログイン2日目
※ログインが途切れるか、7日到達すると
1日目から再開されます*
`聖晶石 X 1
10月交換券(2023) X 1
`*ワンジナ・ワールドツアー！ ～大精霊と巡る世界一周～開幕記念 ログインボーナス*
*開催期間中、1日1回 最大21回ログインボーナスをプレゼント！*
`白銀の果実 X 1
`_2023-10-01 19:40:31_
--------
*47f309e11f595c830d1447d77b47d8a0*
`登陆天数: 30天 / 1382天
等级: 126
石头: 685
呼符: 1
体力: 11311.85 / 137
友情点: 70 / 958850`
*連続ログイン2日目
※ログインが途切れるか、7日到達すると
1日目から再開されます*
`聖晶石 X 1
10月交換券(2023) X 1
`*ワンジナ・ワールドツアー！ ～大精霊と巡る世界一周～開幕記念 ログインボーナス*
*開催期間中、1日1回 最大21回ログインボーナスをプレゼント！*
`白銀の果実 X 1
`_2023-10-01 19:40:41_
--------
*a602c44e0f8456741b30f0caf4753a39*
`登陆天数: 46天 / 1315天
等级: 142
石头: 5
呼符: 0
体力: 89.37 / 140
友情点: 70 / 184725`
*連続ログイン4日目
※ログインが途切れるか、7日到達すると
1日目から再開されます*
`聖晶石 X 1
10月交換券(2023) X 1
`*ワンジナ・ワールドツアー！ ～大精霊と巡る世界一周～開幕記念 ログインボーナス*
*開催期間中、1日1回 最大21回ログインボーナスをプレゼント！*
`白銀の果実 X 1
`_2023-10-01 19:40:50_
--------
