【登录信息】
*b5e6a05282bde158c1ffe9d4d9788373*
`登陆天数: 31天 / 1314天
等级: 125
石头: 630
呼符: 0
体力: 45020.806666666664 / 137
友情点: 0 / 1142815`
*連続ログイン3日目
※ログインが途切れるか、7日到達すると
1日目から再開されます*
`叡智の業火 X 1
10月交換券(2023) X 1
`*ワンジナ・ワールドツアー！ ～大精霊と巡る世界一周～開幕記念 ログインボーナス*
*開催期間中、1日1回 最大21回ログインボーナスをプレゼント！*
`白銀の果実 X 1
`_2023-10-02 19:38:12_
--------
*eb20c8954ecb148daacdac59c3a0b2e8*
`登陆天数: 31天 / 1297天
等级: 125
石头: 634
呼符: 34
体力: 16750.12 / 137
友情点: 0 / 1144045`
*連続ログイン3日目
※ログインが途切れるか、7日到達すると
1日目から再開されます*
`叡智の業火 X 1
10月交換券(2023) X 1
`*ワンジナ・ワールドツアー！ ～大精霊と巡る世界一周～開幕記念 ログインボーナス*
*開催期間中、1日1回 最大21回ログインボーナスをプレゼント！*
`白銀の果実 X 1
`_2023-10-02 19:38:21_
--------
*620476f0f61795fd355f2a9e3fb24e54*
`登陆天数: 31天 / 1364天
等级: 125
石头: 304
呼符: 2
体力: 45726.793333333335 / 137
友情点: 0 / 1143295`
*連続ログイン3日目
※ログインが途切れるか、7日到達すると
1日目から再開されます*
`叡智の業火 X 1
10月交換券(2023) X 1
`*ワンジナ・ワールドツアー！ ～大精霊と巡る世界一周～開幕記念 ログインボーナス*
*開催期間中、1日1回 最大21回ログインボーナスをプレゼント！*
`白銀の果実 X 1
`_2023-10-02 19:38:29_
--------
*8a4af26995de6f135fbb0fdafa2e0424*
`登陆天数: 31天 / 1342天
等级: 125
石头: 387
呼符: 22
体力: 45443.056666666664 / 137
友情点: 0 / 1126525`
*連続ログイン3日目
※ログインが途切れるか、7日到達すると
1日目から再開されます*
`叡智の業火 X 1
10月交換券(2023) X 1
`*ワンジナ・ワールドツアー！ ～大精霊と巡る世界一周～開幕記念 ログインボーナス*
*開催期間中、1日1回 最大21回ログインボーナスをプレゼント！*
`白銀の果実 X 1
`_2023-10-02 19:38:39_
--------
*69a508b93367b043329d175aca01015e*
`登陆天数: 31天 / 1180天
等级: 125
石头: 556
呼符: 30
体力: 88579.06666666667 / 137
友情点: 0 / 891575`
*連続ログイン3日目
※ログインが途切れるか、7日到達すると
1日目から再開されます*
`叡智の業火 X 1
10月交換券(2023) X 1
`*ワンジナ・ワールドツアー！ ～大精霊と巡る世界一周～開幕記念 ログインボーナス*
*開催期間中、1日1回 最大21回ログインボーナスをプレゼント！*
`白銀の果実 X 1
`_2023-10-02 19:38:48_
--------
*05c7889868efad05a84b961c94cc9b2c*
`登陆天数: 31天 / 1395天
等级: 125
石头: 894
呼符: 21
体力: 57665.09 / 137
友情点: 0 / 1084815`
*連続ログイン3日目
※ログインが途切れるか、7日到達すると
1日目から再開されます*
`叡智の業火 X 1
10月交換券(2023) X 1
`*ワンジナ・ワールドツアー！ ～大精霊と巡る世界一周～開幕記念 ログインボーナス*
*開催期間中、1日1回 最大21回ログインボーナスをプレゼント！*
`白銀の果実 X 1
`_2023-10-02 19:38:57_
--------
*41c8ea3cfa831059a6c57fddf5a2e62d*
`登陆天数: 31天 / 1349天
等级: 125
石头: 34
呼符: 0
体力: 37067.333333333336 / 137
友情点: 0 / 711875`
*連続ログイン3日目
※ログインが途切れるか、7日到達すると
1日目から再開されます*
`叡智の業火 X 1
10月交換券(2023) X 1
`*ワンジナ・ワールドツアー！ ～大精霊と巡る世界一周～開幕記念 ログインボーナス*
*開催期間中、1日1回 最大21回ログインボーナスをプレゼント！*
`白銀の果実 X 1
`_2023-10-02 19:39:06_
--------
*790b887791ca4de4345ea61d5bd657e4*
`登陆天数: 31天 / 1350天
等级: 125
石头: 21
呼符: 37
体力: 45018.25666666667 / 137
友情点: 0 / 847305`
*連続ログイン3日目
※ログインが途切れるか、7日到達すると
1日目から再開されます*
`叡智の業火 X 1
10月交換券(2023) X 1
`*ワンジナ・ワールドツアー！ ～大精霊と巡る世界一周～開幕記念 ログインボーナス*
*開催期間中、1日1回 最大21回ログインボーナスをプレゼント！*
`白銀の果実 X 1
`_2023-10-02 19:39:15_
--------
*82f6295e189793da0ef43b4029c85eca*
`登陆天数: 31天 / 1401天
等级: 126
石头: 14
呼符: 0
体力: 9721.843333333334 / 137
友情点: 40 / 355300`
*連続ログイン3日目
※ログインが途切れるか、7日到達すると
1日目から再開されます*
`叡智の業火 X 1
10月交換券(2023) X 1
`*ワンジナ・ワールドツアー！ ～大精霊と巡る世界一周～開幕記念 ログインボーナス*
*開催期間中、1日1回 最大21回ログインボーナスをプレゼント！*
`白銀の果実 X 1
`_2023-10-02 19:39:28_
--------
*c595c4468dd490bdb5e143c788cd36e0*
`登陆天数: 30天 / 1350天
等级: 142
石头: 19
呼符: 1
体力: 8154.246666666667 / 140
友情点: 0 / 2241980`
*連続ログイン2日目
※ログインが途切れるか、7日到達すると
1日目から再開されます*
`聖晶石 X 1
10月交換券(2023) X 1
`*ワンジナ・ワールドツアー！ ～大精霊と巡る世界一周～開幕記念 ログインボーナス*
*開催期間中、1日1回 最大21回ログインボーナスをプレゼント！*
`白銀の果実 X 1
`_2023-10-02 19:39:37_
--------
*47f309e11f595c830d1447d77b47d8a0*
`登陆天数: 31天 / 1365天
等级: 126
石头: 8
呼符: 0
体力: 13150.136666666667 / 137
友情点: 90 / 1102420`
*連続ログイン3日目
※ログインが途切れるか、7日到達すると
1日目から再開されます*
`叡智の業火 X 1
10月交換券(2023) X 1
`*ワンジナ・ワールドツアー！ ～大精霊と巡る世界一周～開幕記念 ログインボーナス*
*開催期間中、1日1回 最大21回ログインボーナスをプレゼント！*
`白銀の果実 X 1
`_2023-10-02 19:39:46_
--------
*7686ae2a105ec6cc5551581fc7487546*
`登陆天数: 31天 / 1407天
等级: 127
石头: 66
呼符: 6
体力: 47591.82666666667 / 137
友情点: 0 / 1151410`
*連続ログイン3日目
※ログインが途切れるか、7日到達すると
1日目から再開されます*
`叡智の業火 X 1
10月交換券(2023) X 1
`*ワンジナ・ワールドツアー！ ～大精霊と巡る世界一周～開幕記念 ログインボーナス*
*開催期間中、1日1回 最大21回ログインボーナスをプレゼント！*
`白銀の果実 X 1
`_2023-10-02 19:39:55_
--------
*dcf734638b8334ef199302253a06e093*
`登陆天数: 31天 / 1287天
等级: 125
石头: 502
呼符: 0
体力: 13644.68 / 137
友情点: 0 / 1035050`
*連続ログイン3日目
※ログインが途切れるか、7日到達すると
1日目から再開されます*
`叡智の業火 X 1
10月交換券(2023) X 1
`*ワンジナ・ワールドツアー！ ～大精霊と巡る世界一周～開幕記念 ログインボーナス*
*開催期間中、1日1回 最大21回ログインボーナスをプレゼント！*
`白銀の果実 X 1
`_2023-10-02 19:40:05_
--------
*47f309e11f595c830d1447d77b47d8a0*
`登陆天数: 31天 / 1383天
等级: 126
石头: 685
呼符: 1
体力: 11599.763333333334 / 137
友情点: 60 / 958910`
*連続ログイン3日目
※ログインが途切れるか、7日到達すると
1日目から再開されます*
`叡智の業火 X 1
10月交換券(2023) X 1
`*ワンジナ・ワールドツアー！ ～大精霊と巡る世界一周～開幕記念 ログインボーナス*
*開催期間中、1日1回 最大21回ログインボーナスをプレゼント！*
`白銀の果実 X 1
`_2023-10-02 19:40:15_
--------
*a602c44e0f8456741b30f0caf4753a39*
`登陆天数: 47天 / 1316天
等级: 142
石头: 6
呼符: 0
体力: 68.19666666666667 / 140
友情点: 10 / 185025`
*連続ログイン5日目
※ログインが途切れるか、7日到達すると
1日目から再開されます*
`叡智の業火 X 2
10月交換券(2023) X 1
`*ワンジナ・ワールドツアー！ ～大精霊と巡る世界一周～開幕記念 ログインボーナス*
*開催期間中、1日1回 最大21回ログインボーナスをプレゼント！*
`白銀の果実 X 1
`_2023-10-02 19:40:24_
--------
