【登录信息】
*b5e6a05282bde158c1ffe9d4d9788373*
`登陆天数: 32天 / 1315天
等级: 125
石头: 630
呼符: 0
体力: 45308.85666666667 / 137
友情点: 0 / 1142815`
*連続ログイン4日目
※ログインが途切れるか、7日到達すると
1日目から再開されます*
`聖晶石 X 1
10月交換券(2023) X 1
`*ワンジナ・ワールドツアー！ ～大精霊と巡る世界一周～開幕記念 ログインボーナス*
*開催期間中、1日1回 最大21回ログインボーナスをプレゼント！*
`白銀の果実 X 1
`_2023-10-03 19:38:26_
--------
*eb20c8954ecb148daacdac59c3a0b2e8*
`登陆天数: 32天 / 1298天
等级: 125
石头: 634
呼符: 34
体力: 17038.17 / 137
友情点: 0 / 1144045`
*連続ログイン4日目
※ログインが途切れるか、7日到達すると
1日目から再開されます*
`聖晶石 X 1
10月交換券(2023) X 1
`*ワンジナ・ワールドツアー！ ～大精霊と巡る世界一周～開幕記念 ログインボーナス*
*開催期間中、1日1回 最大21回ログインボーナスをプレゼント！*
`白銀の果実 X 1
`_2023-10-03 19:38:36_
--------
*620476f0f61795fd355f2a9e3fb24e54*
`登陆天数: 32天 / 1365天
等级: 125
石头: 304
呼符: 2
体力: 46014.846666666665 / 137
友情点: 0 / 1143295`
*連続ログイン4日目
※ログインが途切れるか、7日到達すると
1日目から再開されます*
`聖晶石 X 1
10月交換券(2023) X 1
`*ワンジナ・ワールドツアー！ ～大精霊と巡る世界一周～開幕記念 ログインボーナス*
*開催期間中、1日1回 最大21回ログインボーナスをプレゼント！*
`白銀の果実 X 1
`_2023-10-03 19:38:45_
--------
*8a4af26995de6f135fbb0fdafa2e0424*
`登陆天数: 32天 / 1343天
等级: 125
石头: 387
呼符: 22
体力: 45731.11 / 137
友情点: 0 / 1126525`
*連続ログイン4日目
※ログインが途切れるか、7日到達すると
1日目から再開されます*
`聖晶石 X 1
10月交換券(2023) X 1
`*ワンジナ・ワールドツアー！ ～大精霊と巡る世界一周～開幕記念 ログインボーナス*
*開催期間中、1日1回 最大21回ログインボーナスをプレゼント！*
`白銀の果実 X 1
`_2023-10-03 19:38:54_
--------
*69a508b93367b043329d175aca01015e*
`登陆天数: 32天 / 1181天
等级: 125
石头: 556
呼符: 30
体力: 88867.12 / 137
友情点: 0 / 891575`
*連続ログイン4日目
※ログインが途切れるか、7日到達すると
1日目から再開されます*
`聖晶石 X 1
10月交換券(2023) X 1
`*ワンジナ・ワールドツアー！ ～大精霊と巡る世界一周～開幕記念 ログインボーナス*
*開催期間中、1日1回 最大21回ログインボーナスをプレゼント！*
`白銀の果実 X 1
`_2023-10-03 19:39:03_
--------
*05c7889868efad05a84b961c94cc9b2c*
`登陆天数: 32天 / 1396天
等级: 125
石头: 894
呼符: 21
体力: 57953.14 / 137
友情点: 0 / 1084815`
*連続ログイン4日目
※ログインが途切れるか、7日到達すると
1日目から再開されます*
`聖晶石 X 1
10月交換券(2023) X 1
`*ワンジナ・ワールドツアー！ ～大精霊と巡る世界一周～開幕記念 ログインボーナス*
*開催期間中、1日1回 最大21回ログインボーナスをプレゼント！*
`白銀の果実 X 1
`_2023-10-03 19:39:12_
--------
*41c8ea3cfa831059a6c57fddf5a2e62d*
`登陆天数: 32天 / 1350天
等级: 125
石头: 34
呼符: 0
体力: 37355.38333333333 / 137
友情点: 0 / 711875`
*連続ログイン4日目
※ログインが途切れるか、7日到達すると
1日目から再開されます*
`聖晶石 X 1
10月交換券(2023) X 1
`*ワンジナ・ワールドツアー！ ～大精霊と巡る世界一周～開幕記念 ログインボーナス*
*開催期間中、1日1回 最大21回ログインボーナスをプレゼント！*
`白銀の果実 X 1
`_2023-10-03 19:39:21_
--------
*790b887791ca4de4345ea61d5bd657e4*
`登陆天数: 32天 / 1351天
等级: 125
石头: 21
呼符: 37
体力: 45306.306666666664 / 137
友情点: 0 / 847305`
*連続ログイン4日目
※ログインが途切れるか、7日到達すると
1日目から再開されます*
`聖晶石 X 1
10月交換券(2023) X 1
`*ワンジナ・ワールドツアー！ ～大精霊と巡る世界一周～開幕記念 ログインボーナス*
*開催期間中、1日1回 最大21回ログインボーナスをプレゼント！*
`白銀の果実 X 1
`_2023-10-03 19:39:30_
--------
*82f6295e189793da0ef43b4029c85eca*
`登陆天数: 32天 / 1402天
等级: 126
石头: 14
呼符: 0
体力: 10009.89 / 137
友情点: 80 / 355590`
*連続ログイン4日目
※ログインが途切れるか、7日到達すると
1日目から再開されます*
`聖晶石 X 1
10月交換券(2023) X 1
`*ワンジナ・ワールドツアー！ ～大精霊と巡る世界一周～開幕記念 ログインボーナス*
*開催期間中、1日1回 最大21回ログインボーナスをプレゼント！*
`白銀の果実 X 1
`_2023-10-03 19:39:43_
--------
*c595c4468dd490bdb5e143c788cd36e0*
`登陆天数: 31天 / 1351天
等级: 142
石头: 19
呼符: 1
体力: 8442.293333333333 / 140
友情点: 25 / 2242005`
*連続ログイン3日目
※ログインが途切れるか、7日到達すると
1日目から再開されます*
`叡智の業火 X 1
10月交換券(2023) X 1
`*ワンジナ・ワールドツアー！ ～大精霊と巡る世界一周～開幕記念 ログインボーナス*
*開催期間中、1日1回 最大21回ログインボーナスをプレゼント！*
`白銀の果実 X 1
`_2023-10-03 19:39:52_
--------
*47f309e11f595c830d1447d77b47d8a0*
`登陆天数: 32天 / 1366天
等级: 126
石头: 8
呼符: 0
体力: 13438.183333333332 / 137
友情点: 60 / 1102480`
*連続ログイン4日目
※ログインが途切れるか、7日到達すると
1日目から再開されます*
`聖晶石 X 1
10月交換券(2023) X 1
`*ワンジナ・ワールドツアー！ ～大精霊と巡る世界一周～開幕記念 ログインボーナス*
*開催期間中、1日1回 最大21回ログインボーナスをプレゼント！*
`白銀の果実 X 1
`_2023-10-03 19:40:00_
--------
*7686ae2a105ec6cc5551581fc7487546*
`登陆天数: 32天 / 1408天
等级: 127
石头: 66
呼符: 6
体力: 47879.87 / 137
友情点: 0 / 1151410`
*連続ログイン4日目
※ログインが途切れるか、7日到達すると
1日目から再開されます*
`聖晶石 X 1
10月交換券(2023) X 1
`*ワンジナ・ワールドツアー！ ～大精霊と巡る世界一周～開幕記念 ログインボーナス*
*開催期間中、1日1回 最大21回ログインボーナスをプレゼント！*
`白銀の果実 X 1
`_2023-10-03 19:40:09_
--------
*dcf734638b8334ef199302253a06e093*
`登陆天数: 32天 / 1288天
等级: 125
石头: 502
呼符: 0
体力: 13932.723333333333 / 137
友情点: 0 / 1035050`
*連続ログイン4日目
※ログインが途切れるか、7日到達すると
1日目から再開されます*
`聖晶石 X 1
10月交換券(2023) X 1
`*ワンジナ・ワールドツアー！ ～大精霊と巡る世界一周～開幕記念 ログインボーナス*
*開催期間中、1日1回 最大21回ログインボーナスをプレゼント！*
`白銀の果実 X 1
`_2023-10-03 19:40:18_
--------
*47f309e11f595c830d1447d77b47d8a0*
`登陆天数: 32天 / 1384天
等级: 126
石头: 685
呼符: 1
体力: 11887.806666666667 / 137
友情点: 100 / 959020`
*連続ログイン4日目
※ログインが途切れるか、7日到達すると
1日目から再開されます*
`聖晶石 X 1
10月交換券(2023) X 1
`*ワンジナ・ワールドツアー！ ～大精霊と巡る世界一周～開幕記念 ログインボーナス*
*開催期間中、1日1回 最大21回ログインボーナスをプレゼント！*
`白銀の果実 X 1
`_2023-10-03 19:40:28_
--------
*a602c44e0f8456741b30f0caf4753a39*
`登陆天数: 48天 / 1317天
等级: 142
石头: 6
呼符: 0
体力: 71.33 / 140
友情点: 70 / 185390`
*連続ログイン6日目
※ログインが途切れるか、7日到達すると
1日目から再開されます*
`聖晶石 X 2
10月交換券(2023) X 1
`*ワンジナ・ワールドツアー！ ～大精霊と巡る世界一周～開幕記念 ログインボーナス*
*開催期間中、1日1回 最大21回ログインボーナスをプレゼント！*
`黄金の果実 X 1
`_2023-10-03 19:40:37_
--------
