【登录信息】
*b5e6a05282bde158c1ffe9d4d9788373*
`登陆天数: 33天 / 1316天
等级: 125
石头: 630
呼符: 0
体力: 45596.87666666666 / 137
友情点: 0 / 1142815`
*連続ログイン5日目
※ログインが途切れるか、7日到達すると
1日目から再開されます*
`叡智の業火 X 2
10月交換券(2023) X 1
`*ワンジナ・ワールドツアー！ ～大精霊と巡る世界一周～開幕記念 ログインボーナス*
*開催期間中、1日1回 最大21回ログインボーナスをプレゼント！*
`黄金の果実 X 1
`_2023-10-04 19:38:32_
--------
*eb20c8954ecb148daacdac59c3a0b2e8*
`登陆天数: 33天 / 1299天
等级: 125
石头: 634
呼符: 34
体力: 17326.19 / 137
友情点: 0 / 1144045`
*連続ログイン5日目
※ログインが途切れるか、7日到達すると
1日目から再開されます*
`叡智の業火 X 2
10月交換券(2023) X 1
`*ワンジナ・ワールドツアー！ ～大精霊と巡る世界一周～開幕記念 ログインボーナス*
*開催期間中、1日1回 最大21回ログインボーナスをプレゼント！*
`黄金の果実 X 1
`_2023-10-04 19:38:41_
--------
*620476f0f61795fd355f2a9e3fb24e54*
`登陆天数: 33天 / 1366天
等级: 125
石头: 304
呼符: 2
体力: 46302.86666666667 / 137
友情点: 0 / 1143295`
*連続ログイン5日目
※ログインが途切れるか、7日到達すると
1日目から再開されます*
`叡智の業火 X 2
10月交換券(2023) X 1
`*ワンジナ・ワールドツアー！ ～大精霊と巡る世界一周～開幕記念 ログインボーナス*
*開催期間中、1日1回 最大21回ログインボーナスをプレゼント！*
`黄金の果実 X 1
`_2023-10-04 19:38:51_
--------
*8a4af26995de6f135fbb0fdafa2e0424*
`登陆天数: 33天 / 1344天
等级: 125
石头: 387
呼符: 22
体力: 46019.13 / 137
友情点: 0 / 1126525`
*連続ログイン5日目
※ログインが途切れるか、7日到達すると
1日目から再開されます*
`叡智の業火 X 2
10月交換券(2023) X 1
`*ワンジナ・ワールドツアー！ ～大精霊と巡る世界一周～開幕記念 ログインボーナス*
*開催期間中、1日1回 最大21回ログインボーナスをプレゼント！*
`黄金の果実 X 1
`_2023-10-04 19:39:00_
--------
*69a508b93367b043329d175aca01015e*
`登陆天数: 33天 / 1182天
等级: 125
石头: 556
呼符: 30
体力: 89155.14 / 137
友情点: 0 / 891575`
*連続ログイン5日目
※ログインが途切れるか、7日到達すると
1日目から再開されます*
`叡智の業火 X 2
10月交換券(2023) X 1
`*ワンジナ・ワールドツアー！ ～大精霊と巡る世界一周～開幕記念 ログインボーナス*
*開催期間中、1日1回 最大21回ログインボーナスをプレゼント！*
`黄金の果実 X 1
`_2023-10-04 19:39:10_
--------
*05c7889868efad05a84b961c94cc9b2c*
`登陆天数: 33天 / 1397天
等级: 125
石头: 894
呼符: 21
体力: 58241.16333333333 / 137
友情点: 0 / 1084815`
*連続ログイン5日目
※ログインが途切れるか、7日到達すると
1日目から再開されます*
`叡智の業火 X 2
10月交換券(2023) X 1
`*ワンジナ・ワールドツアー！ ～大精霊と巡る世界一周～開幕記念 ログインボーナス*
*開催期間中、1日1回 最大21回ログインボーナスをプレゼント！*
`黄金の果実 X 1
`_2023-10-04 19:39:19_
--------
*41c8ea3cfa831059a6c57fddf5a2e62d*
`登陆天数: 33天 / 1351天
等级: 125
石头: 34
呼符: 0
体力: 37643.403333333335 / 137
友情点: 0 / 711875`
*連続ログイン5日目
※ログインが途切れるか、7日到達すると
1日目から再開されます*
`叡智の業火 X 2
10月交換券(2023) X 1
`*ワンジナ・ワールドツアー！ ～大精霊と巡る世界一周～開幕記念 ログインボーナス*
*開催期間中、1日1回 最大21回ログインボーナスをプレゼント！*
`黄金の果実 X 1
`_2023-10-04 19:39:27_
--------
*790b887791ca4de4345ea61d5bd657e4*
`登陆天数: 33天 / 1352天
等级: 125
石头: 21
呼符: 37
体力: 45594.32666666667 / 137
友情点: 0 / 847305`
*連続ログイン5日目
※ログインが途切れるか、7日到達すると
1日目から再開されます*
`叡智の業火 X 2
10月交換券(2023) X 1
`*ワンジナ・ワールドツアー！ ～大精霊と巡る世界一周～開幕記念 ログインボーナス*
*開催期間中、1日1回 最大21回ログインボーナスをプレゼント！*
`黄金の果実 X 1
`_2023-10-04 19:39:37_
--------
*82f6295e189793da0ef43b4029c85eca*
`登陆天数: 33天 / 1403天
等级: 126
石头: 14
呼符: 0
体力: 10297.913333333334 / 137
友情点: 110 / 355700`
*連続ログイン5日目
※ログインが途切れるか、7日到達すると
1日目から再開されます*
`叡智の業火 X 2
10月交換券(2023) X 1
`*ワンジナ・ワールドツアー！ ～大精霊と巡る世界一周～開幕記念 ログインボーナス*
*開催期間中、1日1回 最大21回ログインボーナスをプレゼント！*
`黄金の果実 X 1
`_2023-10-04 19:39:49_
--------
*c595c4468dd490bdb5e143c788cd36e0*
`登陆天数: 32天 / 1352天
等级: 142
石头: 19
呼符: 1
体力: 8730.316666666668 / 140
友情点: 80 / 2242085`
*連続ログイン4日目
※ログインが途切れるか、7日到達すると
1日目から再開されます*
`聖晶石 X 1
10月交換券(2023) X 1
`*ワンジナ・ワールドツアー！ ～大精霊と巡る世界一周～開幕記念 ログインボーナス*
*開催期間中、1日1回 最大21回ログインボーナスをプレゼント！*
`黄金の果実 X 1
`_2023-10-04 19:39:58_
--------
*47f309e11f595c830d1447d77b47d8a0*
`登陆天数: 33天 / 1367天
等级: 126
石头: 8
呼符: 0
体力: 13726.203333333333 / 137
友情点: 180 / 1102660`
*連続ログイン5日目
※ログインが途切れるか、7日到達すると
1日目から再開されます*
`叡智の業火 X 2
10月交換券(2023) X 1
`*ワンジナ・ワールドツアー！ ～大精霊と巡る世界一周～開幕記念 ログインボーナス*
*開催期間中、1日1回 最大21回ログインボーナスをプレゼント！*
`黄金の果実 X 1
`_2023-10-04 19:40:07_
--------
*7686ae2a105ec6cc5551581fc7487546*
`登陆天数: 33天 / 1409天
等级: 127
石头: 66
呼符: 6
体力: 48167.89333333333 / 137
友情点: 0 / 1151410`
*連続ログイン5日目
※ログインが途切れるか、7日到達すると
1日目から再開されます*
`叡智の業火 X 2
10月交換券(2023) X 1
`*ワンジナ・ワールドツアー！ ～大精霊と巡る世界一周～開幕記念 ログインボーナス*
*開催期間中、1日1回 最大21回ログインボーナスをプレゼント！*
`黄金の果実 X 1
`_2023-10-04 19:40:16_
--------
*dcf734638b8334ef199302253a06e093*
`登陆天数: 33天 / 1289天
等级: 125
石头: 502
呼符: 0
体力: 14220.746666666666 / 137
友情点: 0 / 1035050`
*連続ログイン5日目
※ログインが途切れるか、7日到達すると
1日目から再開されます*
`叡智の業火 X 2
10月交換券(2023) X 1
`*ワンジナ・ワールドツアー！ ～大精霊と巡る世界一周～開幕記念 ログインボーナス*
*開催期間中、1日1回 最大21回ログインボーナスをプレゼント！*
`黄金の果実 X 1
`_2023-10-04 19:40:24_
--------
*47f309e11f595c830d1447d77b47d8a0*
`登陆天数: 33天 / 1385天
等级: 126
石头: 685
呼符: 1
体力: 12175.826666666666 / 137
友情点: 110 / 959140`
*連続ログイン5日目
※ログインが途切れるか、7日到達すると
1日目から再開されます*
`叡智の業火 X 2
10月交換券(2023) X 1
`*ワンジナ・ワールドツアー！ ～大精霊と巡る世界一周～開幕記念 ログインボーナス*
*開催期間中、1日1回 最大21回ログインボーナスをプレゼント！*
`黄金の果実 X 1
`_2023-10-04 19:40:34_
--------
*a602c44e0f8456741b30f0caf4753a39*
`登陆天数: 49天 / 1318天
等级: 142
石头: 6
呼符: 0
体力: 198.4 / 140
友情点: 250 / 185795`
*連続ログイン7日間到達おめでとうございます！
明日は1日目からリスタートされます。*
`獣の足跡 X 1
呼符 X 1
10月交換券(2023) X 1
`*ワンジナ・ワールドツアー！ ～大精霊と巡る世界一周～開幕記念 ログインボーナス*
*開催期間中、1日1回 最大21回ログインボーナスをプレゼント！*
`白銀の果実 X 1
`_2023-10-04 19:40:43_
--------
