【登录信息】
*b5e6a05282bde158c1ffe9d4d9788373*
`登陆天数: 36天 / 1319天
等级: 125
石头: 630
呼符: 0
体力: 46460.82 / 137
友情点: 0 / 1142815`
*連続ログイン1日目
※ログインが途切れるか、7日到達すると
1日目から再開されます*
`フレンドポイント X 2000
10月交換券(2023) X 1
`*ワンジナ・ワールドツアー！ ～大精霊と巡る世界一周～開幕記念 ログインボーナス*
*開催期間中、1日1回 最大21回ログインボーナスをプレゼント！*
`白銀の果実 X 1
`_2023-10-07 19:38:15_
--------
*eb20c8954ecb148daacdac59c3a0b2e8*
`登陆天数: 36天 / 1302天
等级: 125
石头: 634
呼符: 34
体力: 18190.133333333335 / 137
友情点: 0 / 1144045`
*連続ログイン1日目
※ログインが途切れるか、7日到達すると
1日目から再開されます*
`フレンドポイント X 2000
10月交換券(2023) X 1
`*ワンジナ・ワールドツアー！ ～大精霊と巡る世界一周～開幕記念 ログインボーナス*
*開催期間中、1日1回 最大21回ログインボーナスをプレゼント！*
`白銀の果実 X 1
`_2023-10-07 19:38:24_
--------
*620476f0f61795fd355f2a9e3fb24e54*
`登陆天数: 36天 / 1369天
等级: 125
石头: 304
呼符: 2
体力: 47166.806666666664 / 137
友情点: 0 / 1143295`
*連続ログイン1日目
※ログインが途切れるか、7日到達すると
1日目から再開されます*
`フレンドポイント X 2000
10月交換券(2023) X 1
`*ワンジナ・ワールドツアー！ ～大精霊と巡る世界一周～開幕記念 ログインボーナス*
*開催期間中、1日1回 最大21回ログインボーナスをプレゼント！*
`白銀の果実 X 1
`_2023-10-07 19:38:33_
--------
*8a4af26995de6f135fbb0fdafa2e0424*
`登陆天数: 36天 / 1347天
等级: 125
石头: 387
呼符: 22
体力: 46883.07 / 137
友情点: 0 / 1126525`
*連続ログイン1日目
※ログインが途切れるか、7日到達すると
1日目から再開されます*
`フレンドポイント X 2000
10月交換券(2023) X 1
`*ワンジナ・ワールドツアー！ ～大精霊と巡る世界一周～開幕記念 ログインボーナス*
*開催期間中、1日1回 最大21回ログインボーナスをプレゼント！*
`白銀の果実 X 1
`_2023-10-07 19:38:43_
--------
*69a508b93367b043329d175aca01015e*
`登陆天数: 36天 / 1185天
等级: 125
石头: 556
呼符: 30
体力: 90019.08 / 137
友情点: 0 / 891575`
*連続ログイン1日目
※ログインが途切れるか、7日到達すると
1日目から再開されます*
`フレンドポイント X 2000
10月交換券(2023) X 1
`*ワンジナ・ワールドツアー！ ～大精霊と巡る世界一周～開幕記念 ログインボーナス*
*開催期間中、1日1回 最大21回ログインボーナスをプレゼント！*
`白銀の果実 X 1
`_2023-10-07 19:38:52_
--------
*05c7889868efad05a84b961c94cc9b2c*
`登陆天数: 36天 / 1400天
等级: 125
石头: 894
呼符: 21
体力: 59105.10333333333 / 137
友情点: 0 / 1084815`
*連続ログイン1日目
※ログインが途切れるか、7日到達すると
1日目から再開されます*
`フレンドポイント X 2000
10月交換券(2023) X 1
`*ワンジナ・ワールドツアー！ ～大精霊と巡る世界一周～開幕記念 ログインボーナス*
*開催期間中、1日1回 最大21回ログインボーナスをプレゼント！*
`白銀の果実 X 1
`_2023-10-07 19:39:00_
--------
*41c8ea3cfa831059a6c57fddf5a2e62d*
`登陆天数: 36天 / 1354天
等级: 125
石头: 34
呼符: 0
体力: 38507.34333333333 / 137
友情点: 0 / 711875`
*連続ログイン1日目
※ログインが途切れるか、7日到達すると
1日目から再開されます*
`フレンドポイント X 2000
10月交換券(2023) X 1
`*ワンジナ・ワールドツアー！ ～大精霊と巡る世界一周～開幕記念 ログインボーナス*
*開催期間中、1日1回 最大21回ログインボーナスをプレゼント！*
`白銀の果実 X 1
`_2023-10-07 19:39:09_
--------
*790b887791ca4de4345ea61d5bd657e4*
`登陆天数: 36天 / 1355天
等级: 125
石头: 21
呼符: 37
体力: 46458.26666666667 / 137
友情点: 0 / 847305`
*連続ログイン1日目
※ログインが途切れるか、7日到達すると
1日目から再開されます*
`フレンドポイント X 2000
10月交換券(2023) X 1
`*ワンジナ・ワールドツアー！ ～大精霊と巡る世界一周～開幕記念 ログインボーナス*
*開催期間中、1日1回 最大21回ログインボーナスをプレゼント！*
`白銀の果実 X 1
`_2023-10-07 19:39:19_
--------
*82f6295e189793da0ef43b4029c85eca*
`登陆天数: 36天 / 1406天
等级: 126
石头: 14
呼符: 0
体力: 11161.853333333333 / 137
友情点: 120 / 356290`
*連続ログイン1日目
※ログインが途切れるか、7日到達すると
1日目から再開されます*
`フレンドポイント X 2000
10月交換券(2023) X 1
`*ワンジナ・ワールドツアー！ ～大精霊と巡る世界一周～開幕記念 ログインボーナス*
*開催期間中、1日1回 最大21回ログインボーナスをプレゼント！*
`白銀の果実 X 1
`_2023-10-07 19:39:31_
--------
*c595c4468dd490bdb5e143c788cd36e0*
`登陆天数: 35天 / 1355天
等级: 142
石头: 19
呼符: 1
体力: 9594.256666666666 / 140
友情点: 0 / 2242445`
*連続ログイン7日間到達おめでとうございます！
明日は1日目からリスタートされます。*
`獣の足跡 X 1
呼符 X 1
10月交換券(2023) X 1
`*ワンジナ・ワールドツアー！ ～大精霊と巡る世界一周～開幕記念 ログインボーナス*
*開催期間中、1日1回 最大21回ログインボーナスをプレゼント！*
`白銀の果実 X 1
`_2023-10-07 19:39:40_
--------
*47f309e11f595c830d1447d77b47d8a0*
`登陆天数: 36天 / 1370天
等级: 126
石头: 8
呼符: 0
体力: 14590.143333333333 / 137
友情点: 130 / 1103130`
*連続ログイン1日目
※ログインが途切れるか、7日到達すると
1日目から再開されます*
`フレンドポイント X 2000
10月交換券(2023) X 1
`*ワンジナ・ワールドツアー！ ～大精霊と巡る世界一周～開幕記念 ログインボーナス*
*開催期間中、1日1回 最大21回ログインボーナスをプレゼント！*
`白銀の果実 X 1
`_2023-10-07 19:39:49_
--------
*7686ae2a105ec6cc5551581fc7487546*
`登陆天数: 36天 / 1412天
等级: 127
石头: 66
呼符: 6
体力: 49031.833333333336 / 137
友情点: 0 / 1151410`
*連続ログイン1日目
※ログインが途切れるか、7日到達すると
1日目から再開されます*
`フレンドポイント X 2000
10月交換券(2023) X 1
`*ワンジナ・ワールドツアー！ ～大精霊と巡る世界一周～開幕記念 ログインボーナス*
*開催期間中、1日1回 最大21回ログインボーナスをプレゼント！*
`白銀の果実 X 1
`_2023-10-07 19:39:58_
--------
*dcf734638b8334ef199302253a06e093*
`登陆天数: 36天 / 1292天
等级: 125
石头: 502
呼符: 0
体力: 15084.683333333332 / 137
友情点: 0 / 1035050`
*連続ログイン1日目
※ログインが途切れるか、7日到達すると
1日目から再開されます*
`フレンドポイント X 2000
10月交換券(2023) X 1
`*ワンジナ・ワールドツアー！ ～大精霊と巡る世界一周～開幕記念 ログインボーナス*
*開催期間中、1日1回 最大21回ログインボーナスをプレゼント！*
`白銀の果実 X 1
`_2023-10-07 19:40:06_
--------
*47f309e11f595c830d1447d77b47d8a0*
`登陆天数: 36天 / 1388天
等级: 126
石头: 685
呼符: 1
体力: 13039.766666666666 / 137
友情点: 40 / 959670`
*連続ログイン1日目
※ログインが途切れるか、7日到達すると
1日目から再開されます*
`フレンドポイント X 2000
10月交換券(2023) X 1
`*ワンジナ・ワールドツアー！ ～大精霊と巡る世界一周～開幕記念 ログインボーナス*
*開催期間中、1日1回 最大21回ログインボーナスをプレゼント！*
`白銀の果実 X 1
`_2023-10-07 19:40:16_
--------
*a602c44e0f8456741b30f0caf4753a39*
`登陆天数: 52天 / 1321天
等级: 142
石头: 4
呼符: 0
体力: 53.55 / 140
友情点: 50 / 189000`
*連続ログイン3日目
※ログインが途切れるか、7日到達すると
1日目から再開されます*
`叡智の業火 X 1
10月交換券(2023) X 1
`*ワンジナ・ワールドツアー！ ～大精霊と巡る世界一周～開幕記念 ログインボーナス*
*開催期間中、1日1回 最大21回ログインボーナスをプレゼント！*
`白銀の果実 X 1
`_2023-10-07 19:40:25_
--------
