【登录信息】
*b5e6a05282bde158c1ffe9d4d9788373*
`登陆天数: 38天 / 1321天
等级: 125
石头: 630
呼符: 0
体力: 47036.87 / 137
友情点: 0 / 1142815`
*連続ログイン3日目
※ログインが途切れるか、7日到達すると
1日目から再開されます*
`叡智の業火 X 1
10月交換券(2023) X 1
`*ワンジナ・ワールドツアー！ ～大精霊と巡る世界一周～開幕記念 ログインボーナス*
*開催期間中、1日1回 最大21回ログインボーナスをプレゼント！*
`白銀の果実 X 1
`_2023-10-09 19:38:30_
--------
*eb20c8954ecb148daacdac59c3a0b2e8*
`登陆天数: 38天 / 1304天
等级: 125
石头: 634
呼符: 34
体力: 18766.183333333334 / 137
友情点: 0 / 1144045`
*連続ログイン3日目
※ログインが途切れるか、7日到達すると
1日目から再開されます*
`叡智の業火 X 1
10月交換券(2023) X 1
`*ワンジナ・ワールドツアー！ ～大精霊と巡る世界一周～開幕記念 ログインボーナス*
*開催期間中、1日1回 最大21回ログインボーナスをプレゼント！*
`白銀の果実 X 1
`_2023-10-09 19:38:39_
--------
*620476f0f61795fd355f2a9e3fb24e54*
`登陆天数: 38天 / 1371天
等级: 125
石头: 304
呼符: 2
体力: 47742.85666666667 / 137
友情点: 0 / 1143295`
*連続ログイン3日目
※ログインが途切れるか、7日到達すると
1日目から再開されます*
`叡智の業火 X 1
10月交換券(2023) X 1
`*ワンジナ・ワールドツアー！ ～大精霊と巡る世界一周～開幕記念 ログインボーナス*
*開催期間中、1日1回 最大21回ログインボーナスをプレゼント！*
`白銀の果実 X 1
`_2023-10-09 19:38:48_
--------
*8a4af26995de6f135fbb0fdafa2e0424*
`登陆天数: 38天 / 1349天
等级: 125
石头: 387
呼符: 22
体力: 47459.12 / 137
友情点: 0 / 1126525`
*連続ログイン3日目
※ログインが途切れるか、7日到達すると
1日目から再開されます*
`叡智の業火 X 1
10月交換券(2023) X 1
`*ワンジナ・ワールドツアー！ ～大精霊と巡る世界一周～開幕記念 ログインボーナス*
*開催期間中、1日1回 最大21回ログインボーナスをプレゼント！*
`白銀の果実 X 1
`_2023-10-09 19:38:58_
--------
*69a508b93367b043329d175aca01015e*
`登陆天数: 38天 / 1187天
等级: 125
石头: 556
呼符: 30
体力: 90595.13 / 137
友情点: 0 / 891575`
*連続ログイン3日目
※ログインが途切れるか、7日到達すると
1日目から再開されます*
`叡智の業火 X 1
10月交換券(2023) X 1
`*ワンジナ・ワールドツアー！ ～大精霊と巡る世界一周～開幕記念 ログインボーナス*
*開催期間中、1日1回 最大21回ログインボーナスをプレゼント！*
`白銀の果実 X 1
`_2023-10-09 19:39:07_
--------
*05c7889868efad05a84b961c94cc9b2c*
`登陆天数: 38天 / 1402天
等级: 125
石头: 894
呼符: 21
体力: 59681.15 / 137
友情点: 0 / 1084815`
*連続ログイン3日目
※ログインが途切れるか、7日到達すると
1日目から再開されます*
`叡智の業火 X 1
10月交換券(2023) X 1
`*ワンジナ・ワールドツアー！ ～大精霊と巡る世界一周～開幕記念 ログインボーナス*
*開催期間中、1日1回 最大21回ログインボーナスをプレゼント！*
`白銀の果実 X 1
`_2023-10-09 19:39:15_
--------
*41c8ea3cfa831059a6c57fddf5a2e62d*
`登陆天数: 38天 / 1356天
等级: 125
石头: 34
呼符: 0
体力: 39083.39 / 137
友情点: 0 / 711875`
*連続ログイン3日目
※ログインが途切れるか、7日到達すると
1日目から再開されます*
`叡智の業火 X 1
10月交換券(2023) X 1
`*ワンジナ・ワールドツアー！ ～大精霊と巡る世界一周～開幕記念 ログインボーナス*
*開催期間中、1日1回 最大21回ログインボーナスをプレゼント！*
`白銀の果実 X 1
`_2023-10-09 19:39:24_
--------
*790b887791ca4de4345ea61d5bd657e4*
`登陆天数: 38天 / 1357天
等级: 125
石头: 21
呼符: 37
体力: 47034.316666666666 / 137
友情点: 0 / 847305`
*連続ログイン3日目
※ログインが途切れるか、7日到達すると
1日目から再開されます*
`叡智の業火 X 1
10月交換券(2023) X 1
`*ワンジナ・ワールドツアー！ ～大精霊と巡る世界一周～開幕記念 ログインボーナス*
*開催期間中、1日1回 最大21回ログインボーナスをプレゼント！*
`白銀の果実 X 1
`_2023-10-09 19:39:33_
--------
*82f6295e189793da0ef43b4029c85eca*
`登陆天数: 38天 / 1408天
等级: 126
石头: 14
呼符: 0
体力: 11737.9 / 137
友情点: 30 / 356410`
*連続ログイン3日目
※ログインが途切れるか、7日到達すると
1日目から再開されます*
`叡智の業火 X 1
10月交換券(2023) X 1
`*ワンジナ・ワールドツアー！ ～大精霊と巡る世界一周～開幕記念 ログインボーナス*
*開催期間中、1日1回 最大21回ログインボーナスをプレゼント！*
`白銀の果実 X 1
`_2023-10-09 19:39:46_
--------
*c595c4468dd490bdb5e143c788cd36e0*
`登陆天数: 37天 / 1357天
等级: 142
石头: 19
呼符: 1
体力: 10170.303333333333 / 140
友情点: 80 / 2242525`
*連続ログイン2日目
※ログインが途切れるか、7日到達すると
1日目から再開されます*
`聖晶石 X 1
10月交換券(2023) X 1
`*ワンジナ・ワールドツアー！ ～大精霊と巡る世界一周～開幕記念 ログインボーナス*
*開催期間中、1日1回 最大21回ログインボーナスをプレゼント！*
`白銀の果実 X 1
`_2023-10-09 19:39:55_
--------
*47f309e11f595c830d1447d77b47d8a0*
`登陆天数: 38天 / 1372天
等级: 126
石头: 8
呼符: 0
体力: 15166.193333333333 / 137
友情点: 50 / 1103260`
*連続ログイン3日目
※ログインが途切れるか、7日到達すると
1日目から再開されます*
`叡智の業火 X 1
10月交換券(2023) X 1
`*ワンジナ・ワールドツアー！ ～大精霊と巡る世界一周～開幕記念 ログインボーナス*
*開催期間中、1日1回 最大21回ログインボーナスをプレゼント！*
`白銀の果実 X 1
`_2023-10-09 19:40:04_
--------
*7686ae2a105ec6cc5551581fc7487546*
`登陆天数: 38天 / 1414天
等级: 127
石头: 66
呼符: 6
体力: 49607.88333333333 / 137
友情点: 0 / 1151410`
*連続ログイン3日目
※ログインが途切れるか、7日到達すると
1日目から再開されます*
`叡智の業火 X 1
10月交換券(2023) X 1
`*ワンジナ・ワールドツアー！ ～大精霊と巡る世界一周～開幕記念 ログインボーナス*
*開催期間中、1日1回 最大21回ログインボーナスをプレゼント！*
`白銀の果実 X 1
`_2023-10-09 19:40:13_
--------
*dcf734638b8334ef199302253a06e093*
`登陆天数: 38天 / 1294天
等级: 125
石头: 502
呼符: 0
体力: 15660.733333333334 / 137
友情点: 0 / 1035050`
*連続ログイン3日目
※ログインが途切れるか、7日到達すると
1日目から再開されます*
`叡智の業火 X 1
10月交換券(2023) X 1
`*ワンジナ・ワールドツアー！ ～大精霊と巡る世界一周～開幕記念 ログインボーナス*
*開催期間中、1日1回 最大21回ログインボーナスをプレゼント！*
`白銀の果実 X 1
`_2023-10-09 19:40:21_
--------
*47f309e11f595c830d1447d77b47d8a0*
`登陆天数: 38天 / 1390天
等级: 126
石头: 685
呼符: 1
体力: 13615.816666666668 / 137
友情点: 170 / 961530`
*連続ログイン3日目
※ログインが途切れるか、7日到達すると
1日目から再開されます*
`叡智の業火 X 1
10月交換券(2023) X 1
`*ワンジナ・ワールドツアー！ ～大精霊と巡る世界一周～開幕記念 ログインボーナス*
*開催期間中、1日1回 最大21回ログインボーナスをプレゼント！*
`白銀の果実 X 1
`_2023-10-09 19:40:31_
--------
*a602c44e0f8456741b30f0caf4753a39*
`登陆天数: 54天 / 1323天
等级: 142
石头: 4
呼符: 0
体力: 629.6 / 140
友情点: 70 / 189125`
*連続ログイン5日目
※ログインが途切れるか、7日到達すると
1日目から再開されます*
`叡智の業火 X 2
10月交換券(2023) X 1
`*ワンジナ・ワールドツアー！ ～大精霊と巡る世界一周～開幕記念 ログインボーナス*
*開催期間中、1日1回 最大21回ログインボーナスをプレゼント！*
`白銀の果実 X 1
`_2023-10-09 19:40:40_
--------
