【登录信息】
*b5e6a05282bde158c1ffe9d4d9788373*
`登陆天数: 40天 / 1323天
等级: 125
石头: 630
呼符: 0
体力: 47612.84333333333 / 137
友情点: 0 / 1142815`
*連続ログイン5日目
※ログインが途切れるか、7日到達すると
1日目から再開されます*
`叡智の業火 X 2
10月交換券(2023) X 1
`*日替りログインボーナス*
*開催期間中、1日1回 2週間日替りでログインボーナスをプレゼント！*
`巡霊の葉 X 30
`_2023-10-11 19:38:22_
--------
*eb20c8954ecb148daacdac59c3a0b2e8*
`登陆天数: 40天 / 1306天
等级: 125
石头: 634
呼符: 34
体力: 19342.156666666666 / 137
友情点: 0 / 1144045`
*連続ログイン5日目
※ログインが途切れるか、7日到達すると
1日目から再開されます*
`叡智の業火 X 2
10月交換券(2023) X 1
`*日替りログインボーナス*
*開催期間中、1日1回 2週間日替りでログインボーナスをプレゼント！*
`巡霊の葉 X 30
`_2023-10-11 19:38:32_
--------
*620476f0f61795fd355f2a9e3fb24e54*
`登陆天数: 40天 / 1373天
等级: 125
石头: 304
呼符: 2
体力: 48318.833333333336 / 137
友情点: 0 / 1143295`
*連続ログイン5日目
※ログインが途切れるか、7日到達すると
1日目から再開されます*
`叡智の業火 X 2
10月交換券(2023) X 1
`*日替りログインボーナス*
*開催期間中、1日1回 2週間日替りでログインボーナスをプレゼント！*
`巡霊の葉 X 30
`_2023-10-11 19:38:41_
--------
*8a4af26995de6f135fbb0fdafa2e0424*
`登陆天数: 40天 / 1351天
等级: 125
石头: 387
呼符: 22
体力: 48035.096666666665 / 137
友情点: 0 / 1126525`
*連続ログイン5日目
※ログインが途切れるか、7日到達すると
1日目から再開されます*
`叡智の業火 X 2
10月交換券(2023) X 1
`*日替りログインボーナス*
*開催期間中、1日1回 2週間日替りでログインボーナスをプレゼント！*
`巡霊の葉 X 30
`_2023-10-11 19:38:50_
--------
*69a508b93367b043329d175aca01015e*
`登陆天数: 40天 / 1189天
等级: 125
石头: 556
呼符: 30
体力: 91171.10666666667 / 137
友情点: 0 / 891575`
*連続ログイン5日目
※ログインが途切れるか、7日到達すると
1日目から再開されます*
`叡智の業火 X 2
10月交換券(2023) X 1
`*日替りログインボーナス*
*開催期間中、1日1回 2週間日替りでログインボーナスをプレゼント！*
`巡霊の葉 X 30
`_2023-10-11 19:39:00_
--------
*05c7889868efad05a84b961c94cc9b2c*
`登陆天数: 40天 / 1404天
等级: 125
石头: 894
呼符: 21
体力: 60257.13 / 137
友情点: 0 / 1084815`
*連続ログイン5日目
※ログインが途切れるか、7日到達すると
1日目から再開されます*
`叡智の業火 X 2
10月交換券(2023) X 1
`*日替りログインボーナス*
*開催期間中、1日1回 2週間日替りでログインボーナスをプレゼント！*
`巡霊の葉 X 30
`_2023-10-11 19:39:09_
--------
*41c8ea3cfa831059a6c57fddf5a2e62d*
`登陆天数: 40天 / 1358天
等级: 125
石头: 34
呼符: 0
体力: 39659.37333333334 / 137
友情点: 0 / 711875`
*連続ログイン5日目
※ログインが途切れるか、7日到達すると
1日目から再開されます*
`叡智の業火 X 2
10月交換券(2023) X 1
`*日替りログインボーナス*
*開催期間中、1日1回 2週間日替りでログインボーナスをプレゼント！*
`巡霊の葉 X 30
`_2023-10-11 19:39:18_
--------
*790b887791ca4de4345ea61d5bd657e4*
`登陆天数: 40天 / 1359天
等级: 125
石头: 21
呼符: 37
体力: 47610.29666666667 / 137
友情点: 0 / 847305`
*連続ログイン5日目
※ログインが途切れるか、7日到達すると
1日目から再開されます*
`叡智の業火 X 2
10月交換券(2023) X 1
`*日替りログインボーナス*
*開催期間中、1日1回 2週間日替りでログインボーナスをプレゼント！*
`巡霊の葉 X 30
`_2023-10-11 19:39:27_
--------
*82f6295e189793da0ef43b4029c85eca*
`登陆天数: 40天 / 1410天
等级: 126
石头: 14
呼符: 0
体力: 12313.88 / 137
友情点: 190 / 356700`
*連続ログイン5日目
※ログインが途切れるか、7日到達すると
1日目から再開されます*
`叡智の業火 X 2
10月交換券(2023) X 1
`*日替りログインボーナス*
*開催期間中、1日1回 2週間日替りでログインボーナスをプレゼント！*
`巡霊の葉 X 30
`_2023-10-11 19:39:40_
--------
*c595c4468dd490bdb5e143c788cd36e0*
`登陆天数: 39天 / 1359天
等级: 142
石头: 19
呼符: 1
体力: 10746.283333333333 / 140
友情点: 60 / 2252915`
*連続ログイン4日目
※ログインが途切れるか、7日到達すると
1日目から再開されます*
`聖晶石 X 1
10月交換券(2023) X 1
`*日替りログインボーナス*
*開催期間中、1日1回 2週間日替りでログインボーナスをプレゼント！*
`巡霊の葉 X 30
`_2023-10-11 19:39:49_
--------
*47f309e11f595c830d1447d77b47d8a0*
`登陆天数: 40天 / 1374天
等级: 126
石头: 8
呼符: 0
体力: 15742.173333333334 / 137
友情点: 130 / 1103505`
*連続ログイン5日目
※ログインが途切れるか、7日到達すると
1日目から再開されます*
`叡智の業火 X 2
10月交換券(2023) X 1
`*日替りログインボーナス*
*開催期間中、1日1回 2週間日替りでログインボーナスをプレゼント！*
`巡霊の葉 X 30
`_2023-10-11 19:39:58_
--------
*7686ae2a105ec6cc5551581fc7487546*
`登陆天数: 40天 / 1416天
等级: 127
石头: 66
呼符: 6
体力: 50183.863333333335 / 137
友情点: 0 / 1151410`
*連続ログイン5日目
※ログインが途切れるか、7日到達すると
1日目から再開されます*
`叡智の業火 X 2
10月交換券(2023) X 1
`*日替りログインボーナス*
*開催期間中、1日1回 2週間日替りでログインボーナスをプレゼント！*
`巡霊の葉 X 30
`_2023-10-11 19:40:07_
--------
*dcf734638b8334ef199302253a06e093*
`登陆天数: 40天 / 1296天
等级: 125
石头: 502
呼符: 0
体力: 16236.716666666667 / 137
友情点: 0 / 1035050`
*連続ログイン5日目
※ログインが途切れるか、7日到達すると
1日目から再開されます*
`叡智の業火 X 2
10月交換券(2023) X 1
`*日替りログインボーナス*
*開催期間中、1日1回 2週間日替りでログインボーナスをプレゼント！*
`巡霊の葉 X 30
`_2023-10-11 19:40:16_
--------
*47f309e11f595c830d1447d77b47d8a0*
`登陆天数: 40天 / 1392天
等级: 126
石头: 685
呼符: 1
体力: 14191.8 / 137
友情点: 130 / 961740`
*連続ログイン5日目
※ログインが途切れるか、7日到達すると
1日目から再開されます*
`叡智の業火 X 2
10月交換券(2023) X 1
`*日替りログインボーナス*
*開催期間中、1日1回 2週間日替りでログインボーナスをプレゼント！*
`巡霊の葉 X 30
`_2023-10-11 19:40:26_
--------
*a602c44e0f8456741b30f0caf4753a39*
`登陆天数: 56天 / 1325天
等级: 142
石头: 0
呼符: 0
体力: 352.62333333333333 / 140
友情点: 140 / 189915`
*連続ログイン7日間到達おめでとうございます！
明日は1日目からリスタートされます。*
`獣の足跡 X 1
呼符 X 1
10月交換券(2023) X 1
`*日替りログインボーナス*
*開催期間中、1日1回 2週間日替りでログインボーナスをプレゼント！*
`巡霊の葉 X 30
`_2023-10-11 19:40:34_
--------
