【登录信息】
*b5e6a05282bde158c1ffe9d4d9788373*
`登陆天数: 41天 / 1324天
等级: 125
石头: 630
呼符: 0
体力: 47900.89 / 137
友情点: 0 / 1142815`
*連続ログイン6日目
※ログインが途切れるか、7日到達すると
1日目から再開されます*
`聖晶石 X 2
10月交換券(2023) X 1
`*日替りログインボーナス*
*開催期間中、1日1回 2週間日替りでログインボーナスをプレゼント！*
`巡霊の葉 X 30
`_2023-10-12 19:38:36_
--------
*eb20c8954ecb148daacdac59c3a0b2e8*
`登陆天数: 41天 / 1307天
等级: 125
石头: 634
呼符: 34
体力: 19630.203333333335 / 137
友情点: 0 / 1144045`
*連続ログイン6日目
※ログインが途切れるか、7日到達すると
1日目から再開されます*
`聖晶石 X 2
10月交換券(2023) X 1
`*日替りログインボーナス*
*開催期間中、1日1回 2週間日替りでログインボーナスをプレゼント！*
`巡霊の葉 X 30
`_2023-10-12 19:38:45_
--------
*620476f0f61795fd355f2a9e3fb24e54*
`登陆天数: 41天 / 1374天
等级: 125
石头: 304
呼符: 2
体力: 48606.87666666666 / 137
友情点: 0 / 1143295`
*連続ログイン6日目
※ログインが途切れるか、7日到達すると
1日目から再開されます*
`聖晶石 X 2
10月交換券(2023) X 1
`*日替りログインボーナス*
*開催期間中、1日1回 2週間日替りでログインボーナスをプレゼント！*
`巡霊の葉 X 30
`_2023-10-12 19:38:54_
--------
*8a4af26995de6f135fbb0fdafa2e0424*
`登陆天数: 41天 / 1352天
等级: 125
石头: 387
呼符: 22
体力: 48323.14 / 137
友情点: 0 / 1126525`
*連続ログイン6日目
※ログインが途切れるか、7日到達すると
1日目から再開されます*
`聖晶石 X 2
10月交換券(2023) X 1
`*日替りログインボーナス*
*開催期間中、1日1回 2週間日替りでログインボーナスをプレゼント！*
`巡霊の葉 X 30
`_2023-10-12 19:39:03_
--------
*69a508b93367b043329d175aca01015e*
`登陆天数: 41天 / 1190天
等级: 125
石头: 556
呼符: 30
体力: 91459.14666666667 / 137
友情点: 0 / 891575`
*連続ログイン6日目
※ログインが途切れるか、7日到達すると
1日目から再開されます*
`聖晶石 X 2
10月交換券(2023) X 1
`*日替りログインボーナス*
*開催期間中、1日1回 2週間日替りでログインボーナスをプレゼント！*
`巡霊の葉 X 30
`_2023-10-12 19:39:12_
--------
*05c7889868efad05a84b961c94cc9b2c*
`登陆天数: 41天 / 1405天
等级: 125
石头: 894
呼符: 21
体力: 60545.166666666664 / 137
友情点: 0 / 1084815`
*連続ログイン6日目
※ログインが途切れるか、7日到達すると
1日目から再開されます*
`聖晶石 X 2
10月交換券(2023) X 1
`*日替りログインボーナス*
*開催期間中、1日1回 2週間日替りでログインボーナスをプレゼント！*
`巡霊の葉 X 30
`_2023-10-12 19:39:20_
--------
*41c8ea3cfa831059a6c57fddf5a2e62d*
`登陆天数: 41天 / 1359天
等级: 125
石头: 34
呼符: 0
体力: 39947.40666666667 / 137
友情点: 0 / 711875`
*連続ログイン6日目
※ログインが途切れるか、7日到達すると
1日目から再開されます*
`聖晶石 X 2
10月交換券(2023) X 1
`*日替りログインボーナス*
*開催期間中、1日1回 2週間日替りでログインボーナスをプレゼント！*
`巡霊の葉 X 30
`_2023-10-12 19:39:29_
--------
*790b887791ca4de4345ea61d5bd657e4*
`登陆天数: 41天 / 1360天
等级: 125
石头: 21
呼符: 37
体力: 47898.32666666667 / 137
友情点: 0 / 847305`
*連続ログイン6日目
※ログインが途切れるか、7日到達すると
1日目から再開されます*
`聖晶石 X 2
10月交換券(2023) X 1
`*日替りログインボーナス*
*開催期間中、1日1回 2週間日替りでログインボーナスをプレゼント！*
`巡霊の葉 X 30
`_2023-10-12 19:39:37_
--------
*82f6295e189793da0ef43b4029c85eca*
`登陆天数: 41天 / 1411天
等级: 126
石头: 14
呼符: 0
体力: 12601.913333333334 / 137
友情点: 150 / 356860`
*連続ログイン6日目
※ログインが途切れるか、7日到達すると
1日目から再開されます*
`聖晶石 X 2
10月交換券(2023) X 1
`*日替りログインボーナス*
*開催期間中、1日1回 2週間日替りでログインボーナスをプレゼント！*
`巡霊の葉 X 30
`_2023-10-12 19:39:50_
--------
*c595c4468dd490bdb5e143c788cd36e0*
`登陆天数: 40天 / 1360天
等级: 142
石头: 19
呼符: 1
体力: 11034.316666666668 / 140
友情点: 0 / 2253515`
*連続ログイン5日目
※ログインが途切れるか、7日到達すると
1日目から再開されます*
`叡智の業火 X 2
10月交換券(2023) X 1
`*日替りログインボーナス*
*開催期間中、1日1回 2週間日替りでログインボーナスをプレゼント！*
`巡霊の葉 X 30
`_2023-10-12 19:39:58_
--------
*47f309e11f595c830d1447d77b47d8a0*
`登陆天数: 41天 / 1375天
等级: 126
石头: 8
呼符: 0
体力: 16030.203333333333 / 137
友情点: 20 / 1103525`
*連続ログイン6日目
※ログインが途切れるか、7日到達すると
1日目から再開されます*
`聖晶石 X 2
10月交換券(2023) X 1
`*日替りログインボーナス*
*開催期間中、1日1回 2週間日替りでログインボーナスをプレゼント！*
`巡霊の葉 X 30
`_2023-10-12 19:40:07_
--------
*7686ae2a105ec6cc5551581fc7487546*
`登陆天数: 41天 / 1417天
等级: 127
石头: 66
呼符: 6
体力: 50471.89 / 137
友情点: 0 / 1151410`
*連続ログイン6日目
※ログインが途切れるか、7日到達すると
1日目から再開されます*
`聖晶石 X 2
10月交換券(2023) X 1
`*日替りログインボーナス*
*開催期間中、1日1回 2週間日替りでログインボーナスをプレゼント！*
`巡霊の葉 X 30
`_2023-10-12 19:40:15_
--------
*dcf734638b8334ef199302253a06e093*
`登陆天数: 41天 / 1297天
等级: 125
石头: 502
呼符: 0
体力: 16524.74 / 137
友情点: 0 / 1035050`
*連続ログイン6日目
※ログインが途切れるか、7日到達すると
1日目から再開されます*
`聖晶石 X 2
10月交換券(2023) X 1
`*日替りログインボーナス*
*開催期間中、1日1回 2週間日替りでログインボーナスをプレゼント！*
`巡霊の葉 X 30
`_2023-10-12 19:40:23_
--------
*47f309e11f595c830d1447d77b47d8a0*
`登陆天数: 41天 / 1393天
等级: 126
石头: 685
呼符: 1
体力: 14479.823333333334 / 137
友情点: 60 / 961800`
*連続ログイン6日目
※ログインが途切れるか、7日到達すると
1日目から再開されます*
`聖晶石 X 2
10月交換券(2023) X 1
`*日替りログインボーナス*
*開催期間中、1日1回 2週間日替りでログインボーナスをプレゼント！*
`巡霊の葉 X 30
`_2023-10-12 19:40:32_
--------
*a602c44e0f8456741b30f0caf4753a39*
`登陆天数: 57天 / 1326天
等级: 142
石头: 5
呼符: 0
体力: 89.63666666666666 / 140
友情点: 20 / 190465`
*連続ログイン1日目
※ログインが途切れるか、7日到達すると
1日目から再開されます*
`フレンドポイント X 2000
10月交換券(2023) X 1
`*日替りログインボーナス*
*開催期間中、1日1回 2週間日替りでログインボーナスをプレゼント！*
`巡霊の葉 X 30
`_2023-10-12 19:40:41_
--------
