【登录信息】
*b5e6a05282bde158c1ffe9d4d9788373*
`登陆天数: 42天 / 1325天
等级: 125
石头: 630
呼符: 0
体力: 48188.88333333333 / 137
友情点: 0 / 1142815`
*連続ログイン7日間到達おめでとうございます！
明日は1日目からリスタートされます。*
`獣の足跡 X 1
呼符 X 1
10月交換券(2023) X 1
`*日替りログインボーナス*
*開催期間中、1日1回 2週間日替りでログインボーナスをプレゼント！*
`聖晶石 X 2
巡霊の葉 X 100
`_2023-10-13 19:38:34_
--------
*eb20c8954ecb148daacdac59c3a0b2e8*
`登陆天数: 42天 / 1308天
等级: 125
石头: 634
呼符: 34
体力: 19918.193333333333 / 137
友情点: 0 / 1144045`
*連続ログイン7日間到達おめでとうございます！
明日は1日目からリスタートされます。*
`獣の足跡 X 1
呼符 X 1
10月交換券(2023) X 1
`*日替りログインボーナス*
*開催期間中、1日1回 2週間日替りでログインボーナスをプレゼント！*
`聖晶石 X 2
巡霊の葉 X 100
`_2023-10-13 19:38:43_
--------
*620476f0f61795fd355f2a9e3fb24e54*
`登陆天数: 42天 / 1375天
等级: 125
石头: 304
呼符: 2
体力: 48894.86666666667 / 137
友情点: 0 / 1143295`
*連続ログイン7日間到達おめでとうございます！
明日は1日目からリスタートされます。*
`獣の足跡 X 1
呼符 X 1
10月交換券(2023) X 1
`*日替りログインボーナス*
*開催期間中、1日1回 2週間日替りでログインボーナスをプレゼント！*
`聖晶石 X 2
巡霊の葉 X 100
`_2023-10-13 19:38:52_
--------
*8a4af26995de6f135fbb0fdafa2e0424*
`登陆天数: 42天 / 1353天
等级: 125
石头: 387
呼符: 22
体力: 48611.13 / 137
友情点: 0 / 1126525`
*連続ログイン7日間到達おめでとうございます！
明日は1日目からリスタートされます。*
`獣の足跡 X 1
呼符 X 1
10月交換券(2023) X 1
`*日替りログインボーナス*
*開催期間中、1日1回 2週間日替りでログインボーナスをプレゼント！*
`聖晶石 X 2
巡霊の葉 X 100
`_2023-10-13 19:39:01_
--------
*69a508b93367b043329d175aca01015e*
`登陆天数: 42天 / 1191天
等级: 125
石头: 556
呼符: 30
体力: 91747.14 / 137
友情点: 0 / 891575`
*連続ログイン7日間到達おめでとうございます！
明日は1日目からリスタートされます。*
`獣の足跡 X 1
呼符 X 1
10月交換券(2023) X 1
`*日替りログインボーナス*
*開催期間中、1日1回 2週間日替りでログインボーナスをプレゼント！*
`聖晶石 X 2
巡霊の葉 X 100
`_2023-10-13 19:39:09_
--------
*05c7889868efad05a84b961c94cc9b2c*
`登陆天数: 42天 / 1406天
等级: 125
石头: 894
呼符: 21
体力: 60833.16 / 137
友情点: 0 / 1084815`
*連続ログイン7日間到達おめでとうございます！
明日は1日目からリスタートされます。*
`獣の足跡 X 1
呼符 X 1
10月交換券(2023) X 1
`*日替りログインボーナス*
*開催期間中、1日1回 2週間日替りでログインボーナスをプレゼント！*
`聖晶石 X 2
巡霊の葉 X 100
`_2023-10-13 19:39:18_
--------
*41c8ea3cfa831059a6c57fddf5a2e62d*
`登陆天数: 42天 / 1360天
等级: 125
石头: 34
呼符: 0
体力: 40235.4 / 137
友情点: 0 / 711875`
*連続ログイン7日間到達おめでとうございます！
明日は1日目からリスタートされます。*
`獣の足跡 X 1
呼符 X 1
10月交換券(2023) X 1
`*日替りログインボーナス*
*開催期間中、1日1回 2週間日替りでログインボーナスをプレゼント！*
`聖晶石 X 2
巡霊の葉 X 100
`_2023-10-13 19:39:26_
--------
*790b887791ca4de4345ea61d5bd657e4*
`登陆天数: 42天 / 1361天
等级: 125
石头: 21
呼符: 37
体力: 48186.32 / 137
友情点: 0 / 847305`
*連続ログイン7日間到達おめでとうございます！
明日は1日目からリスタートされます。*
`獣の足跡 X 1
呼符 X 1
10月交換券(2023) X 1
`*日替りログインボーナス*
*開催期間中、1日1回 2週間日替りでログインボーナスをプレゼント！*
`聖晶石 X 2
巡霊の葉 X 100
`_2023-10-13 19:39:35_
--------
*82f6295e189793da0ef43b4029c85eca*
`登陆天数: 42天 / 1412天
等级: 126
石头: 14
呼符: 0
体力: 12889.903333333334 / 137
友情点: 120 / 357010`
*連続ログイン7日間到達おめでとうございます！
明日は1日目からリスタートされます。*
`獣の足跡 X 1
呼符 X 1
10月交換券(2023) X 1
`*日替りログインボーナス*
*開催期間中、1日1回 2週間日替りでログインボーナスをプレゼント！*
`聖晶石 X 2
巡霊の葉 X 100
`_2023-10-13 19:39:47_
--------
*c595c4468dd490bdb5e143c788cd36e0*
`登陆天数: 41天 / 1361天
等级: 142
石头: 19
呼符: 1
体力: 11322.306666666667 / 140
友情点: 0 / 2253735`
*連続ログイン6日目
※ログインが途切れるか、7日到達すると
1日目から再開されます*
`聖晶石 X 2
10月交換券(2023) X 1
`*日替りログインボーナス*
*開催期間中、1日1回 2週間日替りでログインボーナスをプレゼント！*
`聖晶石 X 2
巡霊の葉 X 100
`_2023-10-13 19:39:56_
--------
*47f309e11f595c830d1447d77b47d8a0*
`登陆天数: 42天 / 1376天
等级: 126
石头: 8
呼符: 0
体力: 16318.193333333333 / 137
友情点: 100 / 1103635`
*連続ログイン7日間到達おめでとうございます！
明日は1日目からリスタートされます。*
`獣の足跡 X 1
呼符 X 1
10月交換券(2023) X 1
`*日替りログインボーナス*
*開催期間中、1日1回 2週間日替りでログインボーナスをプレゼント！*
`聖晶石 X 2
巡霊の葉 X 100
`_2023-10-13 19:40:04_
--------
*7686ae2a105ec6cc5551581fc7487546*
`登陆天数: 42天 / 1418天
等级: 127
石头: 66
呼符: 6
体力: 50759.88333333333 / 137
友情点: 0 / 1151410`
*連続ログイン7日間到達おめでとうございます！
明日は1日目からリスタートされます。*
`獣の足跡 X 1
呼符 X 1
10月交換券(2023) X 1
`*日替りログインボーナス*
*開催期間中、1日1回 2週間日替りでログインボーナスをプレゼント！*
`聖晶石 X 2
巡霊の葉 X 100
`_2023-10-13 19:40:13_
--------
*dcf734638b8334ef199302253a06e093*
`登陆天数: 42天 / 1298天
等级: 125
石头: 502
呼符: 0
体力: 16812.733333333334 / 137
友情点: 0 / 1035050`
*連続ログイン7日間到達おめでとうございます！
明日は1日目からリスタートされます。*
`獣の足跡 X 1
呼符 X 1
10月交換券(2023) X 1
`*日替りログインボーナス*
*開催期間中、1日1回 2週間日替りでログインボーナスをプレゼント！*
`聖晶石 X 2
巡霊の葉 X 100
`_2023-10-13 19:40:21_
--------
*47f309e11f595c830d1447d77b47d8a0*
`登陆天数: 42天 / 1394天
等级: 126
石头: 685
呼符: 1
体力: 14767.813333333334 / 137
友情点: 30 / 962630`
*連続ログイン7日間到達おめでとうございます！
明日は1日目からリスタートされます。*
`獣の足跡 X 1
呼符 X 1
10月交換券(2023) X 1
`*日替りログインボーナス*
*開催期間中、1日1回 2週間日替りでログインボーナスをプレゼント！*
`聖晶石 X 2
巡霊の葉 X 100
`_2023-10-13 19:40:30_
--------
*a602c44e0f8456741b30f0caf4753a39*
`登陆天数: 58天 / 1327天
等级: 142
石头: 5
呼符: 0
体力: 377.63 / 140
友情点: 60 / 190525`
*連続ログイン2日目
※ログインが途切れるか、7日到達すると
1日目から再開されます*
`聖晶石 X 1
10月交換券(2023) X 1
`*日替りログインボーナス*
*開催期間中、1日1回 2週間日替りでログインボーナスをプレゼント！*
`聖晶石 X 2
巡霊の葉 X 100
`_2023-10-13 19:40:39_
--------
