【登录信息】
*b5e6a05282bde158c1ffe9d4d9788373*
`登陆天数: 44天 / 1327天
等级: 125
石头: 630
呼符: 0
体力: 48764.816666666666 / 137
友情点: 0 / 1142815`
*連続ログイン2日目
※ログインが途切れるか、7日到達すると
1日目から再開されます*
`聖晶石 X 1
10月交換券(2023) X 1
`*日替りログインボーナス*
*開催期間中、1日1回 2週間日替りでログインボーナスをプレゼント！*
`巡霊の葉 X 30
`_2023-10-15 19:38:15_
--------
*eb20c8954ecb148daacdac59c3a0b2e8*
`登陆天数: 44天 / 1310天
等级: 125
石头: 634
呼符: 34
体力: 20494.13 / 137
友情点: 0 / 1144045`
*連続ログイン2日目
※ログインが途切れるか、7日到達すると
1日目から再開されます*
`聖晶石 X 1
10月交換券(2023) X 1
`*日替りログインボーナス*
*開催期間中、1日1回 2週間日替りでログインボーナスをプレゼント！*
`巡霊の葉 X 30
`_2023-10-15 19:38:24_
--------
*620476f0f61795fd355f2a9e3fb24e54*
`登陆天数: 44天 / 1377天
等级: 125
石头: 304
呼符: 2
体力: 49470.80333333334 / 137
友情点: 0 / 1143295`
*連続ログイン2日目
※ログインが途切れるか、7日到達すると
1日目から再開されます*
`聖晶石 X 1
10月交換券(2023) X 1
`*日替りログインボーナス*
*開催期間中、1日1回 2週間日替りでログインボーナスをプレゼント！*
`巡霊の葉 X 30
`_2023-10-15 19:38:32_
--------
*8a4af26995de6f135fbb0fdafa2e0424*
`登陆天数: 44天 / 1355天
等级: 125
石头: 387
呼符: 22
体力: 49187.06333333333 / 137
友情点: 0 / 1126525`
*連続ログイン2日目
※ログインが途切れるか、7日到達すると
1日目から再開されます*
`聖晶石 X 1
10月交換券(2023) X 1
`*日替りログインボーナス*
*開催期間中、1日1回 2週間日替りでログインボーナスをプレゼント！*
`巡霊の葉 X 30
`_2023-10-15 19:38:41_
--------
*69a508b93367b043329d175aca01015e*
`登陆天数: 44天 / 1193天
等级: 125
石头: 556
呼符: 30
体力: 92323.07 / 137
友情点: 0 / 891575`
*連続ログイン2日目
※ログインが途切れるか、7日到達すると
1日目から再開されます*
`聖晶石 X 1
10月交換券(2023) X 1
`*日替りログインボーナス*
*開催期間中、1日1回 2週間日替りでログインボーナスをプレゼント！*
`巡霊の葉 X 30
`_2023-10-15 19:38:49_
--------
*05c7889868efad05a84b961c94cc9b2c*
`登陆天数: 44天 / 1408天
等级: 125
石头: 894
呼符: 21
体力: 61409.09333333333 / 137
友情点: 0 / 1084815`
*連続ログイン2日目
※ログインが途切れるか、7日到達すると
1日目から再開されます*
`聖晶石 X 1
10月交換券(2023) X 1
`*日替りログインボーナス*
*開催期間中、1日1回 2週間日替りでログインボーナスをプレゼント！*
`巡霊の葉 X 30
`_2023-10-15 19:38:58_
--------
*41c8ea3cfa831059a6c57fddf5a2e62d*
`登陆天数: 44天 / 1362天
等级: 125
石头: 34
呼符: 0
体力: 40811.33 / 137
友情点: 0 / 711875`
*連続ログイン2日目
※ログインが途切れるか、7日到達すると
1日目から再開されます*
`聖晶石 X 1
10月交換券(2023) X 1
`*日替りログインボーナス*
*開催期間中、1日1回 2週間日替りでログインボーナスをプレゼント！*
`巡霊の葉 X 30
`_2023-10-15 19:39:06_
--------
*790b887791ca4de4345ea61d5bd657e4*
`登陆天数: 44天 / 1363天
等级: 125
石头: 21
呼符: 37
体力: 48762.253333333334 / 137
友情点: 0 / 847305`
*連続ログイン2日目
※ログインが途切れるか、7日到達すると
1日目から再開されます*
`聖晶石 X 1
10月交換券(2023) X 1
`*日替りログインボーナス*
*開催期間中、1日1回 2週間日替りでログインボーナスをプレゼント！*
`巡霊の葉 X 30
`_2023-10-15 19:39:15_
--------
*82f6295e189793da0ef43b4029c85eca*
`登陆天数: 44天 / 1414天
等级: 126
石头: 14
呼符: 0
体力: 13465.836666666666 / 137
友情点: 20 / 357170`
*連続ログイン2日目
※ログインが途切れるか、7日到達すると
1日目から再開されます*
`聖晶石 X 1
10月交換券(2023) X 1
`*日替りログインボーナス*
*開催期間中、1日1回 2週間日替りでログインボーナスをプレゼント！*
`巡霊の葉 X 30
`_2023-10-15 19:39:27_
--------
*47f309e11f595c830d1447d77b47d8a0*
`登陆天数: 44天 / 1378天
等级: 126
石头: 8
呼符: 0
体力: 16894.11 / 137
友情点: 130 / 1103925`
*連続ログイン2日目
※ログインが途切れるか、7日到達すると
1日目から再開されます*
`聖晶石 X 1
10月交換券(2023) X 1
`*日替りログインボーナス*
*開催期間中、1日1回 2週間日替りでログインボーナスをプレゼント！*
`巡霊の葉 X 30
`_2023-10-15 19:39:39_
--------
*7686ae2a105ec6cc5551581fc7487546*
`登陆天数: 44天 / 1420天
等级: 127
石头: 66
呼符: 6
体力: 51335.8 / 137
友情点: 0 / 1151410`
*連続ログイン2日目
※ログインが途切れるか、7日到達すると
1日目から再開されます*
`聖晶石 X 1
10月交換券(2023) X 1
`*日替りログインボーナス*
*開催期間中、1日1回 2週間日替りでログインボーナスをプレゼント！*
`巡霊の葉 X 30
`_2023-10-15 19:39:48_
--------
*dcf734638b8334ef199302253a06e093*
`登陆天数: 44天 / 1300天
等级: 125
石头: 502
呼符: 0
体力: 17388.646666666667 / 137
友情点: 0 / 1035050`
*連続ログイン2日目
※ログインが途切れるか、7日到達すると
1日目から再開されます*
`聖晶石 X 1
10月交換券(2023) X 1
`*日替りログインボーナス*
*開催期間中、1日1回 2週間日替りでログインボーナスをプレゼント！*
`巡霊の葉 X 30
`_2023-10-15 19:39:56_
--------
*47f309e11f595c830d1447d77b47d8a0*
`登陆天数: 44天 / 1396天
等级: 126
石头: 685
呼符: 1
体力: 15343.73 / 137
友情点: 100 / 962950`
*連続ログイン2日目
※ログインが途切れるか、7日到達すると
1日目から再開されます*
`聖晶石 X 1
10月交換券(2023) X 1
`*日替りログインボーナス*
*開催期間中、1日1回 2週間日替りでログインボーナスをプレゼント！*
`巡霊の葉 X 30
`_2023-10-15 19:40:05_
--------
*a602c44e0f8456741b30f0caf4753a39*
`登陆天数: 60天 / 1329天
等级: 142
石头: 55
呼符: 2
体力: 201.74 / 140
友情点: 0 / 193110`
*連続ログイン4日目
※ログインが途切れるか、7日到達すると
1日目から再開されます*
`聖晶石 X 1
10月交換券(2023) X 1
`*日替りログインボーナス*
*開催期間中、1日1回 2週間日替りでログインボーナスをプレゼント！*
`巡霊の葉 X 30
`_2023-10-15 19:40:13_
--------
