【登录信息】
*b5e6a05282bde158c1ffe9d4d9788373*
`登陆天数: 45天 / 1328天
等级: 125
石头: 630
呼符: 0
体力: 49052.89333333333 / 137
友情点: 0 / 1142815`
*連続ログイン3日目
※ログインが途切れるか、7日到達すると
1日目から再開されます*
`叡智の業火 X 1
10月交換券(2023) X 1
`*日替りログインボーナス*
*開催期間中、1日1回 2週間日替りでログインボーナスをプレゼント！*
`巡霊の葉 X 30
`_2023-10-16 19:38:37_
--------
*eb20c8954ecb148daacdac59c3a0b2e8*
`登陆天数: 45天 / 1311天
等级: 125
石头: 634
呼符: 34
体力: 20782.21 / 137
友情点: 0 / 1144045`
*連続ログイン3日目
※ログインが途切れるか、7日到達すると
1日目から再開されます*
`叡智の業火 X 1
10月交換券(2023) X 1
`*日替りログインボーナス*
*開催期間中、1日1回 2週間日替りでログインボーナスをプレゼント！*
`巡霊の葉 X 30
`_2023-10-16 19:38:47_
--------
*620476f0f61795fd355f2a9e3fb24e54*
`登陆天数: 45天 / 1378天
等级: 125
石头: 304
呼符: 2
体力: 49758.88333333333 / 137
友情点: 0 / 1143295`
*連続ログイン3日目
※ログインが途切れるか、7日到達すると
1日目から再開されます*
`叡智の業火 X 1
10月交換券(2023) X 1
`*日替りログインボーナス*
*開催期間中、1日1回 2週間日替りでログインボーナスをプレゼント！*
`巡霊の葉 X 30
`_2023-10-16 19:38:56_
--------
*8a4af26995de6f135fbb0fdafa2e0424*
`登陆天数: 45天 / 1356天
等级: 125
石头: 387
呼符: 22
体力: 49475.14666666667 / 137
友情点: 0 / 1126525`
*連続ログイン3日目
※ログインが途切れるか、7日到達すると
1日目から再開されます*
`叡智の業火 X 1
10月交換券(2023) X 1
`*日替りログインボーナス*
*開催期間中、1日1回 2週間日替りでログインボーナスをプレゼント！*
`巡霊の葉 X 30
`_2023-10-16 19:39:06_
--------
*69a508b93367b043329d175aca01015e*
`登陆天数: 45天 / 1194天
等级: 125
石头: 556
呼符: 30
体力: 92611.15666666666 / 137
友情点: 0 / 891575`
*連続ログイン3日目
※ログインが途切れるか、7日到達すると
1日目から再開されます*
`叡智の業火 X 1
10月交換券(2023) X 1
`*日替りログインボーナス*
*開催期間中、1日1回 2週間日替りでログインボーナスをプレゼント！*
`巡霊の葉 X 30
`_2023-10-16 19:39:15_
--------
*05c7889868efad05a84b961c94cc9b2c*
`登陆天数: 45天 / 1409天
等级: 125
石头: 894
呼符: 21
体力: 61697.18 / 137
友情点: 0 / 1084815`
*連続ログイン3日目
※ログインが途切れるか、7日到達すると
1日目から再開されます*
`叡智の業火 X 1
10月交換券(2023) X 1
`*日替りログインボーナス*
*開催期間中、1日1回 2週間日替りでログインボーナスをプレゼント！*
`巡霊の葉 X 30
`_2023-10-16 19:39:23_
--------
*41c8ea3cfa831059a6c57fddf5a2e62d*
`登陆天数: 45天 / 1363天
等级: 125
石头: 34
呼符: 0
体力: 41099.42 / 137
友情点: 0 / 711875`
*連続ログイン3日目
※ログインが途切れるか、7日到達すると
1日目から再開されます*
`叡智の業火 X 1
10月交換券(2023) X 1
`*日替りログインボーナス*
*開催期間中、1日1回 2週間日替りでログインボーナスをプレゼント！*
`巡霊の葉 X 30
`_2023-10-16 19:39:32_
--------
*790b887791ca4de4345ea61d5bd657e4*
`登陆天数: 45天 / 1364天
等级: 125
石头: 21
呼符: 37
体力: 49050.34333333333 / 137
友情点: 0 / 847305`
*連続ログイン3日目
※ログインが途切れるか、7日到達すると
1日目から再開されます*
`叡智の業火 X 1
10月交換券(2023) X 1
`*日替りログインボーナス*
*開催期間中、1日1回 2週間日替りでログインボーナスをプレゼント！*
`巡霊の葉 X 30
`_2023-10-16 19:39:41_
--------
*82f6295e189793da0ef43b4029c85eca*
`登陆天数: 45天 / 1415天
等级: 126
石头: 14
呼符: 0
体力: 13753.926666666666 / 137
友情点: 250 / 357420`
*連続ログイン3日目
※ログインが途切れるか、7日到達すると
1日目から再開されます*
`叡智の業火 X 1
10月交換券(2023) X 1
`*日替りログインボーナス*
*開催期間中、1日1回 2週間日替りでログインボーナスをプレゼント！*
`巡霊の葉 X 30
`_2023-10-16 19:39:54_
--------
*47f309e11f595c830d1447d77b47d8a0*
`登陆天数: 45天 / 1379天
等级: 126
石头: 8
呼符: 0
体力: 17182.203333333335 / 137
友情点: 130 / 1104055`
*連続ログイン3日目
※ログインが途切れるか、7日到達すると
1日目から再開されます*
`叡智の業火 X 1
10月交換券(2023) X 1
`*日替りログインボーナス*
*開催期間中、1日1回 2週間日替りでログインボーナスをプレゼント！*
`巡霊の葉 X 30
`_2023-10-16 19:40:06_
--------
*7686ae2a105ec6cc5551581fc7487546*
`登陆天数: 45天 / 1421天
等级: 127
石头: 66
呼符: 6
体力: 51623.89 / 137
友情点: 0 / 1151410`
*連続ログイン3日目
※ログインが途切れるか、7日到達すると
1日目から再開されます*
`叡智の業火 X 1
10月交換券(2023) X 1
`*日替りログインボーナス*
*開催期間中、1日1回 2週間日替りでログインボーナスをプレゼント！*
`巡霊の葉 X 30
`_2023-10-16 19:40:15_
--------
*dcf734638b8334ef199302253a06e093*
`登陆天数: 45天 / 1301天
等级: 125
石头: 502
呼符: 0
体力: 17676.743333333332 / 137
友情点: 0 / 1035050`
*連続ログイン3日目
※ログインが途切れるか、7日到達すると
1日目から再開されます*
`叡智の業火 X 1
10月交換券(2023) X 1
`*日替りログインボーナス*
*開催期間中、1日1回 2週間日替りでログインボーナスをプレゼント！*
`巡霊の葉 X 30
`_2023-10-16 19:40:24_
--------
*47f309e11f595c830d1447d77b47d8a0*
`登陆天数: 45天 / 1397天
等级: 126
石头: 685
呼符: 1
体力: 15631.823333333334 / 137
友情点: 150 / 963100`
*連続ログイン3日目
※ログインが途切れるか、7日到達すると
1日目から再開されます*
`叡智の業火 X 1
10月交換券(2023) X 1
`*日替りログインボーナス*
*開催期間中、1日1回 2週間日替りでログインボーナスをプレゼント！*
`巡霊の葉 X 30
`_2023-10-16 19:40:33_
--------
*a602c44e0f8456741b30f0caf4753a39*
`登陆天数: 61天 / 1330天
等级: 142
石头: 60
呼符: 2
体力: 61.03666666666666 / 140
友情点: 95 / 193530`
*連続ログイン5日目
※ログインが途切れるか、7日到達すると
1日目から再開されます*
`叡智の業火 X 2
10月交換券(2023) X 1
`*日替りログインボーナス*
*開催期間中、1日1回 2週間日替りでログインボーナスをプレゼント！*
`巡霊の葉 X 30
`_2023-10-16 19:40:42_
--------
