【登录信息】
*b5e6a05282bde158c1ffe9d4d9788373*
`登陆天数: 46天 / 1329天
等级: 125
石头: 630
呼符: 0
体力: 49340.863333333335 / 137
友情点: 0 / 1142815`
*連続ログイン4日目
※ログインが途切れるか、7日到達すると
1日目から再開されます*
`聖晶石 X 1
10月交換券(2023) X 1
`*日替りログインボーナス*
*開催期間中、1日1回 2週間日替りでログインボーナスをプレゼント！*
`聖晶石 X 3
巡霊の葉 X 50
`_2023-10-17 19:38:28_
--------
*eb20c8954ecb148daacdac59c3a0b2e8*
`登陆天数: 46天 / 1312天
等级: 125
石头: 634
呼符: 34
体力: 21070.176666666666 / 137
友情点: 0 / 1144045`
*連続ログイン4日目
※ログインが途切れるか、7日到達すると
1日目から再開されます*
`聖晶石 X 1
10月交換券(2023) X 1
`*日替りログインボーナス*
*開催期間中、1日1回 2週間日替りでログインボーナスをプレゼント！*
`聖晶石 X 3
巡霊の葉 X 50
`_2023-10-17 19:38:37_
--------
*620476f0f61795fd355f2a9e3fb24e54*
`登陆天数: 46天 / 1379天
等级: 125
石头: 304
呼符: 2
体力: 50046.85333333333 / 137
友情点: 0 / 1143295`
*連続ログイン4日目
※ログインが途切れるか、7日到達すると
1日目から再開されます*
`聖晶石 X 1
10月交換券(2023) X 1
`*日替りログインボーナス*
*開催期間中、1日1回 2週間日替りでログインボーナスをプレゼント！*
`聖晶石 X 3
巡霊の葉 X 50
`_2023-10-17 19:38:47_
--------
*8a4af26995de6f135fbb0fdafa2e0424*
`登陆天数: 46天 / 1357天
等级: 125
石头: 387
呼符: 22
体力: 49763.11666666667 / 137
友情点: 0 / 1126525`
*連続ログイン4日目
※ログインが途切れるか、7日到達すると
1日目から再開されます*
`聖晶石 X 1
10月交換券(2023) X 1
`*日替りログインボーナス*
*開催期間中、1日1回 2週間日替りでログインボーナスをプレゼント！*
`聖晶石 X 3
巡霊の葉 X 50
`_2023-10-17 19:38:56_
--------
*69a508b93367b043329d175aca01015e*
`登陆天数: 46天 / 1195天
等级: 125
石头: 556
呼符: 30
体力: 92899.12666666666 / 137
友情点: 0 / 891575`
*連続ログイン4日目
※ログインが途切れるか、7日到達すると
1日目から再開されます*
`聖晶石 X 1
10月交換券(2023) X 1
`*日替りログインボーナス*
*開催期間中、1日1回 2週間日替りでログインボーナスをプレゼント！*
`聖晶石 X 3
巡霊の葉 X 50
`_2023-10-17 19:39:05_
--------
*05c7889868efad05a84b961c94cc9b2c*
`登陆天数: 46天 / 1410天
等级: 125
石头: 894
呼符: 21
体力: 61985.14666666667 / 137
友情点: 0 / 1084815`
*連続ログイン4日目
※ログインが途切れるか、7日到達すると
1日目から再開されます*
`聖晶石 X 1
10月交換券(2023) X 1
`*日替りログインボーナス*
*開催期間中、1日1回 2週間日替りでログインボーナスをプレゼント！*
`聖晶石 X 3
巡霊の葉 X 50
`_2023-10-17 19:39:14_
--------
*41c8ea3cfa831059a6c57fddf5a2e62d*
`登陆天数: 46天 / 1364天
等级: 125
石头: 34
呼符: 0
体力: 41387.386666666665 / 137
友情点: 0 / 711875`
*連続ログイン4日目
※ログインが途切れるか、7日到達すると
1日目から再開されます*
`聖晶石 X 1
10月交換券(2023) X 1
`*日替りログインボーナス*
*開催期間中、1日1回 2週間日替りでログインボーナスをプレゼント！*
`聖晶石 X 3
巡霊の葉 X 50
`_2023-10-17 19:39:23_
--------
*790b887791ca4de4345ea61d5bd657e4*
`登陆天数: 46天 / 1365天
等级: 125
石头: 21
呼符: 37
体力: 49338.31 / 137
友情点: 0 / 847305`
*連続ログイン4日目
※ログインが途切れるか、7日到達すると
1日目から再開されます*
`聖晶石 X 1
10月交換券(2023) X 1
`*日替りログインボーナス*
*開催期間中、1日1回 2週間日替りでログインボーナスをプレゼント！*
`聖晶石 X 3
巡霊の葉 X 50
`_2023-10-17 19:39:32_
--------
*82f6295e189793da0ef43b4029c85eca*
`登陆天数: 46天 / 1416天
等级: 126
石头: 14
呼符: 0
体力: 14041.896666666667 / 137
友情点: 100 / 357720`
*連続ログイン4日目
※ログインが途切れるか、7日到達すると
1日目から再開されます*
`聖晶石 X 1
10月交換券(2023) X 1
`*日替りログインボーナス*
*開催期間中、1日1回 2週間日替りでログインボーナスをプレゼント！*
`聖晶石 X 3
巡霊の葉 X 50
`_2023-10-17 19:39:45_
--------
*47f309e11f595c830d1447d77b47d8a0*
`登陆天数: 46天 / 1380天
等级: 126
石头: 8
呼符: 0
体力: 17470.17 / 137
友情点: 100 / 1104195`
*連続ログイン4日目
※ログインが途切れるか、7日到達すると
1日目から再開されます*
`聖晶石 X 1
10月交換券(2023) X 1
`*日替りログインボーナス*
*開催期間中、1日1回 2週間日替りでログインボーナスをプレゼント！*
`聖晶石 X 3
巡霊の葉 X 50
`_2023-10-17 19:39:57_
--------
*7686ae2a105ec6cc5551581fc7487546*
`登陆天数: 46天 / 1422天
等级: 127
石头: 66
呼符: 6
体力: 51911.86 / 137
友情点: 0 / 1151410`
*連続ログイン4日目
※ログインが途切れるか、7日到達すると
1日目から再開されます*
`聖晶石 X 1
10月交換券(2023) X 1
`*日替りログインボーナス*
*開催期間中、1日1回 2週間日替りでログインボーナスをプレゼント！*
`聖晶石 X 3
巡霊の葉 X 50
`_2023-10-17 19:40:05_
--------
*dcf734638b8334ef199302253a06e093*
`登陆天数: 46天 / 1302天
等级: 125
石头: 502
呼符: 0
体力: 17964.71 / 137
友情点: 0 / 1035050`
*連続ログイン4日目
※ログインが途切れるか、7日到達すると
1日目から再開されます*
`聖晶石 X 1
10月交換券(2023) X 1
`*日替りログインボーナス*
*開催期間中、1日1回 2週間日替りでログインボーナスをプレゼント！*
`聖晶石 X 3
巡霊の葉 X 50
`_2023-10-17 19:40:14_
--------
*47f309e11f595c830d1447d77b47d8a0*
`登陆天数: 46天 / 1398天
等级: 126
石头: 685
呼符: 1
体力: 15919.793333333333 / 137
友情点: 120 / 963220`
*連続ログイン4日目
※ログインが途切れるか、7日到達すると
1日目から再開されます*
`聖晶石 X 1
10月交換券(2023) X 1
`*日替りログインボーナス*
*開催期間中、1日1回 2週間日替りでログインボーナスをプレゼント！*
`聖晶石 X 3
巡霊の葉 X 50
`_2023-10-17 19:40:24_
--------
*a602c44e0f8456741b30f0caf4753a39*
`登陆天数: 62天 / 1331天
等级: 142
石头: 60
呼符: 2
体力: 349.01 / 140
友情点: 130 / 193660`
*連続ログイン6日目
※ログインが途切れるか、7日到達すると
1日目から再開されます*
`聖晶石 X 2
10月交換券(2023) X 1
`*日替りログインボーナス*
*開催期間中、1日1回 2週間日替りでログインボーナスをプレゼント！*
`聖晶石 X 3
巡霊の葉 X 50
`_2023-10-17 19:40:33_
--------
