【登录信息】
*b5e6a05282bde158c1ffe9d4d9788373*
`登陆天数: 47天 / 1330天
等级: 125
石头: 630
呼符: 0
体力: 49628.83666666667 / 137
友情点: 0 / 1142815`
*連続ログイン5日目
※ログインが途切れるか、7日到達すると
1日目から再開されます*
`叡智の業火 X 2
10月交換券(2023) X 1
`*日替りログインボーナス*
*開催期間中、1日1回 2週間日替りでログインボーナスをプレゼント！*
`巡霊の葉 X 30
`_2023-10-18 19:38:21_
--------
*eb20c8954ecb148daacdac59c3a0b2e8*
`登陆天数: 47天 / 1313天
等级: 125
石头: 634
呼符: 34
体力: 21358.153333333332 / 137
友情点: 0 / 1144045`
*連続ログイン5日目
※ログインが途切れるか、7日到達すると
1日目から再開されます*
`叡智の業火 X 2
10月交換券(2023) X 1
`*日替りログインボーナス*
*開催期間中、1日1回 2週間日替りでログインボーナスをプレゼント！*
`巡霊の葉 X 30
`_2023-10-18 19:38:30_
--------
*620476f0f61795fd355f2a9e3fb24e54*
`登陆天数: 47天 / 1380天
等级: 125
石头: 304
呼符: 2
体力: 50334.82666666667 / 137
友情点: 0 / 1143295`
*連続ログイン5日目
※ログインが途切れるか、7日到達すると
1日目から再開されます*
`叡智の業火 X 2
10月交換券(2023) X 1
`*日替りログインボーナス*
*開催期間中、1日1回 2週間日替りでログインボーナスをプレゼント！*
`巡霊の葉 X 30
`_2023-10-18 19:38:39_
--------
*8a4af26995de6f135fbb0fdafa2e0424*
`登陆天数: 47天 / 1358天
等级: 125
石头: 387
呼符: 22
体力: 50051.09333333333 / 137
友情点: 0 / 1126525`
*連続ログイン5日目
※ログインが途切れるか、7日到達すると
1日目から再開されます*
`叡智の業火 X 2
10月交換券(2023) X 1
`*日替りログインボーナス*
*開催期間中、1日1回 2週間日替りでログインボーナスをプレゼント！*
`巡霊の葉 X 30
`_2023-10-18 19:38:49_
--------
*69a508b93367b043329d175aca01015e*
`登陆天数: 47天 / 1196天
等级: 125
石头: 556
呼符: 30
体力: 93187.10333333333 / 137
友情点: 0 / 891575`
*連続ログイン5日目
※ログインが途切れるか、7日到達すると
1日目から再開されます*
`叡智の業火 X 2
10月交換券(2023) X 1
`*日替りログインボーナス*
*開催期間中、1日1回 2週間日替りでログインボーナスをプレゼント！*
`巡霊の葉 X 30
`_2023-10-18 19:38:58_
--------
*05c7889868efad05a84b961c94cc9b2c*
`登陆天数: 47天 / 1411天
等级: 125
石头: 894
呼符: 21
体力: 62273.12333333334 / 137
友情点: 0 / 1084815`
*連続ログイン5日目
※ログインが途切れるか、7日到達すると
1日目から再開されます*
`叡智の業火 X 2
10月交換券(2023) X 1
`*日替りログインボーナス*
*開催期間中、1日1回 2週間日替りでログインボーナスをプレゼント！*
`巡霊の葉 X 30
`_2023-10-18 19:39:07_
--------
*41c8ea3cfa831059a6c57fddf5a2e62d*
`登陆天数: 47天 / 1365天
等级: 125
石头: 34
呼符: 0
体力: 41675.363333333335 / 137
友情点: 0 / 711875`
*連続ログイン5日目
※ログインが途切れるか、7日到達すると
1日目から再開されます*
`叡智の業火 X 2
10月交換券(2023) X 1
`*日替りログインボーナス*
*開催期間中、1日1回 2週間日替りでログインボーナスをプレゼント！*
`巡霊の葉 X 30
`_2023-10-18 19:39:15_
--------
*790b887791ca4de4345ea61d5bd657e4*
`登陆天数: 47天 / 1366天
等级: 125
石头: 21
呼符: 37
体力: 49626.28666666667 / 137
友情点: 0 / 847305`
*連続ログイン5日目
※ログインが途切れるか、7日到達すると
1日目から再開されます*
`叡智の業火 X 2
10月交換券(2023) X 1
`*日替りログインボーナス*
*開催期間中、1日1回 2週間日替りでログインボーナスをプレゼント！*
`巡霊の葉 X 30
`_2023-10-18 19:39:25_
--------
*82f6295e189793da0ef43b4029c85eca*
`登陆天数: 47天 / 1417天
等级: 126
石头: 14
呼符: 0
体力: 14329.873333333333 / 137
友情点: 390 / 358110`
*連続ログイン5日目
※ログインが途切れるか、7日到達すると
1日目から再開されます*
`叡智の業火 X 2
10月交換券(2023) X 1
`*日替りログインボーナス*
*開催期間中、1日1回 2週間日替りでログインボーナスをプレゼント！*
`巡霊の葉 X 30
`_2023-10-18 19:39:38_
--------
*47f309e11f595c830d1447d77b47d8a0*
`登陆天数: 47天 / 1381天
等级: 126
石头: 8
呼符: 0
体力: 17758.146666666667 / 137
友情点: 480 / 1104685`
*連続ログイン5日目
※ログインが途切れるか、7日到達すると
1日目から再開されます*
`叡智の業火 X 2
10月交換券(2023) X 1
`*日替りログインボーナス*
*開催期間中、1日1回 2週間日替りでログインボーナスをプレゼント！*
`巡霊の葉 X 30
`_2023-10-18 19:39:50_
--------
*7686ae2a105ec6cc5551581fc7487546*
`登陆天数: 47天 / 1423天
等级: 127
石头: 66
呼符: 6
体力: 52199.83666666667 / 137
友情点: 0 / 1151410`
*連続ログイン5日目
※ログインが途切れるか、7日到達すると
1日目から再開されます*
`叡智の業火 X 2
10月交換券(2023) X 1
`*日替りログインボーナス*
*開催期間中、1日1回 2週間日替りでログインボーナスをプレゼント！*
`巡霊の葉 X 30
`_2023-10-18 19:39:59_
--------
*dcf734638b8334ef199302253a06e093*
`登陆天数: 47天 / 1303天
等级: 125
石头: 502
呼符: 0
体力: 18252.69 / 137
友情点: 0 / 1035050`
*連続ログイン5日目
※ログインが途切れるか、7日到達すると
1日目から再開されます*
`叡智の業火 X 2
10月交換券(2023) X 1
`*日替りログインボーナス*
*開催期間中、1日1回 2週間日替りでログインボーナスをプレゼント！*
`巡霊の葉 X 30
`_2023-10-18 19:40:08_
--------
*47f309e11f595c830d1447d77b47d8a0*
`登陆天数: 47天 / 1399天
等级: 126
石头: 685
呼符: 1
体力: 16207.773333333333 / 137
友情点: 310 / 963530`
*連続ログイン5日目
※ログインが途切れるか、7日到達すると
1日目から再開されます*
`叡智の業火 X 2
10月交換券(2023) X 1
`*日替りログインボーナス*
*開催期間中、1日1回 2週間日替りでログインボーナスをプレゼント！*
`巡霊の葉 X 30
`_2023-10-18 19:40:18_
--------
*a602c44e0f8456741b30f0caf4753a39*
`登陆天数: 63天 / 1332天
等级: 142
石头: 60
呼符: 2
体力: 636.99 / 140
友情点: 290 / 193950`
*連続ログイン7日間到達おめでとうございます！
明日は1日目からリスタートされます。*
`獣の足跡 X 1
呼符 X 1
10月交換券(2023) X 1
`*日替りログインボーナス*
*開催期間中、1日1回 2週間日替りでログインボーナスをプレゼント！*
`巡霊の葉 X 30
`_2023-10-18 19:40:27_
--------
