【登录信息】
*b5e6a05282bde158c1ffe9d4d9788373*
`登陆天数: 49天 / 1332天
等级: 125
石头: 630
呼符: 0
体力: 50204.85 / 137
友情点: 0 / 1142815`
*連続ログイン7日間到達おめでとうございます！
明日は1日目からリスタートされます。*
`獣の足跡 X 1
呼符 X 1
10月交換券(2023) X 1
`*日替りログインボーナス*
*開催期間中、1日1回 2週間日替りでログインボーナスをプレゼント！*
`聖晶石 X 2
巡霊の葉 X 100
`_2023-10-20 19:38:24_
--------
*eb20c8954ecb148daacdac59c3a0b2e8*
`登陆天数: 49天 / 1315天
等级: 125
石头: 634
呼符: 34
体力: 21934.166666666668 / 137
友情点: 0 / 1144045`
*連続ログイン7日間到達おめでとうございます！
明日は1日目からリスタートされます。*
`獣の足跡 X 1
呼符 X 1
10月交換券(2023) X 1
`*日替りログインボーナス*
*開催期間中、1日1回 2週間日替りでログインボーナスをプレゼント！*
`聖晶石 X 2
巡霊の葉 X 100
`_2023-10-20 19:38:34_
--------
*620476f0f61795fd355f2a9e3fb24e54*
`登陆天数: 49天 / 1382天
等级: 125
石头: 304
呼符: 2
体力: 50910.84 / 137
友情点: 0 / 1143295`
*連続ログイン7日間到達おめでとうございます！
明日は1日目からリスタートされます。*
`獣の足跡 X 1
呼符 X 1
10月交換券(2023) X 1
`*日替りログインボーナス*
*開催期間中、1日1回 2週間日替りでログインボーナスをプレゼント！*
`聖晶石 X 2
巡霊の葉 X 100
`_2023-10-20 19:38:43_
--------
*8a4af26995de6f135fbb0fdafa2e0424*
`登陆天数: 49天 / 1360天
等级: 125
石头: 387
呼符: 22
体力: 50627.10333333333 / 137
友情点: 0 / 1126525`
*連続ログイン7日間到達おめでとうございます！
明日は1日目からリスタートされます。*
`獣の足跡 X 1
呼符 X 1
10月交換券(2023) X 1
`*日替りログインボーナス*
*開催期間中、1日1回 2週間日替りでログインボーナスをプレゼント！*
`聖晶石 X 2
巡霊の葉 X 100
`_2023-10-20 19:38:53_
--------
*69a508b93367b043329d175aca01015e*
`登陆天数: 49天 / 1198天
等级: 125
石头: 556
呼符: 30
体力: 93763.11333333333 / 137
友情点: 0 / 891575`
*連続ログイン7日間到達おめでとうございます！
明日は1日目からリスタートされます。*
`獣の足跡 X 1
呼符 X 1
10月交換券(2023) X 1
`*日替りログインボーナス*
*開催期間中、1日1回 2週間日替りでログインボーナスをプレゼント！*
`聖晶石 X 2
巡霊の葉 X 100
`_2023-10-20 19:39:02_
--------
*05c7889868efad05a84b961c94cc9b2c*
`登陆天数: 49天 / 1413天
等级: 125
石头: 894
呼符: 21
体力: 62849.136666666665 / 137
友情点: 0 / 1084815`
*連続ログイン7日間到達おめでとうございます！
明日は1日目からリスタートされます。*
`獣の足跡 X 1
呼符 X 1
10月交換券(2023) X 1
`*日替りログインボーナス*
*開催期間中、1日1回 2週間日替りでログインボーナスをプレゼント！*
`聖晶石 X 2
巡霊の葉 X 100
`_2023-10-20 19:39:11_
--------
*41c8ea3cfa831059a6c57fddf5a2e62d*
`登陆天数: 49天 / 1367天
等级: 125
石头: 34
呼符: 0
体力: 42251.37666666666 / 137
友情点: 0 / 711875`
*連続ログイン7日間到達おめでとうございます！
明日は1日目からリスタートされます。*
`獣の足跡 X 1
呼符 X 1
10月交換券(2023) X 1
`*日替りログインボーナス*
*開催期間中、1日1回 2週間日替りでログインボーナスをプレゼント！*
`聖晶石 X 2
巡霊の葉 X 100
`_2023-10-20 19:39:19_
--------
*790b887791ca4de4345ea61d5bd657e4*
`登陆天数: 49天 / 1368天
等级: 125
石头: 21
呼符: 37
体力: 50202.3 / 137
友情点: 0 / 847305`
*連続ログイン7日間到達おめでとうございます！
明日は1日目からリスタートされます。*
`獣の足跡 X 1
呼符 X 1
10月交換券(2023) X 1
`*日替りログインボーナス*
*開催期間中、1日1回 2週間日替りでログインボーナスをプレゼント！*
`聖晶石 X 2
巡霊の葉 X 100
`_2023-10-20 19:39:29_
--------
*82f6295e189793da0ef43b4029c85eca*
`登陆天数: 49天 / 1419天
等级: 126
石头: 14
呼符: 0
体力: 14905.886666666667 / 137
友情点: 310 / 358620`
*連続ログイン7日間到達おめでとうございます！
明日は1日目からリスタートされます。*
`獣の足跡 X 1
呼符 X 1
10月交換券(2023) X 1
`*日替りログインボーナス*
*開催期間中、1日1回 2週間日替りでログインボーナスをプレゼント！*
`聖晶石 X 2
巡霊の葉 X 100
`_2023-10-20 19:39:41_
--------
*47f309e11f595c830d1447d77b47d8a0*
`登陆天数: 49天 / 1383天
等级: 126
石头: 8
呼符: 0
体力: 18334.163333333334 / 137
友情点: 270 / 1105135`
*連続ログイン7日間到達おめでとうございます！
明日は1日目からリスタートされます。*
`獣の足跡 X 1
呼符 X 1
10月交換券(2023) X 1
`*日替りログインボーナス*
*開催期間中、1日1回 2週間日替りでログインボーナスをプレゼント！*
`聖晶石 X 2
巡霊の葉 X 100
`_2023-10-20 19:39:54_
--------
*7686ae2a105ec6cc5551581fc7487546*
`登陆天数: 49天 / 1425天
等级: 127
石头: 66
呼符: 6
体力: 52775.85 / 137
友情点: 0 / 1151410`
*連続ログイン7日間到達おめでとうございます！
明日は1日目からリスタートされます。*
`獣の足跡 X 1
呼符 X 1
10月交換券(2023) X 1
`*日替りログインボーナス*
*開催期間中、1日1回 2週間日替りでログインボーナスをプレゼント！*
`聖晶石 X 2
巡霊の葉 X 100
`_2023-10-20 19:40:03_
--------
*dcf734638b8334ef199302253a06e093*
`登陆天数: 49天 / 1305天
等级: 125
石头: 502
呼符: 0
体力: 18828.703333333335 / 137
友情点: 0 / 1035050`
*連続ログイン7日間到達おめでとうございます！
明日は1日目からリスタートされます。*
`獣の足跡 X 1
呼符 X 1
10月交換券(2023) X 1
`*日替りログインボーナス*
*開催期間中、1日1回 2週間日替りでログインボーナスをプレゼント！*
`聖晶石 X 2
巡霊の葉 X 100
`_2023-10-20 19:40:12_
--------
*47f309e11f595c830d1447d77b47d8a0*
`登陆天数: 49天 / 1401天
等级: 126
石头: 685
呼符: 1
体力: 16783.786666666667 / 137
友情点: 320 / 963930`
*連続ログイン7日間到達おめでとうございます！
明日は1日目からリスタートされます。*
`獣の足跡 X 1
呼符 X 1
10月交換券(2023) X 1
`*日替りログインボーナス*
*開催期間中、1日1回 2週間日替りでログインボーナスをプレゼント！*
`聖晶石 X 2
巡霊の葉 X 100
`_2023-10-20 19:40:21_
--------
*a602c44e0f8456741b30f0caf4753a39*
`登陆天数: 65天 / 1334天
等级: 142
石头: 76
呼符: 3
体力: 64.36 / 140
友情点: 430 / 197545`
*連続ログイン2日目
※ログインが途切れるか、7日到達すると
1日目から再開されます*
`聖晶石 X 1
10月交換券(2023) X 1
`*日替りログインボーナス*
*開催期間中、1日1回 2週間日替りでログインボーナスをプレゼント！*
`聖晶石 X 2
巡霊の葉 X 100
`_2023-10-20 19:40:31_
--------
