【登录信息】
*b5e6a05282bde158c1ffe9d4d9788373*
`登陆天数: 50天 / 1333天
等级: 125
石头: 630
呼符: 0
体力: 50492.846666666665 / 137
友情点: 0 / 1142815`
*連続ログイン1日目
※ログインが途切れるか、7日到達すると
1日目から再開されます*
`フレンドポイント X 2000
10月交換券(2023) X 1
`*【リリース3000日突破記念特別】
ログインボーナス*
*開催期間中、1日1回 最大7回 回数ログインボーナスをプレゼント！*
`呼符 X 1
`_2023-10-21 19:38:23_
--------
*eb20c8954ecb148daacdac59c3a0b2e8*
`登陆天数: 50天 / 1316天
等级: 125
石头: 634
呼符: 34
体力: 22222.16 / 137
友情点: 0 / 1144045`
*連続ログイン1日目
※ログインが途切れるか、7日到達すると
1日目から再開されます*
`フレンドポイント X 2000
10月交換券(2023) X 1
`*【リリース3000日突破記念特別】
ログインボーナス*
*開催期間中、1日1回 最大7回 回数ログインボーナスをプレゼント！*
`呼符 X 1
`_2023-10-21 19:38:33_
--------
*620476f0f61795fd355f2a9e3fb24e54*
`登陆天数: 50天 / 1383天
等级: 125
石头: 304
呼符: 2
体力: 51198.83666666667 / 137
友情点: 0 / 1143295`
*連続ログイン1日目
※ログインが途切れるか、7日到達すると
1日目から再開されます*
`フレンドポイント X 2000
10月交換券(2023) X 1
`*【リリース3000日突破記念特別】
ログインボーナス*
*開催期間中、1日1回 最大7回 回数ログインボーナスをプレゼント！*
`呼符 X 1
`_2023-10-21 19:38:42_
--------
*8a4af26995de6f135fbb0fdafa2e0424*
`登陆天数: 50天 / 1361天
等级: 125
石头: 387
呼符: 22
体力: 50915.1 / 137
友情点: 0 / 1126525`
*連続ログイン1日目
※ログインが途切れるか、7日到達すると
1日目から再開されます*
`フレンドポイント X 2000
10月交換券(2023) X 1
`*【リリース3000日突破記念特別】
ログインボーナス*
*開催期間中、1日1回 最大7回 回数ログインボーナスをプレゼント！*
`呼符 X 1
`_2023-10-21 19:38:51_
--------
*69a508b93367b043329d175aca01015e*
`登陆天数: 50天 / 1199天
等级: 125
石头: 556
呼符: 30
体力: 94051.11 / 137
友情点: 0 / 891575`
*連続ログイン1日目
※ログインが途切れるか、7日到達すると
1日目から再開されます*
`フレンドポイント X 2000
10月交換券(2023) X 1
`*【リリース3000日突破記念特別】
ログインボーナス*
*開催期間中、1日1回 最大7回 回数ログインボーナスをプレゼント！*
`呼符 X 1
`_2023-10-21 19:39:00_
--------
*05c7889868efad05a84b961c94cc9b2c*
`登陆天数: 50天 / 1414天
等级: 125
石头: 894
呼符: 21
体力: 63137.13 / 137
友情点: 0 / 1084815`
*連続ログイン1日目
※ログインが途切れるか、7日到達すると
1日目から再開されます*
`フレンドポイント X 2000
10月交換券(2023) X 1
`*【リリース3000日突破記念特別】
ログインボーナス*
*開催期間中、1日1回 最大7回 回数ログインボーナスをプレゼント！*
`呼符 X 1
`_2023-10-21 19:39:09_
--------
*41c8ea3cfa831059a6c57fddf5a2e62d*
`登陆天数: 50天 / 1368天
等级: 125
石头: 34
呼符: 0
体力: 42539.37 / 137
友情点: 0 / 711875`
*連続ログイン1日目
※ログインが途切れるか、7日到達すると
1日目から再開されます*
`フレンドポイント X 2000
10月交換券(2023) X 1
`*【リリース3000日突破記念特別】
ログインボーナス*
*開催期間中、1日1回 最大7回 回数ログインボーナスをプレゼント！*
`呼符 X 1
`_2023-10-21 19:39:17_
--------
*790b887791ca4de4345ea61d5bd657e4*
`登陆天数: 50天 / 1369天
等级: 125
石头: 21
呼符: 37
体力: 50490.293333333335 / 137
友情点: 0 / 847305`
*連続ログイン1日目
※ログインが途切れるか、7日到達すると
1日目から再開されます*
`フレンドポイント X 2000
10月交換券(2023) X 1
`*【リリース3000日突破記念特別】
ログインボーナス*
*開催期間中、1日1回 最大7回 回数ログインボーナスをプレゼント！*
`呼符 X 1
`_2023-10-21 19:39:27_
--------
*82f6295e189793da0ef43b4029c85eca*
`登陆天数: 50天 / 1420天
等级: 126
石头: 14
呼符: 0
体力: 15193.88 / 137
友情点: 450 / 359070`
*連続ログイン1日目
※ログインが途切れるか、7日到達すると
1日目から再開されます*
`フレンドポイント X 2000
10月交換券(2023) X 1
`*【リリース3000日突破記念特別】
ログインボーナス*
*開催期間中、1日1回 最大7回 回数ログインボーナスをプレゼント！*
`呼符 X 1
`_2023-10-21 19:39:39_
--------
*47f309e11f595c830d1447d77b47d8a0*
`登陆天数: 50天 / 1384天
等级: 126
石头: 8
呼符: 0
体力: 18622.153333333332 / 137
友情点: 480 / 1105615`
*連続ログイン1日目
※ログインが途切れるか、7日到達すると
1日目から再開されます*
`フレンドポイント X 2000
10月交換券(2023) X 1
`*【リリース3000日突破記念特別】
ログインボーナス*
*開催期間中、1日1回 最大7回 回数ログインボーナスをプレゼント！*
`呼符 X 1
`_2023-10-21 19:39:52_
--------
*7686ae2a105ec6cc5551581fc7487546*
`登陆天数: 50天 / 1426天
等级: 127
石头: 66
呼符: 6
体力: 53063.84333333333 / 137
友情点: 0 / 1151410`
*連続ログイン1日目
※ログインが途切れるか、7日到達すると
1日目から再開されます*
`フレンドポイント X 2000
10月交換券(2023) X 1
`*【リリース3000日突破記念特別】
ログインボーナス*
*開催期間中、1日1回 最大7回 回数ログインボーナスをプレゼント！*
`呼符 X 1
`_2023-10-21 19:40:01_
--------
*dcf734638b8334ef199302253a06e093*
`登陆天数: 50天 / 1306天
等级: 125
石头: 502
呼符: 0
体力: 19116.696666666667 / 137
友情点: 0 / 1035050`
*連続ログイン1日目
※ログインが途切れるか、7日到達すると
1日目から再開されます*
`フレンドポイント X 2000
10月交換券(2023) X 1
`*【リリース3000日突破記念特別】
ログインボーナス*
*開催期間中、1日1回 最大7回 回数ログインボーナスをプレゼント！*
`呼符 X 1
`_2023-10-21 19:40:10_
--------
*47f309e11f595c830d1447d77b47d8a0*
`登陆天数: 50天 / 1402天
等级: 126
石头: 685
呼符: 1
体力: 17071.77666666667 / 137
友情点: 280 / 964250`
*連続ログイン1日目
※ログインが途切れるか、7日到達すると
1日目から再開されます*
`フレンドポイント X 2000
10月交換券(2023) X 1
`*【リリース3000日突破記念特別】
ログインボーナス*
*開催期間中、1日1回 最大7回 回数ログインボーナスをプレゼント！*
`呼符 X 1
`_2023-10-21 19:40:19_
--------
*a602c44e0f8456741b30f0caf4753a39*
`登陆天数: 66天 / 1335天
等级: 142
石头: 76
呼符: 3
体力: 352.35 / 140
友情点: 320 / 197865`
*連続ログイン3日目
※ログインが途切れるか、7日到達すると
1日目から再開されます*
`叡智の業火 X 1
10月交換券(2023) X 1
`*日替りログインボーナス*
*開催期間中、1日1回 2週間日替りでログインボーナスをプレゼント！*
`巡霊の葉 X 30
`_2023-10-21 19:40:28_
--------
