【登录信息】
*b5e6a05282bde158c1ffe9d4d9788373*
`登陆天数: 52天 / 1335天
等级: 125
石头: 630
呼符: 0
体力: 51068.89333333333 / 137
友情点: 0 / 1142815`
*連続ログイン3日目
※ログインが途切れるか、7日到達すると
1日目から再開されます*
`叡智の業火 X 1
10月交換券(2023) X 1
`*日替りログインボーナス*
*開催期間中、1日1回 2週間日替りでログインボーナスをプレゼント！*
`巡霊の葉 X 30
`_2023-10-23 19:38:38_
--------
*eb20c8954ecb148daacdac59c3a0b2e8*
`登陆天数: 52天 / 1318天
等级: 125
石头: 634
呼符: 34
体力: 22798.21 / 137
友情点: 0 / 1144045`
*連続ログイン3日目
※ログインが途切れるか、7日到達すると
1日目から再開されます*
`叡智の業火 X 1
10月交換券(2023) X 1
`*日替りログインボーナス*
*開催期間中、1日1回 2週間日替りでログインボーナスをプレゼント！*
`巡霊の葉 X 30
`_2023-10-23 19:38:47_
--------
*620476f0f61795fd355f2a9e3fb24e54*
`登陆天数: 52天 / 1385天
等级: 125
石头: 304
呼符: 2
体力: 51774.886666666665 / 137
友情点: 0 / 1143295`
*連続ログイン3日目
※ログインが途切れるか、7日到達すると
1日目から再開されます*
`叡智の業火 X 1
10月交換券(2023) X 1
`*日替りログインボーナス*
*開催期間中、1日1回 2週間日替りでログインボーナスをプレゼント！*
`巡霊の葉 X 30
`_2023-10-23 19:38:57_
--------
*8a4af26995de6f135fbb0fdafa2e0424*
`登陆天数: 52天 / 1363天
等级: 125
石头: 387
呼符: 22
体力: 51491.15 / 137
友情点: 0 / 1126525`
*連続ログイン3日目
※ログインが途切れるか、7日到達すると
1日目から再開されます*
`叡智の業火 X 1
10月交換券(2023) X 1
`*日替りログインボーナス*
*開催期間中、1日1回 2週間日替りでログインボーナスをプレゼント！*
`巡霊の葉 X 30
`_2023-10-23 19:39:06_
--------
*69a508b93367b043329d175aca01015e*
`登陆天数: 52天 / 1201天
等级: 125
石头: 556
呼符: 30
体力: 94627.16 / 137
友情点: 0 / 891575`
*連続ログイン3日目
※ログインが途切れるか、7日到達すると
1日目から再開されます*
`叡智の業火 X 1
10月交換券(2023) X 1
`*日替りログインボーナス*
*開催期間中、1日1回 2週間日替りでログインボーナスをプレゼント！*
`巡霊の葉 X 30
`_2023-10-23 19:39:15_
--------
*05c7889868efad05a84b961c94cc9b2c*
`登陆天数: 52天 / 1416天
等级: 125
石头: 894
呼符: 21
体力: 63713.18 / 137
友情点: 0 / 1084815`
*連続ログイン3日目
※ログインが途切れるか、7日到達すると
1日目から再開されます*
`叡智の業火 X 1
10月交換券(2023) X 1
`*日替りログインボーナス*
*開催期間中、1日1回 2週間日替りでログインボーナスをプレゼント！*
`巡霊の葉 X 30
`_2023-10-23 19:39:24_
--------
*41c8ea3cfa831059a6c57fddf5a2e62d*
`登陆天数: 52天 / 1370天
等级: 125
石头: 34
呼符: 0
体力: 43115.42333333333 / 137
友情点: 0 / 711875`
*連続ログイン3日目
※ログインが途切れるか、7日到達すると
1日目から再開されます*
`叡智の業火 X 1
10月交換券(2023) X 1
`*日替りログインボーナス*
*開催期間中、1日1回 2週間日替りでログインボーナスをプレゼント！*
`巡霊の葉 X 30
`_2023-10-23 19:39:33_
--------
*790b887791ca4de4345ea61d5bd657e4*
`登陆天数: 52天 / 1371天
等级: 125
石头: 21
呼符: 37
体力: 51066.346666666665 / 137
友情点: 0 / 847305`
*連続ログイン3日目
※ログインが途切れるか、7日到達すると
1日目から再開されます*
`叡智の業火 X 1
10月交換券(2023) X 1
`*日替りログインボーナス*
*開催期間中、1日1回 2週間日替りでログインボーナスをプレゼント！*
`巡霊の葉 X 30
`_2023-10-23 19:39:43_
--------
*82f6295e189793da0ef43b4029c85eca*
`登陆天数: 52天 / 1422天
等级: 126
石头: 14
呼符: 0
体力: 15769.933333333332 / 137
友情点: 160 / 359350`
*連続ログイン3日目
※ログインが途切れるか、7日到達すると
1日目から再開されます*
`叡智の業火 X 1
10月交換券(2023) X 1
`*日替りログインボーナス*
*開催期間中、1日1回 2週間日替りでログインボーナスをプレゼント！*
`巡霊の葉 X 30
`_2023-10-23 19:39:56_
--------
*47f309e11f595c830d1447d77b47d8a0*
`登陆天数: 52天 / 1386天
等级: 126
石头: 8
呼符: 0
体力: 19198.21 / 137
友情点: 70 / 1105755`
*連続ログイン3日目
※ログインが途切れるか、7日到達すると
1日目から再開されます*
`叡智の業火 X 1
10月交換券(2023) X 1
`*日替りログインボーナス*
*開催期間中、1日1回 2週間日替りでログインボーナスをプレゼント！*
`巡霊の葉 X 30
`_2023-10-23 19:40:09_
--------
*7686ae2a105ec6cc5551581fc7487546*
`登陆天数: 52天 / 1428天
等级: 127
石头: 66
呼符: 6
体力: 53639.9 / 137
友情点: 0 / 1151410`
*連続ログイン3日目
※ログインが途切れるか、7日到達すると
1日目から再開されます*
`叡智の業火 X 1
10月交換券(2023) X 1
`*日替りログインボーナス*
*開催期間中、1日1回 2週間日替りでログインボーナスをプレゼント！*
`巡霊の葉 X 30
`_2023-10-23 19:40:18_
--------
*dcf734638b8334ef199302253a06e093*
`登陆天数: 52天 / 1308天
等级: 125
石头: 502
呼符: 0
体力: 19692.753333333334 / 137
友情点: 0 / 1035050`
*連続ログイン3日目
※ログインが途切れるか、7日到達すると
1日目から再開されます*
`叡智の業火 X 1
10月交換券(2023) X 1
`*日替りログインボーナス*
*開催期間中、1日1回 2週間日替りでログインボーナスをプレゼント！*
`巡霊の葉 X 30
`_2023-10-23 19:40:26_
--------
*47f309e11f595c830d1447d77b47d8a0*
`登陆天数: 52天 / 1404天
等级: 126
石头: 685
呼符: 1
体力: 17647.836666666666 / 137
友情点: 110 / 964690`
*連続ログイン3日目
※ログインが途切れるか、7日到達すると
1日目から再開されます*
`叡智の業火 X 1
10月交換券(2023) X 1
`*日替りログインボーナス*
*開催期間中、1日1回 2週間日替りでログインボーナスをプレゼント！*
`巡霊の葉 X 30
`_2023-10-23 19:40:37_
--------
*a602c44e0f8456741b30f0caf4753a39*
`登陆天数: 68天 / 1337天
等级: 142
石头: 132
呼符: 4
体力: 99.32666666666667 / 140
友情点: 70 / 199060`
*連続ログイン5日目
※ログインが途切れるか、7日到達すると
1日目から再開されます*
`叡智の業火 X 2
10月交換券(2023) X 1
`*日替りログインボーナス*
*開催期間中、1日1回 2週間日替りでログインボーナスをプレゼント！*
`巡霊の葉 X 30
`_2023-10-23 19:40:45_
--------
