【登录信息】
*b5e6a05282bde158c1ffe9d4d9788373*
`登陆天数: 53天 / 1336天
等级: 125
石头: 630
呼符: 0
体力: 51356.846666666665 / 137
友情点: 0 / 1142815`
*連続ログイン4日目
※ログインが途切れるか、7日到達すると
1日目から再開されます*
`聖晶石 X 1
10月交換券(2023) X 1
`*日替りログインボーナス*
*開催期間中、1日1回 2週間日替りでログインボーナスをプレゼント！*
`聖晶石 X 3
巡霊の葉 X 50
`_2023-10-24 19:38:24_
--------
*eb20c8954ecb148daacdac59c3a0b2e8*
`登陆天数: 53天 / 1319天
等级: 125
石头: 634
呼符: 34
体力: 23086.16 / 137
友情点: 0 / 1144045`
*連続ログイン4日目
※ログインが途切れるか、7日到達すると
1日目から再開されます*
`聖晶石 X 1
10月交換券(2023) X 1
`*日替りログインボーナス*
*開催期間中、1日1回 2週間日替りでログインボーナスをプレゼント！*
`聖晶石 X 3
巡霊の葉 X 50
`_2023-10-24 19:38:33_
--------
*620476f0f61795fd355f2a9e3fb24e54*
`登陆天数: 53天 / 1386天
等级: 125
石头: 304
呼符: 2
体力: 52062.833333333336 / 137
友情点: 0 / 1143295`
*連続ログイン4日目
※ログインが途切れるか、7日到達すると
1日目から再開されます*
`聖晶石 X 1
10月交換券(2023) X 1
`*日替りログインボーナス*
*開催期間中、1日1回 2週間日替りでログインボーナスをプレゼント！*
`聖晶石 X 3
巡霊の葉 X 50
`_2023-10-24 19:38:41_
--------
*8a4af26995de6f135fbb0fdafa2e0424*
`登陆天数: 53天 / 1364天
等级: 125
石头: 387
呼符: 22
体力: 51779.09333333333 / 137
友情点: 0 / 1126525`
*連続ログイン4日目
※ログインが途切れるか、7日到達すると
1日目から再開されます*
`聖晶石 X 1
10月交換券(2023) X 1
`*日替りログインボーナス*
*開催期間中、1日1回 2週間日替りでログインボーナスをプレゼント！*
`聖晶石 X 3
巡霊の葉 X 50
`_2023-10-24 19:38:50_
--------
*69a508b93367b043329d175aca01015e*
`登陆天数: 53天 / 1202天
等级: 125
石头: 556
呼符: 30
体力: 94915.10333333333 / 137
友情点: 0 / 891575`
*連続ログイン4日目
※ログインが途切れるか、7日到達すると
1日目から再開されます*
`聖晶石 X 1
10月交換券(2023) X 1
`*日替りログインボーナス*
*開催期間中、1日1回 2週間日替りでログインボーナスをプレゼント！*
`聖晶石 X 3
巡霊の葉 X 50
`_2023-10-24 19:38:59_
--------
*05c7889868efad05a84b961c94cc9b2c*
`登陆天数: 53天 / 1417天
等级: 125
石头: 894
呼符: 21
体力: 64001.12333333334 / 137
友情点: 0 / 1084815`
*連続ログイン4日目
※ログインが途切れるか、7日到達すると
1日目から再開されます*
`聖晶石 X 1
10月交換券(2023) X 1
`*日替りログインボーナス*
*開催期間中、1日1回 2週間日替りでログインボーナスをプレゼント！*
`聖晶石 X 3
巡霊の葉 X 50
`_2023-10-24 19:39:07_
--------
*41c8ea3cfa831059a6c57fddf5a2e62d*
`登陆天数: 53天 / 1371天
等级: 125
石头: 34
呼符: 0
体力: 43403.363333333335 / 137
友情点: 0 / 711875`
*連続ログイン4日目
※ログインが途切れるか、7日到達すると
1日目から再開されます*
`聖晶石 X 1
10月交換券(2023) X 1
`*日替りログインボーナス*
*開催期間中、1日1回 2週間日替りでログインボーナスをプレゼント！*
`聖晶石 X 3
巡霊の葉 X 50
`_2023-10-24 19:39:15_
--------
*790b887791ca4de4345ea61d5bd657e4*
`登陆天数: 53天 / 1372天
等级: 125
石头: 21
呼符: 37
体力: 51354.28333333333 / 137
友情点: 0 / 847305`
*連続ログイン4日目
※ログインが途切れるか、7日到達すると
1日目から再開されます*
`聖晶石 X 1
10月交換券(2023) X 1
`*日替りログインボーナス*
*開催期間中、1日1回 2週間日替りでログインボーナスをプレゼント！*
`聖晶石 X 3
巡霊の葉 X 50
`_2023-10-24 19:39:24_
--------
*82f6295e189793da0ef43b4029c85eca*
`登陆天数: 53天 / 1423天
等级: 126
石头: 14
呼符: 0
体力: 16057.866666666667 / 137
友情点: 330 / 359680`
*連続ログイン4日目
※ログインが途切れるか、7日到達すると
1日目から再開されます*
`聖晶石 X 1
10月交換券(2023) X 1
`*日替りログインボーナス*
*開催期間中、1日1回 2週間日替りでログインボーナスをプレゼント！*
`聖晶石 X 3
巡霊の葉 X 50
`_2023-10-24 19:39:37_
--------
*47f309e11f595c830d1447d77b47d8a0*
`登陆天数: 53天 / 1387天
等级: 126
石头: 8
呼符: 0
体力: 19486.143333333333 / 137
友情点: 280 / 1106035`
*連続ログイン4日目
※ログインが途切れるか、7日到達すると
1日目から再開されます*
`聖晶石 X 1
10月交換券(2023) X 1
`*日替りログインボーナス*
*開催期間中、1日1回 2週間日替りでログインボーナスをプレゼント！*
`聖晶石 X 3
巡霊の葉 X 50
`_2023-10-24 19:39:49_
--------
*7686ae2a105ec6cc5551581fc7487546*
`登陆天数: 53天 / 1429天
等级: 127
石头: 66
呼符: 6
体力: 53927.83 / 137
友情点: 0 / 1151410`
*連続ログイン4日目
※ログインが途切れるか、7日到達すると
1日目から再開されます*
`聖晶石 X 1
10月交換券(2023) X 1
`*日替りログインボーナス*
*開催期間中、1日1回 2週間日替りでログインボーナスをプレゼント！*
`聖晶石 X 3
巡霊の葉 X 50
`_2023-10-24 19:39:57_
--------
*dcf734638b8334ef199302253a06e093*
`登陆天数: 53天 / 1309天
等级: 125
石头: 502
呼符: 0
体力: 19980.68 / 137
友情点: 0 / 1035050`
*連続ログイン4日目
※ログインが途切れるか、7日到達すると
1日目から再開されます*
`聖晶石 X 1
10月交換券(2023) X 1
`*日替りログインボーナス*
*開催期間中、1日1回 2週間日替りでログインボーナスをプレゼント！*
`聖晶石 X 3
巡霊の葉 X 50
`_2023-10-24 19:40:05_
--------
*47f309e11f595c830d1447d77b47d8a0*
`登陆天数: 53天 / 1405天
等级: 126
石头: 685
呼符: 1
体力: 17935.76 / 137
友情点: 410 / 965160`
*連続ログイン4日目
※ログインが途切れるか、7日到達すると
1日目から再開されます*
`聖晶石 X 1
10月交換券(2023) X 1
`*日替りログインボーナス*
*開催期間中、1日1回 2週間日替りでログインボーナスをプレゼント！*
`聖晶石 X 3
巡霊の葉 X 50
`_2023-10-24 19:40:14_
--------
*a602c44e0f8456741b30f0caf4753a39*
`登陆天数: 69天 / 1338天
等级: 143
石头: 144
呼符: 4
体力: 62.376666666666665 / 141
友情点: 50 / 200000`
*連続ログイン6日目
※ログインが途切れるか、7日到達すると
1日目から再開されます*
`聖晶石 X 2
10月交換券(2023) X 1
`*日替りログインボーナス*
*開催期間中、1日1回 2週間日替りでログインボーナスをプレゼント！*
`聖晶石 X 3
巡霊の葉 X 50
`_2023-10-24 19:40:23_
--------
