【登录信息】
*b5e6a05282bde158c1ffe9d4d9788373*
`登陆天数: 54天 / 1337天
等级: 125
石头: 630
呼符: 0
体力: 51644.87666666666 / 137
友情点: 0 / 1142815`
*連続ログイン5日目
※ログインが途切れるか、7日到達すると
1日目から再開されます*
`叡智の業火 X 2
10月交換券(2023) X 1
`*FGO カルデア放送局 ライト版 聖杯戦線 ～白天の城、黒夜の城～放送記念 初回ログインボーナス*
*開催期間中、初回ログインで「聖晶石×14」をプレゼント！*
`聖晶石 X 14
`_2023-10-25 19:38:32_
--------
*eb20c8954ecb148daacdac59c3a0b2e8*
`登陆天数: 54天 / 1320天
等级: 125
石头: 634
呼符: 34
体力: 23374.19 / 137
友情点: 0 / 1144045`
*連続ログイン5日目
※ログインが途切れるか、7日到達すると
1日目から再開されます*
`叡智の業火 X 2
10月交換券(2023) X 1
`*FGO カルデア放送局 ライト版 聖杯戦線 ～白天の城、黒夜の城～放送記念 初回ログインボーナス*
*開催期間中、初回ログインで「聖晶石×14」をプレゼント！*
`聖晶石 X 14
`_2023-10-25 19:38:41_
--------
*620476f0f61795fd355f2a9e3fb24e54*
`登陆天数: 54天 / 1387天
等级: 125
石头: 304
呼符: 2
体力: 52350.863333333335 / 137
友情点: 0 / 1143295`
*連続ログイン5日目
※ログインが途切れるか、7日到達すると
1日目から再開されます*
`叡智の業火 X 2
10月交換券(2023) X 1
`*FGO カルデア放送局 ライト版 聖杯戦線 ～白天の城、黒夜の城～放送記念 初回ログインボーナス*
*開催期間中、初回ログインで「聖晶石×14」をプレゼント！*
`聖晶石 X 14
`_2023-10-25 19:38:50_
--------
*8a4af26995de6f135fbb0fdafa2e0424*
`登陆天数: 54天 / 1365天
等级: 125
石头: 387
呼符: 22
体力: 52067.12666666666 / 137
友情点: 0 / 1126525`
*連続ログイン5日目
※ログインが途切れるか、7日到達すると
1日目から再開されます*
`叡智の業火 X 2
10月交換券(2023) X 1
`*FGO カルデア放送局 ライト版 聖杯戦線 ～白天の城、黒夜の城～放送記念 初回ログインボーナス*
*開催期間中、初回ログインで「聖晶石×14」をプレゼント！*
`聖晶石 X 14
`_2023-10-25 19:38:59_
--------
*69a508b93367b043329d175aca01015e*
`登陆天数: 54天 / 1203天
等级: 125
石头: 556
呼符: 30
体力: 95203.13333333333 / 137
友情点: 0 / 891575`
*連続ログイン5日目
※ログインが途切れるか、7日到達すると
1日目から再開されます*
`叡智の業火 X 2
10月交換券(2023) X 1
`*FGO カルデア放送局 ライト版 聖杯戦線 ～白天の城、黒夜の城～放送記念 初回ログインボーナス*
*開催期間中、初回ログインで「聖晶石×14」をプレゼント！*
`聖晶石 X 14
`_2023-10-25 19:39:08_
--------
*05c7889868efad05a84b961c94cc9b2c*
`登陆天数: 54天 / 1418天
等级: 125
石头: 894
呼符: 21
体力: 64289.15666666667 / 137
友情点: 0 / 1084815`
*連続ログイン5日目
※ログインが途切れるか、7日到達すると
1日目から再開されます*
`叡智の業火 X 2
10月交換券(2023) X 1
`*FGO カルデア放送局 ライト版 聖杯戦線 ～白天の城、黒夜の城～放送記念 初回ログインボーナス*
*開催期間中、初回ログインで「聖晶石×14」をプレゼント！*
`聖晶石 X 14
`_2023-10-25 19:39:17_
--------
*41c8ea3cfa831059a6c57fddf5a2e62d*
`登陆天数: 54天 / 1372天
等级: 125
石头: 34
呼符: 0
体力: 43691.39666666667 / 137
友情点: 0 / 711875`
*連続ログイン5日目
※ログインが途切れるか、7日到達すると
1日目から再開されます*
`叡智の業火 X 2
10月交換券(2023) X 1
`*FGO カルデア放送局 ライト版 聖杯戦線 ～白天の城、黒夜の城～放送記念 初回ログインボーナス*
*開催期間中、初回ログインで「聖晶石×14」をプレゼント！*
`聖晶石 X 14
`_2023-10-25 19:39:25_
--------
*790b887791ca4de4345ea61d5bd657e4*
`登陆天数: 54天 / 1373天
等级: 125
石头: 21
呼符: 37
体力: 51642.32 / 137
友情点: 0 / 847305`
*連続ログイン5日目
※ログインが途切れるか、7日到達すると
1日目から再開されます*
`叡智の業火 X 2
10月交換券(2023) X 1
`*FGO カルデア放送局 ライト版 聖杯戦線 ～白天の城、黒夜の城～放送記念 初回ログインボーナス*
*開催期間中、初回ログインで「聖晶石×14」をプレゼント！*
`聖晶石 X 14
`_2023-10-25 19:39:34_
--------
*82f6295e189793da0ef43b4029c85eca*
`登陆天数: 54天 / 1424天
等级: 126
石头: 14
呼符: 0
体力: 16345.903333333334 / 137
友情点: 100 / 359780`
*連続ログイン5日目
※ログインが途切れるか、7日到達すると
1日目から再開されます*
`叡智の業火 X 2
10月交換券(2023) X 1
`*FGO カルデア放送局 ライト版 聖杯戦線 ～白天の城、黒夜の城～放送記念 初回ログインボーナス*
*開催期間中、初回ログインで「聖晶石×14」をプレゼント！*
`聖晶石 X 14
`_2023-10-25 19:39:47_
--------
*47f309e11f595c830d1447d77b47d8a0*
`登陆天数: 54天 / 1388天
等级: 126
石头: 8
呼符: 0
体力: 19774.18 / 137
友情点: 120 / 1106155`
*連続ログイン5日目
※ログインが途切れるか、7日到達すると
1日目から再開されます*
`叡智の業火 X 2
10月交換券(2023) X 1
`*FGO カルデア放送局 ライト版 聖杯戦線 ～白天の城、黒夜の城～放送記念 初回ログインボーナス*
*開催期間中、初回ログインで「聖晶石×14」をプレゼント！*
`聖晶石 X 14
`_2023-10-25 19:39:59_
--------
*7686ae2a105ec6cc5551581fc7487546*
`登陆天数: 54天 / 1430天
等级: 127
石头: 66
呼符: 6
体力: 54215.86666666667 / 137
友情点: 0 / 1151410`
*連続ログイン5日目
※ログインが途切れるか、7日到達すると
1日目から再開されます*
`叡智の業火 X 2
10月交換券(2023) X 1
`*FGO カルデア放送局 ライト版 聖杯戦線 ～白天の城、黒夜の城～放送記念 初回ログインボーナス*
*開催期間中、初回ログインで「聖晶石×14」をプレゼント！*
`聖晶石 X 14
`_2023-10-25 19:40:08_
--------
*dcf734638b8334ef199302253a06e093*
`登陆天数: 54天 / 1310天
等级: 125
石头: 502
呼符: 0
体力: 20268.716666666667 / 137
友情点: 0 / 1035050`
*連続ログイン5日目
※ログインが途切れるか、7日到達すると
1日目から再開されます*
`叡智の業火 X 2
10月交換券(2023) X 1
`*FGO カルデア放送局 ライト版 聖杯戦線 ～白天の城、黒夜の城～放送記念 初回ログインボーナス*
*開催期間中、初回ログインで「聖晶石×14」をプレゼント！*
`聖晶石 X 14
`_2023-10-25 19:40:16_
--------
*47f309e11f595c830d1447d77b47d8a0*
`登陆天数: 54天 / 1406天
等级: 126
石头: 685
呼符: 1
体力: 18223.8 / 137
友情点: 130 / 965290`
*連続ログイン5日目
※ログインが途切れるか、7日到達すると
1日目から再開されます*
`叡智の業火 X 2
10月交換券(2023) X 1
`*FGO カルデア放送局 ライト版 聖杯戦線 ～白天の城、黒夜の城～放送記念 初回ログインボーナス*
*開催期間中、初回ログインで「聖晶石×14」をプレゼント！*
`聖晶石 X 14
`_2023-10-25 19:40:26_
--------
*a602c44e0f8456741b30f0caf4753a39*
`登陆天数: 70天 / 1339天
等级: 143
石头: 144
呼符: 4
体力: 350.41666666666663 / 141
友情点: 265 / 200265`
*連続ログイン7日間到達おめでとうございます！
明日は1日目からリスタートされます。*
`獣の足跡 X 1
呼符 X 1
10月交換券(2023) X 1
`*FGO カルデア放送局 ライト版 聖杯戦線 ～白天の城、黒夜の城～放送記念 初回ログインボーナス*
*開催期間中、初回ログインで「聖晶石×14」をプレゼント！*
`聖晶石 X 14
`_2023-10-25 19:40:34_
--------
