【登录信息】
*b5e6a05282bde158c1ffe9d4d9788373*
`登陆天数: 55天 / 1338天
等级: 125
石头: 630
呼符: 0
体力: 51932.82 / 137
友情点: 0 / 1142815`
*連続ログイン6日目
※ログインが途切れるか、7日到達すると
1日目から再開されます*
`聖晶石 X 2
10月交換券(2023) X 1
`*聖杯戦線 ～白天の城、黒夜の城～開幕記念 ログインボーナス*
*開催期間中、1日1回 最大21回ログインボーナスをプレゼント！*
`白銀の果実 X 1
`_2023-10-26 19:38:15_
--------
*eb20c8954ecb148daacdac59c3a0b2e8*
`登陆天数: 55天 / 1321天
等级: 125
石头: 634
呼符: 34
体力: 23662.13 / 137
友情点: 0 / 1144045`
*連続ログイン6日目
※ログインが途切れるか、7日到達すると
1日目から再開されます*
`聖晶石 X 2
10月交換券(2023) X 1
`*聖杯戦線 ～白天の城、黒夜の城～開幕記念 ログインボーナス*
*開催期間中、1日1回 最大21回ログインボーナスをプレゼント！*
`白銀の果実 X 1
`_2023-10-26 19:38:24_
--------
*620476f0f61795fd355f2a9e3fb24e54*
`登陆天数: 55天 / 1388天
等级: 125
石头: 304
呼符: 2
体力: 52638.80333333334 / 137
友情点: 0 / 1143295`
*連続ログイン6日目
※ログインが途切れるか、7日到達すると
1日目から再開されます*
`聖晶石 X 2
10月交換券(2023) X 1
`*聖杯戦線 ～白天の城、黒夜の城～開幕記念 ログインボーナス*
*開催期間中、1日1回 最大21回ログインボーナスをプレゼント！*
`白銀の果実 X 1
`_2023-10-26 19:38:32_
--------
*8a4af26995de6f135fbb0fdafa2e0424*
`登陆天数: 55天 / 1366天
等级: 125
石头: 387
呼符: 22
体力: 52355.06333333333 / 137
友情点: 0 / 1126525`
*連続ログイン6日目
※ログインが途切れるか、7日到達すると
1日目から再開されます*
`聖晶石 X 2
10月交換券(2023) X 1
`*聖杯戦線 ～白天の城、黒夜の城～開幕記念 ログインボーナス*
*開催期間中、1日1回 最大21回ログインボーナスをプレゼント！*
`白銀の果実 X 1
`_2023-10-26 19:38:41_
--------
*69a508b93367b043329d175aca01015e*
`登陆天数: 55天 / 1204天
等级: 125
石头: 556
呼符: 30
体力: 95491.07333333333 / 137
友情点: 0 / 891575`
*連続ログイン6日目
※ログインが途切れるか、7日到達すると
1日目から再開されます*
`聖晶石 X 2
10月交換券(2023) X 1
`*聖杯戦線 ～白天の城、黒夜の城～開幕記念 ログインボーナス*
*開催期間中、1日1回 最大21回ログインボーナスをプレゼント！*
`白銀の果実 X 1
`_2023-10-26 19:38:50_
--------
*05c7889868efad05a84b961c94cc9b2c*
`登陆天数: 55天 / 1419天
等级: 125
石头: 894
呼符: 21
体力: 64577.09333333333 / 137
友情点: 0 / 1084815`
*連続ログイン6日目
※ログインが途切れるか、7日到達すると
1日目から再開されます*
`聖晶石 X 2
10月交換券(2023) X 1
`*聖杯戦線 ～白天の城、黒夜の城～開幕記念 ログインボーナス*
*開催期間中、1日1回 最大21回ログインボーナスをプレゼント！*
`白銀の果実 X 1
`_2023-10-26 19:38:58_
--------
*41c8ea3cfa831059a6c57fddf5a2e62d*
`登陆天数: 55天 / 1373天
等级: 125
石头: 34
呼符: 0
体力: 43979.33 / 137
友情点: 0 / 711875`
*連続ログイン6日目
※ログインが途切れるか、7日到達すると
1日目から再開されます*
`聖晶石 X 2
10月交換券(2023) X 1
`*聖杯戦線 ～白天の城、黒夜の城～開幕記念 ログインボーナス*
*開催期間中、1日1回 最大21回ログインボーナスをプレゼント！*
`白銀の果実 X 1
`_2023-10-26 19:39:06_
--------
*790b887791ca4de4345ea61d5bd657e4*
`登陆天数: 55天 / 1374天
等级: 125
石头: 21
呼符: 37
体力: 51930.253333333334 / 137
友情点: 0 / 847305`
*連続ログイン6日目
※ログインが途切れるか、7日到達すると
1日目から再開されます*
`聖晶石 X 2
10月交換券(2023) X 1
`*聖杯戦線 ～白天の城、黒夜の城～開幕記念 ログインボーナス*
*開催期間中、1日1回 最大21回ログインボーナスをプレゼント！*
`白銀の果実 X 1
`_2023-10-26 19:39:15_
--------
*82f6295e189793da0ef43b4029c85eca*
`登陆天数: 55天 / 1425天
等级: 126
石头: 14
呼符: 0
体力: 16633.836666666666 / 137
友情点: 110 / 360090`
*連続ログイン6日目
※ログインが途切れるか、7日到達すると
1日目から再開されます*
`聖晶石 X 2
10月交換券(2023) X 1
`*聖杯戦線 ～白天の城、黒夜の城～開幕記念 ログインボーナス*
*開催期間中、1日1回 最大21回ログインボーナスをプレゼント！*
`白銀の果実 X 1
`_2023-10-26 19:39:27_
--------
*47f309e11f595c830d1447d77b47d8a0*
`登陆天数: 55天 / 1389天
等级: 126
石头: 8
呼符: 0
体力: 20062.11 / 137
友情点: 150 / 1106335`
*連続ログイン6日目
※ログインが途切れるか、7日到達すると
1日目から再開されます*
`聖晶石 X 2
10月交換券(2023) X 1
`*聖杯戦線 ～白天の城、黒夜の城～開幕記念 ログインボーナス*
*開催期間中、1日1回 最大21回ログインボーナスをプレゼント！*
`白銀の果実 X 1
`_2023-10-26 19:39:39_
--------
*7686ae2a105ec6cc5551581fc7487546*
`登陆天数: 55天 / 1431天
等级: 127
石头: 66
呼符: 6
体力: 54503.79666666667 / 137
友情点: 0 / 1151410`
*連続ログイン6日目
※ログインが途切れるか、7日到達すると
1日目から再開されます*
`聖晶石 X 2
10月交換券(2023) X 1
`*聖杯戦線 ～白天の城、黒夜の城～開幕記念 ログインボーナス*
*開催期間中、1日1回 最大21回ログインボーナスをプレゼント！*
`白銀の果実 X 1
`_2023-10-26 19:39:47_
--------
*dcf734638b8334ef199302253a06e093*
`登陆天数: 55天 / 1311天
等级: 125
石头: 502
呼符: 0
体力: 20556.646666666667 / 137
友情点: 0 / 1035050`
*連続ログイン6日目
※ログインが途切れるか、7日到達すると
1日目から再開されます*
`聖晶石 X 2
10月交換券(2023) X 1
`*聖杯戦線 ～白天の城、黒夜の城～開幕記念 ログインボーナス*
*開催期間中、1日1回 最大21回ログインボーナスをプレゼント！*
`白銀の果実 X 1
`_2023-10-26 19:39:55_
--------
*47f309e11f595c830d1447d77b47d8a0*
`登陆天数: 55天 / 1407天
等级: 126
石头: 685
呼符: 1
体力: 18511.726666666666 / 137
友情点: 50 / 965740`
*連続ログイン6日目
※ログインが途切れるか、7日到達すると
1日目から再開されます*
`聖晶石 X 2
10月交換券(2023) X 1
`*聖杯戦線 ～白天の城、黒夜の城～開幕記念 ログインボーナス*
*開催期間中、1日1回 最大21回ログインボーナスをプレゼント！*
`白銀の果実 X 1
`_2023-10-26 19:40:04_
--------
*a602c44e0f8456741b30f0caf4753a39*
`登陆天数: 71天 / 1340天
等级: 143
石头: 144
呼符: 4
体力: 638.3433333333332 / 141
友情点: 160 / 200425`
*連続ログイン1日目
※ログインが途切れるか、7日到達すると
1日目から再開されます*
`フレンドポイント X 2000
10月交換券(2023) X 1
`*聖杯戦線 ～白天の城、黒夜の城～開幕記念 ログインボーナス*
*開催期間中、1日1回 最大21回ログインボーナスをプレゼント！*
`白銀の果実 X 1
`_2023-10-26 19:40:12_
--------
