【登录信息】
*b5e6a05282bde158c1ffe9d4d9788373*
`登陆天数: 56天 / 1339天
等级: 125
石头: 630
呼符: 0
体力: 52220.88333333333 / 137
友情点: 0 / 1142815`
*連続ログイン7日間到達おめでとうございます！
明日は1日目からリスタートされます。*
`獣の足跡 X 1
呼符 X 1
10月交換券(2023) X 1
`*聖杯戦線 ～白天の城、黒夜の城～開幕記念 ログインボーナス*
*開催期間中、1日1回 最大21回ログインボーナスをプレゼント！*
`白銀の果実 X 1
`_2023-10-27 19:38:34_
--------
*eb20c8954ecb148daacdac59c3a0b2e8*
`登陆天数: 56天 / 1322天
等级: 125
石头: 634
呼符: 34
体力: 23950.196666666667 / 137
友情点: 0 / 1144045`
*連続ログイン7日間到達おめでとうございます！
明日は1日目からリスタートされます。*
`獣の足跡 X 1
呼符 X 1
10月交換券(2023) X 1
`*聖杯戦線 ～白天の城、黒夜の城～開幕記念 ログインボーナス*
*開催期間中、1日1回 最大21回ログインボーナスをプレゼント！*
`白銀の果実 X 1
`_2023-10-27 19:38:43_
--------
*620476f0f61795fd355f2a9e3fb24e54*
`登陆天数: 56天 / 1389天
等级: 125
石头: 304
呼符: 2
体力: 52926.87 / 137
友情点: 0 / 1143295`
*連続ログイン7日間到達おめでとうございます！
明日は1日目からリスタートされます。*
`獣の足跡 X 1
呼符 X 1
10月交換券(2023) X 1
`*聖杯戦線 ～白天の城、黒夜の城～開幕記念 ログインボーナス*
*開催期間中、1日1回 最大21回ログインボーナスをプレゼント！*
`白銀の果実 X 1
`_2023-10-27 19:38:52_
--------
*8a4af26995de6f135fbb0fdafa2e0424*
`登陆天数: 56天 / 1367天
等级: 125
石头: 387
呼符: 22
体力: 52643.136666666665 / 137
友情点: 0 / 1126525`
*連続ログイン7日間到達おめでとうございます！
明日は1日目からリスタートされます。*
`獣の足跡 X 1
呼符 X 1
10月交換券(2023) X 1
`*聖杯戦線 ～白天の城、黒夜の城～開幕記念 ログインボーナス*
*開催期間中、1日1回 最大21回ログインボーナスをプレゼント！*
`白銀の果実 X 1
`_2023-10-27 19:39:02_
--------
*69a508b93367b043329d175aca01015e*
`登陆天数: 56天 / 1205天
等级: 125
石头: 556
呼符: 30
体力: 95779.14333333333 / 137
友情点: 0 / 891575`
*連続ログイン7日間到達おめでとうございます！
明日は1日目からリスタートされます。*
`獣の足跡 X 1
呼符 X 1
10月交換券(2023) X 1
`*聖杯戦線 ～白天の城、黒夜の城～開幕記念 ログインボーナス*
*開催期間中、1日1回 最大21回ログインボーナスをプレゼント！*
`白銀の果実 X 1
`_2023-10-27 19:39:11_
--------
*05c7889868efad05a84b961c94cc9b2c*
`登陆天数: 56天 / 1420天
等级: 125
石头: 894
呼符: 21
体力: 64865.166666666664 / 137
友情点: 0 / 1084815`
*連続ログイン7日間到達おめでとうございます！
明日は1日目からリスタートされます。*
`獣の足跡 X 1
呼符 X 1
10月交換券(2023) X 1
`*聖杯戦線 ～白天の城、黒夜の城～開幕記念 ログインボーナス*
*開催期間中、1日1回 最大21回ログインボーナスをプレゼント！*
`白銀の果実 X 1
`_2023-10-27 19:39:20_
--------
*41c8ea3cfa831059a6c57fddf5a2e62d*
`登陆天数: 56天 / 1374天
等级: 125
石头: 34
呼符: 0
体力: 44267.41 / 137
友情点: 0 / 711875`
*連続ログイン7日間到達おめでとうございます！
明日は1日目からリスタートされます。*
`獣の足跡 X 1
呼符 X 1
10月交換券(2023) X 1
`*聖杯戦線 ～白天の城、黒夜の城～開幕記念 ログインボーナス*
*開催期間中、1日1回 最大21回ログインボーナスをプレゼント！*
`白銀の果実 X 1
`_2023-10-27 19:39:29_
--------
*790b887791ca4de4345ea61d5bd657e4*
`登陆天数: 56天 / 1375天
等级: 125
石头: 21
呼符: 37
体力: 52218.333333333336 / 137
友情点: 0 / 847305`
*連続ログイン7日間到達おめでとうございます！
明日は1日目からリスタートされます。*
`獣の足跡 X 1
呼符 X 1
10月交換券(2023) X 1
`*聖杯戦線 ～白天の城、黒夜の城～開幕記念 ログインボーナス*
*開催期間中、1日1回 最大21回ログインボーナスをプレゼント！*
`白銀の果実 X 1
`_2023-10-27 19:39:38_
--------
*82f6295e189793da0ef43b4029c85eca*
`登陆天数: 56天 / 1426天
等级: 126
石头: 14
呼符: 0
体力: 16921.92 / 137
友情点: 240 / 360330`
*連続ログイン7日間到達おめでとうございます！
明日は1日目からリスタートされます。*
`獣の足跡 X 1
呼符 X 1
10月交換券(2023) X 1
`*聖杯戦線 ～白天の城、黒夜の城～開幕記念 ログインボーナス*
*開催期間中、1日1回 最大21回ログインボーナスをプレゼント！*
`白銀の果実 X 1
`_2023-10-27 19:39:51_
--------
*47f309e11f595c830d1447d77b47d8a0*
`登陆天数: 56天 / 1390天
等级: 126
石头: 8
呼符: 0
体力: 20350.193333333333 / 137
友情点: 150 / 1106485`
*連続ログイン7日間到達おめでとうございます！
明日は1日目からリスタートされます。*
`獣の足跡 X 1
呼符 X 1
10月交換券(2023) X 1
`*聖杯戦線 ～白天の城、黒夜の城～開幕記念 ログインボーナス*
*開催期間中、1日1回 最大21回ログインボーナスをプレゼント！*
`白銀の果実 X 1
`_2023-10-27 19:40:04_
--------
*7686ae2a105ec6cc5551581fc7487546*
`登陆天数: 56天 / 1432天
等级: 127
石头: 66
呼符: 6
体力: 54791.88333333333 / 137
友情点: 0 / 1151410`
*連続ログイン7日間到達おめでとうございます！
明日は1日目からリスタートされます。*
`獣の足跡 X 1
呼符 X 1
10月交換券(2023) X 1
`*聖杯戦線 ～白天の城、黒夜の城～開幕記念 ログインボーナス*
*開催期間中、1日1回 最大21回ログインボーナスをプレゼント！*
`白銀の果実 X 1
`_2023-10-27 19:40:13_
--------
*dcf734638b8334ef199302253a06e093*
`登陆天数: 56天 / 1312天
等级: 125
石头: 502
呼符: 0
体力: 20844.736666666668 / 137
友情点: 0 / 1035050`
*連続ログイン7日間到達おめでとうございます！
明日は1日目からリスタートされます。*
`獣の足跡 X 1
呼符 X 1
10月交換券(2023) X 1
`*聖杯戦線 ～白天の城、黒夜の城～開幕記念 ログインボーナス*
*開催期間中、1日1回 最大21回ログインボーナスをプレゼント！*
`白銀の果実 X 1
`_2023-10-27 19:40:21_
--------
*47f309e11f595c830d1447d77b47d8a0*
`登陆天数: 56天 / 1408天
等级: 126
石头: 685
呼符: 1
体力: 18799.816666666666 / 137
友情点: 230 / 966390`
*連続ログイン7日間到達おめでとうございます！
明日は1日目からリスタートされます。*
`獣の足跡 X 1
呼符 X 1
10月交換券(2023) X 1
`*聖杯戦線 ～白天の城、黒夜の城～開幕記念 ログインボーナス*
*開催期間中、1日1回 最大21回ログインボーナスをプレゼント！*
`白銀の果実 X 1
`_2023-10-27 19:40:31_
--------
*a602c44e0f8456741b30f0caf4753a39*
`登陆天数: 72天 / 1341天
等级: 143
石头: 144
呼符: 4
体力: 926.4333333333333 / 141
友情点: 220 / 200645`
*連続ログイン2日目
※ログインが途切れるか、7日到達すると
1日目から再開されます*
`聖晶石 X 1
10月交換券(2023) X 1
`*聖杯戦線 ～白天の城、黒夜の城～開幕記念 ログインボーナス*
*開催期間中、1日1回 最大21回ログインボーナスをプレゼント！*
`白銀の果実 X 1
`_2023-10-27 19:40:40_
--------
