【登录信息】
*b5e6a05282bde158c1ffe9d4d9788373*
`登陆天数: 57天 / 1340天
等级: 125
石头: 630
呼符: 0
体力: 52508.80333333334 / 137
友情点: 0 / 1142815`
*連続ログイン1日目
※ログインが途切れるか、7日到達すると
1日目から再開されます*
`フレンドポイント X 2000
10月交換券(2023) X 1
`*聖杯戦線 ～白天の城、黒夜の城～開幕記念 ログインボーナス*
*開催期間中、1日1回 最大21回ログインボーナスをプレゼント！*
`白銀の果実 X 1
`_2023-10-28 19:38:11_
--------
*eb20c8954ecb148daacdac59c3a0b2e8*
`登陆天数: 57天 / 1323天
等级: 125
石头: 634
呼符: 34
体力: 24238.12 / 137
友情点: 0 / 1144045`
*連続ログイン1日目
※ログインが途切れるか、7日到達すると
1日目から再開されます*
`フレンドポイント X 2000
10月交換券(2023) X 1
`*聖杯戦線 ～白天の城、黒夜の城～開幕記念 ログインボーナス*
*開催期間中、1日1回 最大21回ログインボーナスをプレゼント！*
`白銀の果実 X 1
`_2023-10-28 19:38:20_
--------
*620476f0f61795fd355f2a9e3fb24e54*
`登陆天数: 57天 / 1390天
等级: 125
石头: 304
呼符: 2
体力: 53214.793333333335 / 137
友情点: 0 / 1143295`
*連続ログイン1日目
※ログインが途切れるか、7日到達すると
1日目から再開されます*
`フレンドポイント X 2000
10月交換券(2023) X 1
`*聖杯戦線 ～白天の城、黒夜の城～開幕記念 ログインボーナス*
*開催期間中、1日1回 最大21回ログインボーナスをプレゼント！*
`白銀の果実 X 1
`_2023-10-28 19:38:29_
--------
*8a4af26995de6f135fbb0fdafa2e0424*
`登陆天数: 57天 / 1368天
等级: 125
石头: 387
呼符: 22
体力: 52931.06 / 137
友情点: 0 / 1126525`
*連続ログイン1日目
※ログインが途切れるか、7日到達すると
1日目から再開されます*
`フレンドポイント X 2000
10月交換券(2023) X 1
`*聖杯戦線 ～白天の城、黒夜の城～開幕記念 ログインボーナス*
*開催期間中、1日1回 最大21回ログインボーナスをプレゼント！*
`白銀の果実 X 1
`_2023-10-28 19:38:39_
--------
*69a508b93367b043329d175aca01015e*
`登陆天数: 57天 / 1206天
等级: 125
石头: 556
呼符: 30
体力: 96067.06666666667 / 137
友情点: 0 / 891575`
*連続ログイン1日目
※ログインが途切れるか、7日到達すると
1日目から再開されます*
`フレンドポイント X 2000
10月交換券(2023) X 1
`*聖杯戦線 ～白天の城、黒夜の城～開幕記念 ログインボーナス*
*開催期間中、1日1回 最大21回ログインボーナスをプレゼント！*
`白銀の果実 X 1
`_2023-10-28 19:38:48_
--------
*05c7889868efad05a84b961c94cc9b2c*
`登陆天数: 57天 / 1421天
等级: 125
石头: 894
呼符: 21
体力: 65153.09 / 137
友情点: 0 / 1084815`
*連続ログイン1日目
※ログインが途切れるか、7日到達すると
1日目から再開されます*
`フレンドポイント X 2000
10月交換券(2023) X 1
`*聖杯戦線 ～白天の城、黒夜の城～開幕記念 ログインボーナス*
*開催期間中、1日1回 最大21回ログインボーナスをプレゼント！*
`白銀の果実 X 1
`_2023-10-28 19:38:57_
--------
*41c8ea3cfa831059a6c57fddf5a2e62d*
`登陆天数: 57天 / 1375天
等级: 125
石头: 34
呼符: 0
体力: 44555.333333333336 / 137
友情点: 0 / 711875`
*連続ログイン1日目
※ログインが途切れるか、7日到達すると
1日目から再開されます*
`フレンドポイント X 2000
10月交換券(2023) X 1
`*聖杯戦線 ～白天の城、黒夜の城～開幕記念 ログインボーナス*
*開催期間中、1日1回 最大21回ログインボーナスをプレゼント！*
`白銀の果実 X 1
`_2023-10-28 19:39:06_
--------
*790b887791ca4de4345ea61d5bd657e4*
`登陆天数: 57天 / 1376天
等级: 125
石头: 21
呼符: 37
体力: 52506.25666666667 / 137
友情点: 0 / 847305`
*連続ログイン1日目
※ログインが途切れるか、7日到達すると
1日目から再開されます*
`フレンドポイント X 2000
10月交換券(2023) X 1
`*聖杯戦線 ～白天の城、黒夜の城～開幕記念 ログインボーナス*
*開催期間中、1日1回 最大21回ログインボーナスをプレゼント！*
`白銀の果実 X 1
`_2023-10-28 19:39:15_
--------
*82f6295e189793da0ef43b4029c85eca*
`登陆天数: 57天 / 1427天
等级: 126
石头: 14
呼符: 0
体力: 17209.84 / 137
友情点: 240 / 360570`
*連続ログイン1日目
※ログインが途切れるか、7日到達すると
1日目から再開されます*
`フレンドポイント X 2000
10月交換券(2023) X 1
`*聖杯戦線 ～白天の城、黒夜の城～開幕記念 ログインボーナス*
*開催期間中、1日1回 最大21回ログインボーナスをプレゼント！*
`白銀の果実 X 1
`_2023-10-28 19:39:28_
--------
*47f309e11f595c830d1447d77b47d8a0*
`登陆天数: 57天 / 1391天
等级: 126
石头: 8
呼符: 0
体力: 20638.116666666665 / 137
友情点: 180 / 1106665`
*連続ログイン1日目
※ログインが途切れるか、7日到達すると
1日目から再開されます*
`フレンドポイント X 2000
10月交換券(2023) X 1
`*聖杯戦線 ～白天の城、黒夜の城～開幕記念 ログインボーナス*
*開催期間中、1日1回 最大21回ログインボーナスをプレゼント！*
`白銀の果実 X 1
`_2023-10-28 19:39:41_
--------
*7686ae2a105ec6cc5551581fc7487546*
`登陆天数: 57天 / 1433天
等级: 127
石头: 66
呼符: 6
体力: 55079.806666666664 / 137
友情点: 0 / 1151410`
*連続ログイン1日目
※ログインが途切れるか、7日到達すると
1日目から再開されます*
`フレンドポイント X 2000
10月交換券(2023) X 1
`*聖杯戦線 ～白天の城、黒夜の城～開幕記念 ログインボーナス*
*開催期間中、1日1回 最大21回ログインボーナスをプレゼント！*
`白銀の果実 X 1
`_2023-10-28 19:39:50_
--------
*dcf734638b8334ef199302253a06e093*
`登陆天数: 57天 / 1313天
等级: 125
石头: 502
呼符: 0
体力: 21132.66 / 137
友情点: 0 / 1035050`
*連続ログイン1日目
※ログインが途切れるか、7日到達すると
1日目から再開されます*
`フレンドポイント X 2000
10月交換券(2023) X 1
`*聖杯戦線 ～白天の城、黒夜の城～開幕記念 ログインボーナス*
*開催期間中、1日1回 最大21回ログインボーナスをプレゼント！*
`白銀の果実 X 1
`_2023-10-28 19:39:58_
--------
*47f309e11f595c830d1447d77b47d8a0*
`登陆天数: 57天 / 1409天
等级: 126
石头: 685
呼符: 1
体力: 19087.743333333332 / 137
友情点: 190 / 966580`
*連続ログイン1日目
※ログインが途切れるか、7日到達すると
1日目から再開されます*
`フレンドポイント X 2000
10月交換券(2023) X 1
`*聖杯戦線 ～白天の城、黒夜の城～開幕記念 ログインボーナス*
*開催期間中、1日1回 最大21回ログインボーナスをプレゼント！*
`白銀の果実 X 1
`_2023-10-28 19:40:08_
--------
*a602c44e0f8456741b30f0caf4753a39*
`登陆天数: 73天 / 1342天
等级: 143
石头: 144
呼符: 4
体力: 1214.36 / 141
友情点: 180 / 200825`
*連続ログイン3日目
※ログインが途切れるか、7日到達すると
1日目から再開されます*
`叡智の業火 X 1
10月交換券(2023) X 1
`*聖杯戦線 ～白天の城、黒夜の城～開幕記念 ログインボーナス*
*開催期間中、1日1回 最大21回ログインボーナスをプレゼント！*
`白銀の果実 X 1
`_2023-10-28 19:40:17_
--------
