【登录信息】
*b5e6a05282bde158c1ffe9d4d9788373*
`登陆天数: 58天 / 1341天
等级: 125
石头: 630
呼符: 0
体力: 52796.863333333335 / 137
友情点: 0 / 1142815`
*連続ログイン2日目
※ログインが途切れるか、7日到達すると
1日目から再開されます*
`聖晶石 X 1
10月交換券(2023) X 1
`*初回ログインボーナス*
*開催期間中、初回ログインボーナスをプレゼント！*
`聖晶石 X 10
`_2023-10-29 19:38:29_
--------
*eb20c8954ecb148daacdac59c3a0b2e8*
`登陆天数: 58天 / 1324天
等级: 125
石头: 634
呼符: 34
体力: 24526.176666666666 / 137
友情点: 0 / 1144045`
*連続ログイン2日目
※ログインが途切れるか、7日到達すると
1日目から再開されます*
`聖晶石 X 1
10月交換券(2023) X 1
`*初回ログインボーナス*
*開催期間中、初回ログインボーナスをプレゼント！*
`聖晶石 X 10
`_2023-10-29 19:38:38_
--------
*620476f0f61795fd355f2a9e3fb24e54*
`登陆天数: 58天 / 1391天
等级: 125
石头: 304
呼符: 2
体力: 53502.85333333333 / 137
友情点: 0 / 1143295`
*連続ログイン2日目
※ログインが途切れるか、7日到達すると
1日目から再開されます*
`聖晶石 X 1
10月交換券(2023) X 1
`*初回ログインボーナス*
*開催期間中、初回ログインボーナスをプレゼント！*
`聖晶石 X 10
`_2023-10-29 19:38:47_
--------
*8a4af26995de6f135fbb0fdafa2e0424*
`登陆天数: 58天 / 1369天
等级: 125
石头: 387
呼符: 22
体力: 53219.113333333335 / 137
友情点: 0 / 1126525`
*連続ログイン2日目
※ログインが途切れるか、7日到達すると
1日目から再開されます*
`聖晶石 X 1
10月交換券(2023) X 1
`*初回ログインボーナス*
*開催期間中、初回ログインボーナスをプレゼント！*
`聖晶石 X 10
`_2023-10-29 19:38:56_
--------
*69a508b93367b043329d175aca01015e*
`登陆天数: 58天 / 1207天
等级: 125
石头: 556
呼符: 30
体力: 96355.12333333334 / 137
友情点: 0 / 891575`
*連続ログイン2日目
※ログインが途切れるか、7日到達すると
1日目から再開されます*
`聖晶石 X 1
10月交換券(2023) X 1
`*初回ログインボーナス*
*開催期間中、初回ログインボーナスをプレゼント！*
`聖晶石 X 10
`_2023-10-29 19:39:05_
--------
*05c7889868efad05a84b961c94cc9b2c*
`登陆天数: 58天 / 1422天
等级: 125
石头: 894
呼符: 21
体力: 65441.14333333333 / 137
友情点: 0 / 1084815`
*連続ログイン2日目
※ログインが途切れるか、7日到達すると
1日目から再開されます*
`聖晶石 X 1
10月交換券(2023) X 1
`*初回ログインボーナス*
*開催期間中、初回ログインボーナスをプレゼント！*
`聖晶石 X 10
`_2023-10-29 19:39:13_
--------
*41c8ea3cfa831059a6c57fddf5a2e62d*
`登陆天数: 58天 / 1376天
等级: 125
石头: 34
呼符: 0
体力: 44843.38333333333 / 137
友情点: 0 / 711875`
*連続ログイン2日目
※ログインが途切れるか、7日到達すると
1日目から再開されます*
`聖晶石 X 1
10月交換券(2023) X 1
`*初回ログインボーナス*
*開催期間中、初回ログインボーナスをプレゼント！*
`聖晶石 X 10
`_2023-10-29 19:39:21_
--------
*790b887791ca4de4345ea61d5bd657e4*
`登陆天数: 58天 / 1377天
等级: 125
石头: 21
呼符: 37
体力: 52794.306666666664 / 137
友情点: 0 / 847305`
*連続ログイン2日目
※ログインが途切れるか、7日到達すると
1日目から再開されます*
`聖晶石 X 1
10月交換券(2023) X 1
`*初回ログインボーナス*
*開催期間中、初回ログインボーナスをプレゼント！*
`聖晶石 X 10
`_2023-10-29 19:39:30_
--------
*82f6295e189793da0ef43b4029c85eca*
`登陆天数: 58天 / 1428天
等级: 126
石头: 14
呼符: 0
体力: 17497.89 / 137
友情点: 420 / 360990`
*連続ログイン2日目
※ログインが途切れるか、7日到達すると
1日目から再開されます*
`聖晶石 X 1
10月交換券(2023) X 1
`*初回ログインボーナス*
*開催期間中、初回ログインボーナスをプレゼント！*
`聖晶石 X 10
`_2023-10-29 19:39:43_
--------
*47f309e11f595c830d1447d77b47d8a0*
`登陆天数: 58天 / 1392天
等级: 126
石头: 8
呼符: 0
体力: 20926.163333333334 / 137
友情点: 370 / 1107035`
*連続ログイン2日目
※ログインが途切れるか、7日到達すると
1日目から再開されます*
`聖晶石 X 1
10月交換券(2023) X 1
`*初回ログインボーナス*
*開催期間中、初回ログインボーナスをプレゼント！*
`聖晶石 X 10
`_2023-10-29 19:39:55_
--------
*7686ae2a105ec6cc5551581fc7487546*
`登陆天数: 58天 / 1434天
等级: 127
石头: 66
呼符: 6
体力: 55367.85333333333 / 137
友情点: 0 / 1151410`
*連続ログイン2日目
※ログインが途切れるか、7日到達すると
1日目から再開されます*
`聖晶石 X 1
10月交換券(2023) X 1
`*初回ログインボーナス*
*開催期間中、初回ログインボーナスをプレゼント！*
`聖晶石 X 10
`_2023-10-29 19:40:04_
--------
*dcf734638b8334ef199302253a06e093*
`登陆天数: 58天 / 1314天
等级: 125
石头: 502
呼符: 0
体力: 21420.703333333335 / 137
友情点: 0 / 1035050`
*連続ログイン2日目
※ログインが途切れるか、7日到達すると
1日目から再開されます*
`聖晶石 X 1
10月交換券(2023) X 1
`*初回ログインボーナス*
*開催期間中、初回ログインボーナスをプレゼント！*
`聖晶石 X 10
`_2023-10-29 19:40:12_
--------
*47f309e11f595c830d1447d77b47d8a0*
`登陆天数: 58天 / 1410天
等级: 126
石头: 685
呼符: 1
体力: 19375.786666666667 / 137
友情点: 260 / 966840`
*連続ログイン2日目
※ログインが途切れるか、7日到達すると
1日目から再開されます*
`聖晶石 X 1
10月交換券(2023) X 1
`*初回ログインボーナス*
*開催期間中、初回ログインボーナスをプレゼント！*
`聖晶石 X 10
`_2023-10-29 19:40:22_
--------
*a602c44e0f8456741b30f0caf4753a39*
`登陆天数: 74天 / 1343天
等级: 143
石头: 144
呼符: 4
体力: 1502.4 / 141
友情点: 220 / 201045`
*連続ログイン4日目
※ログインが途切れるか、7日到達すると
1日目から再開されます*
`聖晶石 X 1
10月交換券(2023) X 1
`*初回ログインボーナス*
*開催期間中、初回ログインボーナスをプレゼント！*
`聖晶石 X 10
`_2023-10-29 19:40:30_
--------
