【登录信息】
*b5e6a05282bde158c1ffe9d4d9788373*
`登陆天数: 59天 / 1342天
等级: 125
石头: 630
呼符: 0
体力: 53084.846666666665 / 137
友情点: 0 / 1142815`
*連続ログイン3日目
※ログインが途切れるか、7日到達すると
1日目から再開されます*
`叡智の業火 X 1
10月交換券(2023) X 1
`*聖杯戦線 ～白天の城、黒夜の城～開幕記念 ログインボーナス*
*開催期間中、1日1回 最大21回ログインボーナスをプレゼント！*
`白銀の果実 X 1
`_2023-10-30 19:38:23_
--------
*eb20c8954ecb148daacdac59c3a0b2e8*
`登陆天数: 59天 / 1325天
等级: 125
石头: 634
呼符: 34
体力: 24814.16 / 137
友情点: 0 / 1144045`
*連続ログイン3日目
※ログインが途切れるか、7日到達すると
1日目から再開されます*
`叡智の業火 X 1
10月交換券(2023) X 1
`*聖杯戦線 ～白天の城、黒夜の城～開幕記念 ログインボーナス*
*開催期間中、1日1回 最大21回ログインボーナスをプレゼント！*
`白銀の果実 X 1
`_2023-10-30 19:38:32_
--------
*620476f0f61795fd355f2a9e3fb24e54*
`登陆天数: 59天 / 1392天
等级: 125
石头: 304
呼符: 2
体力: 53790.833333333336 / 137
友情点: 0 / 1143295`
*連続ログイン3日目
※ログインが途切れるか、7日到達すると
1日目から再開されます*
`叡智の業火 X 1
10月交換券(2023) X 1
`*聖杯戦線 ～白天の城、黒夜の城～開幕記念 ログインボーナス*
*開催期間中、1日1回 最大21回ログインボーナスをプレゼント！*
`白銀の果実 X 1
`_2023-10-30 19:38:41_
--------
*8a4af26995de6f135fbb0fdafa2e0424*
`登陆天数: 59天 / 1370天
等级: 125
石头: 387
呼符: 22
体力: 53507.096666666665 / 137
友情点: 0 / 1126525`
*連続ログイン3日目
※ログインが途切れるか、7日到達すると
1日目から再開されます*
`叡智の業火 X 1
10月交換券(2023) X 1
`*聖杯戦線 ～白天の城、黒夜の城～開幕記念 ログインボーナス*
*開催期間中、1日1回 最大21回ログインボーナスをプレゼント！*
`白銀の果実 X 1
`_2023-10-30 19:38:50_
--------
*69a508b93367b043329d175aca01015e*
`登陆天数: 59天 / 1208天
等级: 125
石头: 556
呼符: 30
体力: 96643.10666666667 / 137
友情点: 0 / 891575`
*連続ログイン3日目
※ログインが途切れるか、7日到達すると
1日目から再開されます*
`叡智の業火 X 1
10月交換券(2023) X 1
`*聖杯戦線 ～白天の城、黒夜の城～開幕記念 ログインボーナス*
*開催期間中、1日1回 最大21回ログインボーナスをプレゼント！*
`白銀の果実 X 1
`_2023-10-30 19:39:00_
--------
*05c7889868efad05a84b961c94cc9b2c*
`登陆天数: 59天 / 1423天
等级: 125
石头: 894
呼符: 21
体力: 65729.13 / 137
友情点: 0 / 1084815`
*連続ログイン3日目
※ログインが途切れるか、7日到達すると
1日目から再開されます*
`叡智の業火 X 1
10月交換券(2023) X 1
`*聖杯戦線 ～白天の城、黒夜の城～開幕記念 ログインボーナス*
*開催期間中、1日1回 最大21回ログインボーナスをプレゼント！*
`白銀の果実 X 1
`_2023-10-30 19:39:09_
--------
*41c8ea3cfa831059a6c57fddf5a2e62d*
`登陆天数: 59天 / 1377天
等级: 125
石头: 34
呼符: 0
体力: 45131.37 / 137
友情点: 0 / 711875`
*連続ログイン3日目
※ログインが途切れるか、7日到達すると
1日目から再開されます*
`叡智の業火 X 1
10月交換券(2023) X 1
`*聖杯戦線 ～白天の城、黒夜の城～開幕記念 ログインボーナス*
*開催期間中、1日1回 最大21回ログインボーナスをプレゼント！*
`白銀の果実 X 1
`_2023-10-30 19:39:17_
--------
*790b887791ca4de4345ea61d5bd657e4*
`登陆天数: 59天 / 1378天
等级: 125
石头: 21
呼符: 37
体力: 53082.293333333335 / 137
友情点: 0 / 847305`
*連続ログイン3日目
※ログインが途切れるか、7日到達すると
1日目から再開されます*
`叡智の業火 X 1
10月交換券(2023) X 1
`*聖杯戦線 ～白天の城、黒夜の城～開幕記念 ログインボーナス*
*開催期間中、1日1回 最大21回ログインボーナスをプレゼント！*
`白銀の果実 X 1
`_2023-10-30 19:39:27_
--------
*82f6295e189793da0ef43b4029c85eca*
`登陆天数: 59天 / 1429天
等级: 126
石头: 14
呼符: 0
体力: 17785.88 / 137
友情点: 230 / 361220`
*連続ログイン3日目
※ログインが途切れるか、7日到達すると
1日目から再開されます*
`叡智の業火 X 1
10月交換券(2023) X 1
`*聖杯戦線 ～白天の城、黒夜の城～開幕記念 ログインボーナス*
*開催期間中、1日1回 最大21回ログインボーナスをプレゼント！*
`白銀の果実 X 1
`_2023-10-30 19:39:40_
--------
*47f309e11f595c830d1447d77b47d8a0*
`登陆天数: 59天 / 1393天
等级: 126
石头: 8
呼符: 0
体力: 21214.156666666666 / 137
友情点: 120 / 1107155`
*連続ログイン3日目
※ログインが途切れるか、7日到達すると
1日目から再開されます*
`叡智の業火 X 1
10月交換券(2023) X 1
`*聖杯戦線 ～白天の城、黒夜の城～開幕記念 ログインボーナス*
*開催期間中、1日1回 最大21回ログインボーナスをプレゼント！*
`白銀の果実 X 1
`_2023-10-30 19:39:53_
--------
*7686ae2a105ec6cc5551581fc7487546*
`登陆天数: 59天 / 1435天
等级: 127
石头: 66
呼符: 6
体力: 55655.846666666665 / 137
友情点: 0 / 1151410`
*連続ログイン3日目
※ログインが途切れるか、7日到達すると
1日目から再開されます*
`叡智の業火 X 1
10月交換券(2023) X 1
`*聖杯戦線 ～白天の城、黒夜の城～開幕記念 ログインボーナス*
*開催期間中、1日1回 最大21回ログインボーナスをプレゼント！*
`白銀の果実 X 1
`_2023-10-30 19:40:01_
--------
*dcf734638b8334ef199302253a06e093*
`登陆天数: 59天 / 1315天
等级: 125
石头: 502
呼符: 0
体力: 21708.7 / 137
友情点: 0 / 1035050`
*連続ログイン3日目
※ログインが途切れるか、7日到達すると
1日目から再開されます*
`叡智の業火 X 1
10月交換券(2023) X 1
`*聖杯戦線 ～白天の城、黒夜の城～開幕記念 ログインボーナス*
*開催期間中、1日1回 最大21回ログインボーナスをプレゼント！*
`白銀の果実 X 1
`_2023-10-30 19:40:10_
--------
*47f309e11f595c830d1447d77b47d8a0*
`登陆天数: 59天 / 1411天
等级: 126
石头: 685
呼符: 1
体力: 19663.78 / 137
友情点: 260 / 967100`
*連続ログイン3日目
※ログインが途切れるか、7日到達すると
1日目から再開されます*
`叡智の業火 X 1
10月交換券(2023) X 1
`*聖杯戦線 ～白天の城、黒夜の城～開幕記念 ログインボーナス*
*開催期間中、1日1回 最大21回ログインボーナスをプレゼント！*
`白銀の果実 X 1
`_2023-10-30 19:40:20_
--------
*a602c44e0f8456741b30f0caf4753a39*
`登陆天数: 75天 / 1344天
等级: 143
石头: 144
呼符: 4
体力: 1790.4 / 141
友情点: 380 / 201435`
*連続ログイン5日目
※ログインが途切れるか、7日到達すると
1日目から再開されます*
`叡智の業火 X 2
10月交換券(2023) X 1
`*聖杯戦線 ～白天の城、黒夜の城～開幕記念 ログインボーナス*
*開催期間中、1日1回 最大21回ログインボーナスをプレゼント！*
`白銀の果実 X 1
`_2023-10-30 19:40:29_
--------
