【登录信息】
*b5e6a05282bde158c1ffe9d4d9788373*
`登陆天数: 5天 / 1288天
等级: 125
石头: 630
呼符: 0
体力: 37680.12 / 137
友情点: 0 / 1142815`
_2023-09-07 07:54:46_
--------
*eb20c8954ecb148daacdac59c3a0b2e8*
`登陆天数: 5天 / 1271天
等级: 125
石头: 634
呼符: 34
体力: 9409.433333333332 / 137
友情点: 0 / 1144045`
*連続ログイン5日目
※ログインが途切れるか、7日到達すると
1日目から再開されます*
`叡智の業火 X 2
9月交換券(2023) X 1
`*ハンティングクエスト 第13弾
特別ログインボーナス*
*開催期間中、1日1回 最大7回ログインボーナスをプレゼント！*
`黄金の果実 X 1
`_2023-09-07 07:54:55_
--------
*620476f0f61795fd355f2a9e3fb24e54*
`登陆天数: 5天 / 1338天
等级: 125
石头: 304
呼符: 2
体力: 38386.11 / 137
友情点: 0 / 1143295`
*連続ログイン5日目
※ログインが途切れるか、7日到達すると
1日目から再開されます*
`叡智の業火 X 2
9月交換券(2023) X 1
`*ハンティングクエスト 第13弾
特別ログインボーナス*
*開催期間中、1日1回 最大7回ログインボーナスをプレゼント！*
`黄金の果実 X 1
`_2023-09-07 07:55:04_
--------
*8a4af26995de6f135fbb0fdafa2e0424*
`登陆天数: 5天 / 1316天
等级: 125
石头: 387
呼符: 22
体力: 38102.37333333334 / 137
友情点: 0 / 1126525`
*連続ログイン5日目
※ログインが途切れるか、7日到達すると
1日目から再開されます*
`叡智の業火 X 2
9月交換券(2023) X 1
`*ハンティングクエスト 第13弾
特別ログインボーナス*
*開催期間中、1日1回 最大7回ログインボーナスをプレゼント！*
`黄金の果実 X 1
`_2023-09-07 07:55:13_
--------
*69a508b93367b043329d175aca01015e*
`登陆天数: 5天 / 1154天
等级: 125
石头: 556
呼符: 30
体力: 81238.38333333333 / 137
友情点: 0 / 891575`
*連続ログイン5日目
※ログインが途切れるか、7日到達すると
1日目から再開されます*
`叡智の業火 X 2
9月交換券(2023) X 1
`*ハンティングクエスト 第13弾
特別ログインボーナス*
*開催期間中、1日1回 最大7回ログインボーナスをプレゼント！*
`黄金の果実 X 1
`_2023-09-07 07:55:23_
--------
*05c7889868efad05a84b961c94cc9b2c*
`登陆天数: 5天 / 1369天
等级: 125
石头: 894
呼符: 21
体力: 50324.40666666667 / 137
友情点: 0 / 1084815`
*連続ログイン5日目
※ログインが途切れるか、7日到達すると
1日目から再開されます*
`叡智の業火 X 2
9月交換券(2023) X 1
`*ハンティングクエスト 第13弾
特別ログインボーナス*
*開催期間中、1日1回 最大7回ログインボーナスをプレゼント！*
`黄金の果実 X 1
`_2023-09-07 07:55:31_
--------
*41c8ea3cfa831059a6c57fddf5a2e62d*
`登陆天数: 5天 / 1323天
等级: 125
石头: 238
呼符: 4
体力: 29726.646666666667 / 137
友情点: 0 / 693875`
*連続ログイン5日目
※ログインが途切れるか、7日到達すると
1日目から再開されます*
`叡智の業火 X 2
9月交換券(2023) X 1
`*ハンティングクエスト 第13弾
特別ログインボーナス*
*開催期間中、1日1回 最大7回ログインボーナスをプレゼント！*
`黄金の果実 X 1
`_2023-09-07 07:55:40_
--------
*790b887791ca4de4345ea61d5bd657e4*
`登陆天数: 5天 / 1324天
等级: 125
石头: 21
呼符: 37
体力: 37677.57 / 137
友情点: 0 / 847305`
*連続ログイン5日目
※ログインが途切れるか、7日到達すると
1日目から再開されます*
`叡智の業火 X 2
9月交換券(2023) X 1
`*ハンティングクエスト 第13弾
特別ログインボーナス*
*開催期間中、1日1回 最大7回ログインボーナスをプレゼント！*
`黄金の果実 X 1
`_2023-09-07 07:55:50_
--------
*31dc0b624260ae93d5ebecc09f87643b*
`登陆天数: 5天 / 1334天
等级: 127
石头: 1
呼符: 33
体力: 42398.02333333333 / 137
友情点: 0 / 1001810`
*連続ログイン5日目
※ログインが途切れるか、7日到達すると
1日目から再開されます*
`叡智の業火 X 2
9月交換券(2023) X 1
`*ハンティングクエスト 第13弾
特別ログインボーナス*
*開催期間中、1日1回 最大7回ログインボーナスをプレゼント！*
`黄金の果実 X 1
`_2023-09-07 07:55:59_
--------
*82f6295e189793da0ef43b4029c85eca*
`登陆天数: 5天 / 1375天
等级: 126
石头: 14
呼符: 0
体力: 2381.173333333333 / 137
友情点: 30 / 352240`
*連続ログイン5日目
※ログインが途切れるか、7日到達すると
1日目から再開されます*
`叡智の業火 X 2
9月交換券(2023) X 1
`*ハンティングクエスト 第13弾
特別ログインボーナス*
*開催期間中、1日1回 最大7回ログインボーナスをプレゼント！*
`黄金の果実 X 1
`_2023-09-07 07:56:08_
--------
*47f309e11f595c830d1447d77b47d8a0*
`登陆天数: 5天 / 1357天
等级: 126
石头: 685
呼符: 1
体力: 4258.97 / 137
友情点: 30 / 955090`
*連続ログイン5日目
※ログインが途切れるか、7日到達すると
1日目から再開されます*
`叡智の業火 X 2
9月交換券(2023) X 1
`*ハンティングクエスト 第13弾
特別ログインボーナス*
*開催期間中、1日1回 最大7回ログインボーナスをプレゼント！*
`黄金の果実 X 1
`_2023-09-07 07:56:17_
--------
*47f309e11f595c830d1447d77b47d8a0*
`登陆天数: 5天 / 1339天
等级: 126
石头: 397
呼符: 0
体力: 5809.466666666666 / 137
友情点: 50 / 1098930`
*連続ログイン5日目
※ログインが途切れるか、7日到達すると
1日目から再開されます*
`叡智の業火 X 2
9月交換券(2023) X 1
`*ハンティングクエスト 第13弾
特別ログインボーナス*
*開催期間中、1日1回 最大7回ログインボーナスをプレゼント！*
`黄金の果実 X 1
`_2023-09-07 07:56:26_
--------
*7686ae2a105ec6cc5551581fc7487546*
`登陆天数: 5天 / 1381天
等级: 127
石头: 26
呼符: 3
体力: 40251.15666666667 / 137
友情点: 0 / 1147410`
*連続ログイン5日目
※ログインが途切れるか、7日到達すると
1日目から再開されます*
`叡智の業火 X 2
9月交換券(2023) X 1
`*ハンティングクエスト 第13弾
特別ログインボーナス*
*開催期間中、1日1回 最大7回ログインボーナスをプレゼント！*
`黄金の果実 X 1
`_2023-09-07 07:56:35_
--------
*dcf734638b8334ef199302253a06e093*
`登陆天数: 5天 / 1261天
等级: 125
石头: 502
呼符: 0
体力: 6304.01 / 137
友情点: 0 / 1035050`
*連続ログイン5日目
※ログインが途切れるか、7日到達すると
1日目から再開されます*
`叡智の業火 X 2
9月交換券(2023) X 1
`*ハンティングクエスト 第13弾
特別ログインボーナス*
*開催期間中、1日1回 最大7回ログインボーナスをプレゼント！*
`黄金の果実 X 1
`_2023-09-07 07:56:43_
--------
*47f309e11f595c830d1447d77b47d8a0*
`登陆天数: 5天 / 1357天
等级: 126
石头: 685
呼符: 1
体力: 4259.09 / 137
友情点: 30 / 955120`
_2023-09-07 07:56:53_
--------
*a602c44e0f8456741b30f0caf4753a39*
`登陆天数: 21天 / 1290天
等级: 142
石头: 2
呼符: 0
体力: 238.45999999999998 / 140
友情点: 100 / 165245`
_2023-09-07 07:57:02_
--------
