【登录信息】
*b5e6a05282bde158c1ffe9d4d9788373*
`登陆天数: 7天 / 1290天
等级: 125
石头: 630
呼符: 0
体力: 38108.87666666666 / 137
友情点: 0 / 1142815`
*連続ログイン7日間到達おめでとうございます！
明日は1日目からリスタートされます。*
`獣の足跡 X 1
呼符 X 1
9月交換券(2023) X 1
`_2023-09-08 19:38:32_
--------
*eb20c8954ecb148daacdac59c3a0b2e8*
`登陆天数: 7天 / 1273天
等级: 125
石头: 634
呼符: 34
体力: 9838.19 / 137
友情点: 0 / 1144045`
*連続ログイン7日間到達おめでとうございます！
明日は1日目からリスタートされます。*
`獣の足跡 X 1
呼符 X 1
9月交換券(2023) X 1
`_2023-09-08 19:38:41_
--------
*620476f0f61795fd355f2a9e3fb24e54*
`登陆天数: 7天 / 1340天
等级: 125
石头: 304
呼符: 2
体力: 38814.863333333335 / 137
友情点: 0 / 1143295`
*連続ログイン7日間到達おめでとうございます！
明日は1日目からリスタートされます。*
`獣の足跡 X 1
呼符 X 1
9月交換券(2023) X 1
`_2023-09-08 19:38:50_
--------
*8a4af26995de6f135fbb0fdafa2e0424*
`登陆天数: 7天 / 1318天
等级: 125
石头: 387
呼符: 22
体力: 38531.12666666666 / 137
友情点: 0 / 1126525`
*連続ログイン7日間到達おめでとうございます！
明日は1日目からリスタートされます。*
`獣の足跡 X 1
呼符 X 1
9月交換券(2023) X 1
`_2023-09-08 19:38:59_
--------
*69a508b93367b043329d175aca01015e*
`登陆天数: 7天 / 1156天
等级: 125
石头: 556
呼符: 30
体力: 81667.13666666667 / 137
友情点: 0 / 891575`
*連続ログイン7日間到達おめでとうございます！
明日は1日目からリスタートされます。*
`獣の足跡 X 1
呼符 X 1
9月交換券(2023) X 1
`_2023-09-08 19:39:09_
--------
*05c7889868efad05a84b961c94cc9b2c*
`登陆天数: 7天 / 1371天
等级: 125
石头: 894
呼符: 21
体力: 50753.16 / 137
友情点: 0 / 1084815`
*連続ログイン7日間到達おめでとうございます！
明日は1日目からリスタートされます。*
`獣の足跡 X 1
呼符 X 1
9月交換券(2023) X 1
`_2023-09-08 19:39:18_
--------
*41c8ea3cfa831059a6c57fddf5a2e62d*
`登陆天数: 7天 / 1325天
等级: 125
石头: 238
呼符: 4
体力: 30155.4 / 137
友情点: 0 / 693875`
*連続ログイン7日間到達おめでとうございます！
明日は1日目からリスタートされます。*
`獣の足跡 X 1
呼符 X 1
9月交換券(2023) X 1
`_2023-09-08 19:39:26_
--------
*790b887791ca4de4345ea61d5bd657e4*
`登陆天数: 7天 / 1326天
等级: 125
石头: 21
呼符: 37
体力: 38106.323333333334 / 137
友情点: 0 / 847305`
*連続ログイン7日間到達おめでとうございます！
明日は1日目からリスタートされます。*
`獣の足跡 X 1
呼符 X 1
9月交換券(2023) X 1
`_2023-09-08 19:39:36_
--------
*31dc0b624260ae93d5ebecc09f87643b*
`登陆天数: 7天 / 1336天
等级: 127
石头: 1
呼符: 33
体力: 42826.776666666665 / 137
友情点: 0 / 1001810`
*連続ログイン7日間到達おめでとうございます！
明日は1日目からリスタートされます。*
`獣の足跡 X 1
呼符 X 1
9月交換券(2023) X 1
`_2023-09-08 19:39:45_
--------
*82f6295e189793da0ef43b4029c85eca*
`登陆天数: 7天 / 1377天
等级: 126
石头: 14
呼符: 0
体力: 2809.9266666666667 / 137
友情点: 190 / 352590`
*連続ログイン7日間到達おめでとうございます！
明日は1日目からリスタートされます。*
`獣の足跡 X 1
呼符 X 1
9月交換券(2023) X 1
`_2023-09-08 19:39:54_
--------
*c595c4468dd490bdb5e143c788cd36e0*
`登陆天数: 6天 / 1326天
等级: 142
石头: 15
呼符: 1
体力: 1242.33 / 140
友情点: 40 / 2235600`
*連続ログイン6日目
※ログインが途切れるか、7日到達すると
1日目から再開されます*
`聖晶石 X 2
9月交換券(2023) X 1
`_2023-09-08 19:40:02_
--------
*47f309e11f595c830d1447d77b47d8a0*
`登陆天数: 7天 / 1341天
等级: 126
石头: 397
呼符: 0
体力: 6238.22 / 137
友情点: 200 / 1099410`
*連続ログイン7日間到達おめでとうございます！
明日は1日目からリスタートされます。*
`獣の足跡 X 1
呼符 X 1
9月交換券(2023) X 1
`_2023-09-08 19:40:11_
--------
*7686ae2a105ec6cc5551581fc7487546*
`登陆天数: 7天 / 1383天
等级: 127
石头: 26
呼符: 3
体力: 40679.90666666667 / 137
友情点: 0 / 1147410`
*連続ログイン7日間到達おめでとうございます！
明日は1日目からリスタートされます。*
`獣の足跡 X 1
呼符 X 1
9月交換券(2023) X 1
`_2023-09-08 19:40:20_
--------
*dcf734638b8334ef199302253a06e093*
`登陆天数: 7天 / 1263天
等级: 125
石头: 502
呼符: 0
体力: 6732.76 / 137
友情点: 0 / 1035050`
*連続ログイン7日間到達おめでとうございます！
明日は1日目からリスタートされます。*
`獣の足跡 X 1
呼符 X 1
9月交換券(2023) X 1
`_2023-09-08 19:40:29_
--------
*47f309e11f595c830d1447d77b47d8a0*
`登陆天数: 7天 / 1359天
等级: 126
石头: 685
呼符: 1
体力: 4687.843333333333 / 137
友情点: 100 / 955480`
*連続ログイン7日間到達おめでとうございます！
明日は1日目からリスタートされます。*
`獣の足跡 X 1
呼符 X 1
9月交換券(2023) X 1
`_2023-09-08 19:40:39_
--------
*a602c44e0f8456741b30f0caf4753a39*
`登陆天数: 23天 / 1292天
等级: 142
石头: 2
呼符: 1
体力: 59.46666666666667 / 140
友情点: 75 / 165750`
*連続ログイン2日目
※ログインが途切れるか、7日到達すると
1日目から再開されます*
`聖晶石 X 1
9月交換券(2023) X 1
`_2023-09-08 19:40:48_
--------
