【登录信息】
*b5e6a05282bde158c1ffe9d4d9788373*
`登陆天数: 8天 / 1291天
等级: 125
石头: 630
呼符: 0
体力: 38396.87666666666 / 137
友情点: 0 / 1142815`
*連続ログイン1日目
※ログインが途切れるか、7日到達すると
1日目から再開されます*
`フレンドポイント X 2000
9月交換券(2023) X 1
`_2023-09-09 19:38:32_
--------
*eb20c8954ecb148daacdac59c3a0b2e8*
`登陆天数: 8天 / 1274天
等级: 125
石头: 634
呼符: 34
体力: 10126.19 / 137
友情点: 0 / 1144045`
*連続ログイン1日目
※ログインが途切れるか、7日到達すると
1日目から再開されます*
`フレンドポイント X 2000
9月交換券(2023) X 1
`_2023-09-09 19:38:41_
--------
*620476f0f61795fd355f2a9e3fb24e54*
`登陆天数: 8天 / 1341天
等级: 125
石头: 304
呼符: 2
体力: 39102.863333333335 / 137
友情点: 0 / 1143295`
*連続ログイン1日目
※ログインが途切れるか、7日到達すると
1日目から再開されます*
`フレンドポイント X 2000
9月交換券(2023) X 1
`_2023-09-09 19:38:50_
--------
*8a4af26995de6f135fbb0fdafa2e0424*
`登陆天数: 8天 / 1319天
等级: 125
石头: 387
呼符: 22
体力: 38819.12333333334 / 137
友情点: 0 / 1126525`
*連続ログイン1日目
※ログインが途切れるか、7日到達すると
1日目から再開されます*
`フレンドポイント X 2000
9月交換券(2023) X 1
`_2023-09-09 19:38:59_
--------
*69a508b93367b043329d175aca01015e*
`登陆天数: 8天 / 1157天
等级: 125
石头: 556
呼符: 30
体力: 81955.13333333333 / 137
友情点: 0 / 891575`
*連続ログイン1日目
※ログインが途切れるか、7日到達すると
1日目から再開されます*
`フレンドポイント X 2000
9月交換券(2023) X 1
`_2023-09-09 19:39:08_
--------
*05c7889868efad05a84b961c94cc9b2c*
`登陆天数: 8天 / 1372天
等级: 125
石头: 894
呼符: 21
体力: 51041.153333333335 / 137
友情点: 0 / 1084815`
*連続ログイン1日目
※ログインが途切れるか、7日到達すると
1日目から再開されます*
`フレンドポイント X 2000
9月交換券(2023) X 1
`_2023-09-09 19:39:16_
--------
*41c8ea3cfa831059a6c57fddf5a2e62d*
`登陆天数: 8天 / 1326天
等级: 125
石头: 238
呼符: 4
体力: 30443.393333333333 / 137
友情点: 0 / 693875`
*連続ログイン1日目
※ログインが途切れるか、7日到達すると
1日目から再開されます*
`フレンドポイント X 2000
9月交換券(2023) X 1
`_2023-09-09 19:39:24_
--------
*790b887791ca4de4345ea61d5bd657e4*
`登陆天数: 8天 / 1327天
等级: 125
石头: 21
呼符: 37
体力: 38394.31333333333 / 137
友情点: 0 / 847305`
*連続ログイン1日目
※ログインが途切れるか、7日到達すると
1日目から再開されます*
`フレンドポイント X 2000
9月交換券(2023) X 1
`_2023-09-09 19:39:33_
--------
*31dc0b624260ae93d5ebecc09f87643b*
`登陆天数: 8天 / 1337天
等级: 127
石头: 1
呼符: 33
体力: 43114.763333333336 / 137
友情点: 0 / 1001810`
*連続ログイン1日目
※ログインが途切れるか、7日到達すると
1日目から再開されます*
`フレンドポイント X 2000
9月交換券(2023) X 1
`_2023-09-09 19:39:41_
--------
*82f6295e189793da0ef43b4029c85eca*
`登陆天数: 8天 / 1378天
等级: 126
石头: 14
呼符: 0
体力: 3097.91 / 137
友情点: 110 / 352700`
*連続ログイン1日目
※ログインが途切れるか、7日到達すると
1日目から再開されます*
`フレンドポイント X 2000
9月交換券(2023) X 1
`_2023-09-09 19:39:49_
--------
*c595c4468dd490bdb5e143c788cd36e0*
`登陆天数: 7天 / 1327天
等级: 142
石头: 15
呼符: 1
体力: 1530.3133333333333 / 140
友情点: 60 / 2235670`
*連続ログイン7日間到達おめでとうございます！
明日は1日目からリスタートされます。*
`獣の足跡 X 1
呼符 X 1
9月交換券(2023) X 1
`_2023-09-09 19:39:58_
--------
*47f309e11f595c830d1447d77b47d8a0*
`登陆天数: 8天 / 1342天
等级: 126
石头: 397
呼符: 0
体力: 6526.2 / 137
友情点: 170 / 1099580`
*連続ログイン1日目
※ログインが途切れるか、7日到達すると
1日目から再開されます*
`フレンドポイント X 2000
9月交換券(2023) X 1
`_2023-09-09 19:40:06_
--------
*7686ae2a105ec6cc5551581fc7487546*
`登陆天数: 8天 / 1384天
等级: 127
石头: 26
呼符: 3
体力: 40967.89 / 137
友情点: 0 / 1147410`
*連続ログイン1日目
※ログインが途切れるか、7日到達すると
1日目から再開されます*
`フレンドポイント X 2000
9月交換券(2023) X 1
`_2023-09-09 19:40:15_
--------
*dcf734638b8334ef199302253a06e093*
`登陆天数: 8天 / 1264天
等级: 125
石头: 502
呼符: 0
体力: 7020.74 / 137
友情点: 0 / 1035050`
*連続ログイン1日目
※ログインが途切れるか、7日到達すると
1日目から再開されます*
`フレンドポイント X 2000
9月交換券(2023) X 1
`_2023-09-09 19:40:23_
--------
*47f309e11f595c830d1447d77b47d8a0*
`登陆天数: 8天 / 1360天
等级: 126
石头: 685
呼符: 1
体力: 4975.82 / 137
友情点: 170 / 955650`
*連続ログイン1日目
※ログインが途切れるか、7日到達すると
1日目から再開されます*
`フレンドポイント X 2000
9月交換券(2023) X 1
`_2023-09-09 19:40:32_
--------
*a602c44e0f8456741b30f0caf4753a39*
`登陆天数: 24天 / 1293天
等级: 142
石头: 11
呼符: 1
体力: 83.82666666666667 / 140
友情点: 50 / 168330`
*連続ログイン3日目
※ログインが途切れるか、7日到達すると
1日目から再開されます*
`叡智の業火 X 1
9月交換券(2023) X 1
`_2023-09-09 19:40:41_
--------
