【登录信息】
*b5e6a05282bde158c1ffe9d4d9788373*
`登陆天数: 10天 / 1293天
等级: 125
石头: 630
呼符: 0
体力: 38972.86 / 137
友情点: 0 / 1142815`
*連続ログイン3日目
※ログインが途切れるか、7日到達すると
1日目から再開されます*
`叡智の業火 X 1
9月交換券(2023) X 1
`_2023-09-11 19:38:27_
--------
*eb20c8954ecb148daacdac59c3a0b2e8*
`登陆天数: 10天 / 1276天
等级: 125
石头: 634
呼符: 34
体力: 10702.173333333334 / 137
友情点: 0 / 1144045`
*連続ログイン3日目
※ログインが途切れるか、7日到達すると
1日目から再開されます*
`叡智の業火 X 1
9月交換券(2023) X 1
`_2023-09-11 19:38:36_
--------
*620476f0f61795fd355f2a9e3fb24e54*
`登陆天数: 10天 / 1343天
等级: 125
石头: 304
呼符: 2
体力: 39678.846666666665 / 137
友情点: 0 / 1143295`
*連続ログイン3日目
※ログインが途切れるか、7日到達すると
1日目から再開されます*
`叡智の業火 X 1
9月交換券(2023) X 1
`_2023-09-11 19:38:45_
--------
*8a4af26995de6f135fbb0fdafa2e0424*
`登陆天数: 10天 / 1321天
等级: 125
石头: 387
呼符: 22
体力: 39395.11 / 137
友情点: 0 / 1126525`
*連続ログイン3日目
※ログインが途切れるか、7日到達すると
1日目から再開されます*
`叡智の業火 X 1
9月交換券(2023) X 1
`_2023-09-11 19:38:55_
--------
*69a508b93367b043329d175aca01015e*
`登陆天数: 10天 / 1159天
等级: 125
石头: 556
呼符: 30
体力: 82531.12 / 137
友情点: 0 / 891575`
*連続ログイン3日目
※ログインが途切れるか、7日到達すると
1日目から再開されます*
`叡智の業火 X 1
9月交換券(2023) X 1
`_2023-09-11 19:39:04_
--------
*05c7889868efad05a84b961c94cc9b2c*
`登陆天数: 10天 / 1374天
等级: 125
石头: 894
呼符: 21
体力: 51617.14333333333 / 137
友情点: 0 / 1084815`
*連続ログイン3日目
※ログインが途切れるか、7日到達すると
1日目から再開されます*
`叡智の業火 X 1
9月交換券(2023) X 1
`_2023-09-11 19:39:13_
--------
*41c8ea3cfa831059a6c57fddf5a2e62d*
`登陆天数: 10天 / 1328天
等级: 125
石头: 238
呼符: 4
体力: 31019.383333333335 / 137
友情点: 0 / 693875`
*連続ログイン3日目
※ログインが途切れるか、7日到達すると
1日目から再開されます*
`叡智の業火 X 1
9月交換券(2023) X 1
`_2023-09-11 19:39:21_
--------
*790b887791ca4de4345ea61d5bd657e4*
`登陆天数: 10天 / 1329天
等级: 125
石头: 21
呼符: 37
体力: 38970.306666666664 / 137
友情点: 0 / 847305`
*連続ログイン3日目
※ログインが途切れるか、7日到達すると
1日目から再開されます*
`叡智の業火 X 1
9月交換券(2023) X 1
`_2023-09-11 19:39:31_
--------
*31dc0b624260ae93d5ebecc09f87643b*
`登陆天数: 10天 / 1339天
等级: 127
石头: 1
呼符: 33
体力: 43690.76 / 137
友情点: 0 / 1001810`
*連続ログイン3日目
※ログインが途切れるか、7日到達すると
1日目から再開されます*
`叡智の業火 X 1
9月交換券(2023) X 1
`_2023-09-11 19:39:39_
--------
*82f6295e189793da0ef43b4029c85eca*
`登陆天数: 10天 / 1380天
等级: 126
石头: 14
呼符: 0
体力: 3673.9066666666668 / 137
友情点: 140 / 352920`
*連続ログイン3日目
※ログインが途切れるか、7日到達すると
1日目から再開されます*
`叡智の業火 X 1
9月交換券(2023) X 1
`_2023-09-11 19:39:48_
--------
*c595c4468dd490bdb5e143c788cd36e0*
`登陆天数: 9天 / 1329天
等级: 142
石头: 15
呼符: 1
体力: 2106.3066666666664 / 140
友情点: 150 / 2235940`
*連続ログイン2日目
※ログインが途切れるか、7日到達すると
1日目から再開されます*
`聖晶石 X 1
9月交換券(2023) X 1
`_2023-09-11 19:39:56_
--------
*47f309e11f595c830d1447d77b47d8a0*
`登陆天数: 10天 / 1344天
等级: 126
石头: 397
呼符: 0
体力: 7102.196666666667 / 137
友情点: 180 / 1099970`
*連続ログイン3日目
※ログインが途切れるか、7日到達すると
1日目から再開されます*
`叡智の業火 X 1
9月交換券(2023) X 1
`_2023-09-11 19:40:05_
--------
*7686ae2a105ec6cc5551581fc7487546*
`登陆天数: 10天 / 1386天
等级: 127
石头: 26
呼符: 3
体力: 41543.886666666665 / 137
友情点: 0 / 1147410`
*連続ログイン3日目
※ログインが途切れるか、7日到達すると
1日目から再開されます*
`叡智の業火 X 1
9月交換券(2023) X 1
`_2023-09-11 19:40:13_
--------
*dcf734638b8334ef199302253a06e093*
`登陆天数: 10天 / 1266天
等级: 125
石头: 502
呼符: 0
体力: 7596.74 / 137
友情点: 0 / 1035050`
*連続ログイン3日目
※ログインが途切れるか、7日到達すると
1日目から再開されます*
`叡智の業火 X 1
9月交換券(2023) X 1
`_2023-09-11 19:40:22_
--------
*47f309e11f595c830d1447d77b47d8a0*
`登陆天数: 10天 / 1362天
等级: 126
石头: 685
呼符: 1
体力: 5551.823333333334 / 137
友情点: 190 / 955910`
*連続ログイン3日目
※ログインが途切れるか、7日到達すると
1日目から再開されます*
`叡智の業火 X 1
9月交換券(2023) X 1
`_2023-09-11 19:40:32_
--------
*a602c44e0f8456741b30f0caf4753a39*
`登陆天数: 26天 / 1295天
等级: 142
石头: 24
呼符: 1
体力: 78.15 / 140
友情点: 10 / 169190`
*連続ログイン5日目
※ログインが途切れるか、7日到達すると
1日目から再開されます*
`叡智の業火 X 2
9月交換券(2023) X 1
`_2023-09-11 19:40:41_
--------
