【登录信息】
*b5e6a05282bde158c1ffe9d4d9788373*
`登陆天数: 11天 / 1294天
等级: 125
石头: 630
呼符: 0
体力: 39260.87 / 137
友情点: 0 / 1142815`
*連続ログイン4日目
※ログインが途切れるか、7日到達すると
1日目から再開されます*
`聖晶石 X 1
9月交換券(2023) X 1
`_2023-09-12 19:38:31_
--------
*eb20c8954ecb148daacdac59c3a0b2e8*
`登陆天数: 11天 / 1277天
等级: 125
石头: 634
呼符: 34
体力: 10990.183333333332 / 137
友情点: 0 / 1144045`
*連続ログイン4日目
※ログインが途切れるか、7日到達すると
1日目から再開されます*
`聖晶石 X 1
9月交換券(2023) X 1
`_2023-09-12 19:38:40_
--------
*620476f0f61795fd355f2a9e3fb24e54*
`登陆天数: 11天 / 1344天
等级: 125
石头: 304
呼符: 2
体力: 39966.85666666667 / 137
友情点: 0 / 1143295`
*連続ログイン4日目
※ログインが途切れるか、7日到達すると
1日目から再開されます*
`聖晶石 X 1
9月交換券(2023) X 1
`_2023-09-12 19:38:48_
--------
*8a4af26995de6f135fbb0fdafa2e0424*
`登陆天数: 11天 / 1322天
等级: 125
石头: 387
呼符: 22
体力: 39683.11666666667 / 137
友情点: 0 / 1126525`
*連続ログイン4日目
※ログインが途切れるか、7日到達すると
1日目から再開されます*
`聖晶石 X 1
9月交換券(2023) X 1
`_2023-09-12 19:38:57_
--------
*69a508b93367b043329d175aca01015e*
`登陆天数: 11天 / 1160天
等级: 125
石头: 556
呼符: 30
体力: 82819.12666666666 / 137
友情点: 0 / 891575`
*連続ログイン4日目
※ログインが途切れるか、7日到達すると
1日目から再開されます*
`聖晶石 X 1
9月交換券(2023) X 1
`_2023-09-12 19:39:06_
--------
*05c7889868efad05a84b961c94cc9b2c*
`登陆天数: 11天 / 1375天
等级: 125
石头: 894
呼符: 21
体力: 51905.14666666667 / 137
友情点: 0 / 1084815`
*連続ログイン4日目
※ログインが途切れるか、7日到達すると
1日目から再開されます*
`聖晶石 X 1
9月交換券(2023) X 1
`_2023-09-12 19:39:14_
--------
*41c8ea3cfa831059a6c57fddf5a2e62d*
`登陆天数: 11天 / 1329天
等级: 125
石头: 238
呼符: 4
体力: 31307.386666666665 / 137
友情点: 0 / 693875`
*連続ログイン4日目
※ログインが途切れるか、7日到達すると
1日目から再開されます*
`聖晶石 X 1
9月交換券(2023) X 1
`_2023-09-12 19:39:22_
--------
*790b887791ca4de4345ea61d5bd657e4*
`登陆天数: 11天 / 1330天
等级: 125
石头: 21
呼符: 37
体力: 39258.306666666664 / 137
友情点: 0 / 847305`
*連続ログイン4日目
※ログインが途切れるか、7日到達すると
1日目から再開されます*
`聖晶石 X 1
9月交換券(2023) X 1
`_2023-09-12 19:39:31_
--------
*31dc0b624260ae93d5ebecc09f87643b*
`登陆天数: 11天 / 1340天
等级: 127
石头: 1
呼符: 33
体力: 43978.75666666667 / 137
友情点: 0 / 1001810`
*連続ログイン4日目
※ログインが途切れるか、7日到達すると
1日目から再開されます*
`聖晶石 X 1
9月交換券(2023) X 1
`_2023-09-12 19:39:39_
--------
*82f6295e189793da0ef43b4029c85eca*
`登陆天数: 11天 / 1381天
等级: 126
石头: 14
呼符: 0
体力: 3961.903333333333 / 137
友情点: 150 / 353070`
*連続ログイン4日目
※ログインが途切れるか、7日到達すると
1日目から再開されます*
`聖晶石 X 1
9月交換券(2023) X 1
`_2023-09-12 19:39:47_
--------
*c595c4468dd490bdb5e143c788cd36e0*
`登陆天数: 10天 / 1330天
等级: 142
石头: 15
呼符: 1
体力: 2394.306666666667 / 140
友情点: 90 / 2236030`
*連続ログイン3日目
※ログインが途切れるか、7日到達すると
1日目から再開されます*
`叡智の業火 X 1
9月交換券(2023) X 1
`_2023-09-12 19:39:55_
--------
*47f309e11f595c830d1447d77b47d8a0*
`登陆天数: 11天 / 1345天
等级: 126
石头: 397
呼符: 0
体力: 7390.193333333334 / 137
友情点: 80 / 1100050`
*連続ログイン4日目
※ログインが途切れるか、7日到達すると
1日目から再開されます*
`聖晶石 X 1
9月交換券(2023) X 1
`_2023-09-12 19:40:04_
--------
*7686ae2a105ec6cc5551581fc7487546*
`登陆天数: 11天 / 1387天
等级: 127
石头: 26
呼符: 3
体力: 41831.88 / 137
友情点: 0 / 1147410`
*連続ログイン4日目
※ログインが途切れるか、7日到達すると
1日目から再開されます*
`聖晶石 X 1
9月交換券(2023) X 1
`_2023-09-12 19:40:12_
--------
*dcf734638b8334ef199302253a06e093*
`登陆天数: 11天 / 1267天
等级: 125
石头: 502
呼符: 0
体力: 7884.73 / 137
友情点: 0 / 1035050`
*連続ログイン4日目
※ログインが途切れるか、7日到達すると
1日目から再開されます*
`聖晶石 X 1
9月交換券(2023) X 1
`_2023-09-12 19:40:20_
--------
*47f309e11f595c830d1447d77b47d8a0*
`登陆天数: 11天 / 1363天
等级: 126
石头: 685
呼符: 1
体力: 5839.81 / 137
友情点: 70 / 955980`
*連続ログイン4日目
※ログインが途切れるか、7日到達すると
1日目から再開されます*
`聖晶石 X 1
9月交換券(2023) X 1
`_2023-09-12 19:40:29_
--------
*a602c44e0f8456741b30f0caf4753a39*
`登陆天数: 27天 / 1296天
等级: 142
石头: 24
呼符: 1
体力: 76.85 / 140
友情点: 30 / 169750`
*連続ログイン6日目
※ログインが途切れるか、7日到達すると
1日目から再開されます*
`聖晶石 X 2
9月交換券(2023) X 1
`_2023-09-12 19:40:37_
--------
