【登录信息】
*b5e6a05282bde158c1ffe9d4d9788373*
`登陆天数: 12天 / 1295天
等级: 125
石头: 630
呼符: 0
体力: 39548.89666666667 / 137
友情点: 0 / 1142815`
*連続ログイン5日目
※ログインが途切れるか、7日到達すると
1日目から再開されます*
`叡智の業火 X 2
9月交換券(2023) X 1
`*日替りログインボーナス*
*開催期間中、1日1回 2週間日替りでログインボーナスをプレゼント！*
`巡霊の葉 X 30
`_2023-09-13 19:38:38_
--------
*eb20c8954ecb148daacdac59c3a0b2e8*
`登陆天数: 12天 / 1278天
等级: 125
石头: 634
呼符: 34
体力: 11278.21 / 137
友情点: 0 / 1144045`
*連続ログイン5日目
※ログインが途切れるか、7日到達すると
1日目から再開されます*
`叡智の業火 X 2
9月交換券(2023) X 1
`*日替りログインボーナス*
*開催期間中、1日1回 2週間日替りでログインボーナスをプレゼント！*
`巡霊の葉 X 30
`_2023-09-13 19:38:47_
--------
*620476f0f61795fd355f2a9e3fb24e54*
`登陆天数: 12天 / 1345天
等级: 125
石头: 304
呼符: 2
体力: 40254.886666666665 / 137
友情点: 0 / 1143295`
*連続ログイン5日目
※ログインが途切れるか、7日到達すると
1日目から再開されます*
`叡智の業火 X 2
9月交換券(2023) X 1
`*日替りログインボーナス*
*開催期間中、1日1回 2週間日替りでログインボーナスをプレゼント！*
`巡霊の葉 X 30
`_2023-09-13 19:38:57_
--------
*8a4af26995de6f135fbb0fdafa2e0424*
`登陆天数: 12天 / 1323天
等级: 125
石头: 387
呼符: 22
体力: 39971.15 / 137
友情点: 0 / 1126525`
*連続ログイン5日目
※ログインが途切れるか、7日到達すると
1日目から再開されます*
`叡智の業火 X 2
9月交換券(2023) X 1
`*日替りログインボーナス*
*開催期間中、1日1回 2週間日替りでログインボーナスをプレゼント！*
`巡霊の葉 X 30
`_2023-09-13 19:39:07_
--------
*69a508b93367b043329d175aca01015e*
`登陆天数: 12天 / 1161天
等级: 125
石头: 556
呼符: 30
体力: 83107.16 / 137
友情点: 0 / 891575`
*連続ログイン5日目
※ログインが途切れるか、7日到達すると
1日目から再開されます*
`叡智の業火 X 2
9月交換券(2023) X 1
`*日替りログインボーナス*
*開催期間中、1日1回 2週間日替りでログインボーナスをプレゼント！*
`巡霊の葉 X 30
`_2023-09-13 19:39:16_
--------
*05c7889868efad05a84b961c94cc9b2c*
`登陆天数: 12天 / 1376天
等级: 125
石头: 894
呼符: 21
体力: 52193.183333333334 / 137
友情点: 0 / 1084815`
*連続ログイン5日目
※ログインが途切れるか、7日到達すると
1日目から再開されます*
`叡智の業火 X 2
9月交換券(2023) X 1
`*日替りログインボーナス*
*開催期間中、1日1回 2週間日替りでログインボーナスをプレゼント！*
`巡霊の葉 X 30
`_2023-09-13 19:39:25_
--------
*41c8ea3cfa831059a6c57fddf5a2e62d*
`登陆天数: 12天 / 1330天
等级: 125
石头: 238
呼符: 4
体力: 31595.426666666666 / 137
友情点: 0 / 693875`
*連続ログイン5日目
※ログインが途切れるか、7日到達すると
1日目から再開されます*
`叡智の業火 X 2
9月交換券(2023) X 1
`*日替りログインボーナス*
*開催期間中、1日1回 2週間日替りでログインボーナスをプレゼント！*
`巡霊の葉 X 30
`_2023-09-13 19:39:34_
--------
*790b887791ca4de4345ea61d5bd657e4*
`登陆天数: 12天 / 1331天
等级: 125
石头: 21
呼符: 37
体力: 39546.35 / 137
友情点: 0 / 847305`
*連続ログイン5日目
※ログインが途切れるか、7日到達すると
1日目から再開されます*
`叡智の業火 X 2
9月交換券(2023) X 1
`*日替りログインボーナス*
*開催期間中、1日1回 2週間日替りでログインボーナスをプレゼント！*
`巡霊の葉 X 30
`_2023-09-13 19:39:43_
--------
*31dc0b624260ae93d5ebecc09f87643b*
`登陆天数: 12天 / 1341天
等级: 127
石头: 1
呼符: 33
体力: 44266.80333333334 / 137
友情点: 0 / 1001810`
*連続ログイン5日目
※ログインが途切れるか、7日到達すると
1日目から再開されます*
`叡智の業火 X 2
9月交換券(2023) X 1
`*日替りログインボーナス*
*開催期間中、1日1回 2週間日替りでログインボーナスをプレゼント！*
`巡霊の葉 X 30
`_2023-09-13 19:39:52_
--------
*82f6295e189793da0ef43b4029c85eca*
`登陆天数: 12天 / 1382天
等级: 126
石头: 14
呼符: 0
体力: 4249.953333333333 / 137
友情点: 160 / 353230`
*連続ログイン5日目
※ログインが途切れるか、7日到達すると
1日目から再開されます*
`叡智の業火 X 2
9月交換券(2023) X 1
`*日替りログインボーナス*
*開催期間中、1日1回 2週間日替りでログインボーナスをプレゼント！*
`巡霊の葉 X 30
`_2023-09-13 19:40:01_
--------
*c595c4468dd490bdb5e143c788cd36e0*
`登陆天数: 11天 / 1331天
等级: 142
石头: 15
呼符: 1
体力: 2682.3566666666666 / 140
友情点: 60 / 2236090`
*連続ログイン4日目
※ログインが途切れるか、7日到達すると
1日目から再開されます*
`聖晶石 X 1
9月交換券(2023) X 1
`*日替りログインボーナス*
*開催期間中、1日1回 2週間日替りでログインボーナスをプレゼント！*
`巡霊の葉 X 30
`_2023-09-13 19:40:10_
--------
*47f309e11f595c830d1447d77b47d8a0*
`登陆天数: 12天 / 1346天
等级: 126
石头: 397
呼符: 0
体力: 7678.246666666667 / 137
友情点: 110 / 1100360`
*連続ログイン5日目
※ログインが途切れるか、7日到達すると
1日目から再開されます*
`叡智の業火 X 2
9月交換券(2023) X 1
`*日替りログインボーナス*
*開催期間中、1日1回 2週間日替りでログインボーナスをプレゼント！*
`巡霊の葉 X 30
`_2023-09-13 19:40:19_
--------
*7686ae2a105ec6cc5551581fc7487546*
`登陆天数: 12天 / 1388天
等级: 127
石头: 26
呼符: 3
体力: 42119.933333333334 / 137
友情点: 0 / 1147410`
*連続ログイン5日目
※ログインが途切れるか、7日到達すると
1日目から再開されます*
`叡智の業火 X 2
9月交換券(2023) X 1
`*日替りログインボーナス*
*開催期間中、1日1回 2週間日替りでログインボーナスをプレゼント！*
`巡霊の葉 X 30
`_2023-09-13 19:40:28_
--------
*dcf734638b8334ef199302253a06e093*
`登陆天数: 12天 / 1268天
等级: 125
石头: 502
呼符: 0
体力: 8172.786666666667 / 137
友情点: 0 / 1035050`
*連続ログイン5日目
※ログインが途切れるか、7日到達すると
1日目から再開されます*
`叡智の業火 X 2
9月交換券(2023) X 1
`*日替りログインボーナス*
*開催期間中、1日1回 2週間日替りでログインボーナスをプレゼント！*
`巡霊の葉 X 30
`_2023-09-13 19:40:37_
--------
*47f309e11f595c830d1447d77b47d8a0*
`登陆天数: 12天 / 1364天
等级: 126
石头: 685
呼符: 1
体力: 6127.866666666667 / 137
友情点: 100 / 956090`
*連続ログイン5日目
※ログインが途切れるか、7日到達すると
1日目から再開されます*
`叡智の業火 X 2
9月交換券(2023) X 1
`*日替りログインボーナス*
*開催期間中、1日1回 2週間日替りでログインボーナスをプレゼント！*
`巡霊の葉 X 30
`_2023-09-13 19:40:46_
--------
*a602c44e0f8456741b30f0caf4753a39*
`登陆天数: 28天 / 1297天
等级: 142
石头: 28
呼符: 1
体力: 109.16666666666667 / 140
友情点: 60 / 170135`
*連続ログイン7日間到達おめでとうございます！
明日は1日目からリスタートされます。*
`獣の足跡 X 1
呼符 X 1
9月交換券(2023) X 1
`*日替りログインボーナス*
*開催期間中、1日1回 2週間日替りでログインボーナスをプレゼント！*
`巡霊の葉 X 30
`_2023-09-13 19:40:55_
--------
