【登录信息】
*b5e6a05282bde158c1ffe9d4d9788373*
`登陆天数: 13天 / 1296天
等级: 125
石头: 630
呼符: 0
体力: 39836.85 / 137
友情点: 0 / 1142815`
*連続ログイン6日目
※ログインが途切れるか、7日到達すると
1日目から再開されます*
`聖晶石 X 2
9月交換券(2023) X 1
`*日替りログインボーナス*
*開催期間中、1日1回 2週間日替りでログインボーナスをプレゼント！*
`巡霊の葉 X 30
`_2023-09-14 19:38:25_
--------
*eb20c8954ecb148daacdac59c3a0b2e8*
`登陆天数: 13天 / 1279天
等级: 125
石头: 634
呼符: 34
体力: 11566.166666666666 / 137
友情点: 0 / 1144045`
*連続ログイン6日目
※ログインが途切れるか、7日到達すると
1日目から再開されます*
`聖晶石 X 2
9月交換券(2023) X 1
`*日替りログインボーナス*
*開催期間中、1日1回 2週間日替りでログインボーナスをプレゼント！*
`巡霊の葉 X 30
`_2023-09-14 19:38:34_
--------
*620476f0f61795fd355f2a9e3fb24e54*
`登陆天数: 13天 / 1346天
等级: 125
石头: 304
呼符: 2
体力: 40542.84 / 137
友情点: 0 / 1143295`
*連続ログイン6日目
※ログインが途切れるか、7日到達すると
1日目から再開されます*
`聖晶石 X 2
9月交換券(2023) X 1
`*日替りログインボーナス*
*開催期間中、1日1回 2週間日替りでログインボーナスをプレゼント！*
`巡霊の葉 X 30
`_2023-09-14 19:38:43_
--------
*8a4af26995de6f135fbb0fdafa2e0424*
`登陆天数: 13天 / 1324天
等级: 125
石头: 387
呼符: 22
体力: 40259.10333333333 / 137
友情点: 0 / 1126525`
*連続ログイン6日目
※ログインが途切れるか、7日到達すると
1日目から再開されます*
`聖晶石 X 2
9月交換券(2023) X 1
`*日替りログインボーナス*
*開催期間中、1日1回 2週間日替りでログインボーナスをプレゼント！*
`巡霊の葉 X 30
`_2023-09-14 19:38:52_
--------
*69a508b93367b043329d175aca01015e*
`登陆天数: 13天 / 1162天
等级: 125
石头: 556
呼符: 30
体力: 83395.11333333333 / 137
友情点: 0 / 891575`
*連続ログイン6日目
※ログインが途切れるか、7日到達すると
1日目から再開されます*
`聖晶石 X 2
9月交換券(2023) X 1
`*日替りログインボーナス*
*開催期間中、1日1回 2週間日替りでログインボーナスをプレゼント！*
`巡霊の葉 X 30
`_2023-09-14 19:39:01_
--------
*05c7889868efad05a84b961c94cc9b2c*
`登陆天数: 13天 / 1377天
等级: 125
石头: 894
呼符: 21
体力: 52481.13333333333 / 137
友情点: 0 / 1084815`
*連続ログイン6日目
※ログインが途切れるか、7日到達すると
1日目から再開されます*
`聖晶石 X 2
9月交換券(2023) X 1
`*日替りログインボーナス*
*開催期間中、1日1回 2週間日替りでログインボーナスをプレゼント！*
`巡霊の葉 X 30
`_2023-09-14 19:39:10_
--------
*41c8ea3cfa831059a6c57fddf5a2e62d*
`登陆天数: 13天 / 1331天
等级: 125
石头: 238
呼符: 4
体力: 31883.373333333333 / 137
友情点: 0 / 693875`
*連続ログイン6日目
※ログインが途切れるか、7日到達すると
1日目から再開されます*
`聖晶石 X 2
9月交換券(2023) X 1
`*日替りログインボーナス*
*開催期間中、1日1回 2週間日替りでログインボーナスをプレゼント！*
`巡霊の葉 X 30
`_2023-09-14 19:39:18_
--------
*790b887791ca4de4345ea61d5bd657e4*
`登陆天数: 13天 / 1332天
等级: 125
石头: 21
呼符: 37
体力: 39834.29666666667 / 137
友情点: 0 / 847305`
*連続ログイン6日目
※ログインが途切れるか、7日到達すると
1日目から再開されます*
`聖晶石 X 2
9月交換券(2023) X 1
`*日替りログインボーナス*
*開催期間中、1日1回 2週間日替りでログインボーナスをプレゼント！*
`巡霊の葉 X 30
`_2023-09-14 19:39:28_
--------
*31dc0b624260ae93d5ebecc09f87643b*
`登陆天数: 13天 / 1342天
等级: 127
石头: 1
呼符: 33
体力: 44554.75 / 137
友情点: 0 / 1001810`
*連続ログイン6日目
※ログインが途切れるか、7日到達すると
1日目から再開されます*
`聖晶石 X 2
9月交換券(2023) X 1
`*日替りログインボーナス*
*開催期間中、1日1回 2週間日替りでログインボーナスをプレゼント！*
`巡霊の葉 X 30
`_2023-09-14 19:39:36_
--------
*82f6295e189793da0ef43b4029c85eca*
`登陆天数: 13天 / 1383天
等级: 126
石头: 14
呼符: 0
体力: 4537.8966666666665 / 137
友情点: 20 / 353250`
*連続ログイン6日目
※ログインが途切れるか、7日到達すると
1日目から再開されます*
`聖晶石 X 2
9月交換券(2023) X 1
`*日替りログインボーナス*
*開催期間中、1日1回 2週間日替りでログインボーナスをプレゼント！*
`巡霊の葉 X 30
`_2023-09-14 19:39:45_
--------
*c595c4468dd490bdb5e143c788cd36e0*
`登陆天数: 12天 / 1332天
等级: 142
石头: 15
呼符: 1
体力: 2970.3 / 140
友情点: 95 / 2236185`
*連続ログイン5日目
※ログインが途切れるか、7日到達すると
1日目から再開されます*
`叡智の業火 X 2
9月交換券(2023) X 1
`*日替りログインボーナス*
*開催期間中、1日1回 2週間日替りでログインボーナスをプレゼント！*
`巡霊の葉 X 30
`_2023-09-14 19:39:53_
--------
*47f309e11f595c830d1447d77b47d8a0*
`登陆天数: 13天 / 1347天
等级: 126
石头: 397
呼符: 0
体力: 7966.19 / 137
友情点: 30 / 1100390`
*連続ログイン6日目
※ログインが途切れるか、7日到達すると
1日目から再開されます*
`聖晶石 X 2
9月交換券(2023) X 1
`*日替りログインボーナス*
*開催期間中、1日1回 2週間日替りでログインボーナスをプレゼント！*
`巡霊の葉 X 30
`_2023-09-14 19:40:02_
--------
*7686ae2a105ec6cc5551581fc7487546*
`登陆天数: 13天 / 1389天
等级: 127
石头: 26
呼符: 3
体力: 42407.87666666666 / 137
友情点: 0 / 1147410`
*連続ログイン6日目
※ログインが途切れるか、7日到達すると
1日目から再開されます*
`聖晶石 X 2
9月交換券(2023) X 1
`*日替りログインボーナス*
*開催期間中、1日1回 2週間日替りでログインボーナスをプレゼント！*
`巡霊の葉 X 30
`_2023-09-14 19:40:11_
--------
*dcf734638b8334ef199302253a06e093*
`登陆天数: 13天 / 1269天
等级: 125
石头: 502
呼符: 0
体力: 8460.726666666667 / 137
友情点: 0 / 1035050`
*連続ログイン6日目
※ログインが途切れるか、7日到達すると
1日目から再開されます*
`聖晶石 X 2
9月交換券(2023) X 1
`*日替りログインボーナス*
*開催期間中、1日1回 2週間日替りでログインボーナスをプレゼント！*
`巡霊の葉 X 30
`_2023-09-14 19:40:20_
--------
*47f309e11f595c830d1447d77b47d8a0*
`登陆天数: 13天 / 1365天
等级: 126
石头: 685
呼符: 1
体力: 6415.806666666666 / 137
友情点: 50 / 956140`
*連続ログイン6日目
※ログインが途切れるか、7日到達すると
1日目から再開されます*
`聖晶石 X 2
9月交換券(2023) X 1
`*日替りログインボーナス*
*開催期間中、1日1回 2週間日替りでログインボーナスをプレゼント！*
`巡霊の葉 X 30
`_2023-09-14 19:40:28_
--------
*a602c44e0f8456741b30f0caf4753a39*
`登陆天数: 29天 / 1298天
等级: 142
石头: 31
呼符: 2
体力: 68.56333333333333 / 140
友情点: 10 / 170460`
*連続ログイン1日目
※ログインが途切れるか、7日到達すると
1日目から再開されます*
`フレンドポイント X 2000
9月交換券(2023) X 1
`*日替りログインボーナス*
*開催期間中、1日1回 2週間日替りでログインボーナスをプレゼント！*
`巡霊の葉 X 30
`_2023-09-14 19:40:36_
--------
