【登录信息】
*b5e6a05282bde158c1ffe9d4d9788373*
`登陆天数: 14天 / 1297天
等级: 125
石头: 630
呼符: 0
体力: 40124.823333333334 / 137
友情点: 0 / 1142815`
*連続ログイン7日間到達おめでとうございます！
明日は1日目からリスタートされます。*
`獣の足跡 X 1
呼符 X 1
9月交換券(2023) X 1
`*日替りログインボーナス*
*開催期間中、1日1回 2週間日替りでログインボーナスをプレゼント！*
`聖晶石 X 2
巡霊の葉 X 100
`_2023-09-15 19:38:17_
--------
*eb20c8954ecb148daacdac59c3a0b2e8*
`登陆天数: 14天 / 1280天
等级: 125
石头: 634
呼符: 34
体力: 11854.14 / 137
友情点: 0 / 1144045`
*連続ログイン7日間到達おめでとうございます！
明日は1日目からリスタートされます。*
`獣の足跡 X 1
呼符 X 1
9月交換券(2023) X 1
`*日替りログインボーナス*
*開催期間中、1日1回 2週間日替りでログインボーナスをプレゼント！*
`聖晶石 X 2
巡霊の葉 X 100
`_2023-09-15 19:38:26_
--------
*620476f0f61795fd355f2a9e3fb24e54*
`登陆天数: 14天 / 1347天
等级: 125
石头: 304
呼符: 2
体力: 40830.81333333333 / 137
友情点: 0 / 1143295`
*連続ログイン7日間到達おめでとうございます！
明日は1日目からリスタートされます。*
`獣の足跡 X 1
呼符 X 1
9月交換券(2023) X 1
`*日替りログインボーナス*
*開催期間中、1日1回 2週間日替りでログインボーナスをプレゼント！*
`聖晶石 X 2
巡霊の葉 X 100
`_2023-09-15 19:38:35_
--------
*8a4af26995de6f135fbb0fdafa2e0424*
`登陆天数: 14天 / 1325天
等级: 125
石头: 387
呼符: 22
体力: 40547.07666666667 / 137
友情点: 0 / 1126525`
*連続ログイン7日間到達おめでとうございます！
明日は1日目からリスタートされます。*
`獣の足跡 X 1
呼符 X 1
9月交換券(2023) X 1
`*日替りログインボーナス*
*開催期間中、1日1回 2週間日替りでログインボーナスをプレゼント！*
`聖晶石 X 2
巡霊の葉 X 100
`_2023-09-15 19:38:44_
--------
*69a508b93367b043329d175aca01015e*
`登陆天数: 14天 / 1163天
等级: 125
石头: 556
呼符: 30
体力: 83683.08666666667 / 137
友情点: 0 / 891575`
*連続ログイン7日間到達おめでとうございます！
明日は1日目からリスタートされます。*
`獣の足跡 X 1
呼符 X 1
9月交換券(2023) X 1
`*日替りログインボーナス*
*開催期間中、1日1回 2週間日替りでログインボーナスをプレゼント！*
`聖晶石 X 2
巡霊の葉 X 100
`_2023-09-15 19:38:54_
--------
*05c7889868efad05a84b961c94cc9b2c*
`登陆天数: 14天 / 1378天
等级: 125
石头: 894
呼符: 21
体力: 52769.11 / 137
友情点: 0 / 1084815`
*連続ログイン7日間到達おめでとうございます！
明日は1日目からリスタートされます。*
`獣の足跡 X 1
呼符 X 1
9月交換券(2023) X 1
`*日替りログインボーナス*
*開催期間中、1日1回 2週間日替りでログインボーナスをプレゼント！*
`聖晶石 X 2
巡霊の葉 X 100
`_2023-09-15 19:39:03_
--------
*41c8ea3cfa831059a6c57fddf5a2e62d*
`登陆天数: 14天 / 1332天
等级: 125
石头: 238
呼符: 4
体力: 32171.35 / 137
友情点: 0 / 693875`
*連続ログイン7日間到達おめでとうございます！
明日は1日目からリスタートされます。*
`獣の足跡 X 1
呼符 X 1
9月交換券(2023) X 1
`*日替りログインボーナス*
*開催期間中、1日1回 2週間日替りでログインボーナスをプレゼント！*
`聖晶石 X 2
巡霊の葉 X 100
`_2023-09-15 19:39:12_
--------
*790b887791ca4de4345ea61d5bd657e4*
`登陆天数: 14天 / 1333天
等级: 125
石头: 21
呼符: 37
体力: 40122.27333333333 / 137
友情点: 0 / 847305`
*連続ログイン7日間到達おめでとうございます！
明日は1日目からリスタートされます。*
`獣の足跡 X 1
呼符 X 1
9月交換券(2023) X 1
`*日替りログインボーナス*
*開催期間中、1日1回 2週間日替りでログインボーナスをプレゼント！*
`聖晶石 X 2
巡霊の葉 X 100
`_2023-09-15 19:39:21_
--------
*31dc0b624260ae93d5ebecc09f87643b*
`登陆天数: 14天 / 1343天
等级: 127
石头: 1
呼符: 33
体力: 44842.72666666667 / 137
友情点: 0 / 1001810`
*連続ログイン7日間到達おめでとうございます！
明日は1日目からリスタートされます。*
`獣の足跡 X 1
呼符 X 1
9月交換券(2023) X 1
`*日替りログインボーナス*
*開催期間中、1日1回 2週間日替りでログインボーナスをプレゼント！*
`聖晶石 X 2
巡霊の葉 X 100
`_2023-09-15 19:39:30_
--------
*82f6295e189793da0ef43b4029c85eca*
`登陆天数: 14天 / 1384天
等级: 126
石头: 14
呼符: 0
体力: 4825.876666666667 / 137
友情点: 60 / 353310`
*連続ログイン7日間到達おめでとうございます！
明日は1日目からリスタートされます。*
`獣の足跡 X 1
呼符 X 1
9月交換券(2023) X 1
`*日替りログインボーナス*
*開催期間中、1日1回 2週間日替りでログインボーナスをプレゼント！*
`聖晶石 X 2
巡霊の葉 X 100
`_2023-09-15 19:39:39_
--------
*c595c4468dd490bdb5e143c788cd36e0*
`登陆天数: 13天 / 1333天
等级: 142
石头: 15
呼符: 1
体力: 3258.28 / 140
友情点: 105 / 2236310`
*連続ログイン6日目
※ログインが途切れるか、7日到達すると
1日目から再開されます*
`聖晶石 X 2
9月交換券(2023) X 1
`*日替りログインボーナス*
*開催期間中、1日1回 2週間日替りでログインボーナスをプレゼント！*
`聖晶石 X 2
巡霊の葉 X 100
`_2023-09-15 19:39:47_
--------
*47f309e11f595c830d1447d77b47d8a0*
`登陆天数: 14天 / 1348天
等级: 126
石头: 397
呼符: 0
体力: 8254.166666666668 / 137
友情点: 100 / 1100490`
*連続ログイン7日間到達おめでとうございます！
明日は1日目からリスタートされます。*
`獣の足跡 X 1
呼符 X 1
9月交換券(2023) X 1
`*日替りログインボーナス*
*開催期間中、1日1回 2週間日替りでログインボーナスをプレゼント！*
`聖晶石 X 2
巡霊の葉 X 100
`_2023-09-15 19:39:56_
--------
*7686ae2a105ec6cc5551581fc7487546*
`登陆天数: 14天 / 1390天
等级: 127
石头: 26
呼符: 3
体力: 42695.85666666667 / 137
友情点: 0 / 1147410`
*連続ログイン7日間到達おめでとうございます！
明日は1日目からリスタートされます。*
`獣の足跡 X 1
呼符 X 1
9月交換券(2023) X 1
`*日替りログインボーナス*
*開催期間中、1日1回 2週間日替りでログインボーナスをプレゼント！*
`聖晶石 X 2
巡霊の葉 X 100
`_2023-09-15 19:40:05_
--------
*dcf734638b8334ef199302253a06e093*
`登陆天数: 14天 / 1270天
等级: 125
石头: 502
呼符: 0
体力: 8748.706666666667 / 137
友情点: 0 / 1035050`
*連続ログイン7日間到達おめでとうございます！
明日は1日目からリスタートされます。*
`獣の足跡 X 1
呼符 X 1
9月交換券(2023) X 1
`*日替りログインボーナス*
*開催期間中、1日1回 2週間日替りでログインボーナスをプレゼント！*
`聖晶石 X 2
巡霊の葉 X 100
`_2023-09-15 19:40:13_
--------
*47f309e11f595c830d1447d77b47d8a0*
`登陆天数: 14天 / 1366天
等级: 126
石头: 685
呼符: 1
体力: 6703.786666666667 / 137
友情点: 120 / 956260`
*連続ログイン7日間到達おめでとうございます！
明日は1日目からリスタートされます。*
`獣の足跡 X 1
呼符 X 1
9月交換券(2023) X 1
`*日替りログインボーナス*
*開催期間中、1日1回 2週間日替りでログインボーナスをプレゼント！*
`聖晶石 X 2
巡霊の葉 X 100
`_2023-09-15 19:40:22_
--------
*a602c44e0f8456741b30f0caf4753a39*
`登陆天数: 30天 / 1299天
等级: 142
石头: 31
呼符: 2
体力: 104.20333333333333 / 140
友情点: 10 / 170705`
*連続ログイン2日目
※ログインが途切れるか、7日到達すると
1日目から再開されます*
`聖晶石 X 1
9月交換券(2023) X 1
`*日替りログインボーナス*
*開催期間中、1日1回 2週間日替りでログインボーナスをプレゼント！*
`聖晶石 X 2
巡霊の葉 X 100
`_2023-09-15 19:40:31_
--------
