【登录信息】
*b5e6a05282bde158c1ffe9d4d9788373*
`登陆天数: 15天 / 1298天
等级: 125
石头: 630
呼符: 0
体力: 40412.81333333333 / 137
友情点: 0 / 1142815`
*連続ログイン1日目
※ログインが途切れるか、7日到達すると
1日目から再開されます*
`フレンドポイント X 2000
9月交換券(2023) X 1
`*日替りログインボーナス*
*開催期間中、1日1回 2週間日替りでログインボーナスをプレゼント！*
`巡霊の葉 X 30
`_2023-09-16 19:38:13_
--------
*eb20c8954ecb148daacdac59c3a0b2e8*
`登陆天数: 15天 / 1281天
等级: 125
石头: 634
呼符: 34
体力: 12142.123333333333 / 137
友情点: 0 / 1144045`
*連続ログイン1日目
※ログインが途切れるか、7日到達すると
1日目から再開されます*
`フレンドポイント X 2000
9月交換券(2023) X 1
`*日替りログインボーナス*
*開催期間中、1日1回 2週間日替りでログインボーナスをプレゼント！*
`巡霊の葉 X 30
`_2023-09-16 19:38:22_
--------
*620476f0f61795fd355f2a9e3fb24e54*
`登陆天数: 15天 / 1348天
等级: 125
石头: 304
呼符: 2
体力: 41118.79666666667 / 137
友情点: 0 / 1143295`
*連続ログイン1日目
※ログインが途切れるか、7日到達すると
1日目から再開されます*
`フレンドポイント X 2000
9月交換券(2023) X 1
`*日替りログインボーナス*
*開催期間中、1日1回 2週間日替りでログインボーナスをプレゼント！*
`巡霊の葉 X 30
`_2023-09-16 19:38:31_
--------
*8a4af26995de6f135fbb0fdafa2e0424*
`登陆天数: 15天 / 1326天
等级: 125
石头: 387
呼符: 22
体力: 40835.06 / 137
友情点: 0 / 1126525`
*連続ログイン1日目
※ログインが途切れるか、7日到達すると
1日目から再開されます*
`フレンドポイント X 2000
9月交換券(2023) X 1
`*日替りログインボーナス*
*開催期間中、1日1回 2週間日替りでログインボーナスをプレゼント！*
`巡霊の葉 X 30
`_2023-09-16 19:38:39_
--------
*69a508b93367b043329d175aca01015e*
`登陆天数: 15天 / 1164天
等级: 125
石头: 556
呼符: 30
体力: 83971.07 / 137
友情点: 0 / 891575`
*連続ログイン1日目
※ログインが途切れるか、7日到達すると
1日目から再開されます*
`フレンドポイント X 2000
9月交換券(2023) X 1
`*日替りログインボーナス*
*開催期間中、1日1回 2週間日替りでログインボーナスをプレゼント！*
`巡霊の葉 X 30
`_2023-09-16 19:38:48_
--------
*05c7889868efad05a84b961c94cc9b2c*
`登陆天数: 15天 / 1379天
等级: 125
石头: 894
呼符: 21
体力: 53057.09 / 137
友情点: 0 / 1084815`
*連続ログイン1日目
※ログインが途切れるか、7日到達すると
1日目から再開されます*
`フレンドポイント X 2000
9月交換券(2023) X 1
`*日替りログインボーナス*
*開催期間中、1日1回 2週間日替りでログインボーナスをプレゼント！*
`巡霊の葉 X 30
`_2023-09-16 19:38:57_
--------
*41c8ea3cfa831059a6c57fddf5a2e62d*
`登陆天数: 15天 / 1333天
等级: 125
石头: 238
呼符: 4
体力: 32459.33 / 137
友情点: 0 / 693875`
*連続ログイン1日目
※ログインが途切れるか、7日到達すると
1日目から再開されます*
`フレンドポイント X 2000
9月交換券(2023) X 1
`*日替りログインボーナス*
*開催期間中、1日1回 2週間日替りでログインボーナスをプレゼント！*
`巡霊の葉 X 30
`_2023-09-16 19:39:05_
--------
*790b887791ca4de4345ea61d5bd657e4*
`登陆天数: 15天 / 1334天
等级: 125
石头: 21
呼符: 37
体力: 40410.253333333334 / 137
友情点: 0 / 847305`
*連続ログイン1日目
※ログインが途切れるか、7日到達すると
1日目から再開されます*
`フレンドポイント X 2000
9月交換券(2023) X 1
`*日替りログインボーナス*
*開催期間中、1日1回 2週間日替りでログインボーナスをプレゼント！*
`巡霊の葉 X 30
`_2023-09-16 19:39:15_
--------
*31dc0b624260ae93d5ebecc09f87643b*
`登陆天数: 15天 / 1344天
等级: 127
石头: 1
呼符: 33
体力: 45130.706666666665 / 137
友情点: 0 / 1001810`
*連続ログイン1日目
※ログインが途切れるか、7日到達すると
1日目から再開されます*
`フレンドポイント X 2000
9月交換券(2023) X 1
`*日替りログインボーナス*
*開催期間中、1日1回 2週間日替りでログインボーナスをプレゼント！*
`巡霊の葉 X 30
`_2023-09-16 19:39:24_
--------
*82f6295e189793da0ef43b4029c85eca*
`登陆天数: 15天 / 1385天
等级: 126
石头: 14
呼符: 0
体力: 5113.8533333333335 / 137
友情点: 70 / 353380`
*連続ログイン1日目
※ログインが途切れるか、7日到達すると
1日目から再開されます*
`フレンドポイント X 2000
9月交換券(2023) X 1
`*日替りログインボーナス*
*開催期間中、1日1回 2週間日替りでログインボーナスをプレゼント！*
`巡霊の葉 X 30
`_2023-09-16 19:39:32_
--------
*c595c4468dd490bdb5e143c788cd36e0*
`登陆天数: 14天 / 1334天
等级: 142
石头: 15
呼符: 1
体力: 3546.2533333333336 / 140
友情点: 90 / 2236430`
*連続ログイン7日間到達おめでとうございます！
明日は1日目からリスタートされます。*
`獣の足跡 X 1
呼符 X 1
9月交換券(2023) X 1
`*日替りログインボーナス*
*開催期間中、1日1回 2週間日替りでログインボーナスをプレゼント！*
`巡霊の葉 X 30
`_2023-09-16 19:39:40_
--------
*47f309e11f595c830d1447d77b47d8a0*
`登陆天数: 15天 / 1349天
等级: 126
石头: 397
呼符: 0
体力: 8542.14 / 137
友情点: 150 / 1100640`
*連続ログイン1日目
※ログインが途切れるか、7日到達すると
1日目から再開されます*
`フレンドポイント X 2000
9月交換券(2023) X 1
`*日替りログインボーナス*
*開催期間中、1日1回 2週間日替りでログインボーナスをプレゼント！*
`巡霊の葉 X 30
`_2023-09-16 19:39:49_
--------
*7686ae2a105ec6cc5551581fc7487546*
`登陆天数: 15天 / 1391天
等级: 127
石头: 26
呼符: 3
体力: 42983.82666666667 / 137
友情点: 0 / 1147410`
*連続ログイン1日目
※ログインが途切れるか、7日到達すると
1日目から再開されます*
`フレンドポイント X 2000
9月交換券(2023) X 1
`*日替りログインボーナス*
*開催期間中、1日1回 2週間日替りでログインボーナスをプレゼント！*
`巡霊の葉 X 30
`_2023-09-16 19:39:56_
--------
*dcf734638b8334ef199302253a06e093*
`登陆天数: 15天 / 1271天
等级: 125
石头: 502
呼符: 0
体力: 9036.676666666666 / 137
友情点: 0 / 1035050`
*連続ログイン1日目
※ログインが途切れるか、7日到達すると
1日目から再開されます*
`フレンドポイント X 2000
9月交換券(2023) X 1
`*日替りログインボーナス*
*開催期間中、1日1回 2週間日替りでログインボーナスをプレゼント！*
`巡霊の葉 X 30
`_2023-09-16 19:40:05_
--------
*47f309e11f595c830d1447d77b47d8a0*
`登陆天数: 15天 / 1367天
等级: 126
石头: 685
呼符: 1
体力: 6991.753333333333 / 137
友情点: 110 / 956370`
*連続ログイン1日目
※ログインが途切れるか、7日到達すると
1日目から再開されます*
`フレンドポイント X 2000
9月交換券(2023) X 1
`*日替りログインボーナス*
*開催期間中、1日1回 2週間日替りでログインボーナスをプレゼント！*
`巡霊の葉 X 30
`_2023-09-16 19:40:13_
--------
*a602c44e0f8456741b30f0caf4753a39*
`登陆天数: 31天 / 1300天
等级: 142
石头: 39
呼符: 2
体力: 114.07333333333334 / 140
友情点: 65 / 173130`
*連続ログイン3日目
※ログインが途切れるか、7日到達すると
1日目から再開されます*
`叡智の業火 X 1
9月交換券(2023) X 1
`*日替りログインボーナス*
*開催期間中、1日1回 2週間日替りでログインボーナスをプレゼント！*
`巡霊の葉 X 30
`_2023-09-16 19:40:21_
--------
