【登录信息】
*b5e6a05282bde158c1ffe9d4d9788373*
`登陆天数: 16天 / 1299天
等级: 125
石头: 630
呼符: 0
体力: 40700.9 / 137
友情点: 0 / 1142815`
*連続ログイン2日目
※ログインが途切れるか、7日到達すると
1日目から再開されます*
`聖晶石 X 1
9月交換券(2023) X 1
`*日替りログインボーナス*
*開催期間中、1日1回 2週間日替りでログインボーナスをプレゼント！*
`巡霊の葉 X 30
`_2023-09-17 19:38:39_
--------
*eb20c8954ecb148daacdac59c3a0b2e8*
`登陆天数: 16天 / 1282天
等级: 125
石头: 634
呼符: 34
体力: 12430.213333333333 / 137
友情点: 0 / 1144045`
*連続ログイン2日目
※ログインが途切れるか、7日到達すると
1日目から再開されます*
`聖晶石 X 1
9月交換券(2023) X 1
`*日替りログインボーナス*
*開催期間中、1日1回 2週間日替りでログインボーナスをプレゼント！*
`巡霊の葉 X 30
`_2023-09-17 19:38:48_
--------
*620476f0f61795fd355f2a9e3fb24e54*
`登陆天数: 16天 / 1349天
等级: 125
石头: 304
呼符: 2
体力: 41406.886666666665 / 137
友情点: 0 / 1143295`
*連続ログイン2日目
※ログインが途切れるか、7日到達すると
1日目から再開されます*
`聖晶石 X 1
9月交換券(2023) X 1
`*日替りログインボーナス*
*開催期間中、1日1回 2週間日替りでログインボーナスをプレゼント！*
`巡霊の葉 X 30
`_2023-09-17 19:38:57_
--------
*8a4af26995de6f135fbb0fdafa2e0424*
`登陆天数: 16天 / 1327天
等级: 125
石头: 387
呼符: 22
体力: 41123.14666666667 / 137
友情点: 0 / 1126525`
*連続ログイン2日目
※ログインが途切れるか、7日到達すると
1日目から再開されます*
`聖晶石 X 1
9月交換券(2023) X 1
`*日替りログインボーナス*
*開催期間中、1日1回 2週間日替りでログインボーナスをプレゼント！*
`巡霊の葉 X 30
`_2023-09-17 19:39:06_
--------
*69a508b93367b043329d175aca01015e*
`登陆天数: 16天 / 1165天
等级: 125
石头: 556
呼符: 30
体力: 84259.15666666666 / 137
友情点: 0 / 891575`
*連続ログイン2日目
※ログインが途切れるか、7日到達すると
1日目から再開されます*
`聖晶石 X 1
9月交換券(2023) X 1
`*日替りログインボーナス*
*開催期間中、1日1回 2週間日替りでログインボーナスをプレゼント！*
`巡霊の葉 X 30
`_2023-09-17 19:39:15_
--------
*05c7889868efad05a84b961c94cc9b2c*
`登陆天数: 16天 / 1380天
等级: 125
石头: 894
呼符: 21
体力: 53345.176666666666 / 137
友情点: 0 / 1084815`
*連続ログイン2日目
※ログインが途切れるか、7日到達すると
1日目から再開されます*
`聖晶石 X 1
9月交換券(2023) X 1
`*日替りログインボーナス*
*開催期間中、1日1回 2週間日替りでログインボーナスをプレゼント！*
`巡霊の葉 X 30
`_2023-09-17 19:39:23_
--------
*41c8ea3cfa831059a6c57fddf5a2e62d*
`登陆天数: 16天 / 1334天
等级: 125
石头: 238
呼符: 4
体力: 32747.416666666668 / 137
友情点: 0 / 693875`
*連続ログイン2日目
※ログインが途切れるか、7日到達すると
1日目から再開されます*
`聖晶石 X 1
9月交換券(2023) X 1
`*日替りログインボーナス*
*開催期間中、1日1回 2週間日替りでログインボーナスをプレゼント！*
`巡霊の葉 X 30
`_2023-09-17 19:39:31_
--------
*790b887791ca4de4345ea61d5bd657e4*
`登陆天数: 16天 / 1335天
等级: 125
石头: 21
呼符: 37
体力: 40698.33666666667 / 137
友情点: 0 / 847305`
*連続ログイン2日目
※ログインが途切れるか、7日到達すると
1日目から再開されます*
`聖晶石 X 1
9月交換券(2023) X 1
`*日替りログインボーナス*
*開催期間中、1日1回 2週間日替りでログインボーナスをプレゼント！*
`巡霊の葉 X 30
`_2023-09-17 19:39:40_
--------
*31dc0b624260ae93d5ebecc09f87643b*
`登陆天数: 16天 / 1345天
等级: 127
石头: 1
呼符: 33
体力: 45418.78666666667 / 137
友情点: 0 / 1001810`
*連続ログイン2日目
※ログインが途切れるか、7日到達すると
1日目から再開されます*
`聖晶石 X 1
9月交換券(2023) X 1
`*日替りログインボーナス*
*開催期間中、1日1回 2週間日替りでログインボーナスをプレゼント！*
`巡霊の葉 X 30
`_2023-09-17 19:39:48_
--------
*82f6295e189793da0ef43b4029c85eca*
`登陆天数: 16天 / 1386天
等级: 126
石头: 14
呼符: 0
体力: 5401.9366666666665 / 137
友情点: 60 / 353440`
*連続ログイン2日目
※ログインが途切れるか、7日到達すると
1日目から再開されます*
`聖晶石 X 1
9月交換券(2023) X 1
`*日替りログインボーナス*
*開催期間中、1日1回 2週間日替りでログインボーナスをプレゼント！*
`巡霊の葉 X 30
`_2023-09-17 19:39:57_
--------
*c595c4468dd490bdb5e143c788cd36e0*
`登陆天数: 15天 / 1335天
等级: 142
石头: 15
呼符: 1
体力: 3834.3366666666666 / 140
友情点: 40 / 2236470`
*連続ログイン1日目
※ログインが途切れるか、7日到達すると
1日目から再開されます*
`フレンドポイント X 2000
9月交換券(2023) X 1
`*日替りログインボーナス*
*開催期間中、1日1回 2週間日替りでログインボーナスをプレゼント！*
`巡霊の葉 X 30
`_2023-09-17 19:40:05_
--------
*47f309e11f595c830d1447d77b47d8a0*
`登陆天数: 16天 / 1350天
等级: 126
石头: 397
呼符: 0
体力: 8830.223333333333 / 137
友情点: 60 / 1100700`
*連続ログイン2日目
※ログインが途切れるか、7日到達すると
1日目から再開されます*
`聖晶石 X 1
9月交換券(2023) X 1
`*日替りログインボーナス*
*開催期間中、1日1回 2週間日替りでログインボーナスをプレゼント！*
`巡霊の葉 X 30
`_2023-09-17 19:40:13_
--------
*7686ae2a105ec6cc5551581fc7487546*
`登陆天数: 16天 / 1392天
等级: 127
石头: 26
呼符: 3
体力: 43271.91 / 137
友情点: 0 / 1147410`
*連続ログイン2日目
※ログインが途切れるか、7日到達すると
1日目から再開されます*
`聖晶石 X 1
9月交換券(2023) X 1
`*日替りログインボーナス*
*開催期間中、1日1回 2週間日替りでログインボーナスをプレゼント！*
`巡霊の葉 X 30
`_2023-09-17 19:40:21_
--------
*dcf734638b8334ef199302253a06e093*
`登陆天数: 16天 / 1272天
等级: 125
石头: 502
呼符: 0
体力: 9324.76 / 137
友情点: 0 / 1035050`
*連続ログイン2日目
※ログインが途切れるか、7日到達すると
1日目から再開されます*
`聖晶石 X 1
9月交換券(2023) X 1
`*日替りログインボーナス*
*開催期間中、1日1回 2週間日替りでログインボーナスをプレゼント！*
`巡霊の葉 X 30
`_2023-09-17 19:40:29_
--------
*47f309e11f595c830d1447d77b47d8a0*
`登陆天数: 16天 / 1368天
等级: 126
石头: 685
呼符: 1
体力: 7279.84 / 137
友情点: 260 / 957030`
*連続ログイン2日目
※ログインが途切れるか、7日到達すると
1日目から再開されます*
`聖晶石 X 1
9月交換券(2023) X 1
`*日替りログインボーナス*
*開催期間中、1日1回 2週間日替りでログインボーナスをプレゼント！*
`巡霊の葉 X 30
`_2023-09-17 19:40:38_
--------
*a602c44e0f8456741b30f0caf4753a39*
`登陆天数: 32天 / 1301天
等级: 142
石头: 39
呼符: 2
体力: 121.45666666666666 / 140
友情点: 20 / 173345`
*連続ログイン4日目
※ログインが途切れるか、7日到達すると
1日目から再開されます*
`聖晶石 X 1
9月交換券(2023) X 1
`*日替りログインボーナス*
*開催期間中、1日1回 2週間日替りでログインボーナスをプレゼント！*
`巡霊の葉 X 30
`_2023-09-17 19:40:46_
--------
