【登录信息】
*b5e6a05282bde158c1ffe9d4d9788373*
`登陆天数: 17天 / 1300天
等级: 125
石头: 630
呼符: 0
体力: 40988.81 / 137
友情点: 0 / 1142815`
*連続ログイン3日目
※ログインが途切れるか、7日到達すると
1日目から再開されます*
`叡智の業火 X 1
9月交換券(2023) X 1
`*日替りログインボーナス*
*開催期間中、1日1回 2週間日替りでログインボーナスをプレゼント！*
`巡霊の葉 X 30
`_2023-09-18 19:38:13_
--------
*eb20c8954ecb148daacdac59c3a0b2e8*
`登陆天数: 17天 / 1283天
等级: 125
石头: 634
呼符: 34
体力: 12718.123333333333 / 137
友情点: 0 / 1144045`
*連続ログイン3日目
※ログインが途切れるか、7日到達すると
1日目から再開されます*
`叡智の業火 X 1
9月交換券(2023) X 1
`*日替りログインボーナス*
*開催期間中、1日1回 2週間日替りでログインボーナスをプレゼント！*
`巡霊の葉 X 30
`_2023-09-18 19:38:21_
--------
*620476f0f61795fd355f2a9e3fb24e54*
`登陆天数: 17天 / 1350天
等级: 125
石头: 304
呼符: 2
体力: 41694.79666666667 / 137
友情点: 0 / 1143295`
*連続ログイン3日目
※ログインが途切れるか、7日到達すると
1日目から再開されます*
`叡智の業火 X 1
9月交換券(2023) X 1
`*日替りログインボーナス*
*開催期間中、1日1回 2週間日替りでログインボーナスをプレゼント！*
`巡霊の葉 X 30
`_2023-09-18 19:38:30_
--------
*8a4af26995de6f135fbb0fdafa2e0424*
`登陆天数: 17天 / 1328天
等级: 125
石头: 387
呼符: 22
体力: 41411.06 / 137
友情点: 0 / 1126525`
*連続ログイン3日目
※ログインが途切れるか、7日到達すると
1日目から再開されます*
`叡智の業火 X 1
9月交換券(2023) X 1
`*日替りログインボーナス*
*開催期間中、1日1回 2週間日替りでログインボーナスをプレゼント！*
`巡霊の葉 X 30
`_2023-09-18 19:38:40_
--------
*69a508b93367b043329d175aca01015e*
`登陆天数: 17天 / 1166天
等级: 125
石头: 556
呼符: 30
体力: 84547.07 / 137
友情点: 0 / 891575`
*連続ログイン3日目
※ログインが途切れるか、7日到達すると
1日目から再開されます*
`叡智の業火 X 1
9月交換券(2023) X 1
`*日替りログインボーナス*
*開催期間中、1日1回 2週間日替りでログインボーナスをプレゼント！*
`巡霊の葉 X 30
`_2023-09-18 19:38:49_
--------
*05c7889868efad05a84b961c94cc9b2c*
`登陆天数: 17天 / 1381天
等级: 125
石头: 894
呼符: 21
体力: 53633.09333333333 / 137
友情点: 0 / 1084815`
*連続ログイン3日目
※ログインが途切れるか、7日到達すると
1日目から再開されます*
`叡智の業火 X 1
9月交換券(2023) X 1
`*日替りログインボーナス*
*開催期間中、1日1回 2週間日替りでログインボーナスをプレゼント！*
`巡霊の葉 X 30
`_2023-09-18 19:38:58_
--------
*41c8ea3cfa831059a6c57fddf5a2e62d*
`登陆天数: 17天 / 1335天
等级: 125
石头: 238
呼符: 4
体力: 33035.333333333336 / 137
友情点: 0 / 693875`
*連続ログイン3日目
※ログインが途切れるか、7日到達すると
1日目から再開されます*
`叡智の業火 X 1
9月交換券(2023) X 1
`*日替りログインボーナス*
*開催期間中、1日1回 2週間日替りでログインボーナスをプレゼント！*
`巡霊の葉 X 30
`_2023-09-18 19:39:06_
--------
*790b887791ca4de4345ea61d5bd657e4*
`登陆天数: 17天 / 1336天
等级: 125
石头: 21
呼符: 37
体力: 40986.25666666667 / 137
友情点: 0 / 847305`
*連続ログイン3日目
※ログインが途切れるか、7日到達すると
1日目から再開されます*
`叡智の業火 X 1
9月交換券(2023) X 1
`*日替りログインボーナス*
*開催期間中、1日1回 2週間日替りでログインボーナスをプレゼント！*
`巡霊の葉 X 30
`_2023-09-18 19:39:16_
--------
*31dc0b624260ae93d5ebecc09f87643b*
`登陆天数: 17天 / 1346天
等级: 127
石头: 1
呼符: 33
体力: 45706.71 / 137
友情点: 0 / 1001810`
*連続ログイン3日目
※ログインが途切れるか、7日到達すると
1日目から再開されます*
`叡智の業火 X 1
9月交換券(2023) X 1
`*日替りログインボーナス*
*開催期間中、1日1回 2週間日替りでログインボーナスをプレゼント！*
`巡霊の葉 X 30
`_2023-09-18 19:39:24_
--------
*82f6295e189793da0ef43b4029c85eca*
`登陆天数: 17天 / 1387天
等级: 126
石头: 14
呼符: 0
体力: 5689.86 / 137
友情点: 70 / 353510`
*連続ログイン3日目
※ログインが途切れるか、7日到達すると
1日目から再開されます*
`叡智の業火 X 1
9月交換券(2023) X 1
`*日替りログインボーナス*
*開催期間中、1日1回 2週間日替りでログインボーナスをプレゼント！*
`巡霊の葉 X 30
`_2023-09-18 19:39:33_
--------
*c595c4468dd490bdb5e143c788cd36e0*
`登陆天数: 16天 / 1336天
等级: 142
石头: 15
呼符: 1
体力: 4122.263333333333 / 140
友情点: 80 / 2236700`
*連続ログイン2日目
※ログインが途切れるか、7日到達すると
1日目から再開されます*
`聖晶石 X 1
9月交換券(2023) X 1
`*日替りログインボーナス*
*開催期間中、1日1回 2週間日替りでログインボーナスをプレゼント！*
`巡霊の葉 X 30
`_2023-09-18 19:39:42_
--------
*47f309e11f595c830d1447d77b47d8a0*
`登陆天数: 17天 / 1351天
等级: 126
石头: 397
呼符: 0
体力: 9118.15 / 137
友情点: 190 / 1100890`
*連続ログイン3日目
※ログインが途切れるか、7日到達すると
1日目から再開されます*
`叡智の業火 X 1
9月交換券(2023) X 1
`*日替りログインボーナス*
*開催期間中、1日1回 2週間日替りでログインボーナスをプレゼント！*
`巡霊の葉 X 30
`_2023-09-18 19:39:51_
--------
*7686ae2a105ec6cc5551581fc7487546*
`登陆天数: 17天 / 1393天
等级: 127
石头: 26
呼符: 3
体力: 43559.84 / 137
友情点: 0 / 1147410`
*連続ログイン3日目
※ログインが途切れるか、7日到達すると
1日目から再開されます*
`叡智の業火 X 1
9月交換券(2023) X 1
`*日替りログインボーナス*
*開催期間中、1日1回 2週間日替りでログインボーナスをプレゼント！*
`巡霊の葉 X 30
`_2023-09-18 19:40:00_
--------
*dcf734638b8334ef199302253a06e093*
`登陆天数: 17天 / 1273天
等级: 125
石头: 502
呼符: 0
体力: 9612.686666666666 / 137
友情点: 0 / 1035050`
*連続ログイン3日目
※ログインが途切れるか、7日到達すると
1日目から再開されます*
`叡智の業火 X 1
9月交換券(2023) X 1
`*日替りログインボーナス*
*開催期間中、1日1回 2週間日替りでログインボーナスをプレゼント！*
`巡霊の葉 X 30
`_2023-09-18 19:40:08_
--------
*47f309e11f595c830d1447d77b47d8a0*
`登陆天数: 17天 / 1369天
等级: 126
石头: 685
呼符: 1
体力: 7567.77 / 137
友情点: 120 / 957150`
*連続ログイン3日目
※ログインが途切れるか、7日到達すると
1日目から再開されます*
`叡智の業火 X 1
9月交換券(2023) X 1
`*日替りログインボーナス*
*開催期間中、1日1回 2週間日替りでログインボーナスをプレゼント！*
`巡霊の葉 X 30
`_2023-09-18 19:40:17_
--------
*a602c44e0f8456741b30f0caf4753a39*
`登陆天数: 33天 / 1302天
等级: 142
石头: 80
呼符: 2
体力: 70.42 / 140
友情点: 30 / 173770`
*連続ログイン5日目
※ログインが途切れるか、7日到達すると
1日目から再開されます*
`叡智の業火 X 2
9月交換券(2023) X 1
`*日替りログインボーナス*
*開催期間中、1日1回 2週間日替りでログインボーナスをプレゼント！*
`巡霊の葉 X 30
`_2023-09-18 19:40:26_
--------
