【登录信息】
*b5e6a05282bde158c1ffe9d4d9788373*
`登陆天数: 18天 / 1301天
等级: 125
石头: 630
呼符: 0
体力: 41276.806666666664 / 137
友情点: 0 / 1142815`
*連続ログイン4日目
※ログインが途切れるか、7日到達すると
1日目から再開されます*
`聖晶石 X 1
9月交換券(2023) X 1
`*日替りログインボーナス*
*開催期間中、1日1回 2週間日替りでログインボーナスをプレゼント！*
`聖晶石 X 3
巡霊の葉 X 50
`_2023-09-19 19:38:11_
--------
*eb20c8954ecb148daacdac59c3a0b2e8*
`登陆天数: 18天 / 1284天
等级: 125
石头: 634
呼符: 34
体力: 13006.12 / 137
友情点: 0 / 1144045`
*連続ログイン4日目
※ログインが途切れるか、7日到達すると
1日目から再開されます*
`聖晶石 X 1
9月交換券(2023) X 1
`*日替りログインボーナス*
*開催期間中、1日1回 2週間日替りでログインボーナスをプレゼント！*
`聖晶石 X 3
巡霊の葉 X 50
`_2023-09-19 19:38:20_
--------
*620476f0f61795fd355f2a9e3fb24e54*
`登陆天数: 18天 / 1351天
等级: 125
石头: 304
呼符: 2
体力: 41982.793333333335 / 137
友情点: 0 / 1143295`
*連続ログイン4日目
※ログインが途切れるか、7日到達すると
1日目から再開されます*
`聖晶石 X 1
9月交換券(2023) X 1
`*日替りログインボーナス*
*開催期間中、1日1回 2週間日替りでログインボーナスをプレゼント！*
`聖晶石 X 3
巡霊の葉 X 50
`_2023-09-19 19:38:29_
--------
*8a4af26995de6f135fbb0fdafa2e0424*
`登陆天数: 18天 / 1329天
等级: 125
石头: 387
呼符: 22
体力: 41699.06 / 137
友情点: 0 / 1126525`
*連続ログイン4日目
※ログインが途切れるか、7日到達すると
1日目から再開されます*
`聖晶石 X 1
9月交換券(2023) X 1
`*日替りログインボーナス*
*開催期間中、1日1回 2週間日替りでログインボーナスをプレゼント！*
`聖晶石 X 3
巡霊の葉 X 50
`_2023-09-19 19:38:39_
--------
*69a508b93367b043329d175aca01015e*
`登陆天数: 18天 / 1167天
等级: 125
石头: 556
呼符: 30
体力: 84835.07 / 137
友情点: 0 / 891575`
*連続ログイン4日目
※ログインが途切れるか、7日到達すると
1日目から再開されます*
`聖晶石 X 1
9月交換券(2023) X 1
`*日替りログインボーナス*
*開催期間中、1日1回 2週間日替りでログインボーナスをプレゼント！*
`聖晶石 X 3
巡霊の葉 X 50
`_2023-09-19 19:38:48_
--------
*05c7889868efad05a84b961c94cc9b2c*
`登陆天数: 18天 / 1382天
等级: 125
石头: 894
呼符: 21
体力: 53921.09 / 137
友情点: 0 / 1084815`
*連続ログイン4日目
※ログインが途切れるか、7日到達すると
1日目から再開されます*
`聖晶石 X 1
9月交換券(2023) X 1
`*日替りログインボーナス*
*開催期間中、1日1回 2週間日替りでログインボーナスをプレゼント！*
`聖晶石 X 3
巡霊の葉 X 50
`_2023-09-19 19:38:57_
--------
*41c8ea3cfa831059a6c57fddf5a2e62d*
`登陆天数: 18天 / 1336天
等级: 125
石头: 238
呼符: 4
体力: 33323.333333333336 / 137
友情点: 0 / 693875`
*連続ログイン4日目
※ログインが途切れるか、7日到達すると
1日目から再開されます*
`聖晶石 X 1
9月交換券(2023) X 1
`*日替りログインボーナス*
*開催期間中、1日1回 2週間日替りでログインボーナスをプレゼント！*
`聖晶石 X 3
巡霊の葉 X 50
`_2023-09-19 19:39:06_
--------
*790b887791ca4de4345ea61d5bd657e4*
`登陆天数: 18天 / 1337天
等级: 125
石头: 21
呼符: 37
体力: 41274.25666666667 / 137
友情点: 0 / 847305`
*連続ログイン4日目
※ログインが途切れるか、7日到達すると
1日目から再開されます*
`聖晶石 X 1
9月交換券(2023) X 1
`*日替りログインボーナス*
*開催期間中、1日1回 2週間日替りでログインボーナスをプレゼント！*
`聖晶石 X 3
巡霊の葉 X 50
`_2023-09-19 19:39:15_
--------
*31dc0b624260ae93d5ebecc09f87643b*
`登陆天数: 18天 / 1347天
等级: 127
石头: 1
呼符: 33
体力: 45994.706666666665 / 137
友情点: 0 / 1001810`
*連続ログイン4日目
※ログインが途切れるか、7日到達すると
1日目から再開されます*
`聖晶石 X 1
9月交換券(2023) X 1
`*日替りログインボーナス*
*開催期間中、1日1回 2週間日替りでログインボーナスをプレゼント！*
`聖晶石 X 3
巡霊の葉 X 50
`_2023-09-19 19:39:24_
--------
*82f6295e189793da0ef43b4029c85eca*
`登陆天数: 18天 / 1388天
等级: 126
石头: 14
呼符: 0
体力: 5977.856666666667 / 137
友情点: 100 / 353610`
*連続ログイン4日目
※ログインが途切れるか、7日到達すると
1日目から再開されます*
`聖晶石 X 1
9月交換券(2023) X 1
`*日替りログインボーナス*
*開催期間中、1日1回 2週間日替りでログインボーナスをプレゼント！*
`聖晶石 X 3
巡霊の葉 X 50
`_2023-09-19 19:39:33_
--------
*c595c4468dd490bdb5e143c788cd36e0*
`登陆天数: 17天 / 1337天
等级: 142
石头: 15
呼符: 1
体力: 4410.26 / 140
友情点: 100 / 2236920`
*連続ログイン3日目
※ログインが途切れるか、7日到達すると
1日目から再開されます*
`叡智の業火 X 1
9月交換券(2023) X 1
`*日替りログインボーナス*
*開催期間中、1日1回 2週間日替りでログインボーナスをプレゼント！*
`聖晶石 X 3
巡霊の葉 X 50
`_2023-09-19 19:39:41_
--------
*47f309e11f595c830d1447d77b47d8a0*
`登陆天数: 18天 / 1352天
等级: 126
石头: 397
呼符: 0
体力: 9406.15 / 137
友情点: 170 / 1101060`
*連続ログイン4日目
※ログインが途切れるか、7日到達すると
1日目から再開されます*
`聖晶石 X 1
9月交換券(2023) X 1
`*日替りログインボーナス*
*開催期間中、1日1回 2週間日替りでログインボーナスをプレゼント！*
`聖晶石 X 3
巡霊の葉 X 50
`_2023-09-19 19:39:51_
--------
*7686ae2a105ec6cc5551581fc7487546*
`登陆天数: 18天 / 1394天
等级: 127
石头: 26
呼符: 3
体力: 43847.83666666667 / 137
友情点: 0 / 1147410`
*連続ログイン4日目
※ログインが途切れるか、7日到達すると
1日目から再開されます*
`聖晶石 X 1
9月交換券(2023) X 1
`*日替りログインボーナス*
*開催期間中、1日1回 2週間日替りでログインボーナスをプレゼント！*
`聖晶石 X 3
巡霊の葉 X 50
`_2023-09-19 19:39:59_
--------
*dcf734638b8334ef199302253a06e093*
`登陆天数: 18天 / 1274天
等级: 125
石头: 502
呼符: 0
体力: 9900.683333333332 / 137
友情点: 0 / 1035050`
*連続ログイン4日目
※ログインが途切れるか、7日到達すると
1日目から再開されます*
`聖晶石 X 1
9月交換券(2023) X 1
`*日替りログインボーナス*
*開催期間中、1日1回 2週間日替りでログインボーナスをプレゼント！*
`聖晶石 X 3
巡霊の葉 X 50
`_2023-09-19 19:40:08_
--------
*47f309e11f595c830d1447d77b47d8a0*
`登陆天数: 18天 / 1370天
等级: 126
石头: 685
呼符: 1
体力: 7855.766666666666 / 137
友情点: 80 / 957230`
*連続ログイン4日目
※ログインが途切れるか、7日到達すると
1日目から再開されます*
`聖晶石 X 1
9月交換券(2023) X 1
`*日替りログインボーナス*
*開催期間中、1日1回 2週間日替りでログインボーナスをプレゼント！*
`聖晶石 X 3
巡霊の葉 X 50
`_2023-09-19 19:40:16_
--------
*a602c44e0f8456741b30f0caf4753a39*
`登陆天数: 34天 / 1303天
等级: 142
石头: 80
呼符: 2
体力: 85.62666666666667 / 140
友情点: 80 / 173900`
*連続ログイン6日目
※ログインが途切れるか、7日到達すると
1日目から再開されます*
`聖晶石 X 2
9月交換券(2023) X 1
`*日替りログインボーナス*
*開催期間中、1日1回 2週間日替りでログインボーナスをプレゼント！*
`聖晶石 X 3
巡霊の葉 X 50
`_2023-09-19 19:40:25_
--------
