【登录信息】
*b5e6a05282bde158c1ffe9d4d9788373*
`登陆天数: 19天 / 1302天
等级: 125
石头: 630
呼符: 0
体力: 41564.85666666667 / 137
友情点: 0 / 1142815`
*連続ログイン5日目
※ログインが途切れるか、7日到達すると
1日目から再開されます*
`叡智の業火 X 2
9月交換券(2023) X 1
`*日替りログインボーナス*
*開催期間中、1日1回 2週間日替りでログインボーナスをプレゼント！*
`巡霊の葉 X 30
`_2023-09-20 19:38:26_
--------
*eb20c8954ecb148daacdac59c3a0b2e8*
`登陆天数: 19天 / 1285天
等级: 125
石头: 634
呼符: 34
体力: 13294.17 / 137
友情点: 0 / 1144045`
*連続ログイン5日目
※ログインが途切れるか、7日到達すると
1日目から再開されます*
`叡智の業火 X 2
9月交換券(2023) X 1
`*日替りログインボーナス*
*開催期間中、1日1回 2週間日替りでログインボーナスをプレゼント！*
`巡霊の葉 X 30
`_2023-09-20 19:38:36_
--------
*620476f0f61795fd355f2a9e3fb24e54*
`登陆天数: 19天 / 1352天
等级: 125
石头: 304
呼符: 2
体力: 42270.846666666665 / 137
友情点: 0 / 1143295`
*連続ログイン5日目
※ログインが途切れるか、7日到達すると
1日目から再開されます*
`叡智の業火 X 2
9月交換券(2023) X 1
`*日替りログインボーナス*
*開催期間中、1日1回 2週間日替りでログインボーナスをプレゼント！*
`巡霊の葉 X 30
`_2023-09-20 19:38:45_
--------
*8a4af26995de6f135fbb0fdafa2e0424*
`登陆天数: 19天 / 1330天
等级: 125
石头: 387
呼符: 22
体力: 41987.11 / 137
友情点: 0 / 1126525`
*連続ログイン5日目
※ログインが途切れるか、7日到達すると
1日目から再開されます*
`叡智の業火 X 2
9月交換券(2023) X 1
`*日替りログインボーナス*
*開催期間中、1日1回 2週間日替りでログインボーナスをプレゼント！*
`巡霊の葉 X 30
`_2023-09-20 19:38:55_
--------
*69a508b93367b043329d175aca01015e*
`登陆天数: 19天 / 1168天
等级: 125
石头: 556
呼符: 30
体力: 85123.12 / 137
友情点: 0 / 891575`
*連続ログイン5日目
※ログインが途切れるか、7日到達すると
1日目から再開されます*
`叡智の業火 X 2
9月交換券(2023) X 1
`*日替りログインボーナス*
*開催期間中、1日1回 2週間日替りでログインボーナスをプレゼント！*
`巡霊の葉 X 30
`_2023-09-20 19:39:04_
--------
*05c7889868efad05a84b961c94cc9b2c*
`登陆天数: 19天 / 1383天
等级: 125
石头: 894
呼符: 21
体力: 54209.14333333333 / 137
友情点: 0 / 1084815`
*連続ログイン5日目
※ログインが途切れるか、7日到達すると
1日目から再開されます*
`叡智の業火 X 2
9月交換券(2023) X 1
`*日替りログインボーナス*
*開催期間中、1日1回 2週間日替りでログインボーナスをプレゼント！*
`巡霊の葉 X 30
`_2023-09-20 19:39:13_
--------
*41c8ea3cfa831059a6c57fddf5a2e62d*
`登陆天数: 19天 / 1337天
等级: 125
石头: 238
呼符: 4
体力: 33611.38333333333 / 137
友情点: 0 / 693875`
*連続ログイン5日目
※ログインが途切れるか、7日到達すると
1日目から再開されます*
`叡智の業火 X 2
9月交換券(2023) X 1
`*日替りログインボーナス*
*開催期間中、1日1回 2週間日替りでログインボーナスをプレゼント！*
`巡霊の葉 X 30
`_2023-09-20 19:39:21_
--------
*790b887791ca4de4345ea61d5bd657e4*
`登陆天数: 19天 / 1338天
等级: 125
石头: 21
呼符: 37
体力: 41562.31 / 137
友情点: 0 / 847305`
*連続ログイン5日目
※ログインが途切れるか、7日到達すると
1日目から再開されます*
`叡智の業火 X 2
9月交換券(2023) X 1
`*日替りログインボーナス*
*開催期間中、1日1回 2週間日替りでログインボーナスをプレゼント！*
`巡霊の葉 X 30
`_2023-09-20 19:39:31_
--------
*31dc0b624260ae93d5ebecc09f87643b*
`登陆天数: 19天 / 1348天
等级: 127
石头: 1
呼符: 33
体力: 46282.76 / 137
友情点: 0 / 1001810`
*連続ログイン5日目
※ログインが途切れるか、7日到達すると
1日目から再開されます*
`叡智の業火 X 2
9月交換券(2023) X 1
`*日替りログインボーナス*
*開催期間中、1日1回 2週間日替りでログインボーナスをプレゼント！*
`巡霊の葉 X 30
`_2023-09-20 19:39:40_
--------
*82f6295e189793da0ef43b4029c85eca*
`登陆天数: 19天 / 1389天
等级: 126
石头: 14
呼符: 0
体力: 6265.91 / 137
友情点: 170 / 353780`
*連続ログイン5日目
※ログインが途切れるか、7日到達すると
1日目から再開されます*
`叡智の業火 X 2
9月交換券(2023) X 1
`*日替りログインボーナス*
*開催期間中、1日1回 2週間日替りでログインボーナスをプレゼント！*
`巡霊の葉 X 30
`_2023-09-20 19:39:49_
--------
*c595c4468dd490bdb5e143c788cd36e0*
`登陆天数: 18天 / 1338天
等级: 142
石头: 15
呼符: 1
体力: 4698.316666666667 / 140
友情点: 70 / 2236990`
*連続ログイン4日目
※ログインが途切れるか、7日到達すると
1日目から再開されます*
`聖晶石 X 1
9月交換券(2023) X 1
`*日替りログインボーナス*
*開催期間中、1日1回 2週間日替りでログインボーナスをプレゼント！*
`巡霊の葉 X 30
`_2023-09-20 19:39:58_
--------
*47f309e11f595c830d1447d77b47d8a0*
`登陆天数: 19天 / 1353天
等级: 126
石头: 397
呼符: 0
体力: 9694.206666666667 / 137
友情点: 90 / 1101150`
*連続ログイン5日目
※ログインが途切れるか、7日到達すると
1日目から再開されます*
`叡智の業火 X 2
9月交換券(2023) X 1
`*日替りログインボーナス*
*開催期間中、1日1回 2週間日替りでログインボーナスをプレゼント！*
`巡霊の葉 X 30
`_2023-09-20 19:40:07_
--------
*7686ae2a105ec6cc5551581fc7487546*
`登陆天数: 19天 / 1395天
等级: 127
石头: 26
呼符: 3
体力: 44135.89333333333 / 137
友情点: 0 / 1147410`
*連続ログイン5日目
※ログインが途切れるか、7日到達すると
1日目から再開されます*
`叡智の業火 X 2
9月交換券(2023) X 1
`*日替りログインボーナス*
*開催期間中、1日1回 2週間日替りでログインボーナスをプレゼント！*
`巡霊の葉 X 30
`_2023-09-20 19:40:16_
--------
*dcf734638b8334ef199302253a06e093*
`登陆天数: 19天 / 1275天
等级: 125
石头: 502
呼符: 0
体力: 10188.75 / 137
友情点: 0 / 1035050`
*連続ログイン5日目
※ログインが途切れるか、7日到達すると
1日目から再開されます*
`叡智の業火 X 2
9月交換券(2023) X 1
`*日替りログインボーナス*
*開催期間中、1日1回 2週間日替りでログインボーナスをプレゼント！*
`巡霊の葉 X 30
`_2023-09-20 19:40:25_
--------
*47f309e11f595c830d1447d77b47d8a0*
`登陆天数: 19天 / 1371天
等级: 126
石头: 685
呼符: 1
体力: 8143.833333333333 / 137
友情点: 250 / 957480`
*連続ログイン5日目
※ログインが途切れるか、7日到達すると
1日目から再開されます*
`叡智の業火 X 2
9月交換券(2023) X 1
`*日替りログインボーナス*
*開催期間中、1日1回 2週間日替りでログインボーナスをプレゼント！*
`巡霊の葉 X 30
`_2023-09-20 19:40:35_
--------
*a602c44e0f8456741b30f0caf4753a39*
`登陆天数: 35天 / 1304天
等级: 142
石头: 80
呼符: 2
体力: 78.36333333333334 / 140
友情点: 30 / 174145`
*連続ログイン7日間到達おめでとうございます！
明日は1日目からリスタートされます。*
`獣の足跡 X 1
呼符 X 1
9月交換券(2023) X 1
`*日替りログインボーナス*
*開催期間中、1日1回 2週間日替りでログインボーナスをプレゼント！*
`巡霊の葉 X 30
`_2023-09-20 19:40:44_
--------
