【登录信息】
*b5e6a05282bde158c1ffe9d4d9788373*
`登陆天数: 20天 / 1303天
等级: 125
石头: 630
呼符: 0
体力: 41852.87333333334 / 137
友情点: 0 / 1142815`
*連続ログイン6日目
※ログインが途切れるか、7日到達すると
1日目から再開されます*
`聖晶石 X 2
9月交換券(2023) X 1
`*日替りログインボーナス*
*開催期間中、1日1回 2週間日替りでログインボーナスをプレゼント！*
`巡霊の葉 X 30
`_2023-09-21 19:38:31_
--------
*eb20c8954ecb148daacdac59c3a0b2e8*
`登陆天数: 20天 / 1286天
等级: 125
石头: 634
呼符: 34
体力: 13582.19 / 137
友情点: 0 / 1144045`
*連続ログイン6日目
※ログインが途切れるか、7日到達すると
1日目から再開されます*
`聖晶石 X 2
9月交換券(2023) X 1
`*日替りログインボーナス*
*開催期間中、1日1回 2週間日替りでログインボーナスをプレゼント！*
`巡霊の葉 X 30
`_2023-09-21 19:38:41_
--------
*620476f0f61795fd355f2a9e3fb24e54*
`登陆天数: 20天 / 1353天
等级: 125
石头: 304
呼符: 2
体力: 42558.863333333335 / 137
友情点: 0 / 1143295`
*連続ログイン6日目
※ログインが途切れるか、7日到達すると
1日目から再開されます*
`聖晶石 X 2
9月交換券(2023) X 1
`*日替りログインボーナス*
*開催期間中、1日1回 2週間日替りでログインボーナスをプレゼント！*
`巡霊の葉 X 30
`_2023-09-21 19:38:50_
--------
*8a4af26995de6f135fbb0fdafa2e0424*
`登陆天数: 20天 / 1331天
等级: 125
石头: 387
呼符: 22
体力: 42275.13 / 137
友情点: 0 / 1126525`
*連続ログイン6日目
※ログインが途切れるか、7日到達すると
1日目から再開されます*
`聖晶石 X 2
9月交換券(2023) X 1
`*日替りログインボーナス*
*開催期間中、1日1回 2週間日替りでログインボーナスをプレゼント！*
`巡霊の葉 X 30
`_2023-09-21 19:39:00_
--------
*69a508b93367b043329d175aca01015e*
`登陆天数: 20天 / 1169天
等级: 125
石头: 556
呼符: 30
体力: 85411.14 / 137
友情点: 0 / 891575`
*連続ログイン6日目
※ログインが途切れるか、7日到達すると
1日目から再開されます*
`聖晶石 X 2
9月交換券(2023) X 1
`*日替りログインボーナス*
*開催期間中、1日1回 2週間日替りでログインボーナスをプレゼント！*
`巡霊の葉 X 30
`_2023-09-21 19:39:09_
--------
*05c7889868efad05a84b961c94cc9b2c*
`登陆天数: 20天 / 1384天
等级: 125
石头: 894
呼符: 21
体力: 54497.16 / 137
友情点: 0 / 1084815`
*連続ログイン6日目
※ログインが途切れるか、7日到達すると
1日目から再開されます*
`聖晶石 X 2
9月交換券(2023) X 1
`*日替りログインボーナス*
*開催期間中、1日1回 2週間日替りでログインボーナスをプレゼント！*
`巡霊の葉 X 30
`_2023-09-21 19:39:18_
--------
*41c8ea3cfa831059a6c57fddf5a2e62d*
`登陆天数: 20天 / 1338天
等级: 125
石头: 238
呼符: 4
体力: 33899.4 / 137
友情点: 0 / 693875`
*連続ログイン6日目
※ログインが途切れるか、7日到達すると
1日目から再開されます*
`聖晶石 X 2
9月交換券(2023) X 1
`*日替りログインボーナス*
*開催期間中、1日1回 2週間日替りでログインボーナスをプレゼント！*
`巡霊の葉 X 30
`_2023-09-21 19:39:27_
--------
*790b887791ca4de4345ea61d5bd657e4*
`登陆天数: 20天 / 1339天
等级: 125
石头: 21
呼符: 37
体力: 41850.323333333334 / 137
友情点: 0 / 847305`
*連続ログイン6日目
※ログインが途切れるか、7日到達すると
1日目から再開されます*
`聖晶石 X 2
9月交換券(2023) X 1
`*日替りログインボーナス*
*開催期間中、1日1回 2週間日替りでログインボーナスをプレゼント！*
`巡霊の葉 X 30
`_2023-09-21 19:39:36_
--------
*31dc0b624260ae93d5ebecc09f87643b*
`登陆天数: 20天 / 1349天
等级: 127
石头: 1
呼符: 33
体力: 46570.77333333333 / 137
友情点: 0 / 1001810`
*連続ログイン6日目
※ログインが途切れるか、7日到達すると
1日目から再開されます*
`聖晶石 X 2
9月交換券(2023) X 1
`*日替りログインボーナス*
*開催期間中、1日1回 2週間日替りでログインボーナスをプレゼント！*
`巡霊の葉 X 30
`_2023-09-21 19:39:44_
--------
*82f6295e189793da0ef43b4029c85eca*
`登陆天数: 20天 / 1390天
等级: 126
石头: 14
呼符: 0
体力: 6553.92 / 137
友情点: 100 / 353880`
*連続ログイン6日目
※ログインが途切れるか、7日到達すると
1日目から再開されます*
`聖晶石 X 2
9月交換券(2023) X 1
`*日替りログインボーナス*
*開催期間中、1日1回 2週間日替りでログインボーナスをプレゼント！*
`巡霊の葉 X 30
`_2023-09-21 19:39:53_
--------
*c595c4468dd490bdb5e143c788cd36e0*
`登陆天数: 19天 / 1339天
等级: 142
石头: 15
呼符: 1
体力: 4986.323333333334 / 140
友情点: 70 / 2237070`
*連続ログイン5日目
※ログインが途切れるか、7日到達すると
1日目から再開されます*
`叡智の業火 X 2
9月交換券(2023) X 1
`*日替りログインボーナス*
*開催期間中、1日1回 2週間日替りでログインボーナスをプレゼント！*
`巡霊の葉 X 30
`_2023-09-21 19:40:01_
--------
*47f309e11f595c830d1447d77b47d8a0*
`登陆天数: 20天 / 1354天
等级: 126
石头: 397
呼符: 0
体力: 9982.213333333333 / 137
友情点: 190 / 1101340`
*連続ログイン6日目
※ログインが途切れるか、7日到達すると
1日目から再開されます*
`聖晶石 X 2
9月交換券(2023) X 1
`*日替りログインボーナス*
*開催期間中、1日1回 2週間日替りでログインボーナスをプレゼント！*
`巡霊の葉 X 30
`_2023-09-21 19:40:10_
--------
*7686ae2a105ec6cc5551581fc7487546*
`登陆天数: 20天 / 1396天
等级: 127
石头: 26
呼符: 3
体力: 44423.9 / 137
友情点: 0 / 1147410`
*連続ログイン6日目
※ログインが途切れるか、7日到達すると
1日目から再開されます*
`聖晶石 X 2
9月交換券(2023) X 1
`*日替りログインボーナス*
*開催期間中、1日1回 2週間日替りでログインボーナスをプレゼント！*
`巡霊の葉 X 30
`_2023-09-21 19:40:18_
--------
*dcf734638b8334ef199302253a06e093*
`登陆天数: 20天 / 1276天
等级: 125
石头: 502
呼符: 0
体力: 10476.753333333334 / 137
友情点: 0 / 1035050`
*連続ログイン6日目
※ログインが途切れるか、7日到達すると
1日目から再開されます*
`聖晶石 X 2
9月交換券(2023) X 1
`*日替りログインボーナス*
*開催期間中、1日1回 2週間日替りでログインボーナスをプレゼント！*
`巡霊の葉 X 30
`_2023-09-21 19:40:26_
--------
*47f309e11f595c830d1447d77b47d8a0*
`登陆天数: 20天 / 1372天
等级: 126
石头: 685
呼符: 1
体力: 8431.836666666666 / 137
友情点: 100 / 957580`
*連続ログイン6日目
※ログインが途切れるか、7日到達すると
1日目から再開されます*
`聖晶石 X 2
9月交換券(2023) X 1
`*日替りログインボーナス*
*開催期間中、1日1回 2週間日替りでログインボーナスをプレゼント！*
`巡霊の葉 X 30
`_2023-09-21 19:40:36_
--------
*a602c44e0f8456741b30f0caf4753a39*
`登陆天数: 36天 / 1305天
等级: 142
石头: 93
呼符: 3
体力: 84.65 / 140
友情点: 10 / 174505`
*連続ログイン1日目
※ログインが途切れるか、7日到達すると
1日目から再開されます*
`フレンドポイント X 2000
9月交換券(2023) X 1
`*日替りログインボーナス*
*開催期間中、1日1回 2週間日替りでログインボーナスをプレゼント！*
`巡霊の葉 X 30
`_2023-09-21 19:40:45_
--------
