【登录信息】
*b5e6a05282bde158c1ffe9d4d9788373*
`登陆天数: 21天 / 1304天
等级: 125
石头: 630
呼符: 0
体力: 42140.886666666665 / 137
友情点: 0 / 1142815`
*連続ログイン7日間到達おめでとうございます！
明日は1日目からリスタートされます。*
`獣の足跡 X 1
呼符 X 1
9月交換券(2023) X 1
`*日替りログインボーナス*
*開催期間中、1日1回 2週間日替りでログインボーナスをプレゼント！*
`聖晶石 X 2
巡霊の葉 X 100
`_2023-09-22 19:38:36_
--------
*eb20c8954ecb148daacdac59c3a0b2e8*
`登陆天数: 21天 / 1287天
等级: 125
石头: 634
呼符: 34
体力: 13870.203333333333 / 137
友情点: 0 / 1144045`
*連続ログイン7日間到達おめでとうございます！
明日は1日目からリスタートされます。*
`獣の足跡 X 1
呼符 X 1
9月交換券(2023) X 1
`*日替りログインボーナス*
*開催期間中、1日1回 2週間日替りでログインボーナスをプレゼント！*
`聖晶石 X 2
巡霊の葉 X 100
`_2023-09-22 19:38:45_
--------
*620476f0f61795fd355f2a9e3fb24e54*
`登陆天数: 21天 / 1354天
等级: 125
石头: 304
呼符: 2
体力: 42846.87666666666 / 137
友情点: 0 / 1143295`
*連続ログイン7日間到達おめでとうございます！
明日は1日目からリスタートされます。*
`獣の足跡 X 1
呼符 X 1
9月交換券(2023) X 1
`*日替りログインボーナス*
*開催期間中、1日1回 2週間日替りでログインボーナスをプレゼント！*
`聖晶石 X 2
巡霊の葉 X 100
`_2023-09-22 19:38:54_
--------
*8a4af26995de6f135fbb0fdafa2e0424*
`登陆天数: 21天 / 1332天
等级: 125
石头: 387
呼符: 22
体力: 42563.14 / 137
友情点: 0 / 1126525`
*連続ログイン7日間到達おめでとうございます！
明日は1日目からリスタートされます。*
`獣の足跡 X 1
呼符 X 1
9月交換券(2023) X 1
`*日替りログインボーナス*
*開催期間中、1日1回 2週間日替りでログインボーナスをプレゼント！*
`聖晶石 X 2
巡霊の葉 X 100
`_2023-09-22 19:39:03_
--------
*69a508b93367b043329d175aca01015e*
`登陆天数: 21天 / 1170天
等级: 125
石头: 556
呼符: 30
体力: 85699.14666666667 / 137
友情点: 0 / 891575`
*連続ログイン7日間到達おめでとうございます！
明日は1日目からリスタートされます。*
`獣の足跡 X 1
呼符 X 1
9月交換券(2023) X 1
`*日替りログインボーナス*
*開催期間中、1日1回 2週間日替りでログインボーナスをプレゼント！*
`聖晶石 X 2
巡霊の葉 X 100
`_2023-09-22 19:39:12_
--------
*05c7889868efad05a84b961c94cc9b2c*
`登陆天数: 21天 / 1385天
等级: 125
石头: 894
呼符: 21
体力: 54785.17 / 137
友情点: 0 / 1084815`
*連続ログイン7日間到達おめでとうございます！
明日は1日目からリスタートされます。*
`獣の足跡 X 1
呼符 X 1
9月交換券(2023) X 1
`*日替りログインボーナス*
*開催期間中、1日1回 2週間日替りでログインボーナスをプレゼント！*
`聖晶石 X 2
巡霊の葉 X 100
`_2023-09-22 19:39:21_
--------
*41c8ea3cfa831059a6c57fddf5a2e62d*
`登陆天数: 21天 / 1339天
等级: 125
石头: 238
呼符: 4
体力: 34187.41 / 137
友情点: 0 / 693875`
*連続ログイン7日間到達おめでとうございます！
明日は1日目からリスタートされます。*
`獣の足跡 X 1
呼符 X 1
9月交換券(2023) X 1
`*日替りログインボーナス*
*開催期間中、1日1回 2週間日替りでログインボーナスをプレゼント！*
`聖晶石 X 2
巡霊の葉 X 100
`_2023-09-22 19:39:29_
--------
*790b887791ca4de4345ea61d5bd657e4*
`登陆天数: 21天 / 1340天
等级: 125
石头: 21
呼符: 37
体力: 42138.333333333336 / 137
友情点: 0 / 847305`
*連続ログイン7日間到達おめでとうございます！
明日は1日目からリスタートされます。*
`獣の足跡 X 1
呼符 X 1
9月交換券(2023) X 1
`*日替りログインボーナス*
*開催期間中、1日1回 2週間日替りでログインボーナスをプレゼント！*
`聖晶石 X 2
巡霊の葉 X 100
`_2023-09-22 19:39:38_
--------
*31dc0b624260ae93d5ebecc09f87643b*
`登陆天数: 21天 / 1350天
等级: 127
石头: 1
呼符: 33
体力: 46858.78333333333 / 137
友情点: 0 / 1001810`
*連続ログイン7日間到達おめでとうございます！
明日は1日目からリスタートされます。*
`獣の足跡 X 1
呼符 X 1
9月交換券(2023) X 1
`*日替りログインボーナス*
*開催期間中、1日1回 2週間日替りでログインボーナスをプレゼント！*
`聖晶石 X 2
巡霊の葉 X 100
`_2023-09-22 19:39:47_
--------
*82f6295e189793da0ef43b4029c85eca*
`登陆天数: 21天 / 1391天
等级: 126
石头: 14
呼符: 0
体力: 6841.93 / 137
友情点: 10 / 353890`
*連続ログイン7日間到達おめでとうございます！
明日は1日目からリスタートされます。*
`獣の足跡 X 1
呼符 X 1
9月交換券(2023) X 1
`*日替りログインボーナス*
*開催期間中、1日1回 2週間日替りでログインボーナスをプレゼント！*
`聖晶石 X 2
巡霊の葉 X 100
`_2023-09-22 19:39:55_
--------
*c595c4468dd490bdb5e143c788cd36e0*
`登陆天数: 20天 / 1340天
等级: 142
石头: 15
呼符: 1
体力: 5274.333333333333 / 140
友情点: 0 / 2237070`
*連続ログイン6日目
※ログインが途切れるか、7日到達すると
1日目から再開されます*
`聖晶石 X 2
9月交換券(2023) X 1
`*日替りログインボーナス*
*開催期間中、1日1回 2週間日替りでログインボーナスをプレゼント！*
`聖晶石 X 2
巡霊の葉 X 100
`_2023-09-22 19:40:04_
--------
*47f309e11f595c830d1447d77b47d8a0*
`登陆天数: 21天 / 1355天
等级: 126
石头: 397
呼符: 0
体力: 10270.22 / 137
友情点: 10 / 1101350`
*連続ログイン7日間到達おめでとうございます！
明日は1日目からリスタートされます。*
`獣の足跡 X 1
呼符 X 1
9月交換券(2023) X 1
`*日替りログインボーナス*
*開催期間中、1日1回 2週間日替りでログインボーナスをプレゼント！*
`聖晶石 X 2
巡霊の葉 X 100
`_2023-09-22 19:40:12_
--------
*7686ae2a105ec6cc5551581fc7487546*
`登陆天数: 21天 / 1397天
等级: 127
石头: 26
呼符: 3
体力: 44711.90666666667 / 137
友情点: 0 / 1147410`
*連続ログイン7日間到達おめでとうございます！
明日は1日目からリスタートされます。*
`獣の足跡 X 1
呼符 X 1
9月交換券(2023) X 1
`*日替りログインボーナス*
*開催期間中、1日1回 2週間日替りでログインボーナスをプレゼント！*
`聖晶石 X 2
巡霊の葉 X 100
`_2023-09-22 19:40:20_
--------
*dcf734638b8334ef199302253a06e093*
`登陆天数: 21天 / 1277天
等级: 125
石头: 502
呼符: 0
体力: 10764.756666666666 / 137
友情点: 0 / 1035050`
*連続ログイン7日間到達おめでとうございます！
明日は1日目からリスタートされます。*
`獣の足跡 X 1
呼符 X 1
9月交換券(2023) X 1
`*日替りログインボーナス*
*開催期間中、1日1回 2週間日替りでログインボーナスをプレゼント！*
`聖晶石 X 2
巡霊の葉 X 100
`_2023-09-22 19:40:29_
--------
*47f309e11f595c830d1447d77b47d8a0*
`登陆天数: 21天 / 1373天
等级: 126
石头: 685
呼符: 1
体力: 8719.836666666666 / 137
友情点: 20 / 957600`
*連続ログイン7日間到達おめでとうございます！
明日は1日目からリスタートされます。*
`獣の足跡 X 1
呼符 X 1
9月交換券(2023) X 1
`*日替りログインボーナス*
*開催期間中、1日1回 2週間日替りでログインボーナスをプレゼント！*
`聖晶石 X 2
巡霊の葉 X 100
`_2023-09-22 19:40:38_
--------
*a602c44e0f8456741b30f0caf4753a39*
`登陆天数: 37天 / 1306天
等级: 142
石头: 1
呼符: 0
体力: 77.81666666666666 / 140
友情点: 10 / 176665`
*連続ログイン2日目
※ログインが途切れるか、7日到達すると
1日目から再開されます*
`聖晶石 X 1
9月交換券(2023) X 1
`*日替りログインボーナス*
*開催期間中、1日1回 2週間日替りでログインボーナスをプレゼント！*
`聖晶石 X 2
巡霊の葉 X 100
`_2023-09-22 19:40:46_
--------
