【登录信息】
*b5e6a05282bde158c1ffe9d4d9788373*
`登陆天数: 22天 / 1305天
等级: 125
石头: 630
呼符: 0
体力: 42428.886666666665 / 137
友情点: 0 / 1142815`
*連続ログイン1日目
※ログインが途切れるか、7日到達すると
1日目から再開されます*
`フレンドポイント X 2000
9月交換券(2023) X 1
`*日替りログインボーナス*
*開催期間中、1日1回 2週間日替りでログインボーナスをプレゼント！*
`巡霊の葉 X 30
`_2023-09-23 19:38:35_
--------
*eb20c8954ecb148daacdac59c3a0b2e8*
`登陆天数: 22天 / 1288天
等级: 125
石头: 634
呼符: 34
体力: 14158.2 / 137
友情点: 0 / 1144045`
*連続ログイン1日目
※ログインが途切れるか、7日到達すると
1日目から再開されます*
`フレンドポイント X 2000
9月交換券(2023) X 1
`*日替りログインボーナス*
*開催期間中、1日1回 2週間日替りでログインボーナスをプレゼント！*
`巡霊の葉 X 30
`_2023-09-23 19:38:44_
--------
*620476f0f61795fd355f2a9e3fb24e54*
`登陆天数: 22天 / 1355天
等级: 125
石头: 304
呼符: 2
体力: 43134.87333333334 / 137
友情点: 0 / 1143295`
*連続ログイン1日目
※ログインが途切れるか、7日到達すると
1日目から再開されます*
`フレンドポイント X 2000
9月交換券(2023) X 1
`*日替りログインボーナス*
*開催期間中、1日1回 2週間日替りでログインボーナスをプレゼント！*
`巡霊の葉 X 30
`_2023-09-23 19:38:53_
--------
*8a4af26995de6f135fbb0fdafa2e0424*
`登陆天数: 22天 / 1333天
等级: 125
石头: 387
呼符: 22
体力: 42851.136666666665 / 137
友情点: 0 / 1126525`
*連続ログイン1日目
※ログインが途切れるか、7日到達すると
1日目から再開されます*
`フレンドポイント X 2000
9月交換券(2023) X 1
`*日替りログインボーナス*
*開催期間中、1日1回 2週間日替りでログインボーナスをプレゼント！*
`巡霊の葉 X 30
`_2023-09-23 19:39:02_
--------
*69a508b93367b043329d175aca01015e*
`登陆天数: 22天 / 1171天
等级: 125
石头: 556
呼符: 30
体力: 85987.14666666667 / 137
友情点: 0 / 891575`
*連続ログイン1日目
※ログインが途切れるか、7日到達すると
1日目から再開されます*
`フレンドポイント X 2000
9月交換券(2023) X 1
`*日替りログインボーナス*
*開催期間中、1日1回 2週間日替りでログインボーナスをプレゼント！*
`巡霊の葉 X 30
`_2023-09-23 19:39:11_
--------
*05c7889868efad05a84b961c94cc9b2c*
`登陆天数: 22天 / 1386天
等级: 125
石头: 894
呼符: 21
体力: 55073.166666666664 / 137
友情点: 0 / 1084815`
*連続ログイン1日目
※ログインが途切れるか、7日到達すると
1日目から再開されます*
`フレンドポイント X 2000
9月交換券(2023) X 1
`*日替りログインボーナス*
*開催期間中、1日1回 2週間日替りでログインボーナスをプレゼント！*
`巡霊の葉 X 30
`_2023-09-23 19:39:20_
--------
*41c8ea3cfa831059a6c57fddf5a2e62d*
`登陆天数: 22天 / 1340天
等级: 125
石头: 238
呼符: 4
体力: 34475.40666666667 / 137
友情点: 0 / 693875`
*連続ログイン1日目
※ログインが途切れるか、7日到達すると
1日目から再開されます*
`フレンドポイント X 2000
9月交換券(2023) X 1
`*日替りログインボーナス*
*開催期間中、1日1回 2週間日替りでログインボーナスをプレゼント！*
`巡霊の葉 X 30
`_2023-09-23 19:39:29_
--------
*790b887791ca4de4345ea61d5bd657e4*
`登陆天数: 22天 / 1341天
等级: 125
石头: 21
呼符: 37
体力: 42426.33 / 137
友情点: 0 / 847305`
*連続ログイン1日目
※ログインが途切れるか、7日到達すると
1日目から再開されます*
`フレンドポイント X 2000
9月交換券(2023) X 1
`*日替りログインボーナス*
*開催期間中、1日1回 2週間日替りでログインボーナスをプレゼント！*
`巡霊の葉 X 30
`_2023-09-23 19:39:38_
--------
*31dc0b624260ae93d5ebecc09f87643b*
`登陆天数: 22天 / 1351天
等级: 127
石头: 1
呼符: 33
体力: 47146.78333333333 / 137
友情点: 0 / 1001810`
*連続ログイン1日目
※ログインが途切れるか、7日到達すると
1日目から再開されます*
`フレンドポイント X 2000
9月交換券(2023) X 1
`*日替りログインボーナス*
*開催期間中、1日1回 2週間日替りでログインボーナスをプレゼント！*
`巡霊の葉 X 30
`_2023-09-23 19:39:47_
--------
*82f6295e189793da0ef43b4029c85eca*
`登陆天数: 22天 / 1392天
等级: 126
石头: 14
呼符: 0
体力: 7129.93 / 137
友情点: 100 / 353990`
*連続ログイン1日目
※ログインが途切れるか、7日到達すると
1日目から再開されます*
`フレンドポイント X 2000
9月交換券(2023) X 1
`*日替りログインボーナス*
*開催期間中、1日1回 2週間日替りでログインボーナスをプレゼント！*
`巡霊の葉 X 30
`_2023-09-23 19:39:55_
--------
*c595c4468dd490bdb5e143c788cd36e0*
`登陆天数: 21天 / 1341天
等级: 142
石头: 19
呼符: 0
体力: 5562.336666666667 / 140
友情点: 50 / 2241480`
*連続ログイン7日間到達おめでとうございます！
明日は1日目からリスタートされます。*
`獣の足跡 X 1
呼符 X 1
9月交換券(2023) X 1
`*日替りログインボーナス*
*開催期間中、1日1回 2週間日替りでログインボーナスをプレゼント！*
`巡霊の葉 X 30
`_2023-09-23 19:40:04_
--------
*47f309e11f595c830d1447d77b47d8a0*
`登陆天数: 22天 / 1356天
等级: 126
石头: 8
呼符: 0
体力: 10558.223333333333 / 137
友情点: 30 / 1101540`
*連続ログイン1日目
※ログインが途切れるか、7日到達すると
1日目から再開されます*
`フレンドポイント X 2000
9月交換券(2023) X 1
`*日替りログインボーナス*
*開催期間中、1日1回 2週間日替りでログインボーナスをプレゼント！*
`巡霊の葉 X 30
`_2023-09-23 19:40:13_
--------
*7686ae2a105ec6cc5551581fc7487546*
`登陆天数: 22天 / 1398天
等级: 127
石头: 66
呼符: 6
体力: 44999.91333333333 / 137
友情点: 0 / 1151410`
*連続ログイン1日目
※ログインが途切れるか、7日到達すると
1日目から再開されます*
`フレンドポイント X 2000
9月交換券(2023) X 1
`*日替りログインボーナス*
*開催期間中、1日1回 2週間日替りでログインボーナスをプレゼント！*
`巡霊の葉 X 30
`_2023-09-23 19:40:22_
--------
*dcf734638b8334ef199302253a06e093*
`登陆天数: 22天 / 1278天
等级: 125
石头: 502
呼符: 0
体力: 11052.763333333334 / 137
友情点: 0 / 1035050`
*連続ログイン1日目
※ログインが途切れるか、7日到達すると
1日目から再開されます*
`フレンドポイント X 2000
9月交換券(2023) X 1
`*日替りログインボーナス*
*開催期間中、1日1回 2週間日替りでログインボーナスをプレゼント！*
`巡霊の葉 X 30
`_2023-09-23 19:40:30_
--------
*47f309e11f595c830d1447d77b47d8a0*
`登陆天数: 22天 / 1374天
等级: 126
石头: 685
呼符: 1
体力: 9007.846666666666 / 137
友情点: 120 / 957720`
*連続ログイン1日目
※ログインが途切れるか、7日到達すると
1日目から再開されます*
`フレンドポイント X 2000
9月交換券(2023) X 1
`*日替りログインボーナス*
*開催期間中、1日1回 2週間日替りでログインボーナスをプレゼント！*
`巡霊の葉 X 30
`_2023-09-23 19:40:40_
--------
*a602c44e0f8456741b30f0caf4753a39*
`登陆天数: 38天 / 1307天
等级: 142
石头: 1
呼符: 0
体力: 66.70333333333333 / 140
友情点: 40 / 176845`
*連続ログイン3日目
※ログインが途切れるか、7日到達すると
1日目から再開されます*
`叡智の業火 X 1
9月交換券(2023) X 1
`*日替りログインボーナス*
*開催期間中、1日1回 2週間日替りでログインボーナスをプレゼント！*
`巡霊の葉 X 30
`_2023-09-23 19:40:48_
--------
