【登录信息】
*b5e6a05282bde158c1ffe9d4d9788373*
`登陆天数: 23天 / 1306天
等级: 125
石头: 630
呼符: 0
体力: 42716.87666666666 / 137
友情点: 0 / 1142815`
*連続ログイン2日目
※ログインが途切れるか、7日到達すると
1日目から再開されます*
`聖晶石 X 1
9月交換券(2023) X 1
`*日替りログインボーナス*
*開催期間中、1日1回 2週間日替りでログインボーナスをプレゼント！*
`巡霊の葉 X 30
`_2023-09-24 19:38:32_
--------
*eb20c8954ecb148daacdac59c3a0b2e8*
`登陆天数: 23天 / 1289天
等级: 125
石头: 634
呼符: 34
体力: 14446.19 / 137
友情点: 0 / 1144045`
*連続ログイン2日目
※ログインが途切れるか、7日到達すると
1日目から再開されます*
`聖晶石 X 1
9月交換券(2023) X 1
`*日替りログインボーナス*
*開催期間中、1日1回 2週間日替りでログインボーナスをプレゼント！*
`巡霊の葉 X 30
`_2023-09-24 19:38:42_
--------
*620476f0f61795fd355f2a9e3fb24e54*
`登陆天数: 23天 / 1356天
等级: 125
石头: 304
呼符: 2
体力: 43422.86666666667 / 137
友情点: 0 / 1143295`
*連続ログイン2日目
※ログインが途切れるか、7日到達すると
1日目から再開されます*
`聖晶石 X 1
9月交換券(2023) X 1
`*日替りログインボーナス*
*開催期間中、1日1回 2週間日替りでログインボーナスをプレゼント！*
`巡霊の葉 X 30
`_2023-09-24 19:38:51_
--------
*8a4af26995de6f135fbb0fdafa2e0424*
`登陆天数: 23天 / 1334天
等级: 125
石头: 387
呼符: 22
体力: 43139.13 / 137
友情点: 0 / 1126525`
*連続ログイン2日目
※ログインが途切れるか、7日到達すると
1日目から再開されます*
`聖晶石 X 1
9月交換券(2023) X 1
`*日替りログインボーナス*
*開催期間中、1日1回 2週間日替りでログインボーナスをプレゼント！*
`巡霊の葉 X 30
`_2023-09-24 19:39:00_
--------
*69a508b93367b043329d175aca01015e*
`登陆天数: 23天 / 1172天
等级: 125
石头: 556
呼符: 30
体力: 86275.14 / 137
友情点: 0 / 891575`
*連続ログイン2日目
※ログインが途切れるか、7日到達すると
1日目から再開されます*
`聖晶石 X 1
9月交換券(2023) X 1
`*日替りログインボーナス*
*開催期間中、1日1回 2週間日替りでログインボーナスをプレゼント！*
`巡霊の葉 X 30
`_2023-09-24 19:39:10_
--------
*05c7889868efad05a84b961c94cc9b2c*
`登陆天数: 23天 / 1387天
等级: 125
石头: 894
呼符: 21
体力: 55361.16333333333 / 137
友情点: 0 / 1084815`
*連続ログイン2日目
※ログインが途切れるか、7日到達すると
1日目から再開されます*
`聖晶石 X 1
9月交換券(2023) X 1
`*日替りログインボーナス*
*開催期間中、1日1回 2週間日替りでログインボーナスをプレゼント！*
`巡霊の葉 X 30
`_2023-09-24 19:39:19_
--------
*41c8ea3cfa831059a6c57fddf5a2e62d*
`登陆天数: 23天 / 1341天
等级: 125
石头: 34
呼符: 0
体力: 34763.403333333335 / 137
友情点: 0 / 711875`
*連続ログイン2日目
※ログインが途切れるか、7日到達すると
1日目から再開されます*
`聖晶石 X 1
9月交換券(2023) X 1
`*日替りログインボーナス*
*開催期間中、1日1回 2週間日替りでログインボーナスをプレゼント！*
`巡霊の葉 X 30
`_2023-09-24 19:39:27_
--------
*790b887791ca4de4345ea61d5bd657e4*
`登陆天数: 23天 / 1342天
等级: 125
石头: 21
呼符: 37
体力: 42714.32666666667 / 137
友情点: 0 / 847305`
*連続ログイン2日目
※ログインが途切れるか、7日到達すると
1日目から再開されます*
`聖晶石 X 1
9月交換券(2023) X 1
`*日替りログインボーナス*
*開催期間中、1日1回 2週間日替りでログインボーナスをプレゼント！*
`巡霊の葉 X 30
`_2023-09-24 19:39:37_
--------
*31dc0b624260ae93d5ebecc09f87643b*
`登陆天数: 23天 / 1352天
等级: 127
石头: 1
呼符: 33
体力: 47434.78 / 137
友情点: 0 / 1001810`
*連続ログイン2日目
※ログインが途切れるか、7日到達すると
1日目から再開されます*
`聖晶石 X 1
9月交換券(2023) X 1
`*日替りログインボーナス*
*開催期間中、1日1回 2週間日替りでログインボーナスをプレゼント！*
`巡霊の葉 X 30
`_2023-09-24 19:39:46_
--------
*82f6295e189793da0ef43b4029c85eca*
`登陆天数: 23天 / 1393天
等级: 126
石头: 14
呼符: 0
体力: 7417.93 / 137
友情点: 0 / 354150`
*連続ログイン2日目
※ログインが途切れるか、7日到達すると
1日目から再開されます*
`聖晶石 X 1
9月交換券(2023) X 1
`*日替りログインボーナス*
*開催期間中、1日1回 2週間日替りでログインボーナスをプレゼント！*
`巡霊の葉 X 30
`_2023-09-24 19:39:54_
--------
*c595c4468dd490bdb5e143c788cd36e0*
`登陆天数: 22天 / 1342天
等级: 142
石头: 19
呼符: 1
体力: 5850.333333333333 / 140
友情点: 0 / 2241560`
*連続ログイン1日目
※ログインが途切れるか、7日到達すると
1日目から再開されます*
`フレンドポイント X 2000
9月交換券(2023) X 1
`*日替りログインボーナス*
*開催期間中、1日1回 2週間日替りでログインボーナスをプレゼント！*
`巡霊の葉 X 30
`_2023-09-24 19:40:03_
--------
*47f309e11f595c830d1447d77b47d8a0*
`登陆天数: 23天 / 1357天
等级: 126
石头: 8
呼符: 0
体力: 10846.22 / 137
友情点: 110 / 1101650`
*連続ログイン2日目
※ログインが途切れるか、7日到達すると
1日目から再開されます*
`聖晶石 X 1
9月交換券(2023) X 1
`*日替りログインボーナス*
*開催期間中、1日1回 2週間日替りでログインボーナスをプレゼント！*
`巡霊の葉 X 30
`_2023-09-24 19:40:12_
--------
*7686ae2a105ec6cc5551581fc7487546*
`登陆天数: 23天 / 1399天
等级: 127
石头: 66
呼符: 6
体力: 45287.90666666667 / 137
友情点: 0 / 1151410`
*連続ログイン2日目
※ログインが途切れるか、7日到達すると
1日目から再開されます*
`聖晶石 X 1
9月交換券(2023) X 1
`*日替りログインボーナス*
*開催期間中、1日1回 2週間日替りでログインボーナスをプレゼント！*
`巡霊の葉 X 30
`_2023-09-24 19:40:20_
--------
*dcf734638b8334ef199302253a06e093*
`登陆天数: 23天 / 1279天
等级: 125
石头: 502
呼符: 0
体力: 11340.76 / 137
友情点: 0 / 1035050`
*連続ログイン2日目
※ログインが途切れるか、7日到達すると
1日目から再開されます*
`聖晶石 X 1
9月交換券(2023) X 1
`*日替りログインボーナス*
*開催期間中、1日1回 2週間日替りでログインボーナスをプレゼント！*
`巡霊の葉 X 30
`_2023-09-24 19:40:30_
--------
*47f309e11f595c830d1447d77b47d8a0*
`登陆天数: 23天 / 1375天
等级: 126
石头: 685
呼符: 1
体力: 9295.843333333334 / 137
友情点: 100 / 957820`
*連続ログイン2日目
※ログインが途切れるか、7日到達すると
1日目から再開されます*
`聖晶石 X 1
9月交換券(2023) X 1
`*日替りログインボーナス*
*開催期間中、1日1回 2週間日替りでログインボーナスをプレゼント！*
`巡霊の葉 X 30
`_2023-09-24 19:40:39_
--------
*a602c44e0f8456741b30f0caf4753a39*
`登陆天数: 39天 / 1308天
等级: 142
石头: 1
呼符: 0
体力: 61.653333333333336 / 140
友情点: 30 / 177140`
*連続ログイン4日目
※ログインが途切れるか、7日到達すると
1日目から再開されます*
`聖晶石 X 1
9月交換券(2023) X 1
`*日替りログインボーナス*
*開催期間中、1日1回 2週間日替りでログインボーナスをプレゼント！*
`巡霊の葉 X 30
`_2023-09-24 19:40:48_
--------
