【登录信息】
*b5e6a05282bde158c1ffe9d4d9788373*
`登陆天数: 24天 / 1307天
等级: 125
石头: 630
呼符: 0
体力: 43004.93 / 137
友情点: 0 / 1142815`
*連続ログイン3日目
※ログインが途切れるか、7日到達すると
1日目から再開されます*
`叡智の業火 X 1
9月交換券(2023) X 1
`*日替りログインボーナス*
*開催期間中、1日1回 2週間日替りでログインボーナスをプレゼント！*
`巡霊の葉 X 30
`_2023-09-25 19:38:48_
--------
*eb20c8954ecb148daacdac59c3a0b2e8*
`登陆天数: 24天 / 1290天
等级: 125
石头: 634
呼符: 34
体力: 14734.243333333334 / 137
友情点: 0 / 1144045`
*連続ログイン3日目
※ログインが途切れるか、7日到達すると
1日目から再開されます*
`叡智の業火 X 1
9月交換券(2023) X 1
`*日替りログインボーナス*
*開催期間中、1日1回 2週間日替りでログインボーナスをプレゼント！*
`巡霊の葉 X 30
`_2023-09-25 19:38:57_
--------
*620476f0f61795fd355f2a9e3fb24e54*
`登陆天数: 24天 / 1357天
等级: 125
石头: 304
呼符: 2
体力: 43710.92 / 137
友情点: 0 / 1143295`
*連続ログイン3日目
※ログインが途切れるか、7日到達すると
1日目から再開されます*
`叡智の業火 X 1
9月交換券(2023) X 1
`*日替りログインボーナス*
*開催期間中、1日1回 2週間日替りでログインボーナスをプレゼント！*
`巡霊の葉 X 30
`_2023-09-25 19:39:07_
--------
*8a4af26995de6f135fbb0fdafa2e0424*
`登陆天数: 24天 / 1335天
等级: 125
石头: 387
呼符: 22
体力: 43427.18 / 137
友情点: 0 / 1126525`
*連続ログイン3日目
※ログインが途切れるか、7日到達すると
1日目から再開されます*
`叡智の業火 X 1
9月交換券(2023) X 1
`*日替りログインボーナス*
*開催期間中、1日1回 2週間日替りでログインボーナスをプレゼント！*
`巡霊の葉 X 30
`_2023-09-25 19:39:16_
--------
*69a508b93367b043329d175aca01015e*
`登陆天数: 24天 / 1173天
等级: 125
石头: 556
呼符: 30
体力: 86563.19 / 137
友情点: 0 / 891575`
*連続ログイン3日目
※ログインが途切れるか、7日到達すると
1日目から再開されます*
`叡智の業火 X 1
9月交換券(2023) X 1
`*日替りログインボーナス*
*開催期間中、1日1回 2週間日替りでログインボーナスをプレゼント！*
`巡霊の葉 X 30
`_2023-09-25 19:39:25_
--------
*05c7889868efad05a84b961c94cc9b2c*
`登陆天数: 24天 / 1388天
等级: 125
石头: 894
呼符: 21
体力: 55649.21333333333 / 137
友情点: 0 / 1084815`
*連続ログイン3日目
※ログインが途切れるか、7日到達すると
1日目から再開されます*
`叡智の業火 X 1
9月交換券(2023) X 1
`*日替りログインボーナス*
*開催期間中、1日1回 2週間日替りでログインボーナスをプレゼント！*
`巡霊の葉 X 30
`_2023-09-25 19:39:34_
--------
*41c8ea3cfa831059a6c57fddf5a2e62d*
`登陆天数: 24天 / 1342天
等级: 125
石头: 34
呼符: 0
体力: 35051.456666666665 / 137
友情点: 0 / 711875`
*連続ログイン3日目
※ログインが途切れるか、7日到達すると
1日目から再開されます*
`叡智の業火 X 1
9月交換券(2023) X 1
`*日替りログインボーナス*
*開催期間中、1日1回 2週間日替りでログインボーナスをプレゼント！*
`巡霊の葉 X 30
`_2023-09-25 19:39:43_
--------
*790b887791ca4de4345ea61d5bd657e4*
`登陆天数: 24天 / 1343天
等级: 125
石头: 21
呼符: 37
体力: 43002.38 / 137
友情点: 0 / 847305`
*連続ログイン3日目
※ログインが途切れるか、7日到達すると
1日目から再開されます*
`叡智の業火 X 1
9月交換券(2023) X 1
`*日替りログインボーナス*
*開催期間中、1日1回 2週間日替りでログインボーナスをプレゼント！*
`巡霊の葉 X 30
`_2023-09-25 19:39:52_
--------
*31dc0b624260ae93d5ebecc09f87643b*
`登陆天数: 24天 / 1353天
等级: 127
石头: 1
呼符: 33
体力: 47722.83 / 137
友情点: 0 / 1001810`
*連続ログイン3日目
※ログインが途切れるか、7日到達すると
1日目から再開されます*
`叡智の業火 X 1
9月交換券(2023) X 1
`*日替りログインボーナス*
*開催期間中、1日1回 2週間日替りでログインボーナスをプレゼント！*
`巡霊の葉 X 30
`_2023-09-25 19:40:01_
--------
*82f6295e189793da0ef43b4029c85eca*
`登陆天数: 24天 / 1394天
等级: 126
石头: 14
呼符: 0
体力: 7705.98 / 137
友情点: 70 / 354220`
*連続ログイン3日目
※ログインが途切れるか、7日到達すると
1日目から再開されます*
`叡智の業火 X 1
9月交換券(2023) X 1
`*日替りログインボーナス*
*開催期間中、1日1回 2週間日替りでログインボーナスをプレゼント！*
`巡霊の葉 X 30
`_2023-09-25 19:40:10_
--------
*c595c4468dd490bdb5e143c788cd36e0*
`登陆天数: 23天 / 1343天
等级: 142
石头: 19
呼符: 1
体力: 6138.383333333333 / 140
友情点: 130 / 2241690`
*連続ログイン2日目
※ログインが途切れるか、7日到達すると
1日目から再開されます*
`聖晶石 X 1
9月交換券(2023) X 1
`*日替りログインボーナス*
*開催期間中、1日1回 2週間日替りでログインボーナスをプレゼント！*
`巡霊の葉 X 30
`_2023-09-25 19:40:19_
--------
*47f309e11f595c830d1447d77b47d8a0*
`登陆天数: 24天 / 1358天
等级: 126
石头: 8
呼符: 0
体力: 11134.27 / 137
友情点: 130 / 1101790`
*連続ログイン3日目
※ログインが途切れるか、7日到達すると
1日目から再開されます*
`叡智の業火 X 1
9月交換券(2023) X 1
`*日替りログインボーナス*
*開催期間中、1日1回 2週間日替りでログインボーナスをプレゼント！*
`巡霊の葉 X 30
`_2023-09-25 19:40:28_
--------
*7686ae2a105ec6cc5551581fc7487546*
`登陆天数: 24天 / 1400天
等级: 127
石头: 66
呼符: 6
体力: 45575.956666666665 / 137
友情点: 0 / 1151410`
*連続ログイン3日目
※ログインが途切れるか、7日到達すると
1日目から再開されます*
`叡智の業火 X 1
9月交換券(2023) X 1
`*日替りログインボーナス*
*開催期間中、1日1回 2週間日替りでログインボーナスをプレゼント！*
`巡霊の葉 X 30
`_2023-09-25 19:40:36_
--------
*dcf734638b8334ef199302253a06e093*
`登陆天数: 24天 / 1280天
等级: 125
石头: 502
呼符: 0
体力: 11628.806666666667 / 137
友情点: 0 / 1035050`
*連続ログイン3日目
※ログインが途切れるか、7日到達すると
1日目から再開されます*
`叡智の業火 X 1
9月交換券(2023) X 1
`*日替りログインボーナス*
*開催期間中、1日1回 2週間日替りでログインボーナスをプレゼント！*
`巡霊の葉 X 30
`_2023-09-25 19:40:44_
--------
*47f309e11f595c830d1447d77b47d8a0*
`登陆天数: 24天 / 1376天
等级: 126
石头: 685
呼符: 1
体力: 9583.89 / 137
友情点: 130 / 957970`
*連続ログイン3日目
※ログインが途切れるか、7日到達すると
1日目から再開されます*
`叡智の業火 X 1
9月交換券(2023) X 1
`*日替りログインボーナス*
*開催期間中、1日1回 2週間日替りでログインボーナスをプレゼント！*
`巡霊の葉 X 30
`_2023-09-25 19:40:53_
--------
*a602c44e0f8456741b30f0caf4753a39*
`登陆天数: 40天 / 1309天
等级: 142
石头: 1
呼符: 0
体力: 93.78666666666666 / 140
友情点: 35 / 177305`
*連続ログイン5日目
※ログインが途切れるか、7日到達すると
1日目から再開されます*
`叡智の業火 X 2
9月交換券(2023) X 1
`*日替りログインボーナス*
*開催期間中、1日1回 2週間日替りでログインボーナスをプレゼント！*
`巡霊の葉 X 30
`_2023-09-25 19:41:02_
--------
