【登录信息】
*b5e6a05282bde158c1ffe9d4d9788373*
`登陆天数: 26天 / 1309天
等级: 125
石头: 630
呼符: 0
体力: 43580.88333333333 / 137
友情点: 0 / 1142815`
*連続ログイン5日目
※ログインが途切れるか、7日到達すると
1日目から再開されます*
`叡智の業火 X 2
9月交換券(2023) X 1
`*ワンジナ・ワールドツアー！ ～大精霊と巡る世界一周～開幕記念 ログインボーナス*
*開催期間中、1日1回 最大21回ログインボーナスをプレゼント！*
`黄金の果実 X 1
`_2023-09-27 19:38:34_
--------
*eb20c8954ecb148daacdac59c3a0b2e8*
`登陆天数: 26天 / 1292天
等级: 125
石头: 634
呼符: 34
体力: 15310.196666666667 / 137
友情点: 0 / 1144045`
*連続ログイン5日目
※ログインが途切れるか、7日到達すると
1日目から再開されます*
`叡智の業火 X 2
9月交換券(2023) X 1
`*ワンジナ・ワールドツアー！ ～大精霊と巡る世界一周～開幕記念 ログインボーナス*
*開催期間中、1日1回 最大21回ログインボーナスをプレゼント！*
`黄金の果実 X 1
`_2023-09-27 19:38:43_
--------
*620476f0f61795fd355f2a9e3fb24e54*
`登陆天数: 26天 / 1359天
等级: 125
石头: 304
呼符: 2
体力: 44286.87 / 137
友情点: 0 / 1143295`
*連続ログイン5日目
※ログインが途切れるか、7日到達すると
1日目から再開されます*
`叡智の業火 X 2
9月交換券(2023) X 1
`*ワンジナ・ワールドツアー！ ～大精霊と巡る世界一周～開幕記念 ログインボーナス*
*開催期間中、1日1回 最大21回ログインボーナスをプレゼント！*
`黄金の果実 X 1
`_2023-09-27 19:38:52_
--------
*8a4af26995de6f135fbb0fdafa2e0424*
`登陆天数: 26天 / 1337天
等级: 125
石头: 387
呼符: 22
体力: 44003.13333333333 / 137
友情点: 0 / 1126525`
*連続ログイン5日目
※ログインが途切れるか、7日到達すると
1日目から再開されます*
`叡智の業火 X 2
9月交換券(2023) X 1
`*ワンジナ・ワールドツアー！ ～大精霊と巡る世界一周～開幕記念 ログインボーナス*
*開催期間中、1日1回 最大21回ログインボーナスをプレゼント！*
`黄金の果実 X 1
`_2023-09-27 19:39:01_
--------
*69a508b93367b043329d175aca01015e*
`登陆天数: 26天 / 1175天
等级: 125
石头: 556
呼符: 30
体力: 87139.14333333333 / 137
友情点: 0 / 891575`
*連続ログイン5日目
※ログインが途切れるか、7日到達すると
1日目から再開されます*
`叡智の業火 X 2
9月交換券(2023) X 1
`*ワンジナ・ワールドツアー！ ～大精霊と巡る世界一周～開幕記念 ログインボーナス*
*開催期間中、1日1回 最大21回ログインボーナスをプレゼント！*
`黄金の果実 X 1
`_2023-09-27 19:39:10_
--------
*05c7889868efad05a84b961c94cc9b2c*
`登陆天数: 26天 / 1390天
等级: 125
石头: 894
呼符: 21
体力: 56225.16333333333 / 137
友情点: 0 / 1084815`
*連続ログイン5日目
※ログインが途切れるか、7日到達すると
1日目から再開されます*
`叡智の業火 X 2
9月交換券(2023) X 1
`*ワンジナ・ワールドツアー！ ～大精霊と巡る世界一周～開幕記念 ログインボーナス*
*開催期間中、1日1回 最大21回ログインボーナスをプレゼント！*
`黄金の果実 X 1
`_2023-09-27 19:39:19_
--------
*41c8ea3cfa831059a6c57fddf5a2e62d*
`登陆天数: 26天 / 1344天
等级: 125
石头: 34
呼符: 0
体力: 35627.403333333335 / 137
友情点: 0 / 711875`
*連続ログイン5日目
※ログインが途切れるか、7日到達すると
1日目から再開されます*
`叡智の業火 X 2
9月交換券(2023) X 1
`*ワンジナ・ワールドツアー！ ～大精霊と巡る世界一周～開幕記念 ログインボーナス*
*開催期間中、1日1回 最大21回ログインボーナスをプレゼント！*
`黄金の果実 X 1
`_2023-09-27 19:39:27_
--------
*790b887791ca4de4345ea61d5bd657e4*
`登陆天数: 26天 / 1345天
等级: 125
石头: 21
呼符: 37
体力: 43578.32666666667 / 137
友情点: 0 / 847305`
*連続ログイン5日目
※ログインが途切れるか、7日到達すると
1日目から再開されます*
`叡智の業火 X 2
9月交換券(2023) X 1
`*ワンジナ・ワールドツアー！ ～大精霊と巡る世界一周～開幕記念 ログインボーナス*
*開催期間中、1日1回 最大21回ログインボーナスをプレゼント！*
`黄金の果実 X 1
`_2023-09-27 19:39:37_
--------
*82f6295e189793da0ef43b4029c85eca*
`登陆天数: 26天 / 1396天
等级: 126
石头: 14
呼符: 0
体力: 8281.913333333334 / 137
友情点: 110 / 354470`
*連続ログイン5日目
※ログインが途切れるか、7日到達すると
1日目から再開されます*
`叡智の業火 X 2
9月交換券(2023) X 1
`*ワンジナ・ワールドツアー！ ～大精霊と巡る世界一周～開幕記念 ログインボーナス*
*開催期間中、1日1回 最大21回ログインボーナスをプレゼント！*
`黄金の果実 X 1
`_2023-09-27 19:39:49_
--------
*c595c4468dd490bdb5e143c788cd36e0*
`登陆天数: 25天 / 1345天
等级: 142
石头: 19
呼符: 1
体力: 6714.316666666667 / 140
友情点: 40 / 2241840`
*連続ログイン4日目
※ログインが途切れるか、7日到達すると
1日目から再開されます*
`聖晶石 X 1
9月交換券(2023) X 1
`*ワンジナ・ワールドツアー！ ～大精霊と巡る世界一周～開幕記念 ログインボーナス*
*開催期間中、1日1回 最大21回ログインボーナスをプレゼント！*
`黄金の果実 X 1
`_2023-09-27 19:39:58_
--------
*47f309e11f595c830d1447d77b47d8a0*
`登陆天数: 26天 / 1360天
等级: 126
石头: 8
呼符: 0
体力: 11710.203333333333 / 137
友情点: 110 / 1102090`
*連続ログイン5日目
※ログインが途切れるか、7日到達すると
1日目から再開されます*
`叡智の業火 X 2
9月交換券(2023) X 1
`*ワンジナ・ワールドツアー！ ～大精霊と巡る世界一周～開幕記念 ログインボーナス*
*開催期間中、1日1回 最大21回ログインボーナスをプレゼント！*
`黄金の果実 X 1
`_2023-09-27 19:40:07_
--------
*7686ae2a105ec6cc5551581fc7487546*
`登陆天数: 26天 / 1402天
等级: 127
石头: 66
呼符: 6
体力: 46151.89 / 137
友情点: 0 / 1151410`
*連続ログイン5日目
※ログインが途切れるか、7日到達すると
1日目から再開されます*
`叡智の業火 X 2
9月交換券(2023) X 1
`*ワンジナ・ワールドツアー！ ～大精霊と巡る世界一周～開幕記念 ログインボーナス*
*開催期間中、1日1回 最大21回ログインボーナスをプレゼント！*
`黄金の果実 X 1
`_2023-09-27 19:40:15_
--------
*dcf734638b8334ef199302253a06e093*
`登陆天数: 26天 / 1282天
等级: 125
石头: 502
呼符: 0
体力: 12204.74 / 137
友情点: 0 / 1035050`
*連続ログイン5日目
※ログインが途切れるか、7日到達すると
1日目から再開されます*
`叡智の業火 X 2
9月交換券(2023) X 1
`*ワンジナ・ワールドツアー！ ～大精霊と巡る世界一周～開幕記念 ログインボーナス*
*開催期間中、1日1回 最大21回ログインボーナスをプレゼント！*
`黄金の果実 X 1
`_2023-09-27 19:40:24_
--------
*47f309e11f595c830d1447d77b47d8a0*
`登陆天数: 26天 / 1378天
等级: 126
石头: 685
呼符: 1
体力: 10159.823333333334 / 137
友情点: 150 / 958350`
*連続ログイン5日目
※ログインが途切れるか、7日到達すると
1日目から再開されます*
`叡智の業火 X 2
9月交換券(2023) X 1
`*ワンジナ・ワールドツアー！ ～大精霊と巡る世界一周～開幕記念 ログインボーナス*
*開催期間中、1日1回 最大21回ログインボーナスをプレゼント！*
`黄金の果実 X 1
`_2023-09-27 19:40:33_
--------
*a602c44e0f8456741b30f0caf4753a39*
`登陆天数: 42天 / 1311天
等级: 142
石头: 7
呼符: 0
体力: 80.24666666666667 / 140
友情点: 30 / 178040`
*連続ログイン7日間到達おめでとうございます！
明日は1日目からリスタートされます。*
`獣の足跡 X 1
呼符 X 1
9月交換券(2023) X 1
`*ワンジナ・ワールドツアー！ ～大精霊と巡る世界一周～開幕記念 ログインボーナス*
*開催期間中、1日1回 最大21回ログインボーナスをプレゼント！*
`白銀の果実 X 1
`_2023-09-27 19:40:41_
--------
