【登录信息】
*b5e6a05282bde158c1ffe9d4d9788373*
`登陆天数: 28天 / 1311天
等级: 125
石头: 630
呼符: 0
体力: 44156.81333333333 / 137
友情点: 0 / 1142815`
*連続ログイン7日間到達おめでとうございます！
明日は1日目からリスタートされます。*
`獣の足跡 X 1
呼符 X 1
9月交換券(2023) X 1
`*ワンジナ・ワールドツアー！ ～大精霊と巡る世界一周～開幕記念 ログインボーナス*
*開催期間中、1日1回 最大21回ログインボーナスをプレゼント！*
`白銀の果実 X 1
`_2023-09-29 19:38:13_
--------
*eb20c8954ecb148daacdac59c3a0b2e8*
`登陆天数: 28天 / 1294天
等级: 125
石头: 634
呼符: 34
体力: 15886.13 / 137
友情点: 0 / 1144045`
*連続ログイン7日間到達おめでとうございます！
明日は1日目からリスタートされます。*
`獣の足跡 X 1
呼符 X 1
9月交換券(2023) X 1
`*ワンジナ・ワールドツアー！ ～大精霊と巡る世界一周～開幕記念 ログインボーナス*
*開催期間中、1日1回 最大21回ログインボーナスをプレゼント！*
`白銀の果実 X 1
`_2023-09-29 19:38:23_
--------
*620476f0f61795fd355f2a9e3fb24e54*
`登陆天数: 28天 / 1361天
等级: 125
石头: 304
呼符: 2
体力: 44862.806666666664 / 137
友情点: 0 / 1143295`
*連続ログイン7日間到達おめでとうございます！
明日は1日目からリスタートされます。*
`獣の足跡 X 1
呼符 X 1
9月交換券(2023) X 1
`*ワンジナ・ワールドツアー！ ～大精霊と巡る世界一周～開幕記念 ログインボーナス*
*開催期間中、1日1回 最大21回ログインボーナスをプレゼント！*
`白銀の果実 X 1
`_2023-09-29 19:38:32_
--------
*8a4af26995de6f135fbb0fdafa2e0424*
`登陆天数: 28天 / 1339天
等级: 125
石头: 387
呼符: 22
体力: 44579.07 / 137
友情点: 0 / 1126525`
*連続ログイン7日間到達おめでとうございます！
明日は1日目からリスタートされます。*
`獣の足跡 X 1
呼符 X 1
9月交換券(2023) X 1
`*ワンジナ・ワールドツアー！ ～大精霊と巡る世界一周～開幕記念 ログインボーナス*
*開催期間中、1日1回 最大21回ログインボーナスをプレゼント！*
`白銀の果実 X 1
`_2023-09-29 19:38:42_
--------
*69a508b93367b043329d175aca01015e*
`登陆天数: 28天 / 1177天
等级: 125
石头: 556
呼符: 30
体力: 87715.08 / 137
友情点: 0 / 891575`
*連続ログイン7日間到達おめでとうございます！
明日は1日目からリスタートされます。*
`獣の足跡 X 1
呼符 X 1
9月交換券(2023) X 1
`*ワンジナ・ワールドツアー！ ～大精霊と巡る世界一周～開幕記念 ログインボーナス*
*開催期間中、1日1回 最大21回ログインボーナスをプレゼント！*
`白銀の果実 X 1
`_2023-09-29 19:38:52_
--------
*05c7889868efad05a84b961c94cc9b2c*
`登陆天数: 28天 / 1392天
等级: 125
石头: 894
呼符: 21
体力: 56801.10333333333 / 137
友情点: 0 / 1084815`
*連続ログイン7日間到達おめでとうございます！
明日は1日目からリスタートされます。*
`獣の足跡 X 1
呼符 X 1
9月交換券(2023) X 1
`*ワンジナ・ワールドツアー！ ～大精霊と巡る世界一周～開幕記念 ログインボーナス*
*開催期間中、1日1回 最大21回ログインボーナスをプレゼント！*
`白銀の果実 X 1
`_2023-09-29 19:39:01_
--------
*41c8ea3cfa831059a6c57fddf5a2e62d*
`登陆天数: 28天 / 1346天
等级: 125
石头: 34
呼符: 0
体力: 36203.346666666665 / 137
友情点: 0 / 711875`
*連続ログイン7日間到達おめでとうございます！
明日は1日目からリスタートされます。*
`獣の足跡 X 1
呼符 X 1
9月交換券(2023) X 1
`*ワンジナ・ワールドツアー！ ～大精霊と巡る世界一周～開幕記念 ログインボーナス*
*開催期間中、1日1回 最大21回ログインボーナスをプレゼント！*
`白銀の果実 X 1
`_2023-09-29 19:39:10_
--------
*790b887791ca4de4345ea61d5bd657e4*
`登陆天数: 28天 / 1347天
等级: 125
石头: 21
呼符: 37
体力: 44154.27 / 137
友情点: 0 / 847305`
*連続ログイン7日間到達おめでとうございます！
明日は1日目からリスタートされます。*
`獣の足跡 X 1
呼符 X 1
9月交換券(2023) X 1
`*ワンジナ・ワールドツアー！ ～大精霊と巡る世界一周～開幕記念 ログインボーナス*
*開催期間中、1日1回 最大21回ログインボーナスをプレゼント！*
`白銀の果実 X 1
`_2023-09-29 19:39:19_
--------
*82f6295e189793da0ef43b4029c85eca*
`登陆天数: 28天 / 1398天
等级: 126
石头: 14
呼符: 0
体力: 8857.853333333333 / 137
友情点: 30 / 354500`
*連続ログイン7日間到達おめでとうございます！
明日は1日目からリスタートされます。*
`獣の足跡 X 1
呼符 X 1
9月交換券(2023) X 1
`*ワンジナ・ワールドツアー！ ～大精霊と巡る世界一周～開幕記念 ログインボーナス*
*開催期間中、1日1回 最大21回ログインボーナスをプレゼント！*
`白銀の果実 X 1
`_2023-09-29 19:39:32_
--------
*c595c4468dd490bdb5e143c788cd36e0*
`登陆天数: 27天 / 1347天
等级: 142
石头: 19
呼符: 1
体力: 7290.256666666667 / 140
友情点: 0 / 2241860`
*連続ログイン6日目
※ログインが途切れるか、7日到達すると
1日目から再開されます*
`聖晶石 X 2
9月交換券(2023) X 1
`*ワンジナ・ワールドツアー！ ～大精霊と巡る世界一周～開幕記念 ログインボーナス*
*開催期間中、1日1回 最大21回ログインボーナスをプレゼント！*
`白銀の果実 X 1
`_2023-09-29 19:39:41_
--------
*47f309e11f595c830d1447d77b47d8a0*
`登陆天数: 28天 / 1362天
等级: 126
石头: 8
呼符: 0
体力: 12286.146666666667 / 137
友情点: 20 / 1102150`
*連続ログイン7日間到達おめでとうございます！
明日は1日目からリスタートされます。*
`獣の足跡 X 1
呼符 X 1
9月交換券(2023) X 1
`*ワンジナ・ワールドツアー！ ～大精霊と巡る世界一周～開幕記念 ログインボーナス*
*開催期間中、1日1回 最大21回ログインボーナスをプレゼント！*
`白銀の果実 X 1
`_2023-09-29 19:39:50_
--------
*7686ae2a105ec6cc5551581fc7487546*
`登陆天数: 28天 / 1404天
等级: 127
石头: 66
呼符: 6
体力: 46727.83666666667 / 137
友情点: 0 / 1151410`
*連続ログイン7日間到達おめでとうございます！
明日は1日目からリスタートされます。*
`獣の足跡 X 1
呼符 X 1
9月交換券(2023) X 1
`*ワンジナ・ワールドツアー！ ～大精霊と巡る世界一周～開幕記念 ログインボーナス*
*開催期間中、1日1回 最大21回ログインボーナスをプレゼント！*
`白銀の果実 X 1
`_2023-09-29 19:39:59_
--------
*dcf734638b8334ef199302253a06e093*
`登陆天数: 28天 / 1284天
等级: 125
石头: 502
呼符: 0
体力: 12780.69 / 137
友情点: 0 / 1035050`
*連続ログイン7日間到達おめでとうございます！
明日は1日目からリスタートされます。*
`獣の足跡 X 1
呼符 X 1
9月交換券(2023) X 1
`*ワンジナ・ワールドツアー！ ～大精霊と巡る世界一周～開幕記念 ログインボーナス*
*開催期間中、1日1回 最大21回ログインボーナスをプレゼント！*
`白銀の果実 X 1
`_2023-09-29 19:40:08_
--------
*47f309e11f595c830d1447d77b47d8a0*
`登陆天数: 28天 / 1380天
等级: 126
石头: 685
呼符: 1
体力: 10735.773333333333 / 137
友情点: 0 / 958400`
*連続ログイン7日間到達おめでとうございます！
明日は1日目からリスタートされます。*
`獣の足跡 X 1
呼符 X 1
9月交換券(2023) X 1
`*ワンジナ・ワールドツアー！ ～大精霊と巡る世界一周～開幕記念 ログインボーナス*
*開催期間中、1日1回 最大21回ログインボーナスをプレゼント！*
`白銀の果実 X 1
`_2023-09-29 19:40:18_
--------
*a602c44e0f8456741b30f0caf4753a39*
`登陆天数: 44天 / 1313天
等级: 142
石头: 4
呼符: 0
体力: 35.64 / 140
友情点: 185 / 180605`
*連続ログイン2日目
※ログインが途切れるか、7日到達すると
1日目から再開されます*
`聖晶石 X 1
9月交換券(2023) X 1
`*ワンジナ・ワールドツアー！ ～大精霊と巡る世界一周～開幕記念 ログインボーナス*
*開催期間中、1日1回 最大21回ログインボーナスをプレゼント！*
`白銀の果実 X 1
`_2023-09-29 19:40:27_
--------
